juil. 14, 2019 11:02:15 PM ui.UILog log
INFOS: File 2019_07_14.log is created!

juil. 14, 2019 11:02:15 PM ui.UILog log
INFOS: Daily output print directory [.\print\2019_07_14] created !
open_sheet sub directory [.\print\2019_07_14\open_sheet] created !
Print sub directory [.\print\2019_07_14\closing_sheet] created !
Print sub directory [.\print\2019_07_14\picking_label] created !
Print sub directory [.\print\2019_07_14\dispatch_label] created !

juil. 14, 2019 11:02:21 PM ui.UILog log
INFOS: APP_INFO0003 : User EZZIOURI Oussama / 9 connected to host Oussama-PC at 2019-07-14 23:02:21 Module : Configuration : .
juil. 14, 2019 11:04:19 PM ui.UILog log
INFOS: File 2019_07_14.log already exists.

juil. 14, 2019 11:04:19 PM ui.UILog log
INFOS: Daily output print directory [.\print\2019_07_14] already exist!
open_sheet sub directory [.\print\2019_07_14\open_sheet] already exist!
Print sub directory [.\print\2019_07_14\closing_sheet] already exist!
Print sub directory [.\print\2019_07_14\picking_label] already exist!
Print sub directory [.\print\2019_07_14\dispatch_label] already exist!

juil. 14, 2019 11:04:22 PM ui.UILog log
INFOS: APP_INFO0003 : User EZZIOURI Oussama / 9 connected to host Oussama-PC at 2019-07-14 23:04:22 Module : Configuration : .
juil. 14, 2019 11:08:41 PM ui.UILog log
INFOS: File 2019_07_14.log already exists.

juil. 14, 2019 11:08:41 PM ui.UILog log
INFOS: Daily output print directory [.\print\2019_07_14] already exist!
open_sheet sub directory [.\print\2019_07_14\open_sheet] already exist!
Print sub directory [.\print\2019_07_14\closing_sheet] already exist!
Print sub directory [.\print\2019_07_14\picking_label] already exist!
Print sub directory [.\print\2019_07_14\dispatch_label] already exist!

juil. 14, 2019 11:08:53 PM ui.UILog log
INFOS: APP_INFO0003 : User EZZIOURI Oussama / 9 connected to host Oussama-PC at 2019-07-14 23:08:53 Module : Configuration : .
juil. 14, 2019 11:10:22 PM ui.UILog log
INFOS: File 2019_07_14.log already exists.

juil. 14, 2019 11:10:22 PM ui.UILog log
INFOS: Daily output print directory [.\print\2019_07_14] already exist!
open_sheet sub directory [.\print\2019_07_14\open_sheet] already exist!
Print sub directory [.\print\2019_07_14\closing_sheet] already exist!
Print sub directory [.\print\2019_07_14\picking_label] already exist!
Print sub directory [.\print\2019_07_14\dispatch_label] already exist!

juil. 14, 2019 11:10:24 PM ui.UILog log
INFOS: APP_INFO0003 : User EZZIOURI Oussama / 9 connected to host Oussama-PC at 2019-07-14 23:10:24 Module : Configuration : .
juil. 14, 2019 11:12:04 PM ui.UILog log
INFOS: File 2019_07_14.log already exists.

juil. 14, 2019 11:12:04 PM ui.UILog log
INFOS: Daily output print directory [.\print\2019_07_14] already exist!
open_sheet sub directory [.\print\2019_07_14\open_sheet] already exist!
Print sub directory [.\print\2019_07_14\closing_sheet] already exist!
Print sub directory [.\print\2019_07_14\picking_label] already exist!
Print sub directory [.\print\2019_07_14\dispatch_label] already exist!

juil. 14, 2019 11:12:07 PM ui.UILog log
INFOS: APP_INFO0003 : User EZZIOURI Oussama / 9 connected to host Oussama-PC at 2019-07-14 23:12:07 Module : Configuration : .
juil. 14, 2019 11:24:33 PM ui.UILog log
INFOS: File 2019_07_14.log already exists.

juil. 14, 2019 11:24:33 PM ui.UILog log
INFOS: Daily output print directory [.\print\2019_07_14] already exist!
open_sheet sub directory [.\print\2019_07_14\open_sheet] already exist!
Print sub directory [.\print\2019_07_14\closing_sheet] already exist!
Print sub directory [.\print\2019_07_14\picking_label] already exist!
Print sub directory [.\print\2019_07_14\dispatch_label] already exist!

juil. 14, 2019 11:24:35 PM ui.UILog log
INFOS: APP_INFO0003 : User EZZIOURI Oussama / 9 connected to host Oussama-PC at 2019-07-14 23:24:35 Module : Configuration : .
