juil. 06, 2019 1:14:11 PM ui.UILog log
INFOS: File 2019_07_06.log is created!

juil. 06, 2019 1:14:11 PM ui.UILog log
INFOS: Daily output print directory [.\print\2019_07_06] created !
open_sheet sub directory [.\print\2019_07_06\open_sheet] created !
Print sub directory [.\print\2019_07_06\closing_sheet] created !
Print sub directory [.\print\2019_07_06\picking_label] created !
Print sub directory [.\print\2019_07_06\dispatch_label] created !

juil. 06, 2019 1:14:15 PM ui.UILog log
INFOS: APP_INFO0003 : User EZZIOURI Oussama / 9 connected to host Oussama-PC at 2019-07-06 13:14:15 Module : Configuration : .
juil. 06, 2019 1:18:33 PM ui.UILog log
INFOS: FROM ConfigProject bp ORDER BY project ASC
juil. 06, 2019 1:18:38 PM ui.UILog log
INFOS: FROM ConfigProject bp ORDER BY project ASC
juil. 06, 2019 1:19:10 PM ui.UILog log
INFOS: APP_INFO0003 : User EZZIOURI Oussama / 9 connected to host Oussama-PC at 2019-07-06 13:19:10 Packaging warehouse interface : .
juil. 06, 2019 1:20:25 PM ui.UILog log
INFOS: FROM ConfigProject bp ORDER BY project ASC
juil. 06, 2019 1:20:29 PM ui.UILog log
INFOS: FROM ConfigProject bp ORDER BY project ASC
juil. 06, 2019 1:24:23 PM ui.UILog log
INFOS: File 2019_07_06.log already exists.

juil. 06, 2019 1:24:23 PM ui.UILog log
INFOS: Daily output print directory [.\print\2019_07_06] already exist!
open_sheet sub directory [.\print\2019_07_06\open_sheet] already exist!
Print sub directory [.\print\2019_07_06\closing_sheet] already exist!
Print sub directory [.\print\2019_07_06\picking_label] already exist!
Print sub directory [.\print\2019_07_06\dispatch_label] already exist!

juil. 06, 2019 1:24:25 PM ui.UILog log
INFOS: APP_INFO0003 : User EZZIOURI Oussama / 9 connected to host Oussama-PC at 2019-07-06 13:24:25 Module : Configuration : .
juil. 06, 2019 1:25:00 PM ui.UILog log
INFOS: APP_INFO0003 : User EZZIOURI Oussama / 9 connected to host Oussama-PC at 2019-07-06 13:25:00 Packaging warehouse interface : .
juil. 06, 2019 1:34:15 PM ui.UILog log
INFOS: File 2019_07_06.log already exists.

juil. 06, 2019 1:34:15 PM ui.UILog log
INFOS: Daily output print directory [.\print\2019_07_06] already exist!
open_sheet sub directory [.\print\2019_07_06\open_sheet] already exist!
Print sub directory [.\print\2019_07_06\closing_sheet] already exist!
Print sub directory [.\print\2019_07_06\picking_label] already exist!
Print sub directory [.\print\2019_07_06\dispatch_label] already exist!

juil. 06, 2019 1:34:17 PM ui.UILog log
INFOS: APP_INFO0003 : User EZZIOURI Oussama / 9 connected to host Oussama-PC at 2019-07-06 13:34:17 Module : Configuration : .
juil. 06, 2019 1:36:23 PM ui.UILog log
INFOS: File 2019_07_06.log already exists.

juil. 06, 2019 1:36:23 PM ui.UILog log
INFOS: Daily output print directory [.\print\2019_07_06] already exist!
open_sheet sub directory [.\print\2019_07_06\open_sheet] already exist!
Print sub directory [.\print\2019_07_06\closing_sheet] already exist!
Print sub directory [.\print\2019_07_06\picking_label] already exist!
Print sub directory [.\print\2019_07_06\dispatch_label] already exist!

juil. 06, 2019 1:36:25 PM ui.UILog log
INFOS: APP_INFO0003 : User EZZIOURI Oussama / 9 connected to host Oussama-PC at 2019-07-06 13:36:25 Module : Configuration : .
juil. 06, 2019 1:43:53 PM ui.UILog log
INFOS: File 2019_07_06.log already exists.

juil. 06, 2019 1:43:53 PM ui.UILog log
INFOS: Daily output print directory [.\print\2019_07_06] already exist!
open_sheet sub directory [.\print\2019_07_06\open_sheet] already exist!
Print sub directory [.\print\2019_07_06\closing_sheet] already exist!
Print sub directory [.\print\2019_07_06\picking_label] already exist!
Print sub directory [.\print\2019_07_06\dispatch_label] already exist!

juil. 06, 2019 1:43:55 PM ui.UILog log
INFOS: APP_INFO0003 : User EZZIOURI Oussama / 9 connected to host Oussama-PC at 2019-07-06 13:43:55 Module : Configuration : .
juil. 06, 2019 1:44:44 PM ui.UILog log
INFOS: File 2019_07_06.log already exists.

juil. 06, 2019 1:44:44 PM ui.UILog log
INFOS: Daily output print directory [.\print\2019_07_06] already exist!
open_sheet sub directory [.\print\2019_07_06\open_sheet] already exist!
Print sub directory [.\print\2019_07_06\closing_sheet] already exist!
Print sub directory [.\print\2019_07_06\picking_label] already exist!
Print sub directory [.\print\2019_07_06\dispatch_label] already exist!

juil. 06, 2019 1:44:46 PM ui.UILog log
INFOS: APP_INFO0003 : User EZZIOURI Oussama / 9 connected to host Oussama-PC at 2019-07-06 13:44:46 Module : Configuration : .
juil. 06, 2019 1:46:47 PM ui.UILog log
INFOS: File 2019_07_06.log already exists.

juil. 06, 2019 1:46:47 PM ui.UILog log
INFOS: Daily output print directory [.\print\2019_07_06] already exist!
open_sheet sub directory [.\print\2019_07_06\open_sheet] already exist!
Print sub directory [.\print\2019_07_06\closing_sheet] already exist!
Print sub directory [.\print\2019_07_06\picking_label] already exist!
Print sub directory [.\print\2019_07_06\dispatch_label] already exist!

juil. 06, 2019 1:46:52 PM ui.UILog log
INFOS: APP_INFO0003 : User EZZIOURI Oussama / 9 connected to host Oussama-PC at 2019-07-06 13:46:52 Module : Configuration : .
juil. 06, 2019 1:54:01 PM ui.UILog log
INFOS: File 2019_07_06.log already exists.

juil. 06, 2019 1:54:01 PM ui.UILog log
INFOS: Daily output print directory [.\print\2019_07_06] already exist!
open_sheet sub directory [.\print\2019_07_06\open_sheet] already exist!
Print sub directory [.\print\2019_07_06\closing_sheet] already exist!
Print sub directory [.\print\2019_07_06\picking_label] already exist!
Print sub directory [.\print\2019_07_06\dispatch_label] already exist!

juil. 06, 2019 1:54:11 PM ui.UILog log
INFOS: APP_INFO0003 : User EZZIOURI Oussama / 9 connected to host Oussama-PC at 2019-07-06 13:54:11 Module : Configuration : .
juil. 06, 2019 2:13:20 PM ui.UILog log
INFOS: File 2019_07_06.log already exists.

juil. 06, 2019 2:13:20 PM ui.UILog log
INFOS: Daily output print directory [.\print\2019_07_06] already exist!
open_sheet sub directory [.\print\2019_07_06\open_sheet] already exist!
Print sub directory [.\print\2019_07_06\closing_sheet] already exist!
Print sub directory [.\print\2019_07_06\picking_label] already exist!
Print sub directory [.\print\2019_07_06\dispatch_label] already exist!

juil. 06, 2019 2:13:23 PM ui.UILog log
INFOS: APP_INFO0003 : User EZZIOURI Oussama / 9 connected to host Oussama-PC at 2019-07-06 14:13:23 Module : Configuration : .
juil. 06, 2019 2:15:17 PM ui.UILog log
INFOS: File 2019_07_06.log already exists.

juil. 06, 2019 2:15:17 PM ui.UILog log
INFOS: Daily output print directory [.\print\2019_07_06] already exist!
open_sheet sub directory [.\print\2019_07_06\open_sheet] already exist!
Print sub directory [.\print\2019_07_06\closing_sheet] already exist!
Print sub directory [.\print\2019_07_06\picking_label] already exist!
Print sub directory [.\print\2019_07_06\dispatch_label] already exist!

juil. 06, 2019 2:15:21 PM ui.UILog log
INFOS: APP_INFO0003 : User EZZIOURI Oussama / 9 connected to host Oussama-PC at 2019-07-06 14:15:21 Module : Configuration : .
juil. 06, 2019 2:16:11 PM ui.UILog log
INFOS: File 2019_07_06.log already exists.

juil. 06, 2019 2:16:11 PM ui.UILog log
INFOS: Daily output print directory [.\print\2019_07_06] already exist!
open_sheet sub directory [.\print\2019_07_06\open_sheet] already exist!
Print sub directory [.\print\2019_07_06\closing_sheet] already exist!
Print sub directory [.\print\2019_07_06\picking_label] already exist!
Print sub directory [.\print\2019_07_06\dispatch_label] already exist!

juil. 06, 2019 2:16:13 PM ui.UILog log
INFOS: APP_INFO0003 : User EZZIOURI Oussama / 9 connected to host Oussama-PC at 2019-07-06 14:16:13 Module : Configuration : .
juil. 06, 2019 2:20:17 PM ui.UILog log
INFOS: File 2019_07_06.log already exists.

juil. 06, 2019 2:20:17 PM ui.UILog log
INFOS: Daily output print directory [.\print\2019_07_06] already exist!
open_sheet sub directory [.\print\2019_07_06\open_sheet] already exist!
Print sub directory [.\print\2019_07_06\closing_sheet] already exist!
Print sub directory [.\print\2019_07_06\picking_label] already exist!
Print sub directory [.\print\2019_07_06\dispatch_label] already exist!

juil. 06, 2019 2:20:19 PM ui.UILog log
INFOS: APP_INFO0003 : User EZZIOURI Oussama / 9 connected to host Oussama-PC at 2019-07-06 14:20:19 Module : Configuration : .
juil. 06, 2019 2:26:07 PM ui.UILog log
INFOS: File 2019_07_06.log already exists.

juil. 06, 2019 2:26:07 PM ui.UILog log
INFOS: Daily output print directory [.\print\2019_07_06] already exist!
open_sheet sub directory [.\print\2019_07_06\open_sheet] already exist!
Print sub directory [.\print\2019_07_06\closing_sheet] already exist!
Print sub directory [.\print\2019_07_06\picking_label] already exist!
Print sub directory [.\print\2019_07_06\dispatch_label] already exist!

juil. 06, 2019 2:26:09 PM ui.UILog log
INFOS: APP_INFO0003 : User EZZIOURI Oussama / 9 connected to host Oussama-PC at 2019-07-06 14:26:09 Module : Configuration : .
juil. 06, 2019 2:59:00 PM ui.UILog log
INFOS: File 2019_07_06.log already exists.

juil. 06, 2019 2:59:00 PM ui.UILog log
INFOS: Daily output print directory [.\print\2019_07_06] already exist!
open_sheet sub directory [.\print\2019_07_06\open_sheet] already exist!
Print sub directory [.\print\2019_07_06\closing_sheet] already exist!
Print sub directory [.\print\2019_07_06\picking_label] already exist!
Print sub directory [.\print\2019_07_06\dispatch_label] already exist!

juil. 06, 2019 2:59:06 PM ui.UILog log
INFOS: APP_INFO0003 : User EZZIOURI Oussama / 9 connected to host Oussama-PC at 2019-07-06 14:59:06 Module : Configuration : .
juil. 06, 2019 2:59:08 PM ui.UILog log
INFOS: FROM ConfigProject bp ORDER BY project ASC
juil. 06, 2019 3:21:26 PM ui.UILog log
INFOS: File 2019_07_06.log already exists.

juil. 06, 2019 3:21:26 PM ui.UILog log
INFOS: Daily output print directory [.\print\2019_07_06] already exist!
open_sheet sub directory [.\print\2019_07_06\open_sheet] already exist!
Print sub directory [.\print\2019_07_06\closing_sheet] already exist!
Print sub directory [.\print\2019_07_06\picking_label] already exist!
Print sub directory [.\print\2019_07_06\dispatch_label] already exist!

juil. 06, 2019 3:21:28 PM ui.UILog log
INFOS: APP_INFO0003 : User EZZIOURI Oussama / 9 connected to host Oussama-PC at 2019-07-06 15:21:28 Module : Configuration : .
juil. 06, 2019 3:21:37 PM ui.UILog log
INFOS: FROM ConfigProject bp ORDER BY project ASC
juil. 06, 2019 3:34:55 PM ui.UILog log
INFOS: File 2019_07_06.log already exists.

juil. 06, 2019 3:34:55 PM ui.UILog log
INFOS: Daily output print directory [.\print\2019_07_06] already exist!
open_sheet sub directory [.\print\2019_07_06\open_sheet] already exist!
Print sub directory [.\print\2019_07_06\closing_sheet] already exist!
Print sub directory [.\print\2019_07_06\picking_label] already exist!
Print sub directory [.\print\2019_07_06\dispatch_label] already exist!

juil. 06, 2019 3:34:58 PM ui.UILog log
INFOS: APP_INFO0003 : User EZZIOURI Oussama / 9 connected to host Oussama-PC at 2019-07-06 15:34:58 Module : Configuration : .
juil. 06, 2019 3:35:03 PM ui.UILog log
INFOS: FROM ConfigProject bp ORDER BY project ASC
juil. 06, 2019 3:39:41 PM ui.UILog log
INFOS: FROM ConfigProject bp ORDER BY project ASC
juil. 06, 2019 3:43:29 PM ui.UILog log
INFOS: FROM ConfigProject bp ORDER BY project ASC
juil. 06, 2019 3:44:43 PM ui.UILog log
INFOS: File 2019_07_06.log already exists.

juil. 06, 2019 3:44:43 PM ui.UILog log
INFOS: Daily output print directory [.\print\2019_07_06] already exist!
open_sheet sub directory [.\print\2019_07_06\open_sheet] already exist!
Print sub directory [.\print\2019_07_06\closing_sheet] already exist!
Print sub directory [.\print\2019_07_06\picking_label] already exist!
Print sub directory [.\print\2019_07_06\dispatch_label] already exist!

juil. 06, 2019 3:44:52 PM ui.UILog log
INFOS: APP_INFO0003 : User EZZIOURI Oussama / 9 connected to host Oussama-PC at 2019-07-06 15:44:52 Module : Configuration : .
juil. 06, 2019 3:45:06 PM ui.UILog log
INFOS: FROM ConfigProject bp ORDER BY project ASC
juil. 06, 2019 3:46:23 PM ui.UILog log
INFOS: File 2019_07_06.log already exists.

juil. 06, 2019 3:46:23 PM ui.UILog log
INFOS: Daily output print directory [.\print\2019_07_06] already exist!
open_sheet sub directory [.\print\2019_07_06\open_sheet] already exist!
Print sub directory [.\print\2019_07_06\closing_sheet] already exist!
Print sub directory [.\print\2019_07_06\picking_label] already exist!
Print sub directory [.\print\2019_07_06\dispatch_label] already exist!

juil. 06, 2019 3:46:45 PM ui.UILog log
INFOS: APP_INFO0003 : User EZZIOURI Oussama / 9 connected to host Oussama-PC at 2019-07-06 15:46:45 Module : Configuration : .
juil. 06, 2019 3:46:48 PM ui.UILog log
INFOS: FROM ConfigProject bp ORDER BY project ASC
juil. 06, 2019 3:47:19 PM ui.UILog log
INFOS: File 2019_07_06.log already exists.

juil. 06, 2019 3:47:19 PM ui.UILog log
INFOS: Daily output print directory [.\print\2019_07_06] already exist!
open_sheet sub directory [.\print\2019_07_06\open_sheet] already exist!
Print sub directory [.\print\2019_07_06\closing_sheet] already exist!
Print sub directory [.\print\2019_07_06\picking_label] already exist!
Print sub directory [.\print\2019_07_06\dispatch_label] already exist!

juil. 06, 2019 3:47:21 PM ui.UILog log
INFOS: APP_INFO0003 : User EZZIOURI Oussama / 9 connected to host Oussama-PC at 2019-07-06 15:47:21 Module : Configuration : .
juil. 06, 2019 3:47:25 PM ui.UILog log
INFOS: FROM ConfigProject bp ORDER BY project ASC
juil. 06, 2019 3:48:21 PM ui.UILog log
INFOS: FROM ConfigProject bp ORDER BY project ASC
juil. 06, 2019 3:53:52 PM ui.UILog log
INFOS: File 2019_07_06.log already exists.

juil. 06, 2019 3:53:52 PM ui.UILog log
INFOS: Daily output print directory [.\print\2019_07_06] already exist!
open_sheet sub directory [.\print\2019_07_06\open_sheet] already exist!
Print sub directory [.\print\2019_07_06\closing_sheet] already exist!
Print sub directory [.\print\2019_07_06\picking_label] already exist!
Print sub directory [.\print\2019_07_06\dispatch_label] already exist!

juil. 06, 2019 3:53:54 PM ui.UILog log
INFOS: APP_INFO0003 : User EZZIOURI Oussama / 9 connected to host Oussama-PC at 2019-07-06 15:53:54 Module : Configuration : .
juil. 06, 2019 3:53:57 PM ui.UILog log
INFOS: FROM ConfigProject bp ORDER BY project ASC
juil. 06, 2019 3:53:59 PM ui.UILog log
INFOS: FROM ConfigProject bp ORDER BY project ASC
juil. 06, 2019 3:54:36 PM ui.UILog log
INFOS: File 2019_07_06.log already exists.

juil. 06, 2019 3:54:36 PM ui.UILog log
INFOS: Daily output print directory [.\print\2019_07_06] already exist!
open_sheet sub directory [.\print\2019_07_06\open_sheet] already exist!
Print sub directory [.\print\2019_07_06\closing_sheet] already exist!
Print sub directory [.\print\2019_07_06\picking_label] already exist!
Print sub directory [.\print\2019_07_06\dispatch_label] already exist!

juil. 06, 2019 3:57:44 PM ui.UILog log
INFOS: APP_INFO0003 : User EZZIOURI Oussama / 9 connected to host Oussama-PC at 2019-07-06 15:57:44 Module : Configuration : .
juil. 06, 2019 3:57:52 PM ui.UILog log
INFOS: FROM ConfigProject bp ORDER BY project ASC
juil. 06, 2019 3:58:50 PM ui.UILog log
INFOS: File 2019_07_06.log already exists.

juil. 06, 2019 3:58:50 PM ui.UILog log
INFOS: Daily output print directory [.\print\2019_07_06] already exist!
open_sheet sub directory [.\print\2019_07_06\open_sheet] already exist!
Print sub directory [.\print\2019_07_06\closing_sheet] already exist!
Print sub directory [.\print\2019_07_06\picking_label] already exist!
Print sub directory [.\print\2019_07_06\dispatch_label] already exist!

juil. 06, 2019 3:58:53 PM ui.UILog log
INFOS: APP_INFO0003 : User EZZIOURI Oussama / 9 connected to host Oussama-PC at 2019-07-06 15:58:53 Module : Configuration : .
juil. 06, 2019 3:58:57 PM ui.UILog log
INFOS: FROM ConfigProject bp ORDER BY project ASC
juil. 06, 2019 3:59:30 PM ui.UILog log
INFOS: File 2019_07_06.log already exists.

juil. 06, 2019 3:59:30 PM ui.UILog log
INFOS: Daily output print directory [.\print\2019_07_06] already exist!
open_sheet sub directory [.\print\2019_07_06\open_sheet] already exist!
Print sub directory [.\print\2019_07_06\closing_sheet] already exist!
Print sub directory [.\print\2019_07_06\picking_label] already exist!
Print sub directory [.\print\2019_07_06\dispatch_label] already exist!

juil. 06, 2019 3:59:32 PM ui.UILog log
INFOS: APP_INFO0003 : User EZZIOURI Oussama / 66 connected to host Oussama-PC at 2019-07-06 15:59:32 Module : Configuration : .
juil. 06, 2019 4:55:10 PM ui.UILog log
INFOS: FROM ConfigProject bp ORDER BY project ASC
juil. 06, 2019 4:58:27 PM ui.UILog log
INFOS: FROM ConfigProject bp ORDER BY project ASC
juil. 06, 2019 5:03:13 PM ui.UILog log
INFOS: File 2019_07_06.log already exists.

juil. 06, 2019 5:03:13 PM ui.UILog log
INFOS: Daily output print directory [.\print\2019_07_06] already exist!
open_sheet sub directory [.\print\2019_07_06\open_sheet] already exist!
Print sub directory [.\print\2019_07_06\closing_sheet] already exist!
Print sub directory [.\print\2019_07_06\picking_label] already exist!
Print sub directory [.\print\2019_07_06\dispatch_label] already exist!

juil. 06, 2019 5:03:18 PM ui.UILog log
INFOS: APP_INFO0003 : User EZZIOURI Oussama / 9 connected to host Oussama-PC at 2019-07-06 17:03:18 Module : Configuration : .
juil. 06, 2019 5:03:21 PM ui.UILog log
INFOS: FROM ConfigProject bp ORDER BY project ASC
juil. 06, 2019 5:04:27 PM ui.UILog log
INFOS: FROM ConfigProject bp ORDER BY project ASC
juil. 06, 2019 5:04:27 PM ui.UILog log
INFOS: FROM ConfigProject bp ORDER BY project ASC
juil. 06, 2019 5:04:40 PM ui.UILog log
INFOS: FROM ConfigProject bp ORDER BY project ASC
juil. 06, 2019 5:12:45 PM ui.UILog log
INFOS: File 2019_07_06.log already exists.

juil. 06, 2019 5:12:45 PM ui.UILog log
INFOS: Daily output print directory [.\print\2019_07_06] already exist!
open_sheet sub directory [.\print\2019_07_06\open_sheet] already exist!
Print sub directory [.\print\2019_07_06\closing_sheet] already exist!
Print sub directory [.\print\2019_07_06\picking_label] already exist!
Print sub directory [.\print\2019_07_06\dispatch_label] already exist!

juil. 06, 2019 5:12:48 PM ui.UILog log
INFOS: APP_INFO0003 : User EZZIOURI Oussama / 9 connected to host Oussama-PC at 2019-07-06 17:12:48 Module : Configuration : .
juil. 06, 2019 5:12:53 PM ui.UILog log
INFOS: FROM ConfigProject bp ORDER BY project ASC
juil. 06, 2019 5:13:52 PM ui.UILog log
INFOS: File 2019_07_06.log already exists.

juil. 06, 2019 5:13:52 PM ui.UILog log
INFOS: Daily output print directory [.\print\2019_07_06] already exist!
open_sheet sub directory [.\print\2019_07_06\open_sheet] already exist!
Print sub directory [.\print\2019_07_06\closing_sheet] already exist!
Print sub directory [.\print\2019_07_06\picking_label] already exist!
Print sub directory [.\print\2019_07_06\dispatch_label] already exist!

juil. 06, 2019 5:13:54 PM ui.UILog log
INFOS: APP_INFO0003 : User EZZIOURI Oussama / 9 connected to host Oussama-PC at 2019-07-06 17:13:54 Module : Configuration : .
juil. 06, 2019 5:13:58 PM ui.UILog log
INFOS: FROM ConfigProject bp ORDER BY project ASC
juil. 06, 2019 5:16:39 PM ui.UILog log
INFOS: File 2019_07_06.log already exists.

juil. 06, 2019 5:16:39 PM ui.UILog log
INFOS: Daily output print directory [.\print\2019_07_06] already exist!
open_sheet sub directory [.\print\2019_07_06\open_sheet] already exist!
Print sub directory [.\print\2019_07_06\closing_sheet] already exist!
Print sub directory [.\print\2019_07_06\picking_label] already exist!
Print sub directory [.\print\2019_07_06\dispatch_label] already exist!

juil. 06, 2019 5:16:59 PM ui.UILog log
INFOS: APP_INFO0003 : User EZZIOURI Oussama / 9 connected to host Oussama-PC at 2019-07-06 17:16:59 Module : Configuration : .
juil. 06, 2019 5:17:06 PM ui.UILog log
INFOS: FROM ConfigProject bp ORDER BY project ASC
juil. 06, 2019 5:18:41 PM ui.UILog log
INFOS: File 2019_07_06.log already exists.

juil. 06, 2019 5:18:41 PM ui.UILog log
INFOS: Daily output print directory [.\print\2019_07_06] already exist!
open_sheet sub directory [.\print\2019_07_06\open_sheet] already exist!
Print sub directory [.\print\2019_07_06\closing_sheet] already exist!
Print sub directory [.\print\2019_07_06\picking_label] already exist!
Print sub directory [.\print\2019_07_06\dispatch_label] already exist!

juil. 06, 2019 5:18:43 PM ui.UILog log
INFOS: APP_INFO0003 : User EZZIOURI Oussama / 9 connected to host Oussama-PC at 2019-07-06 17:18:43 Module : Configuration : .
juil. 06, 2019 5:18:48 PM ui.UILog log
INFOS: FROM ConfigProject bp ORDER BY project ASC
juil. 06, 2019 5:19:39 PM ui.UILog log
INFOS: File 2019_07_06.log already exists.

juil. 06, 2019 5:19:39 PM ui.UILog log
INFOS: Daily output print directory [.\print\2019_07_06] already exist!
open_sheet sub directory [.\print\2019_07_06\open_sheet] already exist!
Print sub directory [.\print\2019_07_06\closing_sheet] already exist!
Print sub directory [.\print\2019_07_06\picking_label] already exist!
Print sub directory [.\print\2019_07_06\dispatch_label] already exist!

juil. 06, 2019 5:19:41 PM ui.UILog log
INFOS: APP_INFO0003 : User EZZIOURI Oussama / 9 connected to host Oussama-PC at 2019-07-06 17:19:41 Module : Configuration : .
juil. 06, 2019 5:19:44 PM ui.UILog log
INFOS: FROM ConfigProject bp ORDER BY project ASC
juil. 06, 2019 5:20:05 PM ui.UILog log
INFOS: File 2019_07_06.log already exists.

juil. 06, 2019 5:20:05 PM ui.UILog log
INFOS: Daily output print directory [.\print\2019_07_06] already exist!
open_sheet sub directory [.\print\2019_07_06\open_sheet] already exist!
Print sub directory [.\print\2019_07_06\closing_sheet] already exist!
Print sub directory [.\print\2019_07_06\picking_label] already exist!
Print sub directory [.\print\2019_07_06\dispatch_label] already exist!

juil. 06, 2019 5:20:08 PM ui.UILog log
INFOS: APP_INFO0003 : User EZZIOURI Oussama / 9 connected to host Oussama-PC at 2019-07-06 17:20:08 Module : Configuration : .
juil. 06, 2019 5:20:12 PM ui.UILog log
INFOS: FROM ConfigProject bp ORDER BY project ASC
juil. 06, 2019 5:20:36 PM ui.UILog log
INFOS: File 2019_07_06.log already exists.

juil. 06, 2019 5:20:36 PM ui.UILog log
INFOS: Daily output print directory [.\print\2019_07_06] already exist!
open_sheet sub directory [.\print\2019_07_06\open_sheet] already exist!
Print sub directory [.\print\2019_07_06\closing_sheet] already exist!
Print sub directory [.\print\2019_07_06\picking_label] already exist!
Print sub directory [.\print\2019_07_06\dispatch_label] already exist!

juil. 06, 2019 5:20:39 PM ui.UILog log
INFOS: APP_INFO0003 : User EZZIOURI Oussama / 9 connected to host Oussama-PC at 2019-07-06 17:20:39 Module : Configuration : .
juil. 06, 2019 5:20:41 PM ui.UILog log
INFOS: FROM ConfigProject bp ORDER BY project ASC
juil. 06, 2019 5:21:18 PM ui.UILog log
INFOS: File 2019_07_06.log already exists.

juil. 06, 2019 5:21:18 PM ui.UILog log
INFOS: Daily output print directory [.\print\2019_07_06] already exist!
open_sheet sub directory [.\print\2019_07_06\open_sheet] already exist!
Print sub directory [.\print\2019_07_06\closing_sheet] already exist!
Print sub directory [.\print\2019_07_06\picking_label] already exist!
Print sub directory [.\print\2019_07_06\dispatch_label] already exist!

juil. 06, 2019 5:22:16 PM ui.UILog log
INFOS: APP_INFO0003 : User EZZIOURI Oussama / 9 connected to host Oussama-PC at 2019-07-06 17:22:16 Module : Configuration : .
juil. 06, 2019 5:22:20 PM ui.UILog log
INFOS: FROM ConfigProject bp ORDER BY project ASC
juil. 06, 2019 5:26:04 PM ui.UILog log
INFOS: File 2019_07_06.log already exists.

juil. 06, 2019 5:26:04 PM ui.UILog log
INFOS: Daily output print directory [.\print\2019_07_06] already exist!
open_sheet sub directory [.\print\2019_07_06\open_sheet] already exist!
Print sub directory [.\print\2019_07_06\closing_sheet] already exist!
Print sub directory [.\print\2019_07_06\picking_label] already exist!
Print sub directory [.\print\2019_07_06\dispatch_label] already exist!

juil. 06, 2019 5:26:07 PM ui.UILog log
INFOS: APP_INFO0003 : User EZZIOURI Oussama / 9 connected to host Oussama-PC at 2019-07-06 17:26:07 Module : Configuration : .
juil. 06, 2019 5:26:09 PM ui.UILog log
INFOS: FROM ConfigProject bp ORDER BY project ASC
juil. 06, 2019 5:27:03 PM ui.UILog log
INFOS: File 2019_07_06.log already exists.

juil. 06, 2019 5:27:03 PM ui.UILog log
INFOS: Daily output print directory [.\print\2019_07_06] already exist!
open_sheet sub directory [.\print\2019_07_06\open_sheet] already exist!
Print sub directory [.\print\2019_07_06\closing_sheet] already exist!
Print sub directory [.\print\2019_07_06\picking_label] already exist!
Print sub directory [.\print\2019_07_06\dispatch_label] already exist!

juil. 06, 2019 5:27:04 PM ui.UILog log
INFOS: APP_INFO0003 : User EZZIOURI Oussama / 9 connected to host Oussama-PC at 2019-07-06 17:27:04 Module : Configuration : .
juil. 06, 2019 5:27:08 PM ui.UILog log
INFOS: FROM ConfigProject bp ORDER BY project ASC
juil. 06, 2019 5:28:13 PM ui.UILog log
INFOS: File 2019_07_06.log already exists.

juil. 06, 2019 5:28:13 PM ui.UILog log
INFOS: Daily output print directory [.\print\2019_07_06] already exist!
open_sheet sub directory [.\print\2019_07_06\open_sheet] already exist!
Print sub directory [.\print\2019_07_06\closing_sheet] already exist!
Print sub directory [.\print\2019_07_06\picking_label] already exist!
Print sub directory [.\print\2019_07_06\dispatch_label] already exist!

juil. 06, 2019 5:28:14 PM ui.UILog log
INFOS: APP_INFO0003 : User EZZIOURI Oussama / 9 connected to host Oussama-PC at 2019-07-06 17:28:14 Module : Configuration : .
juil. 06, 2019 5:28:17 PM ui.UILog log
INFOS: FROM ConfigProject bp ORDER BY project ASC
juil. 06, 2019 5:29:01 PM ui.UILog log
INFOS: File 2019_07_06.log already exists.

juil. 06, 2019 5:29:01 PM ui.UILog log
INFOS: Daily output print directory [.\print\2019_07_06] already exist!
open_sheet sub directory [.\print\2019_07_06\open_sheet] already exist!
Print sub directory [.\print\2019_07_06\closing_sheet] already exist!
Print sub directory [.\print\2019_07_06\picking_label] already exist!
Print sub directory [.\print\2019_07_06\dispatch_label] already exist!

juil. 06, 2019 5:29:03 PM ui.UILog log
INFOS: APP_INFO0003 : User EZZIOURI Oussama / 9 connected to host Oussama-PC at 2019-07-06 17:29:03 Module : Configuration : .
juil. 06, 2019 5:29:06 PM ui.UILog log
INFOS: FROM ConfigProject bp ORDER BY project ASC
juil. 06, 2019 5:29:29 PM ui.UILog log
INFOS: FROM ConfigProject bp ORDER BY project ASC
juil. 06, 2019 5:29:33 PM ui.UILog log
INFOS: FROM ConfigProject bp ORDER BY project ASC
juil. 06, 2019 5:30:03 PM ui.UILog log
INFOS: FROM ConfigProject bp ORDER BY project ASC
juil. 06, 2019 10:48:16 PM ui.UILog log
INFOS: FROM ConfigProject bp ORDER BY project ASC
juil. 06, 2019 10:51:08 PM ui.UILog log
INFOS: File 2019_07_06.log already exists.

juil. 06, 2019 10:51:08 PM ui.UILog log
INFOS: Daily output print directory [.\print\2019_07_06] already exist!
open_sheet sub directory [.\print\2019_07_06\open_sheet] already exist!
Print sub directory [.\print\2019_07_06\closing_sheet] already exist!
Print sub directory [.\print\2019_07_06\picking_label] already exist!
Print sub directory [.\print\2019_07_06\dispatch_label] already exist!

juil. 06, 2019 10:51:10 PM ui.UILog log
INFOS: APP_INFO0003 : User EZZIOURI Oussama / 9 connected to host Oussama-PC at 2019-07-06 22:51:10 Module : Configuration : .
juil. 06, 2019 11:13:49 PM ui.UILog log
INFOS: FROM ConfigProject bp ORDER BY project ASC
juil. 06, 2019 11:13:55 PM ui.UILog log
INFOS: FROM ConfigProject bp ORDER BY project ASC
juil. 06, 2019 11:13:56 PM ui.UILog log
INFOS: FROM ConfigProject bp ORDER BY project ASC
juil. 06, 2019 11:15:18 PM ui.UILog log
INFOS: File 2019_07_06.log already exists.

juil. 06, 2019 11:15:18 PM ui.UILog log
INFOS: Daily output print directory [.\print\2019_07_06] already exist!
open_sheet sub directory [.\print\2019_07_06\open_sheet] already exist!
Print sub directory [.\print\2019_07_06\closing_sheet] already exist!
Print sub directory [.\print\2019_07_06\picking_label] already exist!
Print sub directory [.\print\2019_07_06\dispatch_label] already exist!

juil. 06, 2019 11:15:20 PM ui.UILog log
INFOS: APP_INFO0003 : User EZZIOURI Oussama / 9 connected to host Oussama-PC at 2019-07-06 23:15:20 Module : Configuration : .
juil. 06, 2019 11:16:38 PM ui.UILog log
INFOS: FROM ConfigProject bp ORDER BY project ASC
juil. 06, 2019 11:16:47 PM ui.UILog log
INFOS: Searching Container [0089701] in BaseContainer.
juil. 06, 2019 11:16:47 PM ui.UILog log
INFOS: FROM BaseContainer bc WHERE bc.palletNumber = :palletNumber AND bc.containerState = :state
juil. 06, 2019 11:16:56 PM ui.UILog log
INFOS: Searching Container [200089701] in BaseContainer.
juil. 06, 2019 11:16:56 PM ui.UILog log
INFOS: FROM BaseContainer bc WHERE bc.palletNumber = :palletNumber AND bc.containerState = :state
juil. 06, 2019 11:19:28 PM ui.UILog log
INFOS: File 2019_07_06.log already exists.

juil. 06, 2019 11:19:28 PM ui.UILog log
INFOS: Daily output print directory [.\print\2019_07_06] already exist!
open_sheet sub directory [.\print\2019_07_06\open_sheet] already exist!
Print sub directory [.\print\2019_07_06\closing_sheet] already exist!
Print sub directory [.\print\2019_07_06\picking_label] already exist!
Print sub directory [.\print\2019_07_06\dispatch_label] already exist!

juil. 06, 2019 11:20:17 PM ui.UILog log
INFOS: APP_INFO0003 : User EZZIOURI Oussama / 9 connected to host Oussama-PC at 2019-07-06 23:20:17 Module : Configuration : .
juil. 06, 2019 11:20:50 PM ui.UILog log
INFOS: FROM ConfigProject bp ORDER BY project ASC
juil. 06, 2019 11:31:09 PM ui.UILog log
INFOS: FROM ConfigProject bp ORDER BY project ASC
juil. 06, 2019 11:31:14 PM ui.UILog log
INFOS: FROM ConfigProject bp ORDER BY project ASC
juil. 06, 2019 11:31:29 PM ui.UILog log
INFOS: Searching Container [200089697] in BaseContainer.
juil. 06, 2019 11:31:29 PM ui.UILog log
INFOS: FROM BaseContainer bc WHERE bc.palletNumber = :palletNumber AND bc.containerState = :state
