mai 30, 2019 10:42:41 PM ui.UILog log
INFOS: File 2019_05_30.log is created!

mai 30, 2019 10:42:41 PM ui.UILog log
INFOS: Daily output print directory [.\print\2019_05_30] created !
open_sheet sub directory [.\print\2019_05_30\open_sheet] created !
Print sub directory [.\print\2019_05_30\closing_sheet] created !
Print sub directory [.\print\2019_05_30\picking_label] created !
Print sub directory [.\print\2019_05_30\dispatch_label] created !

mai 30, 2019 10:43:00 PM ui.UILog log
INFOS: APP_INFO0003 : User EZZIOURI Oussama / 9 connected to host Oussama-PC at 2019-05-30 22:43:00 Module : Configuration : .
mai 30, 2019 10:43:27 PM ui.UILog log
INFOS: FROM ConfigProject bp ORDER BY project ASC
mai 30, 2019 10:45:33 PM ui.UILog log
INFOS: File 2019_05_30.log already exists.

mai 30, 2019 10:45:33 PM ui.UILog log
INFOS: Daily output print directory [.\print\2019_05_30] already exist!
open_sheet sub directory [.\print\2019_05_30\open_sheet] already exist!
Print sub directory [.\print\2019_05_30\closing_sheet] already exist!
Print sub directory [.\print\2019_05_30\picking_label] already exist!
Print sub directory [.\print\2019_05_30\dispatch_label] already exist!

mai 30, 2019 10:45:35 PM ui.UILog log
INFOS: APP_INFO0003 : User EZZIOURI Oussama / 9 connected to host Oussama-PC at 2019-05-30 22:45:35 Module : Configuration : .
