mai 02, 2019 4:58:23 PM ui.UILog log
INFOS: File 2019_05_02.log is created!

mai 02, 2019 4:58:23 PM ui.UILog log
INFOS: Daily output print directory [.\print\2019_05_02] created !
open_sheet sub directory [.\print\2019_05_02\open_sheet] created !
Print sub directory [.\print\2019_05_02\closing_sheet] created !
Print sub directory [.\print\2019_05_02\picking_label] created !
Print sub directory [.\print\2019_05_02\dispatch_label] created !

mai 02, 2019 4:58:29 PM ui.UILog log
INFOS: APP_INFO0003 : User EZZIOURI Oussama / 9 connected to host WSMA7040 at 2019-05-02 16:58:29 Module : Configuration : .
mai 02, 2019 4:58:42 PM ui.UILog log
INFOS: FROM ConfigProject bp ORDER BY project ASC
mai 02, 2019 4:58:44 PM ui.UILog log
INFOS: FROM ConfigProject bp ORDER BY project ASC
mai 02, 2019 4:59:12 PM ui.UILog log
INFOS: FROM ConfigProject bp ORDER BY project ASC
mai 02, 2019 4:59:28 PM ui.UILog log
INFOS: FROM ConfigProject bp ORDER BY project ASC
mai 02, 2019 4:59:29 PM ui.UILog log
INFOS: FROM ConfigProject bp ORDER BY project ASC
mai 02, 2019 5:02:14 PM ui.UILog log
INFOS: File 2019_05_02.log already exists.

mai 02, 2019 5:02:14 PM ui.UILog log
INFOS: Daily output print directory [.\print\2019_05_02] already exist!
open_sheet sub directory [.\print\2019_05_02\open_sheet] already exist!
Print sub directory [.\print\2019_05_02\closing_sheet] already exist!
Print sub directory [.\print\2019_05_02\picking_label] already exist!
Print sub directory [.\print\2019_05_02\dispatch_label] already exist!

mai 02, 2019 5:02:16 PM ui.UILog log
INFOS: APP_INFO0003 : User EZZIOURI Oussama / 9 connected to host WSMA7040 at 2019-05-02 17:02:16 Module : Configuration : .
mai 02, 2019 5:02:19 PM ui.UILog log
INFOS: FROM ConfigProject bp ORDER BY project ASC
mai 02, 2019 5:02:23 PM ui.UILog log
INFOS: FROM ConfigProject bp ORDER BY project ASC
mai 02, 2019 5:02:32 PM ui.UILog log
INFOS: FROM ConfigProject bp ORDER BY project ASC
mai 02, 2019 5:02:33 PM ui.UILog log
INFOS: FROM ConfigProject bp ORDER BY project ASC
mai 02, 2019 5:02:51 PM ui.UILog log
INFOS: FROM ConfigProject bp ORDER BY project ASC
mai 02, 2019 5:05:28 PM ui.UILog log
INFOS: File 2019_05_02.log already exists.

mai 02, 2019 5:05:28 PM ui.UILog log
INFOS: Daily output print directory [.\print\2019_05_02] already exist!
open_sheet sub directory [.\print\2019_05_02\open_sheet] already exist!
Print sub directory [.\print\2019_05_02\closing_sheet] already exist!
Print sub directory [.\print\2019_05_02\picking_label] already exist!
Print sub directory [.\print\2019_05_02\dispatch_label] already exist!

mai 02, 2019 5:05:34 PM ui.UILog log
INFOS: APP_INFO0003 : User EZZIOURI Oussama / 9 connected to host WSMA7040 at 2019-05-02 17:05:34 Module : Configuration : .
mai 02, 2019 5:05:38 PM ui.UILog log
INFOS: FROM ConfigProject bp ORDER BY project ASC
mai 02, 2019 5:06:32 PM ui.UILog log
INFOS: File 2019_05_02.log already exists.

mai 02, 2019 5:06:32 PM ui.UILog log
INFOS: Daily output print directory [.\print\2019_05_02] already exist!
open_sheet sub directory [.\print\2019_05_02\open_sheet] already exist!
Print sub directory [.\print\2019_05_02\closing_sheet] already exist!
Print sub directory [.\print\2019_05_02\picking_label] already exist!
Print sub directory [.\print\2019_05_02\dispatch_label] already exist!

mai 02, 2019 5:06:38 PM ui.UILog log
INFOS: APP_INFO0003 : User EZZIOURI Oussama / 9 connected to host WSMA7040 at 2019-05-02 17:06:38 Module : Configuration : .
mai 02, 2019 5:06:40 PM ui.UILog log
INFOS: FROM ConfigProject bp ORDER BY project ASC
mai 02, 2019 5:09:41 PM ui.UILog log
INFOS: File 2019_05_02.log already exists.

mai 02, 2019 5:09:41 PM ui.UILog log
INFOS: Daily output print directory [.\print\2019_05_02] already exist!
open_sheet sub directory [.\print\2019_05_02\open_sheet] already exist!
Print sub directory [.\print\2019_05_02\closing_sheet] already exist!
Print sub directory [.\print\2019_05_02\picking_label] already exist!
Print sub directory [.\print\2019_05_02\dispatch_label] already exist!

mai 02, 2019 5:10:09 PM ui.UILog log
INFOS: APP_INFO0003 : User EZZIOURI Oussama / 9 connected to host WSMA7040 at 2019-05-02 17:10:09 Module : Configuration : .
mai 02, 2019 5:10:11 PM ui.UILog log
INFOS: FROM ConfigProject bp ORDER BY project ASC
mai 02, 2019 5:10:12 PM ui.UILog log
INFOS: FROM ConfigProject bp ORDER BY project ASC
mai 02, 2019 5:10:18 PM ui.UILog log
INFOS: FROM ConfigProject bp ORDER BY project ASC
mai 02, 2019 5:10:18 PM ui.UILog log
INFOS: FROM ConfigProject bp ORDER BY project ASC
mai 02, 2019 5:10:18 PM ui.UILog log
INFOS: FROM ConfigProject bp ORDER BY project ASC
mai 02, 2019 5:10:18 PM ui.UILog log
INFOS: FROM ConfigProject bp ORDER BY project ASC
mai 02, 2019 5:10:19 PM ui.UILog log
INFOS: FROM ConfigProject bp ORDER BY project ASC
mai 02, 2019 5:10:19 PM ui.UILog log
INFOS: FROM ConfigProject bp ORDER BY project ASC
mai 02, 2019 5:10:19 PM ui.UILog log
INFOS: FROM ConfigProject bp ORDER BY project ASC
mai 02, 2019 5:10:19 PM ui.UILog log
INFOS: FROM ConfigProject bp ORDER BY project ASC
mai 02, 2019 5:10:19 PM ui.UILog log
INFOS: FROM ConfigProject bp ORDER BY project ASC
mai 02, 2019 5:10:19 PM ui.UILog log
INFOS: FROM ConfigProject bp ORDER BY project ASC
mai 02, 2019 5:10:19 PM ui.UILog log
INFOS: FROM ConfigProject bp ORDER BY project ASC
mai 02, 2019 5:10:19 PM ui.UILog log
INFOS: FROM ConfigProject bp ORDER BY project ASC
mai 02, 2019 5:10:19 PM ui.UILog log
INFOS: FROM ConfigProject bp ORDER BY project ASC
mai 02, 2019 5:10:19 PM ui.UILog log
INFOS: FROM ConfigProject bp ORDER BY project ASC
mai 02, 2019 5:12:21 PM ui.UILog log
INFOS: FROM ConfigProject bp ORDER BY project ASC
mai 02, 2019 5:12:21 PM ui.UILog log
INFOS: FROM ConfigProject bp ORDER BY project ASC
mai 02, 2019 5:21:01 PM ui.UILog log
INFOS: File 2019_05_02.log already exists.

mai 02, 2019 5:21:01 PM ui.UILog log
INFOS: Daily output print directory [.\print\2019_05_02] already exist!
open_sheet sub directory [.\print\2019_05_02\open_sheet] already exist!
Print sub directory [.\print\2019_05_02\closing_sheet] already exist!
Print sub directory [.\print\2019_05_02\picking_label] already exist!
Print sub directory [.\print\2019_05_02\dispatch_label] already exist!

mai 02, 2019 5:22:46 PM ui.UILog log
INFOS: APP_INFO0003 : User EZZIOURI Oussama / 9 connected to host WSMA7040 at 2019-05-02 17:22:46 Module : Configuration : .
mai 02, 2019 5:22:50 PM ui.UILog log
INFOS: FROM ConfigProject bp ORDER BY project ASC
mai 02, 2019 5:26:38 PM ui.UILog log
INFOS: File 2019_05_02.log already exists.

mai 02, 2019 5:26:38 PM ui.UILog log
INFOS: Daily output print directory [.\print\2019_05_02] already exist!
open_sheet sub directory [.\print\2019_05_02\open_sheet] already exist!
Print sub directory [.\print\2019_05_02\closing_sheet] already exist!
Print sub directory [.\print\2019_05_02\picking_label] already exist!
Print sub directory [.\print\2019_05_02\dispatch_label] already exist!

mai 02, 2019 5:26:40 PM ui.UILog log
INFOS: APP_INFO0003 : User EZZIOURI Oussama / 9 connected to host WSMA7040 at 2019-05-02 17:26:40 Module : Configuration : .
mai 02, 2019 5:26:43 PM ui.UILog log
INFOS: FROM ConfigProject bp ORDER BY project ASC
mai 02, 2019 5:26:44 PM ui.UILog log
INFOS: FROM ConfigProject bp ORDER BY project ASC
mai 02, 2019 5:26:50 PM ui.UILog log
INFOS: FROM ConfigProject bp ORDER BY project ASC
mai 02, 2019 5:26:54 PM ui.UILog log
INFOS: FROM ConfigProject bp ORDER BY project ASC
mai 02, 2019 5:29:30 PM ui.UILog log
INFOS: FROM ConfigProject bp ORDER BY project ASC
mai 02, 2019 5:29:30 PM ui.UILog log
INFOS: FROM ConfigProject bp ORDER BY project ASC
mai 02, 2019 5:54:27 PM ui.UILog log
INFOS: File 2019_05_02.log already exists.

mai 02, 2019 5:54:27 PM ui.UILog log
INFOS: Daily output print directory [.\print\2019_05_02] already exist!
open_sheet sub directory [.\print\2019_05_02\open_sheet] already exist!
Print sub directory [.\print\2019_05_02\closing_sheet] already exist!
Print sub directory [.\print\2019_05_02\picking_label] already exist!
Print sub directory [.\print\2019_05_02\dispatch_label] already exist!

mai 02, 2019 5:54:32 PM ui.UILog log
INFOS: APP_INFO0003 : User EZZIOURI Oussama / 9 connected to host WSMA7040 at 2019-05-02 17:54:32 Module : Configuration : .
mai 02, 2019 5:55:14 PM ui.UILog log
INFOS: FROM ConfigProject bp ORDER BY project ASC
mai 02, 2019 5:56:09 PM ui.UILog log
INFOS: File 2019_05_02.log already exists.

mai 02, 2019 5:56:09 PM ui.UILog log
INFOS: Daily output print directory [.\print\2019_05_02] already exist!
open_sheet sub directory [.\print\2019_05_02\open_sheet] already exist!
Print sub directory [.\print\2019_05_02\closing_sheet] already exist!
Print sub directory [.\print\2019_05_02\picking_label] already exist!
Print sub directory [.\print\2019_05_02\dispatch_label] already exist!

mai 02, 2019 5:56:11 PM ui.UILog log
INFOS: APP_INFO0003 : User EZZIOURI Oussama / 9 connected to host WSMA7040 at 2019-05-02 17:56:11 Module : Configuration : .
mai 02, 2019 5:56:14 PM ui.UILog log
INFOS: FROM ConfigProject bp ORDER BY project ASC
mai 02, 2019 5:56:33 PM ui.UILog log
INFOS: File 2019_05_02.log already exists.

mai 02, 2019 5:56:33 PM ui.UILog log
INFOS: Daily output print directory [.\print\2019_05_02] already exist!
open_sheet sub directory [.\print\2019_05_02\open_sheet] already exist!
Print sub directory [.\print\2019_05_02\closing_sheet] already exist!
Print sub directory [.\print\2019_05_02\picking_label] already exist!
Print sub directory [.\print\2019_05_02\dispatch_label] already exist!

mai 02, 2019 5:56:35 PM ui.UILog log
INFOS: APP_INFO0003 : User EZZIOURI Oussama / 9 connected to host WSMA7040 at 2019-05-02 17:56:35 Module : Configuration : .
mai 02, 2019 5:56:37 PM ui.UILog log
INFOS: FROM ConfigProject bp ORDER BY project ASC
mai 02, 2019 6:19:26 PM ui.UILog log
INFOS: File 2019_05_02.log already exists.

mai 02, 2019 6:19:26 PM ui.UILog log
INFOS: Daily output print directory [.\print\2019_05_02] already exist!
open_sheet sub directory [.\print\2019_05_02\open_sheet] already exist!
Print sub directory [.\print\2019_05_02\closing_sheet] already exist!
Print sub directory [.\print\2019_05_02\picking_label] already exist!
Print sub directory [.\print\2019_05_02\dispatch_label] already exist!

mai 02, 2019 6:19:36 PM ui.UILog log
INFOS: APP_INFO0003 : User EZZIOURI Oussama / 9 connected to host WSMA7040 at 2019-05-02 18:19:36 Module : Configuration : .
mai 02, 2019 6:20:01 PM ui.UILog log
INFOS: FROM ConfigProject bp ORDER BY project ASC
mai 02, 2019 6:20:13 PM ui.UILog log
INFOS: FROM ConfigProject bp ORDER BY project ASC
mai 02, 2019 6:20:28 PM ui.UILog log
INFOS: APP_INFO0003 : User EZZIOURI Oussama / 9 connected to host WSMA7040 at 2019-05-02 18:20:28 Project : HDEP.
mai 02, 2019 6:20:28 PM ui.UILog log
INFOS: APP_CONFIG0002   : Chargement de la liste des formats QR dans la variable DATAMATRIX_PATTERN_LIST ...
mai 02, 2019 6:20:28 PM ui.UILog log
INFOS: FROM ConfigBarcode cb WHERE cb.keyWord = :keyWord AND cb.harness_type = :harnessType ORDER BY id ASC
mai 02, 2019 6:20:28 PM ui.UILog log
INFOS: ^[P]{1}\d{22}
^[P]{1}\d{10}[.]\d{2}[.]\d{4}[;]\d{2}[:]\d{2}[:]\d{2}
^[P]{1}\d{8}[;]\d{2}[.]\d{2}[.]\d{6}[:]\d{2}[:]\d{2}
^[P]{1}\d{8}[;]\d{2}[.]\d{2}[.]\d{4}[;]\d{2}[:]\d{2}[:]\d{2}
^[P]{1}\d{10}[.]\d{2}[.]\d{6}[:]\d{2}[:]\d{2}
^[P]{1}\d{8}[P]{1}\d{10}[A]{1}\d{17}
^[P]{1}\d{8}[P]{1}\d{4}[C]{1}\d{5}[C]{1}\d{17}
^[P]{1}\d{8}[P]{1}\d{4}[C]{1}\d{5}[A]{1}\d{14}
^[P]{1}\d{8}[P]{1}\d{4}[C]{1}\d{5}[A]{1}\d{13}
^[P]{1}\d{8}[P]{1}\d{4}[C]{1}\d{5}[A]{1}\d{16}
^[P]{1}\d{8}[P]{1}\d{4}[C]{1}\d{5}[A]{1}\d{18}
^[P]{1}\d{8}[P]{1}\d{4}[C]{1}\d{5}[A]{1}\d{12}
^[P]{1}\d{8}[P]{1}\d{4}[C]{1}\d{5}[A]{1}\d{17}
^[P]{1}\d{8}[P]{1}\d{4}[C]{1}\d{5}[A]{1}\d{15}
^[P]{1}\d{8}[P]{1}\d{19}
^[P]{1}\d{8}[P]{1}\d{4}[C]{1}\d{5}[A]{1}\d{19}
^[P]{1}\d{8}[C]{1}\d{19}
^[P]{1}\d{8}[P]{1}\d{4}[C]{1}\d{5}[B]{1}\d{17}
^[P]{1}\d{8}[C]{1}\d{4}[C]{1}\d{5}[A]{1}\d{17}
^[P]{1}\d{8}[P]{1}\d{4}[C]{1}\d{6}[A]{1}\d{17}
^\d{4}[C]{1}\d{3}[D]{1}[;]{1}\d{2}[.]{1}\d{2}[.]{1}\d{4}[;]{1}\d{2}[:]{1}\d{2}[:]{1}\d{2}
^[P]{1}\w{36}
^[P]{1}\w{37}
^[P]{1}\d{8}[X]{1}\d{4}[C]{1}\d{5}[A]{1}\d{17}

mai 02, 2019 6:20:28 PM ui.UILog log
INFOS: APP_CONFIG0003   : 24 formats possible du QR pour le projet HDEP ont été chargés avec succès !
mai 02, 2019 6:20:28 PM ui.UILog log
INFOS: FROM ConfigBarcode cb WHERE cb.keyWord = :keyWord AND cb.harness_type = :harnessType ORDER BY id ASC
mai 02, 2019 6:20:28 PM ui.UILog log
INFOS: ^[P]\w{8}

mai 02, 2019 6:20:28 PM ui.UILog log
INFOS: APP_CONFIG0004   : 1 formats de référence possibles pour le projet HDEP ont été chargés avec succès.
mai 02, 2019 6:20:40 PM ui.UILog log
INFOS: Searching Harness part [23014975] in ConfigUCS: [HDEP]
mai 02, 2019 6:20:40 PM ui.UILog log
INFOS: APP_INFO0004 : Référence produit 23014975 trouvée pour le projet [HDEP].
mai 02, 2019 6:20:40 PM ui.UILog log
INFOS: APP_INFO0005 : Référence produit correcte P23014975 
mai 02, 2019 6:20:59 PM ui.UILog log
INFOS: Invalid Counter scanned format [PP2301497520190501182000]!
mai 02, 2019 6:20:59 PM ui.UILog log
GRAVE: APP_ERR0009 : Format invalide du code QR [PP2301497520190501182000]!
mai 02, 2019 6:21:01 PM ui.UILog log
GRAVE: APP_ERR0009 : Format invalide du code QR [PP2301497520190501182000]!
mai 02, 2019 6:21:05 PM ui.UILog log
INFOS: Searching Harness counter [P2301497520190501182000] in BaseHarness.
mai 02, 2019 6:21:05 PM ui.UILog log
INFOS: FROM BaseHarness bh WHERE bh.counter = :counter
mai 02, 2019 6:21:16 PM ui.UILog log
GRAVE: APP_ERR0012 : Format du code à barre invalide [012345678910] !
mai 02, 2019 6:21:18 PM ui.UILog log
GRAVE: APP_ERR0012 : Format du code à barre invalide [012345678910] !
mai 02, 2019 6:21:38 PM ui.UILog log
INFOS: Daily output print directory [.\print\2019_05_02] already exist!
open_sheet sub directory [.\print\2019_05_02\open_sheet] already exist!
Print sub directory [.\print\2019_05_02\closing_sheet] already exist!
Print sub directory [.\print\2019_05_02\picking_label] already exist!
Print sub directory [.\print\2019_05_02\dispatch_label] already exist!

mai 02, 2019 6:21:39 PM ui.UILog log
INFOS: Sending [.\print\2019_05_02\open_sheet\PrintOpenPallet_A5_2019_05_02_18_21_38__23014975_200093541870.pdf] to the default printer...
mai 02, 2019 6:21:39 PM ui.UILog log
INFOS: File [.\print\2019_05_02\open_sheet\PrintOpenPallet_A5_2019_05_02_18_21_38__23014975_200093541870.pdf] has been printed.
mai 02, 2019 6:21:39 PM ui.UILog log
INFOS: APP_INFO0006 : Openning new container 200093541 for the first harness part 
mai 02, 2019 6:21:53 PM ui.UILog log
INFOS: BaseContainer created BaseContainer{id=92424, fifoTime=Thu May 02 18:21:52 WAT 2019, storedTime=null, palletNumber=200093541, harnessPart=23014975, supplierPartNumber=26C55032A, qtyExpected=1, qtyRead=1, containerState=OPEN, containerStateCode=1000, packType=C11, harnessType=HDEP, ucsLifes=1, ucsId=987, dispatchLabelNo=null, destination=VMI, harnessList=[], harnessCounter=null, choosen_pack_type=null} 
mai 02, 2019 6:21:54 PM ui.UILog log
INFOS: Daily output print directory [.\print\2019_05_02] already exist!
open_sheet sub directory [.\print\2019_05_02\open_sheet] already exist!
Print sub directory [.\print\2019_05_02\closing_sheet] already exist!
Print sub directory [.\print\2019_05_02\picking_label] already exist!
Print sub directory [.\print\2019_05_02\dispatch_label] already exist!

mai 02, 2019 6:21:56 PM ui.UILog log
INFOS: Sending [.\print\2019_05_02\closing_sheet\PrintClosingPallet_A5_23014975_2019_05_02_18_21_54521.pdf] to the default printer...
mai 02, 2019 6:21:56 PM ui.UILog log
INFOS: File [%s] has been printed.
mai 02, 2019 6:37:56 PM ui.UILog log
INFOS: File 2019_05_02.log already exists.

mai 02, 2019 6:37:56 PM ui.UILog log
INFOS: Daily output print directory [.\print\2019_05_02] already exist!
open_sheet sub directory [.\print\2019_05_02\open_sheet] already exist!
Print sub directory [.\print\2019_05_02\closing_sheet] already exist!
Print sub directory [.\print\2019_05_02\picking_label] already exist!
Print sub directory [.\print\2019_05_02\dispatch_label] already exist!

mai 02, 2019 6:38:06 PM ui.UILog log
INFOS: APP_INFO0003 : User EZZIOURI Oussama / 9 connected to host WSMA7040 at 2019-05-02 18:38:06 Module : Configuration : .
mai 02, 2019 6:41:17 PM ui.UILog log
INFOS: File 2019_05_02.log already exists.

mai 02, 2019 6:41:17 PM ui.UILog log
INFOS: Daily output print directory [.\print\2019_05_02] already exist!
open_sheet sub directory [.\print\2019_05_02\open_sheet] already exist!
Print sub directory [.\print\2019_05_02\closing_sheet] already exist!
Print sub directory [.\print\2019_05_02\picking_label] already exist!
Print sub directory [.\print\2019_05_02\dispatch_label] already exist!

mai 02, 2019 6:41:21 PM ui.UILog log
INFOS: APP_INFO0003 : User EZZIOURI Oussama / 9 connected to host WSMA7040 at 2019-05-02 18:41:21 Module : Configuration : .
mai 02, 2019 6:42:13 PM ui.UILog log
INFOS: File 2019_05_02.log already exists.

mai 02, 2019 6:42:13 PM ui.UILog log
INFOS: Daily output print directory [.\print\2019_05_02] already exist!
open_sheet sub directory [.\print\2019_05_02\open_sheet] already exist!
Print sub directory [.\print\2019_05_02\closing_sheet] already exist!
Print sub directory [.\print\2019_05_02\picking_label] already exist!
Print sub directory [.\print\2019_05_02\dispatch_label] already exist!

mai 02, 2019 6:42:25 PM ui.UILog log
INFOS: File 2019_05_02.log already exists.

mai 02, 2019 6:42:25 PM ui.UILog log
INFOS: Daily output print directory [.\print\2019_05_02] already exist!
open_sheet sub directory [.\print\2019_05_02\open_sheet] already exist!
Print sub directory [.\print\2019_05_02\closing_sheet] already exist!
Print sub directory [.\print\2019_05_02\picking_label] already exist!
Print sub directory [.\print\2019_05_02\dispatch_label] already exist!

mai 02, 2019 6:42:27 PM ui.UILog log
INFOS: APP_INFO0003 : User EZZIOURI Oussama / 9 connected to host WSMA7040 at 2019-05-02 18:42:27 Module : Configuration : .
