juil. 28, 2019 10:42:14 PM ui.UILog log
INFOS: File 2019_07_28.log is created!

juil. 28, 2019 10:42:14 PM ui.UILog log
INFOS: Daily output print directory [.\print\2019_07_28] created !
open_sheet sub directory [.\print\2019_07_28\open_sheet] created !
Print sub directory [.\print\2019_07_28\closing_sheet] created !
Print sub directory [.\print\2019_07_28\picking_label] created !
Print sub directory [.\print\2019_07_28\dispatch_label] created !

juil. 28, 2019 10:42:42 PM ui.UILog log
INFOS: APP_INFO0003 : User EZZIOURI Oussama / 9 connected to host Oussama-PC at 2019-07-28 22:42:42 Module : Configuration : .
juil. 28, 2019 10:43:33 PM ui.UILog log
INFOS: FROM ConfigProject bp ORDER BY project ASC
juil. 28, 2019 10:43:42 PM ui.UILog log
INFOS: FROM ConfigWorkplace bp ORDER BY workplace ASC
juil. 28, 2019 10:45:43 PM ui.UILog log
INFOS: File 2019_07_28.log already exists.

juil. 28, 2019 10:45:43 PM ui.UILog log
INFOS: Daily output print directory [.\print\2019_07_28] already exist!
open_sheet sub directory [.\print\2019_07_28\open_sheet] already exist!
Print sub directory [.\print\2019_07_28\closing_sheet] already exist!
Print sub directory [.\print\2019_07_28\picking_label] already exist!
Print sub directory [.\print\2019_07_28\dispatch_label] already exist!

juil. 28, 2019 10:45:46 PM ui.UILog log
INFOS: APP_INFO0003 : User EZZIOURI Oussama / 9 connected to host Oussama-PC at 2019-07-28 22:45:46 Module : Configuration : .
juil. 28, 2019 10:46:19 PM ui.UILog log
INFOS: APP_INFO0003 : User EZZIOURI Oussama / 9 connected to host Oussama-PC at 2019-07-28 22:46:19 Project : DUCATI.
juil. 28, 2019 10:46:19 PM ui.UILog log
INFOS: APP_CONFIG0002   : Chargement de la liste des formats QR dans la variable DATAMATRIX_PATTERN_LIST ...
juil. 28, 2019 10:46:19 PM ui.UILog log
INFOS: FROM ConfigBarcode cb WHERE cb.keyWord = :keyWord AND cb.harness_type = :harnessType ORDER BY id ASC
juil. 28, 2019 10:46:19 PM ui.UILog log
INFOS: ^[P]{1}\w{9}[;]{1}\d{2}[.]{1}\d{2}[.]{1}\d{4}[;]{1}\d{2}[:]{1}\d{2}[:]{1}\d{2}
^\w{9}[;]{1}\d{2}[.]{1}\d{2}[.]{1}\d{4}[;]{1}\d{2}[:]{1}\d{2}[:]{1}\d{2}
^\b{9}[;]{1}\d{2}[.]{1}\d{2}[.]{1}\d{4}[;]{1}\d{2}[:]{1}\d{2}[:]{1}\d{2}
^\w{9}[;]{1}\d{2}[:]{1}\d{2}[:]{1}\d{4}[;]{1}\d{2}[:]{1}\d{2}[:]{1}\d{2}

juil. 28, 2019 10:46:19 PM ui.UILog log
INFOS: APP_CONFIG0003   : 4 formats possible du QR pour le projet DUCATI ont été chargés avec succès !
juil. 28, 2019 10:46:19 PM ui.UILog log
INFOS: FROM ConfigBarcode cb WHERE cb.keyWord = :keyWord AND cb.harness_type = :harnessType ORDER BY id ASC
juil. 28, 2019 10:46:19 PM ui.UILog log
INFOS: ^[P]\w{9}
^\w{9}
^\b{9}

juil. 28, 2019 10:46:19 PM ui.UILog log
INFOS: APP_CONFIG0004   : 3 formats de référence possibles pour le projet DUCATI ont été chargés avec succès.
juil. 28, 2019 10:46:38 PM ui.UILog log
INFOS: APP_INFO0003 : User EZZIOURI Oussama / 9 connected to host Oussama-PC at 2019-07-28 22:46:38 Project : DUCATI.
juil. 28, 2019 10:46:38 PM ui.UILog log
INFOS: APP_CONFIG0002   : Chargement de la liste des formats QR dans la variable DATAMATRIX_PATTERN_LIST ...
juil. 28, 2019 10:46:38 PM ui.UILog log
INFOS: FROM ConfigBarcode cb WHERE cb.keyWord = :keyWord AND cb.harness_type = :harnessType ORDER BY id ASC
juil. 28, 2019 10:46:38 PM ui.UILog log
INFOS: ^[P]{1}\w{9}[;]{1}\d{2}[.]{1}\d{2}[.]{1}\d{4}[;]{1}\d{2}[:]{1}\d{2}[:]{1}\d{2}
^\w{9}[;]{1}\d{2}[.]{1}\d{2}[.]{1}\d{4}[;]{1}\d{2}[:]{1}\d{2}[:]{1}\d{2}
^\b{9}[;]{1}\d{2}[.]{1}\d{2}[.]{1}\d{4}[;]{1}\d{2}[:]{1}\d{2}[:]{1}\d{2}
^\w{9}[;]{1}\d{2}[:]{1}\d{2}[:]{1}\d{4}[;]{1}\d{2}[:]{1}\d{2}[:]{1}\d{2}

juil. 28, 2019 10:46:38 PM ui.UILog log
INFOS: APP_CONFIG0003   : 4 formats possible du QR pour le projet DUCATI ont été chargés avec succès !
juil. 28, 2019 10:46:38 PM ui.UILog log
INFOS: FROM ConfigBarcode cb WHERE cb.keyWord = :keyWord AND cb.harness_type = :harnessType ORDER BY id ASC
juil. 28, 2019 10:46:38 PM ui.UILog log
INFOS: ^[P]\w{9}
^\w{9}
^\b{9}

juil. 28, 2019 10:46:38 PM ui.UILog log
INFOS: APP_CONFIG0004   : 3 formats de référence possibles pour le projet DUCATI ont été chargés avec succès.
juil. 28, 2019 10:46:42 PM ui.UILog log
GRAVE: APP_ERR0006 : Invalid part number scanned [qsqsdqsd] !.
juil. 28, 2019 10:46:42 PM ui.UILog log
GRAVE: APP_ERR0006 : La référence scannée est invalide [qsqsdqsd] .
juil. 28, 2019 10:46:42 PM ui.UILog log
GRAVE: APP_ERR0006 : La référence scannée est invalide [qsqsdqsd] .
juil. 28, 2019 10:46:43 PM ui.UILog log
GRAVE: APP_ERR0006 : Invalid part number scanned [qsdqsd] !.
juil. 28, 2019 10:46:43 PM ui.UILog log
GRAVE: APP_ERR0006 : La référence scannée est invalide [qsdqsd] .
juil. 28, 2019 10:46:44 PM ui.UILog log
GRAVE: APP_ERR0006 : La référence scannée est invalide [qsdqsd] .
juil. 28, 2019 11:00:51 PM ui.UILog log
INFOS: File 2019_07_28.log already exists.

juil. 28, 2019 11:00:51 PM ui.UILog log
INFOS: Daily output print directory [.\print\2019_07_28] already exist!
open_sheet sub directory [.\print\2019_07_28\open_sheet] already exist!
Print sub directory [.\print\2019_07_28\closing_sheet] already exist!
Print sub directory [.\print\2019_07_28\picking_label] already exist!
Print sub directory [.\print\2019_07_28\dispatch_label] already exist!

juil. 28, 2019 11:00:53 PM ui.UILog log
INFOS: APP_INFO0003 : User EZZIOURI Oussama / 9 connected to host Oussama-PC at 2019-07-28 23:00:53 Module : Configuration : .
juil. 28, 2019 11:01:02 PM ui.UILog log
INFOS: APP_INFO0003 : User EZZIOURI Oussama / 9 connected to host Oussama-PC at 2019-07-28 23:01:02 Project : DUCATI.
juil. 28, 2019 11:01:02 PM ui.UILog log
INFOS: APP_CONFIG0002   : Chargement de la liste des formats QR dans la variable DATAMATRIX_PATTERN_LIST ...
juil. 28, 2019 11:01:02 PM ui.UILog log
INFOS: FROM ConfigBarcode cb WHERE cb.keyWord = :keyWord AND cb.harness_type = :harnessType ORDER BY id ASC
juil. 28, 2019 11:01:02 PM ui.UILog log
INFOS: ^[P]{1}\w{9}[;]{1}\d{2}[.]{1}\d{2}[.]{1}\d{4}[;]{1}\d{2}[:]{1}\d{2}[:]{1}\d{2}
^\w{9}[;]{1}\d{2}[.]{1}\d{2}[.]{1}\d{4}[;]{1}\d{2}[:]{1}\d{2}[:]{1}\d{2}
^\b{9}[;]{1}\d{2}[.]{1}\d{2}[.]{1}\d{4}[;]{1}\d{2}[:]{1}\d{2}[:]{1}\d{2}
^\w{9}[;]{1}\d{2}[:]{1}\d{2}[:]{1}\d{4}[;]{1}\d{2}[:]{1}\d{2}[:]{1}\d{2}

juil. 28, 2019 11:01:02 PM ui.UILog log
INFOS: APP_CONFIG0003   : 4 formats possible du QR pour le projet DUCATI ont été chargés avec succès !
juil. 28, 2019 11:01:02 PM ui.UILog log
INFOS: FROM ConfigBarcode cb WHERE cb.keyWord = :keyWord AND cb.harness_type = :harnessType ORDER BY id ASC
juil. 28, 2019 11:01:02 PM ui.UILog log
INFOS: ^[P]\w{9}
^\w{9}
^\b{9}

juil. 28, 2019 11:01:02 PM ui.UILog log
INFOS: APP_CONFIG0004   : 3 formats de référence possibles pour le projet DUCATI ont été chargés avec succès.
juil. 28, 2019 11:03:02 PM ui.UILog log
GRAVE: APP_ERR0006 : Invalid part number scanned [9] !.
juil. 28, 2019 11:03:02 PM ui.UILog log
GRAVE: APP_ERR0006 : La référence scannée est invalide [9] .
juil. 28, 2019 11:03:03 PM ui.UILog log
GRAVE: APP_ERR0006 : La référence scannée est invalide [9] .
juil. 28, 2019 11:03:06 PM ui.UILog log
INFOS: Searching Harness part [5101F371B] in ConfigUCS: [DUCATI]
juil. 28, 2019 11:03:06 PM ui.UILog log
INFOS: APP_INFO0004 : Référence produit 5101F371B trouvée pour le projet [DUCATI].
juil. 28, 2019 11:03:06 PM ui.UILog log
INFOS: APP_INFO0005 : Référence produit correcte 5101F371B 
juil. 28, 2019 11:03:14 PM ui.UILog log
INFOS: Searching Harness counter [5101F371B;08:02:2019;19:00:31] in BaseHarness.
juil. 28, 2019 11:03:14 PM ui.UILog log
INFOS: FROM BaseHarness bh WHERE bh.counter = :counter
juil. 28, 2019 11:03:20 PM ui.UILog log
INFOS: New harness to be added BaseHarness{harnessPart=null, counter=null}
juil. 28, 2019 11:03:32 PM ui.UILog log
INFOS: Daily output print directory [.\print\2019_07_28] already exist!
open_sheet sub directory [.\print\2019_07_28\open_sheet] already exist!
Print sub directory [.\print\2019_07_28\closing_sheet] already exist!
Print sub directory [.\print\2019_07_28\picking_label] already exist!
Print sub directory [.\print\2019_07_28\dispatch_label] already exist!

juil. 28, 2019 11:03:32 PM ui.UILog log
INFOS: Sending [.\print\2019_07_28\open_sheet\PrintOpenPallet_A5_2019_07_28_23_03_32__5101F371B_200089708620.pdf] to the default printer...
juil. 28, 2019 11:03:32 PM ui.UILog log
INFOS: File [.\print\2019_07_28\open_sheet\PrintOpenPallet_A5_2019_07_28_23_03_32__5101F371B_200089708620.pdf] has been printed.
juil. 28, 2019 11:03:32 PM ui.UILog log
INFOS: APP_INFO0006 : Openning new container 200089708 for the first harness part 
juil. 28, 2019 11:04:46 PM ui.UILog log
INFOS: BaseContainer created BaseContainer{
id=88639,
 createTime=Sun Jul 28 23:04:46 WEST 2019,
 fifoTime=Sun Jul 28 23:04:46 WEST 2019,
 storedTime=null,
 shippedTime=null,
 reservedTime=null,
 createId=100,
 writeId=100,
 user=9,
 createUser=EZZIOURI Oussama,
 startTime=Sun Jul 28 23:04:46 WEST 2019,
 closedTime=null,
 workTime=null,
 palletNumber=200089708,
 harnessPart=5101F371B,
 harnessIndex=1B,
 supplierPartNumber=26F141103,
 qtyExpected=6,
 qtyRead=1,
 containerState=OPEN,
 containerStateCode=1000,
 packType=C11,
 harnessType=DUCATI,
 stdTime=0.0,
 price=0.0,
 packWorkstation=Oussama-PC,
 order_no=3105033,
 special_order=1,
 labelPerPiece=null,
 comment=,
 segment=DUCATI_SEG1,
 workplace=LINE1,
 ucsLifes=-1,
 ucsId=793,
 dispatchLabelNo=null,
 destination=,
 dispatchTime=null,
 consignNo=null,
 invoiceNo=null,
 netWeight=0.0,
 grossWeight=0.0,
 volume=0.0,
 engChange=?,
 articleDesc=?,
 project=DUCATI,
 warehouse=4DU,
 engChangeDate=2018-01-01 00:00:00.0,
 priority=99,
 openningSheetCopies=1,
 closingSheetCopies=1,
 closingSheetFormat=1} 
juil. 28, 2019 11:05:10 PM ui.UILog log
INFOS: BaseContainer created BaseContainer{
id=88640,
 createTime=Sun Jul 28 23:05:10 WEST 2019,
 fifoTime=Sun Jul 28 23:05:10 WEST 2019,
 storedTime=null,
 shippedTime=null,
 reservedTime=null,
 createId=100,
 writeId=100,
 user=9,
 createUser=EZZIOURI Oussama,
 startTime=Sun Jul 28 23:05:10 WEST 2019,
 closedTime=null,
 workTime=null,
 palletNumber=200089708,
 harnessPart=5101F371B,
 harnessIndex=1B,
 supplierPartNumber=26F141103,
 qtyExpected=6,
 qtyRead=1,
 containerState=OPEN,
 containerStateCode=1000,
 packType=C11,
 harnessType=DUCATI,
 stdTime=0.0,
 price=0.0,
 packWorkstation=Oussama-PC,
 order_no=3105033,
 special_order=1,
 labelPerPiece=null,
 comment=,
 segment=DUCATI_SEG1,
 workplace=LINE1,
 ucsLifes=-1,
 ucsId=793,
 dispatchLabelNo=null,
 destination=,
 dispatchTime=null,
 consignNo=null,
 invoiceNo=null,
 netWeight=0.0,
 grossWeight=0.0,
 volume=0.0,
 engChange=?,
 articleDesc=?,
 project=DUCATI,
 warehouse=4DU,
 engChangeDate=2018-01-01 00:00:00.0,
 priority=99,
 openningSheetCopies=1,
 closingSheetCopies=1,
 closingSheetFormat=1} 
juil. 28, 2019 11:05:27 PM ui.UILog log
INFOS: APP_INFO0003 : User EZZIOURI Oussama / 9 connected to host Oussama-PC at 2019-07-28 23:05:27 Project : DUCATI.
juil. 28, 2019 11:05:27 PM ui.UILog log
INFOS: APP_CONFIG0002   : Chargement de la liste des formats QR dans la variable DATAMATRIX_PATTERN_LIST ...
juil. 28, 2019 11:05:27 PM ui.UILog log
INFOS: FROM ConfigBarcode cb WHERE cb.keyWord = :keyWord AND cb.harness_type = :harnessType ORDER BY id ASC
juil. 28, 2019 11:05:27 PM ui.UILog log
INFOS: ^[P]{1}\w{9}[;]{1}\d{2}[.]{1}\d{2}[.]{1}\d{4}[;]{1}\d{2}[:]{1}\d{2}[:]{1}\d{2}
^\w{9}[;]{1}\d{2}[.]{1}\d{2}[.]{1}\d{4}[;]{1}\d{2}[:]{1}\d{2}[:]{1}\d{2}
^\b{9}[;]{1}\d{2}[.]{1}\d{2}[.]{1}\d{4}[;]{1}\d{2}[:]{1}\d{2}[:]{1}\d{2}
^\w{9}[;]{1}\d{2}[:]{1}\d{2}[:]{1}\d{4}[;]{1}\d{2}[:]{1}\d{2}[:]{1}\d{2}

juil. 28, 2019 11:05:27 PM ui.UILog log
INFOS: APP_CONFIG0003   : 4 formats possible du QR pour le projet DUCATI ont été chargés avec succès !
juil. 28, 2019 11:05:27 PM ui.UILog log
INFOS: FROM ConfigBarcode cb WHERE cb.keyWord = :keyWord AND cb.harness_type = :harnessType ORDER BY id ASC
juil. 28, 2019 11:05:27 PM ui.UILog log
INFOS: ^[P]\w{9}
^\w{9}
^\b{9}

juil. 28, 2019 11:05:27 PM ui.UILog log
INFOS: APP_CONFIG0004   : 3 formats de référence possibles pour le projet DUCATI ont été chargés avec succès.
juil. 28, 2019 11:07:16 PM ui.UILog log
INFOS: File 2019_07_28.log already exists.

juil. 28, 2019 11:07:16 PM ui.UILog log
INFOS: Daily output print directory [.\print\2019_07_28] already exist!
open_sheet sub directory [.\print\2019_07_28\open_sheet] already exist!
Print sub directory [.\print\2019_07_28\closing_sheet] already exist!
Print sub directory [.\print\2019_07_28\picking_label] already exist!
Print sub directory [.\print\2019_07_28\dispatch_label] already exist!

juil. 28, 2019 11:07:17 PM ui.UILog log
INFOS: APP_INFO0003 : User EZZIOURI Oussama / 9 connected to host Oussama-PC at 2019-07-28 23:07:17 Module : Configuration : .
juil. 28, 2019 11:08:02 PM ui.UILog log
INFOS: File 2019_07_28.log already exists.

juil. 28, 2019 11:08:02 PM ui.UILog log
INFOS: Daily output print directory [.\print\2019_07_28] already exist!
open_sheet sub directory [.\print\2019_07_28\open_sheet] already exist!
Print sub directory [.\print\2019_07_28\closing_sheet] already exist!
Print sub directory [.\print\2019_07_28\picking_label] already exist!
Print sub directory [.\print\2019_07_28\dispatch_label] already exist!

juil. 28, 2019 11:08:04 PM ui.UILog log
INFOS: APP_INFO0003 : User EZZIOURI Oussama / 9 connected to host Oussama-PC at 2019-07-28 23:08:04 Module : Configuration : .
juil. 28, 2019 11:08:15 PM ui.UILog log
INFOS: APP_INFO0003 : User EZZIOURI Oussama / 9 connected to host Oussama-PC at 2019-07-28 23:08:15 Project : DUCATI.
juil. 28, 2019 11:08:15 PM ui.UILog log
INFOS: APP_CONFIG0002   : Chargement de la liste des formats QR dans la variable DATAMATRIX_PATTERN_LIST ...
juil. 28, 2019 11:08:15 PM ui.UILog log
INFOS: FROM ConfigBarcode cb WHERE cb.keyWord = :keyWord AND cb.harness_type = :harnessType ORDER BY id ASC
juil. 28, 2019 11:08:15 PM ui.UILog log
INFOS: ^[P]{1}\w{9}[;]{1}\d{2}[.]{1}\d{2}[.]{1}\d{4}[;]{1}\d{2}[:]{1}\d{2}[:]{1}\d{2}
^\w{9}[;]{1}\d{2}[.]{1}\d{2}[.]{1}\d{4}[;]{1}\d{2}[:]{1}\d{2}[:]{1}\d{2}
^\b{9}[;]{1}\d{2}[.]{1}\d{2}[.]{1}\d{4}[;]{1}\d{2}[:]{1}\d{2}[:]{1}\d{2}
^\w{9}[;]{1}\d{2}[:]{1}\d{2}[:]{1}\d{4}[;]{1}\d{2}[:]{1}\d{2}[:]{1}\d{2}

juil. 28, 2019 11:08:15 PM ui.UILog log
INFOS: APP_CONFIG0003   : 4 formats possible du QR pour le projet DUCATI ont été chargés avec succès !
juil. 28, 2019 11:08:15 PM ui.UILog log
INFOS: FROM ConfigBarcode cb WHERE cb.keyWord = :keyWord AND cb.harness_type = :harnessType ORDER BY id ASC
juil. 28, 2019 11:08:15 PM ui.UILog log
INFOS: ^[P]\w{9}
^\w{9}
^\b{9}

juil. 28, 2019 11:08:15 PM ui.UILog log
INFOS: APP_CONFIG0004   : 3 formats de référence possibles pour le projet DUCATI ont été chargés avec succès.
juil. 28, 2019 11:08:59 PM ui.UILog log
INFOS: Droping harness list...{0}
juil. 28, 2019 11:09:35 PM ui.UILog log
INFOS: Droping harness list...{0}
juil. 28, 2019 11:09:43 PM ui.UILog log
INFOS: Searching Harness part [5101F371B] in ConfigUCS: [DUCATI]
juil. 28, 2019 11:09:43 PM ui.UILog log
INFOS: APP_INFO0004 : Référence produit 5101F371B trouvée pour le projet [DUCATI].
juil. 28, 2019 11:09:43 PM ui.UILog log
INFOS: APP_INFO0005 : Référence produit correcte 5101F371B 
juil. 28, 2019 11:09:48 PM ui.UILog log
INFOS: Searching Harness counter [5101F371B;08:02:2019;19:00:31] in BaseHarness.
juil. 28, 2019 11:09:48 PM ui.UILog log
INFOS: FROM BaseHarness bh WHERE bh.counter = :counter
juil. 28, 2019 11:09:48 PM ui.UILog log
INFOS: New harness to be added BaseHarness{harnessPart=null, counter=null}
juil. 28, 2019 11:09:54 PM ui.UILog log
INFOS: Daily output print directory [.\print\2019_07_28] already exist!
open_sheet sub directory [.\print\2019_07_28\open_sheet] already exist!
Print sub directory [.\print\2019_07_28\closing_sheet] already exist!
Print sub directory [.\print\2019_07_28\picking_label] already exist!
Print sub directory [.\print\2019_07_28\dispatch_label] already exist!

juil. 28, 2019 11:09:54 PM ui.UILog log
INFOS: Sending [.\print\2019_07_28\open_sheet\PrintOpenPallet_A5_2019_07_28_23_09_54__5101F371B_200089709807.pdf] to the default printer...
juil. 28, 2019 11:09:54 PM ui.UILog log
INFOS: File [.\print\2019_07_28\open_sheet\PrintOpenPallet_A5_2019_07_28_23_09_54__5101F371B_200089709807.pdf] has been printed.
juil. 28, 2019 11:09:54 PM ui.UILog log
INFOS: APP_INFO0006 : Openning new container 200089709 for the first harness part 
juil. 28, 2019 11:10:14 PM ui.UILog log
INFOS: BaseContainer created BaseContainer{
id=88641,
 createTime=Sun Jul 28 23:10:14 WEST 2019,
 fifoTime=Sun Jul 28 23:10:14 WEST 2019,
 storedTime=null,
 shippedTime=null,
 reservedTime=null,
 createId=100,
 writeId=100,
 user=9,
 createUser=EZZIOURI Oussama,
 startTime=Sun Jul 28 23:10:14 WEST 2019,
 closedTime=null,
 workTime=null,
 palletNumber=200089709,
 harnessPart=5101F371B,
 harnessIndex=1B,
 supplierPartNumber=26F141103,
 qtyExpected=1,
 qtyRead=1,
 containerState=OPEN,
 containerStateCode=1000,
 packType=C11,
 harnessType=DUCATI,
 stdTime=0.0,
 price=0.0,
 packWorkstation=Oussama-PC,
 order_no=3105033,
 special_order=0,
 labelPerPiece=false,
 comment=,
 segment=DUCATI_SEG1,
 workplace=LINE1,
 ucsLifes=-1,
 ucsId=949,
 dispatchLabelNo=null,
 destination=INVENT. DUCATI,
 dispatchTime=null,
 consignNo=null,
 invoiceNo=null,
 netWeight=0.0,
 grossWeight=0.0,
 volume=0.0,
 engChange=?,
 articleDesc=?,
 project=DUCATI,
 warehouse=4DU,
 engChangeDate=2018-01-01 00:00:00.0,
 priority=99,
 openningSheetCopies=1,
 closingSheetCopies=1,
 closingSheetFormat=2} 
juil. 28, 2019 11:10:14 PM ui.UILog log
INFOS: Daily output print directory [.\print\2019_07_28] already exist!
open_sheet sub directory [.\print\2019_07_28\open_sheet] already exist!
Print sub directory [.\print\2019_07_28\closing_sheet] already exist!
Print sub directory [.\print\2019_07_28\picking_label] already exist!
Print sub directory [.\print\2019_07_28\dispatch_label] already exist!

juil. 28, 2019 11:10:15 PM ui.UILog log
INFOS: Sending [.\print\2019_07_28\closing_sheet\PrintClosingPallet_A5_5101F371B_2019_07_28_23_10_15974.pdf] to the default printer...
juil. 28, 2019 11:10:15 PM ui.UILog log
INFOS: File [%s] has been printed.
juil. 28, 2019 11:11:29 PM ui.UILog log
INFOS: FROM ConfigProject bp ORDER BY project ASC
juil. 28, 2019 11:11:39 PM ui.UILog log
INFOS: FROM ConfigWorkplace bp ORDER BY workplace ASC
juil. 28, 2019 11:11:47 PM ui.UILog log
INFOS: FROM ConfigWorkplace bp ORDER BY workplace ASC
juil. 28, 2019 11:12:04 PM ui.UILog log
INFOS: FROM ConfigWorkplace bp ORDER BY workplace ASC
juil. 28, 2019 11:12:18 PM ui.UILog log
INFOS: FROM ConfigWorkplace bp ORDER BY workplace ASC
juil. 28, 2019 11:14:35 PM ui.UILog log
GRAVE: APP_ERR0004 : Matricule invalide ou compte vérrouillé !
juil. 28, 2019 11:14:36 PM ui.UILog log
INFOS: APP_INFO0003 : User EZZIOURI Oussama / 9 connected to host Oussama-PC at 2019-07-28 23:14:36 Project : DUCATI.
juil. 28, 2019 11:14:36 PM ui.UILog log
INFOS: APP_CONFIG0002   : Chargement de la liste des formats QR dans la variable DATAMATRIX_PATTERN_LIST ...
juil. 28, 2019 11:14:36 PM ui.UILog log
INFOS: FROM ConfigBarcode cb WHERE cb.keyWord = :keyWord AND cb.harness_type = :harnessType ORDER BY id ASC
juil. 28, 2019 11:14:36 PM ui.UILog log
INFOS: ^[P]{1}\w{9}[;]{1}\d{2}[.]{1}\d{2}[.]{1}\d{4}[;]{1}\d{2}[:]{1}\d{2}[:]{1}\d{2}
^\w{9}[;]{1}\d{2}[.]{1}\d{2}[.]{1}\d{4}[;]{1}\d{2}[:]{1}\d{2}[:]{1}\d{2}
^\b{9}[;]{1}\d{2}[.]{1}\d{2}[.]{1}\d{4}[;]{1}\d{2}[:]{1}\d{2}[:]{1}\d{2}
^\w{9}[;]{1}\d{2}[:]{1}\d{2}[:]{1}\d{4}[;]{1}\d{2}[:]{1}\d{2}[:]{1}\d{2}

juil. 28, 2019 11:14:36 PM ui.UILog log
INFOS: APP_CONFIG0003   : 4 formats possible du QR pour le projet DUCATI ont été chargés avec succès !
juil. 28, 2019 11:14:36 PM ui.UILog log
INFOS: FROM ConfigBarcode cb WHERE cb.keyWord = :keyWord AND cb.harness_type = :harnessType ORDER BY id ASC
juil. 28, 2019 11:14:36 PM ui.UILog log
INFOS: ^[P]\w{9}
^\w{9}
^\b{9}

juil. 28, 2019 11:14:36 PM ui.UILog log
INFOS: APP_CONFIG0004   : 3 formats de référence possibles pour le projet DUCATI ont été chargés avec succès.
juil. 28, 2019 11:14:41 PM ui.UILog log
INFOS: Searching Harness part [5101F371B] in ConfigUCS: [DUCATI]
juil. 28, 2019 11:14:41 PM ui.UILog log
INFOS: APP_INFO0004 : Référence produit 5101F371B trouvée pour le projet [DUCATI].
juil. 28, 2019 11:14:41 PM ui.UILog log
INFOS: APP_INFO0005 : Référence produit correcte 5101F371B 
juil. 28, 2019 11:14:45 PM ui.UILog log
INFOS: Searching Harness counter [5101F371B;08:02:2019;19:00:32] in BaseHarness.
juil. 28, 2019 11:14:45 PM ui.UILog log
INFOS: FROM BaseHarness bh WHERE bh.counter = :counter
juil. 28, 2019 11:14:45 PM ui.UILog log
INFOS: New harness to be added BaseHarness{harnessPart=null, counter=null}
juil. 28, 2019 11:15:38 PM ui.UILog log
INFOS: Daily output print directory [.\print\2019_07_28] already exist!
open_sheet sub directory [.\print\2019_07_28\open_sheet] already exist!
Print sub directory [.\print\2019_07_28\closing_sheet] already exist!
Print sub directory [.\print\2019_07_28\picking_label] already exist!
Print sub directory [.\print\2019_07_28\dispatch_label] already exist!

juil. 28, 2019 11:15:38 PM ui.UILog log
INFOS: Sending [.\print\2019_07_28\open_sheet\PrintOpenPallet_A5_2019_07_28_23_15_38__5101F371B_200089710267.pdf] to the default printer...
juil. 28, 2019 11:15:38 PM ui.UILog log
INFOS: File [.\print\2019_07_28\open_sheet\PrintOpenPallet_A5_2019_07_28_23_15_38__5101F371B_200089710267.pdf] has been printed.
juil. 28, 2019 11:15:38 PM ui.UILog log
INFOS: APP_INFO0006 : Openning new container 200089710 for the first harness part 
juil. 28, 2019 11:15:53 PM ui.UILog log
INFOS: BaseContainer created BaseContainer{
id=88642,
 createTime=Sun Jul 28 23:15:53 WEST 2019,
 fifoTime=Sun Jul 28 23:15:53 WEST 2019,
 storedTime=null,
 shippedTime=null,
 reservedTime=null,
 createId=100,
 writeId=100,
 user=9,
 createUser=EZZIOURI Oussama,
 startTime=Sun Jul 28 23:15:53 WEST 2019,
 closedTime=null,
 workTime=null,
 palletNumber=200089710,
 harnessPart=5101F371B,
 harnessIndex=1B,
 supplierPartNumber=26F141103,
 qtyExpected=2,
 qtyRead=1,
 containerState=OPEN,
 containerStateCode=1000,
 packType=C11,
 harnessType=DUCATI,
 stdTime=0.0,
 price=0.0,
 packWorkstation=Oussama-PC,
 order_no=3105033,
 special_order=0,
 labelPerPiece=false,
 comment=,
 segment=DUCATI_SEG1,
 workplace=LINE1,
 ucsLifes=-1,
 ucsId=793,
 dispatchLabelNo=null,
 destination=INVENT. DUCATI,
 dispatchTime=null,
 consignNo=null,
 invoiceNo=null,
 netWeight=0.0,
 grossWeight=0.0,
 volume=0.0,
 engChange=?,
 articleDesc=?,
 project=DUCATI,
 warehouse=4DU,
 engChangeDate=2018-01-01 00:00:00.0,
 priority=99,
 openningSheetCopies=1,
 closingSheetCopies=1,
 closingSheetFormat=1} 
juil. 28, 2019 11:16:02 PM ui.UILog log
INFOS: Searching Harness part [5101F371B] in ConfigUCS: [DUCATI]
juil. 28, 2019 11:16:02 PM ui.UILog log
INFOS: APP_INFO0004 : Référence produit 5101F371B trouvée pour le projet [DUCATI].
juil. 28, 2019 11:16:02 PM ui.UILog log
INFOS: APP_INFO0005 : Référence produit correcte 5101F371B 
juil. 28, 2019 11:16:07 PM ui.UILog log
INFOS: Searching Harness counter [5101F371B;08:02:2019;19:00:33] in BaseHarness.
juil. 28, 2019 11:16:07 PM ui.UILog log
INFOS: FROM BaseHarness bh WHERE bh.counter = :counter
juil. 28, 2019 11:16:08 PM ui.UILog log
INFOS: New harness to be added BaseHarness{harnessPart=null, counter=null}
juil. 28, 2019 11:16:21 PM ui.UILog log
INFOS: Deletion  counters result 0 
juil. 28, 2019 11:16:21 PM ui.UILog log
INFOS: Quantité terminée BaseContainer{
id=88642,
 createTime=Sun Jul 28 23:15:53 WEST 2019,
 fifoTime=Sun Jul 28 23:16:21 WEST 2019,
 storedTime=null,
 shippedTime=null,
 reservedTime=null,
 createId=100,
 writeId=100,
 user=9,
 createUser=EZZIOURI Oussama,
 startTime=Sun Jul 28 23:15:53 WEST 2019,
 closedTime=null,
 workTime=null,
 palletNumber=200089710,
 harnessPart=5101F371B,
 harnessIndex=1B,
 supplierPartNumber=26F141103,
 qtyExpected=2,
 qtyRead=2,
 containerState=OPEN,
 containerStateCode=1000,
 packType=C11,
 harnessType=DUCATI,
 stdTime=0.0,
 price=0.0,
 packWorkstation=Oussama-PC,
 order_no=3105033,
 special_order=0,
 labelPerPiece=false,
 comment=,
 segment=DUCATI_SEG1,
 workplace=LINE1,
 ucsLifes=-1,
 ucsId=793,
 dispatchLabelNo=null,
 destination=INVENT. DUCATI,
 dispatchTime=null,
 consignNo=null,
 invoiceNo=null,
 netWeight=0.0,
 grossWeight=0.0,
 volume=0.0,
 engChange=?,
 articleDesc=?,
 project=DUCATI,
 warehouse=4DU,
 engChangeDate=2018-01-01 00:00:00.0,
 priority=99,
 openningSheetCopies=1,
 closingSheetCopies=1,
 closingSheetFormat=1}
juil. 28, 2019 11:16:28 PM ui.UILog log
INFOS: Daily output print directory [.\print\2019_07_28] already exist!
open_sheet sub directory [.\print\2019_07_28\open_sheet] already exist!
Print sub directory [.\print\2019_07_28\closing_sheet] already exist!
Print sub directory [.\print\2019_07_28\picking_label] already exist!
Print sub directory [.\print\2019_07_28\dispatch_label] already exist!

juil. 28, 2019 11:16:28 PM ui.UILog log
INFOS: Sending [.\print\2019_07_28\closing_sheet\PrintClosingPallet_A5_5101F371B_2019_07_28_23_16_28_815.pdf] to the default printer...
juil. 28, 2019 11:16:28 PM ui.UILog log
INFOS: File [%s] has been printed.
juil. 28, 2019 11:20:48 PM ui.UILog log
INFOS: FROM ConfigProject bp ORDER BY project ASC
juil. 28, 2019 11:20:49 PM ui.UILog log
INFOS: FROM ConfigProject bp ORDER BY project ASC
juil. 28, 2019 11:20:54 PM ui.UILog log
INFOS: FROM ConfigProject bp ORDER BY project ASC
juil. 28, 2019 11:20:59 PM ui.UILog log
INFOS: FROM ConfigProject bp ORDER BY project ASC
juil. 28, 2019 11:22:07 PM ui.UILog log
INFOS: Daily output print directory [.\print\2019_07_28] already exist!
open_sheet sub directory [.\print\2019_07_28\open_sheet] already exist!
Print sub directory [.\print\2019_07_28\closing_sheet] already exist!
Print sub directory [.\print\2019_07_28\picking_label] already exist!
Print sub directory [.\print\2019_07_28\dispatch_label] already exist!

juil. 28, 2019 11:22:08 PM ui.UILog log
INFOS: Sending [.\print\2019_07_28\closing_sheet\PrintClosingPallet_A5_5101F371B_2019_07_28_23_22_07726.pdf] to the default printer...
juil. 28, 2019 11:22:08 PM ui.UILog log
INFOS: File [%s] has been printed.
juil. 28, 2019 11:22:53 PM ui.UILog log
INFOS: Daily output print directory [.\print\2019_07_28] already exist!
open_sheet sub directory [.\print\2019_07_28\open_sheet] already exist!
Print sub directory [.\print\2019_07_28\closing_sheet] already exist!
Print sub directory [.\print\2019_07_28\picking_label] already exist!
Print sub directory [.\print\2019_07_28\dispatch_label] already exist!

juil. 28, 2019 11:22:53 PM ui.UILog log
INFOS: Sending [.\print\2019_07_28\open_sheet\PrintOpenPallet_A5_2019_07_28_23_22_53__5101F371B_200089710964.pdf] to the default printer...
juil. 28, 2019 11:22:53 PM ui.UILog log
INFOS: File [.\print\2019_07_28\open_sheet\PrintOpenPallet_A5_2019_07_28_23_22_53__5101F371B_200089710964.pdf] has been printed.
juil. 28, 2019 11:25:41 PM ui.UILog log
INFOS: File 2019_07_28.log already exists.

juil. 28, 2019 11:25:41 PM ui.UILog log
INFOS: Daily output print directory [.\print\2019_07_28] already exist!
open_sheet sub directory [.\print\2019_07_28\open_sheet] already exist!
Print sub directory [.\print\2019_07_28\closing_sheet] already exist!
Print sub directory [.\print\2019_07_28\picking_label] already exist!
Print sub directory [.\print\2019_07_28\dispatch_label] already exist!

juil. 28, 2019 11:25:45 PM ui.UILog log
INFOS: APP_INFO0003 : User EZZIOURI Oussama / 9 connected to host Oussama-PC at 2019-07-28 23:25:45 Module : Configuration : .
juil. 28, 2019 11:25:55 PM ui.UILog log
INFOS: FROM ConfigProject bp ORDER BY project ASC
juil. 28, 2019 11:26:00 PM ui.UILog log
INFOS: FROM ConfigProject bp ORDER BY project ASC
juil. 28, 2019 11:26:10 PM ui.UILog log
INFOS: Droping harness list...{0}
juil. 28, 2019 11:27:18 PM ui.UILog log
INFOS: File 2019_07_28.log already exists.

juil. 28, 2019 11:27:18 PM ui.UILog log
INFOS: Daily output print directory [.\print\2019_07_28] already exist!
open_sheet sub directory [.\print\2019_07_28\open_sheet] already exist!
Print sub directory [.\print\2019_07_28\closing_sheet] already exist!
Print sub directory [.\print\2019_07_28\picking_label] already exist!
Print sub directory [.\print\2019_07_28\dispatch_label] already exist!

juil. 28, 2019 11:27:25 PM ui.UILog log
INFOS: APP_INFO0003 : User EZZIOURI Oussama / 9 connected to host Oussama-PC at 2019-07-28 23:27:25 Module : Configuration : .
juil. 28, 2019 11:27:26 PM ui.UILog log
INFOS: FROM ConfigProject bp ORDER BY project ASC
juil. 28, 2019 11:27:30 PM ui.UILog log
INFOS: FROM ConfigProject bp ORDER BY project ASC
juil. 28, 2019 11:27:35 PM ui.UILog log
INFOS: Droping harness list...{0}
juil. 28, 2019 11:28:22 PM ui.UILog log
INFOS: File 2019_07_28.log already exists.

juil. 28, 2019 11:28:22 PM ui.UILog log
INFOS: Daily output print directory [.\print\2019_07_28] already exist!
open_sheet sub directory [.\print\2019_07_28\open_sheet] already exist!
Print sub directory [.\print\2019_07_28\closing_sheet] already exist!
Print sub directory [.\print\2019_07_28\picking_label] already exist!
Print sub directory [.\print\2019_07_28\dispatch_label] already exist!

juil. 28, 2019 11:28:24 PM ui.UILog log
INFOS: APP_INFO0003 : User EZZIOURI Oussama / 9 connected to host Oussama-PC at 2019-07-28 23:28:24 Module : Configuration : .
juil. 28, 2019 11:28:26 PM ui.UILog log
INFOS: FROM ConfigProject bp ORDER BY project ASC
juil. 28, 2019 11:28:29 PM ui.UILog log
INFOS: FROM ConfigProject bp ORDER BY project ASC
juil. 28, 2019 11:28:35 PM ui.UILog log
INFOS: Droping harness list...{0}
juil. 28, 2019 11:28:49 PM ui.UILog log
INFOS: APP_INFO0003 : User EZZIOURI Oussama / 9 connected to host Oussama-PC at 2019-07-28 23:28:49 Project : DUCATI.
juil. 28, 2019 11:28:49 PM ui.UILog log
INFOS: APP_CONFIG0002   : Chargement de la liste des formats QR dans la variable DATAMATRIX_PATTERN_LIST ...
juil. 28, 2019 11:28:49 PM ui.UILog log
INFOS: FROM ConfigBarcode cb WHERE cb.keyWord = :keyWord AND cb.harness_type = :harnessType ORDER BY id ASC
juil. 28, 2019 11:28:49 PM ui.UILog log
INFOS: ^[P]{1}\w{9}[;]{1}\d{2}[.]{1}\d{2}[.]{1}\d{4}[;]{1}\d{2}[:]{1}\d{2}[:]{1}\d{2}
^\w{9}[;]{1}\d{2}[.]{1}\d{2}[.]{1}\d{4}[;]{1}\d{2}[:]{1}\d{2}[:]{1}\d{2}
^\b{9}[;]{1}\d{2}[.]{1}\d{2}[.]{1}\d{4}[;]{1}\d{2}[:]{1}\d{2}[:]{1}\d{2}
^\w{9}[;]{1}\d{2}[:]{1}\d{2}[:]{1}\d{4}[;]{1}\d{2}[:]{1}\d{2}[:]{1}\d{2}

juil. 28, 2019 11:28:49 PM ui.UILog log
INFOS: APP_CONFIG0003   : 4 formats possible du QR pour le projet DUCATI ont été chargés avec succès !
juil. 28, 2019 11:28:49 PM ui.UILog log
INFOS: FROM ConfigBarcode cb WHERE cb.keyWord = :keyWord AND cb.harness_type = :harnessType ORDER BY id ASC
juil. 28, 2019 11:28:49 PM ui.UILog log
INFOS: ^[P]\w{9}
^\w{9}
^\b{9}

juil. 28, 2019 11:28:49 PM ui.UILog log
INFOS: APP_CONFIG0004   : 3 formats de référence possibles pour le projet DUCATI ont été chargés avec succès.
juil. 28, 2019 11:28:56 PM ui.UILog log
INFOS: FROM ConfigProject bp ORDER BY project ASC
juil. 28, 2019 11:29:10 PM ui.UILog log
INFOS: Droping harness list...{0}
juil. 28, 2019 11:29:21 PM ui.UILog log
INFOS: Searching Harness part [5101F371B] in ConfigUCS: [DUCATI]
juil. 28, 2019 11:29:21 PM ui.UILog log
INFOS: APP_INFO0004 : Référence produit 5101F371B trouvée pour le projet [DUCATI].
juil. 28, 2019 11:29:21 PM ui.UILog log
INFOS: APP_INFO0005 : Référence produit correcte 5101F371B 
juil. 28, 2019 11:29:27 PM ui.UILog log
INFOS: Searching Harness counter [5101F371A;08:02:2019;19:00:30] in BaseHarness.
juil. 28, 2019 11:29:27 PM ui.UILog log
INFOS: FROM BaseHarness bh WHERE bh.counter = :counter
juil. 28, 2019 11:29:28 PM ui.UILog log
GRAVE: APP_ERR0011 : Ce code QR [5101F371A;08:02:2019;19:00:30] ne correspond pas la référence [5101F371B] !
juil. 28, 2019 11:29:29 PM ui.UILog log
GRAVE: APP_ERR0011 : Ce code QR [5101F371A;08:02:2019;19:00:30] ne correspond pas la référence [5101F371B] !
juil. 28, 2019 11:29:33 PM ui.UILog log
INFOS: Searching Harness counter [5101F371B;08:02:2019;19:00:33] in BaseHarness.
juil. 28, 2019 11:29:33 PM ui.UILog log
INFOS: FROM BaseHarness bh WHERE bh.counter = :counter
juil. 28, 2019 11:29:33 PM ui.UILog log
INFOS: New harness to be added BaseHarness{harnessPart=null, counter=null}
juil. 28, 2019 11:29:38 PM ui.UILog log
INFOS: Daily output print directory [.\print\2019_07_28] already exist!
open_sheet sub directory [.\print\2019_07_28\open_sheet] already exist!
Print sub directory [.\print\2019_07_28\closing_sheet] already exist!
Print sub directory [.\print\2019_07_28\picking_label] already exist!
Print sub directory [.\print\2019_07_28\dispatch_label] already exist!

juil. 28, 2019 11:29:38 PM ui.UILog log
INFOS: Sending [.\print\2019_07_28\open_sheet\PrintOpenPallet_A5_2019_07_28_23_29_38__5101F371B_200089711183.pdf] to the default printer...
juil. 28, 2019 11:29:38 PM ui.UILog log
INFOS: File [.\print\2019_07_28\open_sheet\PrintOpenPallet_A5_2019_07_28_23_29_38__5101F371B_200089711183.pdf] has been printed.
juil. 28, 2019 11:29:38 PM ui.UILog log
INFOS: APP_INFO0006 : Openning new container 200089711 for the first harness part 
juil. 28, 2019 11:29:48 PM ui.UILog log
INFOS: BaseContainer created BaseContainer{
id=88643,
 createTime=Sun Jul 28 23:29:48 WEST 2019,
 fifoTime=Sun Jul 28 23:29:48 WEST 2019,
 storedTime=null,
 shippedTime=null,
 reservedTime=null,
 createId=100,
 writeId=100,
 user=9,
 createUser=EZZIOURI Oussama,
 startTime=Sun Jul 28 23:29:48 WEST 2019,
 closedTime=null,
 workTime=null,
 palletNumber=200089711,
 harnessPart=5101F371B,
 harnessIndex=1B,
 supplierPartNumber=26F141103,
 qtyExpected=1,
 qtyRead=1,
 containerState=OPEN,
 containerStateCode=1000,
 packType=C11,
 harnessType=DUCATI,
 stdTime=0.0,
 price=0.0,
 packWorkstation=Oussama-PC,
 order_no=3105033,
 special_order=0,
 labelPerPiece=false,
 comment=,
 segment=DUCATI_SEG1,
 workplace=LINE1,
 ucsLifes=-1,
 ucsId=949,
 dispatchLabelNo=null,
 destination=INVENT. DUCATI,
 dispatchTime=null,
 consignNo=null,
 invoiceNo=null,
 netWeight=0.0,
 grossWeight=0.0,
 volume=0.0,
 engChange=?,
 articleDesc=?,
 project=DUCATI,
 warehouse=4DU,
 engChangeDate=2018-01-01 00:00:00.0,
 priority=99,
 openningSheetCopies=1,
 closingSheetCopies=1,
 closingSheetFormat=2} 
juil. 28, 2019 11:29:48 PM ui.UILog log
INFOS: Daily output print directory [.\print\2019_07_28] already exist!
open_sheet sub directory [.\print\2019_07_28\open_sheet] already exist!
Print sub directory [.\print\2019_07_28\closing_sheet] already exist!
Print sub directory [.\print\2019_07_28\picking_label] already exist!
Print sub directory [.\print\2019_07_28\dispatch_label] already exist!

juil. 28, 2019 11:29:48 PM ui.UILog log
INFOS: Sending [.\print\2019_07_28\closing_sheet\PrintClosingPallet_A5_5101F371B_2019_07_28_23_29_48497.pdf] to the default printer...
juil. 28, 2019 11:29:48 PM ui.UILog log
INFOS: File [%s] has been printed.
