mai 21, 2019 10:21:10 PM ui.UILog log
INFOS: File 2019_05_21.log is created!

mai 21, 2019 10:21:10 PM ui.UILog log
INFOS: Daily output print directory [.\print\2019_05_21] created !
open_sheet sub directory [.\print\2019_05_21\open_sheet] created !
Print sub directory [.\print\2019_05_21\closing_sheet] created !
Print sub directory [.\print\2019_05_21\picking_label] created !
Print sub directory [.\print\2019_05_21\dispatch_label] created !

mai 21, 2019 10:21:13 PM ui.UILog log
INFOS: APP_INFO0003 : User EZZIOURI Oussama / 9 connected to host Oussama-PC at 2019-05-21 22:21:13 Module : Configuration : .
mai 21, 2019 10:21:16 PM ui.UILog log
INFOS: FROM ConfigProject bp ORDER BY project ASC
mai 21, 2019 10:33:03 PM ui.UILog log
INFOS: File 2019_05_21.log already exists.

mai 21, 2019 10:33:03 PM ui.UILog log
INFOS: Daily output print directory [.\print\2019_05_21] already exist!
open_sheet sub directory [.\print\2019_05_21\open_sheet] already exist!
Print sub directory [.\print\2019_05_21\closing_sheet] already exist!
Print sub directory [.\print\2019_05_21\picking_label] already exist!
Print sub directory [.\print\2019_05_21\dispatch_label] already exist!

mai 21, 2019 10:33:12 PM ui.UILog log
INFOS: APP_INFO0003 : User EZZIOURI Oussama / 9 connected to host Oussama-PC at 2019-05-21 22:33:12 Module : Configuration : .
mai 21, 2019 10:33:14 PM ui.UILog log
INFOS: FROM ConfigProject bp ORDER BY project ASC
mai 21, 2019 10:34:36 PM ui.UILog log
INFOS: File 2019_05_21.log already exists.

mai 21, 2019 10:34:36 PM ui.UILog log
INFOS: Daily output print directory [.\print\2019_05_21] already exist!
open_sheet sub directory [.\print\2019_05_21\open_sheet] already exist!
Print sub directory [.\print\2019_05_21\closing_sheet] already exist!
Print sub directory [.\print\2019_05_21\picking_label] already exist!
Print sub directory [.\print\2019_05_21\dispatch_label] already exist!

mai 21, 2019 10:47:42 PM ui.UILog log
INFOS: APP_INFO0003 : User EZZIOURI Oussama / 9 connected to host Oussama-PC at 2019-05-21 22:47:42 Module : Configuration : .
mai 21, 2019 10:55:21 PM ui.UILog log
INFOS: FROM ConfigProject bp ORDER BY project ASC
mai 21, 2019 10:57:15 PM ui.UILog log
INFOS: File 2019_05_21.log already exists.

mai 21, 2019 10:57:15 PM ui.UILog log
INFOS: Daily output print directory [.\print\2019_05_21] already exist!
open_sheet sub directory [.\print\2019_05_21\open_sheet] already exist!
Print sub directory [.\print\2019_05_21\closing_sheet] already exist!
Print sub directory [.\print\2019_05_21\picking_label] already exist!
Print sub directory [.\print\2019_05_21\dispatch_label] already exist!

mai 21, 2019 10:58:54 PM ui.UILog log
INFOS: APP_INFO0003 : User EZZIOURI Oussama / 9 connected to host Oussama-PC at 2019-05-21 22:58:54 Module : Configuration : .
mai 21, 2019 10:58:57 PM ui.UILog log
INFOS: FROM ConfigProject bp ORDER BY project ASC
mai 21, 2019 11:04:32 PM ui.UILog log
INFOS: File 2019_05_21.log already exists.

mai 21, 2019 11:04:32 PM ui.UILog log
INFOS: Daily output print directory [.\print\2019_05_21] already exist!
open_sheet sub directory [.\print\2019_05_21\open_sheet] already exist!
Print sub directory [.\print\2019_05_21\closing_sheet] already exist!
Print sub directory [.\print\2019_05_21\picking_label] already exist!
Print sub directory [.\print\2019_05_21\dispatch_label] already exist!

mai 21, 2019 11:04:37 PM ui.UILog log
INFOS: APP_INFO0003 : User EZZIOURI Oussama / 9 connected to host Oussama-PC at 2019-05-21 23:04:37 Module : Configuration : .
mai 21, 2019 11:04:44 PM ui.UILog log
INFOS: FROM ConfigProject bp ORDER BY project ASC
mai 21, 2019 11:07:45 PM ui.UILog log
INFOS: File 2019_05_21.log already exists.

mai 21, 2019 11:07:45 PM ui.UILog log
INFOS: Daily output print directory [.\print\2019_05_21] already exist!
open_sheet sub directory [.\print\2019_05_21\open_sheet] already exist!
Print sub directory [.\print\2019_05_21\closing_sheet] already exist!
Print sub directory [.\print\2019_05_21\picking_label] already exist!
Print sub directory [.\print\2019_05_21\dispatch_label] already exist!

mai 21, 2019 11:07:47 PM ui.UILog log
INFOS: APP_INFO0003 : User EZZIOURI Oussama / 9 connected to host Oussama-PC at 2019-05-21 23:07:47 Module : Configuration : .
mai 21, 2019 11:07:49 PM ui.UILog log
INFOS: FROM ConfigProject bp ORDER BY project ASC
mai 21, 2019 11:17:23 PM ui.UILog log
INFOS: File 2019_05_21.log already exists.

mai 21, 2019 11:17:23 PM ui.UILog log
INFOS: Daily output print directory [.\print\2019_05_21] already exist!
open_sheet sub directory [.\print\2019_05_21\open_sheet] already exist!
Print sub directory [.\print\2019_05_21\closing_sheet] already exist!
Print sub directory [.\print\2019_05_21\picking_label] already exist!
Print sub directory [.\print\2019_05_21\dispatch_label] already exist!

mai 21, 2019 11:18:52 PM ui.UILog log
INFOS: APP_INFO0003 : User EZZIOURI Oussama / 9 connected to host Oussama-PC at 2019-05-21 23:18:52 Module : Configuration : .
mai 21, 2019 11:18:54 PM ui.UILog log
INFOS: FROM ConfigProject bp ORDER BY project ASC
mai 21, 2019 11:20:36 PM ui.UILog log
INFOS: File 2019_05_21.log already exists.

mai 21, 2019 11:20:36 PM ui.UILog log
INFOS: Daily output print directory [.\print\2019_05_21] already exist!
open_sheet sub directory [.\print\2019_05_21\open_sheet] already exist!
Print sub directory [.\print\2019_05_21\closing_sheet] already exist!
Print sub directory [.\print\2019_05_21\picking_label] already exist!
Print sub directory [.\print\2019_05_21\dispatch_label] already exist!

mai 21, 2019 11:20:38 PM ui.UILog log
INFOS: APP_INFO0003 : User EZZIOURI Oussama / 9 connected to host Oussama-PC at 2019-05-21 23:20:38 Module : Configuration : .
mai 21, 2019 11:20:40 PM ui.UILog log
INFOS: FROM ConfigProject bp ORDER BY project ASC
mai 21, 2019 11:38:59 PM ui.UILog log
INFOS: File 2019_05_21.log already exists.

mai 21, 2019 11:38:59 PM ui.UILog log
INFOS: Daily output print directory [.\print\2019_05_21] already exist!
open_sheet sub directory [.\print\2019_05_21\open_sheet] already exist!
Print sub directory [.\print\2019_05_21\closing_sheet] already exist!
Print sub directory [.\print\2019_05_21\picking_label] already exist!
Print sub directory [.\print\2019_05_21\dispatch_label] already exist!

mai 21, 2019 11:39:05 PM ui.UILog log
INFOS: APP_INFO0003 : User EZZIOURI Oussama / 9 connected to host Oussama-PC at 2019-05-21 23:39:05 Module : Configuration : .
mai 21, 2019 11:43:49 PM ui.UILog log
INFOS: FROM ConfigProject bp ORDER BY project ASC
mai 21, 2019 11:48:28 PM ui.UILog log
INFOS: File 2019_05_21.log already exists.

mai 21, 2019 11:48:28 PM ui.UILog log
INFOS: Daily output print directory [.\print\2019_05_21] already exist!
open_sheet sub directory [.\print\2019_05_21\open_sheet] already exist!
Print sub directory [.\print\2019_05_21\closing_sheet] already exist!
Print sub directory [.\print\2019_05_21\picking_label] already exist!
Print sub directory [.\print\2019_05_21\dispatch_label] already exist!

mai 21, 2019 11:48:30 PM ui.UILog log
INFOS: APP_INFO0003 : User EZZIOURI Oussama / 9 connected to host Oussama-PC at 2019-05-21 23:48:30 Module : Configuration : .
mai 21, 2019 11:48:38 PM ui.UILog log
INFOS: FROM ConfigProject bp ORDER BY project ASC
mai 21, 2019 11:49:58 PM ui.UILog log
INFOS: APP_INFO0003 : User EZZIOURI Oussama / 9 connected to host Oussama-PC at 2019-05-21 23:49:58 Project : SMALL.
mai 21, 2019 11:49:58 PM ui.UILog log
INFOS: APP_CONFIG0002   : Chargement de la liste des formats QR dans la variable DATAMATRIX_PATTERN_LIST ...
mai 21, 2019 11:49:58 PM ui.UILog log
INFOS: FROM ConfigBarcode cb WHERE cb.keyWord = :keyWord AND cb.harness_type = :harnessType ORDER BY id ASC
mai 21, 2019 11:49:58 PM ui.UILog log
INFOS: ^[P]{1}\d{22}
^[P]{1}\d{10}[.]\d{2}[.]\d{4}[;]\d{2}[:]\d{2}[:]\d{2}
^[P]{1}\d{8}[;]\d{2}[.]\d{2}[.]\d{6}[:]\d{2}[:]\d{2}
^[P]{1}\d{8}[;]\d{2}[.]\d{2}[.]\d{4}[;]\d{2}[:]\d{2}[:]\d{2}
^[P]{1}\d{10}[.]\d{2}[.]\d{6}[:]\d{2}[:]\d{2}
^[P]{1}\d{8}[P]{1}\d{10}[A]{1}\d{17}
^[P]{1}\d{8}[P]{1}\d{4}[C]{1}\d{5}[C]{1}\d{17}
^[P]{1}\d{8}[P]{1}\d{4}[C]{1}\d{5}[A]{1}\d{14}
^[P]{1}\d{8}[P]{1}\d{4}[C]{1}\d{5}[A]{1}\d{13}
^[P]{1}\d{8}[P]{1}\d{4}[C]{1}\d{5}[A]{1}\d{16}
^[P]{1}\d{8}[P]{1}\d{4}[C]{1}\d{5}[A]{1}\d{18}
^[P]{1}\d{8}[P]{1}\d{4}[C]{1}\d{5}[A]{1}\d{12}
^[P]{1}\d{8}[P]{1}\d{4}[C]{1}\d{5}[A]{1}\d{17}
^[P]{1}\d{8}[P]{1}\d{4}[C]{1}\d{5}[A]{1}\d{15}
^[P]{1}\d{8}[P]{1}\d{19}
^[P]{1}\d{8}[P]{1}\d{4}[C]{1}\d{5}[A]{1}\d{19}
^[P]{1}\d{8}[C]{1}\d{19}
^[P]{1}\d{8}[P]{1}\d{4}[C]{1}\d{5}[B]{1}\d{17}
^[P]{1}\d{8}[C]{1}\d{4}[C]{1}\d{5}[A]{1}\d{17}
^[P]{1}\d{8}[P]{1}\d{4}[C]{1}\d{6}[A]{1}\d{17}
^\d{4}[C]{1}\d{3}[D]{1}[;]{1}\d{2}[.]{1}\d{2}[.]{1}\d{4}[;]{1}\d{2}[:]{1}\d{2}[:]{1}\d{2}
^[P]{1}\w{32}
^[P]{1}\d{10}[C]{1}\d{5}[A]{1}\d{19}

mai 21, 2019 11:49:58 PM ui.UILog log
INFOS: APP_CONFIG0003   : 23 formats possible du QR pour le projet SMALL ont été chargés avec succès !
mai 21, 2019 11:49:58 PM ui.UILog log
INFOS: FROM ConfigBarcode cb WHERE cb.keyWord = :keyWord AND cb.harness_type = :harnessType ORDER BY id ASC
mai 21, 2019 11:49:58 PM ui.UILog log
INFOS: ^[P]\w{8}

mai 21, 2019 11:49:58 PM ui.UILog log
INFOS: APP_CONFIG0004   : 1 formats de référence possibles pour le projet SMALL ont été chargés avec succès.
mai 21, 2019 11:50:17 PM ui.UILog log
INFOS: Searching Harness part [22216200] in ConfigUCS: [SMALL]
mai 21, 2019 11:50:17 PM ui.UILog log
INFOS: APP_INFO0004 : Référence produit 22216200 trouvée pour le projet [SMALL].
mai 21, 2019 11:50:17 PM ui.UILog log
INFOS: APP_INFO0005 : Référence produit correcte P22216200 
mai 21, 2019 11:51:06 PM ui.UILog log
INFOS: Searching Harness counter [P2221620020190521235100] in BaseHarness.
mai 21, 2019 11:51:06 PM ui.UILog log
INFOS: FROM BaseHarness bh WHERE bh.counter = :counter
mai 21, 2019 11:51:07 PM ui.UILog log
INFOS: New harness to be added BaseHarness{harnessPart=null, counter=null}
mai 21, 2019 11:51:16 PM ui.UILog log
INFOS: Daily output print directory [.\print\2019_05_21] already exist!
open_sheet sub directory [.\print\2019_05_21\open_sheet] already exist!
Print sub directory [.\print\2019_05_21\closing_sheet] already exist!
Print sub directory [.\print\2019_05_21\picking_label] already exist!
Print sub directory [.\print\2019_05_21\dispatch_label] already exist!

mai 21, 2019 11:51:17 PM ui.UILog log
INFOS: Sending [.\print\2019_05_21\open_sheet\PrintOpenPallet_A5_2019_05_21_23_51_16__22216200_200095022151.pdf] to the default printer...
mai 21, 2019 11:51:17 PM ui.UILog log
INFOS: File [.\print\2019_05_21\open_sheet\PrintOpenPallet_A5_2019_05_21_23_51_16__22216200_200095022151.pdf] has been printed.
mai 21, 2019 11:51:17 PM ui.UILog log
INFOS: APP_INFO0006 : Openning new container 200095022 for the first harness part 
mai 21, 2019 11:52:31 PM ui.UILog log
INFOS: BaseContainer created BaseContainer{id=93878, fifoTime=Tue May 21 23:52:31 UTC 2019, storedTime=null, palletNumber=200095022, harnessPart=22216200, supplierPartNumber=26C06971A, qtyExpected=1, qtyRead=1, containerState=OPEN, containerStateCode=1000, packType=C9, harnessType=SMALL, ucsLifes=-1, ucsId=999, dispatchLabelNo=null, destination=VMI, harnessList=[], harnessCounter=null, choosen_pack_type=null} 
mai 21, 2019 11:52:32 PM ui.UILog log
INFOS: Daily output print directory [.\print\2019_05_21] already exist!
open_sheet sub directory [.\print\2019_05_21\open_sheet] already exist!
Print sub directory [.\print\2019_05_21\closing_sheet] already exist!
Print sub directory [.\print\2019_05_21\picking_label] already exist!
Print sub directory [.\print\2019_05_21\dispatch_label] already exist!

mai 21, 2019 11:52:33 PM ui.UILog log
INFOS: Sending [.\print\2019_05_21\closing_sheet\PrintClosingPallet_A5_22216200_2019_05_21_23_52_3279.pdf] to the default printer...
mai 21, 2019 11:52:33 PM ui.UILog log
INFOS: File [%s] has been printed.
mai 21, 2019 11:53:35 PM ui.UILog log
INFOS: Searching Harness part [22216200] in ConfigUCS: [SMALL]
mai 21, 2019 11:53:35 PM ui.UILog log
INFOS: APP_INFO0004 : Référence produit 22216200 trouvée pour le projet [SMALL].
mai 21, 2019 11:53:35 PM ui.UILog log
INFOS: APP_INFO0005 : Référence produit correcte P22216200 
mai 21, 2019 11:53:38 PM ui.UILog log
INFOS: Searching Harness counter [P2221620020190521235101] in BaseHarness.
mai 21, 2019 11:53:38 PM ui.UILog log
INFOS: FROM BaseHarness bh WHERE bh.counter = :counter
mai 21, 2019 11:53:39 PM ui.UILog log
INFOS: New harness to be added BaseHarness{harnessPart=null, counter=null}
mai 21, 2019 11:53:43 PM ui.UILog log
INFOS: Daily output print directory [.\print\2019_05_21] already exist!
open_sheet sub directory [.\print\2019_05_21\open_sheet] already exist!
Print sub directory [.\print\2019_05_21\closing_sheet] already exist!
Print sub directory [.\print\2019_05_21\picking_label] already exist!
Print sub directory [.\print\2019_05_21\dispatch_label] already exist!

mai 21, 2019 11:53:43 PM ui.UILog log
INFOS: Sending [.\print\2019_05_21\open_sheet\PrintOpenPallet_A5_2019_05_21_23_53_43__22216200_200095023868.pdf] to the default printer...
mai 21, 2019 11:53:43 PM ui.UILog log
INFOS: File [.\print\2019_05_21\open_sheet\PrintOpenPallet_A5_2019_05_21_23_53_43__22216200_200095023868.pdf] has been printed.
mai 21, 2019 11:53:43 PM ui.UILog log
INFOS: APP_INFO0006 : Openning new container 200095023 for the first harness part 
mai 21, 2019 11:54:06 PM ui.UILog log
INFOS: BaseContainer created BaseContainer{id=93879, fifoTime=Tue May 21 23:54:06 UTC 2019, storedTime=null, palletNumber=200095023, harnessPart=22216200, supplierPartNumber=26C06971A, qtyExpected=1, qtyRead=1, containerState=OPEN, containerStateCode=1000, packType=C11, harnessType=SMALL, ucsLifes=-1, ucsId=1000, dispatchLabelNo=null, destination=VMI, harnessList=[], harnessCounter=null, choosen_pack_type=null} 
mai 21, 2019 11:54:06 PM ui.UILog log
INFOS: Daily output print directory [.\print\2019_05_21] already exist!
open_sheet sub directory [.\print\2019_05_21\open_sheet] already exist!
Print sub directory [.\print\2019_05_21\closing_sheet] already exist!
Print sub directory [.\print\2019_05_21\picking_label] already exist!
Print sub directory [.\print\2019_05_21\dispatch_label] already exist!

mai 21, 2019 11:54:06 PM ui.UILog log
INFOS: Sending [.\print\2019_05_21\closing_sheet\PrintClosingPallet_A5_22216200_2019_05_21_23_54_06541.pdf] to the default printer...
mai 21, 2019 11:54:06 PM ui.UILog log
INFOS: File [%s] has been printed.
mai 21, 2019 11:58:16 PM ui.UILog log
INFOS: File 2019_05_21.log already exists.

mai 21, 2019 11:58:16 PM ui.UILog log
INFOS: Daily output print directory [.\print\2019_05_21] already exist!
open_sheet sub directory [.\print\2019_05_21\open_sheet] already exist!
Print sub directory [.\print\2019_05_21\closing_sheet] already exist!
Print sub directory [.\print\2019_05_21\picking_label] already exist!
Print sub directory [.\print\2019_05_21\dispatch_label] already exist!

mai 21, 2019 11:58:18 PM ui.UILog log
INFOS: APP_INFO0003 : User EZZIOURI Oussama / 9 connected to host Oussama-PC at 2019-05-21 23:58:18 Module : Configuration : .
mai 21, 2019 11:58:47 PM ui.UILog log
INFOS: APP_INFO0003 : User EZZIOURI Oussama / 9 connected to host Oussama-PC at 2019-05-21 23:58:47 Project : SMALL.
mai 21, 2019 11:58:47 PM ui.UILog log
INFOS: APP_CONFIG0002   : Chargement de la liste des formats QR dans la variable DATAMATRIX_PATTERN_LIST ...
mai 21, 2019 11:58:47 PM ui.UILog log
INFOS: FROM ConfigBarcode cb WHERE cb.keyWord = :keyWord AND cb.harness_type = :harnessType ORDER BY id ASC
mai 21, 2019 11:58:47 PM ui.UILog log
INFOS: ^[P]{1}\d{22}
^[P]{1}\d{10}[.]\d{2}[.]\d{4}[;]\d{2}[:]\d{2}[:]\d{2}
^[P]{1}\d{8}[;]\d{2}[.]\d{2}[.]\d{6}[:]\d{2}[:]\d{2}
^[P]{1}\d{8}[;]\d{2}[.]\d{2}[.]\d{4}[;]\d{2}[:]\d{2}[:]\d{2}
^[P]{1}\d{10}[.]\d{2}[.]\d{6}[:]\d{2}[:]\d{2}
^[P]{1}\d{8}[P]{1}\d{10}[A]{1}\d{17}
^[P]{1}\d{8}[P]{1}\d{4}[C]{1}\d{5}[C]{1}\d{17}
^[P]{1}\d{8}[P]{1}\d{4}[C]{1}\d{5}[A]{1}\d{14}
^[P]{1}\d{8}[P]{1}\d{4}[C]{1}\d{5}[A]{1}\d{13}
^[P]{1}\d{8}[P]{1}\d{4}[C]{1}\d{5}[A]{1}\d{16}
^[P]{1}\d{8}[P]{1}\d{4}[C]{1}\d{5}[A]{1}\d{18}
^[P]{1}\d{8}[P]{1}\d{4}[C]{1}\d{5}[A]{1}\d{12}
^[P]{1}\d{8}[P]{1}\d{4}[C]{1}\d{5}[A]{1}\d{17}
^[P]{1}\d{8}[P]{1}\d{4}[C]{1}\d{5}[A]{1}\d{15}
^[P]{1}\d{8}[P]{1}\d{19}
^[P]{1}\d{8}[P]{1}\d{4}[C]{1}\d{5}[A]{1}\d{19}
^[P]{1}\d{8}[C]{1}\d{19}
^[P]{1}\d{8}[P]{1}\d{4}[C]{1}\d{5}[B]{1}\d{17}
^[P]{1}\d{8}[C]{1}\d{4}[C]{1}\d{5}[A]{1}\d{17}
^[P]{1}\d{8}[P]{1}\d{4}[C]{1}\d{6}[A]{1}\d{17}
^\d{4}[C]{1}\d{3}[D]{1}[;]{1}\d{2}[.]{1}\d{2}[.]{1}\d{4}[;]{1}\d{2}[:]{1}\d{2}[:]{1}\d{2}
^[P]{1}\w{32}
^[P]{1}\d{10}[C]{1}\d{5}[A]{1}\d{19}

mai 21, 2019 11:58:47 PM ui.UILog log
INFOS: APP_CONFIG0003   : 23 formats possible du QR pour le projet SMALL ont été chargés avec succès !
mai 21, 2019 11:58:47 PM ui.UILog log
INFOS: FROM ConfigBarcode cb WHERE cb.keyWord = :keyWord AND cb.harness_type = :harnessType ORDER BY id ASC
mai 21, 2019 11:58:47 PM ui.UILog log
INFOS: ^[P]\w{8}

mai 21, 2019 11:58:47 PM ui.UILog log
INFOS: APP_CONFIG0004   : 1 formats de référence possibles pour le projet SMALL ont été chargés avec succès.
mai 21, 2019 11:58:54 PM ui.UILog log
GRAVE: APP_ERR0006 : Invalid part number scanned [P2221620020190521235100] !.
mai 21, 2019 11:58:54 PM ui.UILog log
GRAVE: APP_ERR0006 : La référence scannée est invalide [P2221620020190521235100] .
mai 21, 2019 11:58:55 PM ui.UILog log
GRAVE: APP_ERR0006 : La référence scannée est invalide [P2221620020190521235100] .
mai 21, 2019 11:58:58 PM ui.UILog log
INFOS: Searching Harness part [22216200] in ConfigUCS: [SMALL]
mai 21, 2019 11:58:58 PM ui.UILog log
INFOS: APP_INFO0004 : Référence produit 22216200 trouvée pour le projet [SMALL].
mai 21, 2019 11:58:58 PM ui.UILog log
INFOS: APP_INFO0005 : Référence produit correcte P22216200 
mai 21, 2019 11:59:04 PM ui.UILog log
INFOS: Searching Harness counter [P2221620020190521235102] in BaseHarness.
mai 21, 2019 11:59:04 PM ui.UILog log
INFOS: FROM BaseHarness bh WHERE bh.counter = :counter
mai 21, 2019 11:59:04 PM ui.UILog log
INFOS: New harness to be added BaseHarness{harnessPart=null, counter=null}
mai 21, 2019 11:59:08 PM ui.UILog log
INFOS: Daily output print directory [.\print\2019_05_21] already exist!
open_sheet sub directory [.\print\2019_05_21\open_sheet] already exist!
Print sub directory [.\print\2019_05_21\closing_sheet] already exist!
Print sub directory [.\print\2019_05_21\picking_label] already exist!
Print sub directory [.\print\2019_05_21\dispatch_label] already exist!

mai 21, 2019 11:59:09 PM ui.UILog log
INFOS: Sending [.\print\2019_05_21\open_sheet\PrintOpenPallet_A5_2019_05_21_23_59_08__22216200_200095024311.pdf] to the default printer...
mai 21, 2019 11:59:09 PM ui.UILog log
INFOS: File [.\print\2019_05_21\open_sheet\PrintOpenPallet_A5_2019_05_21_23_59_08__22216200_200095024311.pdf] has been printed.
mai 21, 2019 11:59:09 PM ui.UILog log
INFOS: APP_INFO0006 : Openning new container 200095024 for the first harness part 
mai 22, 2019 12:02:34 AM ui.UILog log
INFOS: BaseContainer created BaseContainer{id=93880, fifoTime=Wed May 22 00:02:34 UTC 2019, storedTime=null, palletNumber=200095024, harnessPart=22216200, supplierPartNumber=26C06971A, qtyExpected=1, qtyRead=1, containerState=OPEN, containerStateCode=1000, packType=C9, harnessType=SMALL, ucsLifes=-1, ucsId=999, dispatchLabelNo=null, destination=VMI, harnessList=[], harnessCounter=null, choosen_pack_type=null} 
mai 22, 2019 12:02:34 AM ui.UILog log
INFOS: Daily output print directory [.\print\2019_05_22] created !
open_sheet sub directory [.\print\2019_05_22\open_sheet] created !
Print sub directory [.\print\2019_05_22\closing_sheet] created !
Print sub directory [.\print\2019_05_22\picking_label] created !
Print sub directory [.\print\2019_05_22\dispatch_label] created !

mai 22, 2019 12:02:35 AM ui.UILog log
INFOS: Sending [.\print\2019_05_22\closing_sheet\PrintClosingPallet_A5_22216200_2019_05_22_00_02_34600.pdf] to the default printer...
mai 22, 2019 12:02:35 AM ui.UILog log
INFOS: File [%s] has been printed.
