mai 23, 2019 10:18:42 PM ui.UILog log
INFOS: File 2019_05_23.log is created!

mai 23, 2019 10:18:42 PM ui.UILog log
INFOS: Daily output print directory [.\print\2019_05_23] created !
open_sheet sub directory [.\print\2019_05_23\open_sheet] created !
Print sub directory [.\print\2019_05_23\closing_sheet] created !
Print sub directory [.\print\2019_05_23\picking_label] created !
Print sub directory [.\print\2019_05_23\dispatch_label] created !

mai 23, 2019 10:32:18 PM ui.UILog log
INFOS: APP_INFO0003 : User EZZIOURI Oussama / 9 connected to host Oussama-PC at 2019-05-23 22:32:18 Module : Configuration : .
mai 23, 2019 10:33:49 PM ui.UILog log
INFOS: APP_INFO0003 : User EZZIOURI Oussama / 9 connected to host Oussama-PC at 2019-05-23 22:33:49 Project : SMALL.
mai 23, 2019 10:33:49 PM ui.UILog log
INFOS: APP_CONFIG0002   : Chargement de la liste des formats QR dans la variable DATAMATRIX_PATTERN_LIST ...
mai 23, 2019 10:33:49 PM ui.UILog log
INFOS: FROM ConfigBarcode cb WHERE cb.keyWord = :keyWord AND cb.harness_type = :harnessType ORDER BY id ASC
mai 23, 2019 10:33:49 PM ui.UILog log
INFOS: ^[P]{1}\d{22}
^[P]{1}\d{10}[.]\d{2}[.]\d{4}[;]\d{2}[:]\d{2}[:]\d{2}
^[P]{1}\d{8}[;]\d{2}[.]\d{2}[.]\d{6}[:]\d{2}[:]\d{2}
^[P]{1}\d{8}[;]\d{2}[.]\d{2}[.]\d{4}[;]\d{2}[:]\d{2}[:]\d{2}
^[P]{1}\d{10}[.]\d{2}[.]\d{6}[:]\d{2}[:]\d{2}
^[P]{1}\d{8}[P]{1}\d{10}[A]{1}\d{17}
^[P]{1}\d{8}[P]{1}\d{4}[C]{1}\d{5}[C]{1}\d{17}
^[P]{1}\d{8}[P]{1}\d{4}[C]{1}\d{5}[A]{1}\d{14}
^[P]{1}\d{8}[P]{1}\d{4}[C]{1}\d{5}[A]{1}\d{13}
^[P]{1}\d{8}[P]{1}\d{4}[C]{1}\d{5}[A]{1}\d{16}
^[P]{1}\d{8}[P]{1}\d{4}[C]{1}\d{5}[A]{1}\d{18}
^[P]{1}\d{8}[P]{1}\d{4}[C]{1}\d{5}[A]{1}\d{12}
^[P]{1}\d{8}[P]{1}\d{4}[C]{1}\d{5}[A]{1}\d{17}
^[P]{1}\d{8}[P]{1}\d{4}[C]{1}\d{5}[A]{1}\d{15}
^[P]{1}\d{8}[P]{1}\d{19}
^[P]{1}\d{8}[P]{1}\d{4}[C]{1}\d{5}[A]{1}\d{19}
^[P]{1}\d{8}[C]{1}\d{19}
^[P]{1}\d{8}[P]{1}\d{4}[C]{1}\d{5}[B]{1}\d{17}
^[P]{1}\d{8}[C]{1}\d{4}[C]{1}\d{5}[A]{1}\d{17}
^[P]{1}\d{8}[P]{1}\d{4}[C]{1}\d{6}[A]{1}\d{17}
^\d{4}[C]{1}\d{3}[D]{1}[;]{1}\d{2}[.]{1}\d{2}[.]{1}\d{4}[;]{1}\d{2}[:]{1}\d{2}[:]{1}\d{2}
^[P]{1}\w{32}
^[P]{1}\d{10}[C]{1}\d{5}[A]{1}\d{19}

mai 23, 2019 10:33:49 PM ui.UILog log
INFOS: APP_CONFIG0003   : 23 formats possible du QR pour le projet SMALL ont été chargés avec succès !
mai 23, 2019 10:33:49 PM ui.UILog log
INFOS: FROM ConfigBarcode cb WHERE cb.keyWord = :keyWord AND cb.harness_type = :harnessType ORDER BY id ASC
mai 23, 2019 10:33:49 PM ui.UILog log
INFOS: ^[P]\w{8}

mai 23, 2019 10:33:49 PM ui.UILog log
INFOS: APP_CONFIG0004   : 1 formats de référence possibles pour le projet SMALL ont été chargés avec succès.
mai 23, 2019 10:35:48 PM ui.UILog log
INFOS: Searching Harness part [22216200] in ConfigUCS: [SMALL]
mai 23, 2019 10:35:48 PM ui.UILog log
INFOS: APP_INFO0004 : Référence produit 22216200 trouvée pour le projet [SMALL].
mai 23, 2019 10:35:48 PM ui.UILog log
INFOS: APP_INFO0005 : Référence produit correcte P22216200 
mai 23, 2019 10:35:51 PM ui.UILog log
INFOS: Searching Harness counter [P2221620020190522223500] in BaseHarness.
mai 23, 2019 10:35:51 PM ui.UILog log
INFOS: FROM BaseHarness bh WHERE bh.counter = :counter
mai 23, 2019 10:35:51 PM ui.UILog log
INFOS: New harness to be added BaseHarness{harnessPart=null, counter=null}
mai 23, 2019 10:37:06 PM ui.UILog log
INFOS: Searching Harness part [22216200] in ConfigUCS: [SMALL]
mai 23, 2019 10:37:06 PM ui.UILog log
INFOS: APP_INFO0004 : Référence produit 22216200 trouvée pour le projet [SMALL].
mai 23, 2019 10:37:06 PM ui.UILog log
INFOS: APP_INFO0005 : Référence produit correcte P22216200 
mai 23, 2019 10:38:03 PM ui.UILog log
INFOS: Searching Harness counter [P2221620020190522223500] in BaseHarness.
mai 23, 2019 10:38:03 PM ui.UILog log
INFOS: FROM BaseHarness bh WHERE bh.counter = :counter
mai 23, 2019 10:38:03 PM ui.UILog log
INFOS: New harness to be added BaseHarness{harnessPart=null, counter=null}
mai 23, 2019 10:38:08 PM ui.UILog log
INFOS: Daily output print directory [.\print\2019_05_23] already exist!
open_sheet sub directory [.\print\2019_05_23\open_sheet] already exist!
Print sub directory [.\print\2019_05_23\closing_sheet] already exist!
Print sub directory [.\print\2019_05_23\picking_label] already exist!
Print sub directory [.\print\2019_05_23\dispatch_label] already exist!

mai 23, 2019 10:38:10 PM ui.UILog log
INFOS: Sending [.\print\2019_05_23\open_sheet\PrintOpenPallet_A5_2019_05_23_22_38_08__22216200_200095028710.pdf] to the default printer...
mai 23, 2019 10:38:10 PM ui.UILog log
INFOS: File [.\print\2019_05_23\open_sheet\PrintOpenPallet_A5_2019_05_23_22_38_08__22216200_200095028710.pdf] has been printed.
mai 23, 2019 10:38:10 PM ui.UILog log
INFOS: APP_INFO0006 : Openning new container 200095028 for the first harness part 
mai 23, 2019 10:38:22 PM ui.UILog log
INFOS: BaseContainer created BaseContainer{id=93884, fifoTime=Thu May 23 22:38:21 UTC 2019, storedTime=null, palletNumber=200095028, harnessPart=22216200, supplierPartNumber=26C06971A, qtyExpected=1, qtyRead=1, containerState=OPEN, containerStateCode=1000, packType=C9, harnessType=SMALL, ucsLifes=-1, ucsId=999, dispatchLabelNo=null, destination=VMI, harnessList=[], harnessCounter=null, choosen_pack_type=null} 
mai 23, 2019 10:38:23 PM ui.UILog log
INFOS: Daily output print directory [.\print\2019_05_23] already exist!
open_sheet sub directory [.\print\2019_05_23\open_sheet] already exist!
Print sub directory [.\print\2019_05_23\closing_sheet] already exist!
Print sub directory [.\print\2019_05_23\picking_label] already exist!
Print sub directory [.\print\2019_05_23\dispatch_label] already exist!

mai 23, 2019 10:38:27 PM ui.UILog log
INFOS: Sending [.\print\2019_05_23\closing_sheet\PrintClosingPallet_A5_22216200_2019_05_23_22_38_24918.pdf] to the default printer...
mai 23, 2019 10:38:27 PM ui.UILog log
INFOS: File [%s] has been printed.
mai 23, 2019 10:43:46 PM ui.UILog log
INFOS: FROM ConfigProject bp ORDER BY project ASC
mai 23, 2019 10:52:17 PM ui.UILog log
INFOS: File 2019_05_23.log already exists.

mai 23, 2019 10:52:17 PM ui.UILog log
INFOS: Daily output print directory [.\print\2019_05_23] already exist!
open_sheet sub directory [.\print\2019_05_23\open_sheet] already exist!
Print sub directory [.\print\2019_05_23\closing_sheet] already exist!
Print sub directory [.\print\2019_05_23\picking_label] already exist!
Print sub directory [.\print\2019_05_23\dispatch_label] already exist!

mai 23, 2019 10:52:28 PM ui.UILog log
INFOS: APP_INFO0003 : User EZZIOURI Oussama / 9 connected to host Oussama-PC at 2019-05-23 22:52:28 Module : Configuration : .
mai 23, 2019 10:53:34 PM ui.UILog log
INFOS: APP_INFO0003 : User EZZIOURI Oussama / 9 connected to host Oussama-PC at 2019-05-23 22:53:34 Project : SMALL.
mai 23, 2019 10:53:34 PM ui.UILog log
INFOS: APP_CONFIG0002   : Chargement de la liste des formats QR dans la variable DATAMATRIX_PATTERN_LIST ...
mai 23, 2019 10:53:34 PM ui.UILog log
INFOS: FROM ConfigBarcode cb WHERE cb.keyWord = :keyWord AND cb.harness_type = :harnessType ORDER BY id ASC
mai 23, 2019 10:53:34 PM ui.UILog log
INFOS: ^[P]{1}\d{22}
^[P]{1}\d{10}[.]\d{2}[.]\d{4}[;]\d{2}[:]\d{2}[:]\d{2}
^[P]{1}\d{8}[;]\d{2}[.]\d{2}[.]\d{6}[:]\d{2}[:]\d{2}
^[P]{1}\d{8}[;]\d{2}[.]\d{2}[.]\d{4}[;]\d{2}[:]\d{2}[:]\d{2}
^[P]{1}\d{10}[.]\d{2}[.]\d{6}[:]\d{2}[:]\d{2}
^[P]{1}\d{8}[P]{1}\d{10}[A]{1}\d{17}
^[P]{1}\d{8}[P]{1}\d{4}[C]{1}\d{5}[C]{1}\d{17}
^[P]{1}\d{8}[P]{1}\d{4}[C]{1}\d{5}[A]{1}\d{14}
^[P]{1}\d{8}[P]{1}\d{4}[C]{1}\d{5}[A]{1}\d{13}
^[P]{1}\d{8}[P]{1}\d{4}[C]{1}\d{5}[A]{1}\d{16}
^[P]{1}\d{8}[P]{1}\d{4}[C]{1}\d{5}[A]{1}\d{18}
^[P]{1}\d{8}[P]{1}\d{4}[C]{1}\d{5}[A]{1}\d{12}
^[P]{1}\d{8}[P]{1}\d{4}[C]{1}\d{5}[A]{1}\d{17}
^[P]{1}\d{8}[P]{1}\d{4}[C]{1}\d{5}[A]{1}\d{15}
^[P]{1}\d{8}[P]{1}\d{19}
^[P]{1}\d{8}[P]{1}\d{4}[C]{1}\d{5}[A]{1}\d{19}
^[P]{1}\d{8}[C]{1}\d{19}
^[P]{1}\d{8}[P]{1}\d{4}[C]{1}\d{5}[B]{1}\d{17}
^[P]{1}\d{8}[C]{1}\d{4}[C]{1}\d{5}[A]{1}\d{17}
^[P]{1}\d{8}[P]{1}\d{4}[C]{1}\d{6}[A]{1}\d{17}
^\d{4}[C]{1}\d{3}[D]{1}[;]{1}\d{2}[.]{1}\d{2}[.]{1}\d{4}[;]{1}\d{2}[:]{1}\d{2}[:]{1}\d{2}
^[P]{1}\w{32}
^[P]{1}\d{10}[C]{1}\d{5}[A]{1}\d{19}

mai 23, 2019 10:53:34 PM ui.UILog log
INFOS: APP_CONFIG0003   : 23 formats possible du QR pour le projet SMALL ont été chargés avec succès !
mai 23, 2019 10:53:34 PM ui.UILog log
INFOS: FROM ConfigBarcode cb WHERE cb.keyWord = :keyWord AND cb.harness_type = :harnessType ORDER BY id ASC
mai 23, 2019 10:53:34 PM ui.UILog log
INFOS: ^[P]\w{8}

mai 23, 2019 10:53:34 PM ui.UILog log
INFOS: APP_CONFIG0004   : 1 formats de référence possibles pour le projet SMALL ont été chargés avec succès.
mai 23, 2019 10:53:52 PM ui.UILog log
INFOS: Searching Harness part [22216200] in ConfigUCS: [SMALL]
mai 23, 2019 10:53:52 PM ui.UILog log
INFOS: APP_INFO0004 : Référence produit 22216200 trouvée pour le projet [SMALL].
mai 23, 2019 10:53:52 PM ui.UILog log
INFOS: APP_INFO0005 : Référence produit correcte P22216200 
mai 23, 2019 10:53:56 PM ui.UILog log
INFOS: Searching Harness counter [P2221620020190522223501] in BaseHarness.
mai 23, 2019 10:53:56 PM ui.UILog log
INFOS: FROM BaseHarness bh WHERE bh.counter = :counter
mai 23, 2019 10:53:56 PM ui.UILog log
INFOS: New harness to be added BaseHarness{harnessPart=null, counter=null}
mai 23, 2019 10:54:05 PM ui.UILog log
INFOS: Daily output print directory [.\print\2019_05_23] already exist!
open_sheet sub directory [.\print\2019_05_23\open_sheet] already exist!
Print sub directory [.\print\2019_05_23\closing_sheet] already exist!
Print sub directory [.\print\2019_05_23\picking_label] already exist!
Print sub directory [.\print\2019_05_23\dispatch_label] already exist!

mai 23, 2019 10:54:05 PM ui.UILog log
INFOS: Sending [.\print\2019_05_23\open_sheet\PrintOpenPallet_A5_2019_05_23_22_54_05__22216200_200095029283.pdf] to the default printer...
mai 23, 2019 10:54:05 PM ui.UILog log
INFOS: File [.\print\2019_05_23\open_sheet\PrintOpenPallet_A5_2019_05_23_22_54_05__22216200_200095029283.pdf] has been printed.
mai 23, 2019 10:54:05 PM ui.UILog log
INFOS: APP_INFO0006 : Openning new container 200095029 for the first harness part 
mai 23, 2019 10:54:25 PM ui.UILog log
INFOS: BaseContainer created BaseContainer{id=93885, fifoTime=Thu May 23 22:54:25 UTC 2019, storedTime=null, palletNumber=200095029, harnessPart=22216200, supplierPartNumber=26C06971A, qtyExpected=1, qtyRead=1, containerState=OPEN, containerStateCode=1000, packType=C9, harnessType=SMALL, ucsLifes=-1, ucsId=999, dispatchLabelNo=null, destination=VMI, harnessList=[], harnessCounter=null, choosen_pack_type=null} 
mai 23, 2019 10:54:25 PM ui.UILog log
INFOS: Daily output print directory [.\print\2019_05_23] already exist!
open_sheet sub directory [.\print\2019_05_23\open_sheet] already exist!
Print sub directory [.\print\2019_05_23\closing_sheet] already exist!
Print sub directory [.\print\2019_05_23\picking_label] already exist!
Print sub directory [.\print\2019_05_23\dispatch_label] already exist!

mai 23, 2019 10:54:25 PM ui.UILog log
INFOS: Sending [.\print\2019_05_23\closing_sheet\PrintClosingPallet_A5_22216200_2019_05_23_22_54_25812.pdf] to the default printer...
mai 23, 2019 10:54:25 PM ui.UILog log
INFOS: File [%s] has been printed.
mai 23, 2019 11:07:13 PM ui.UILog log
INFOS: FROM ConfigProject bp ORDER BY project ASC
mai 23, 2019 11:07:16 PM ui.UILog log
INFOS: FROM ConfigProject bp ORDER BY project ASC
mai 23, 2019 11:07:18 PM ui.UILog log
INFOS: FROM ConfigProject bp ORDER BY project ASC
mai 23, 2019 11:12:24 PM ui.UILog log
INFOS: Daily output print directory [.\print\2019_05_23] already exist!
open_sheet sub directory [.\print\2019_05_23\open_sheet] already exist!
Print sub directory [.\print\2019_05_23\closing_sheet] already exist!
Print sub directory [.\print\2019_05_23\picking_label] already exist!
Print sub directory [.\print\2019_05_23\dispatch_label] already exist!

mai 23, 2019 11:12:24 PM ui.UILog log
INFOS: Sending [.\print\2019_05_23\closing_sheet\PrintClosingPallet_A5_22216200_2019_05_23_23_12_24_531.pdf] to the default printer...
mai 23, 2019 11:12:24 PM ui.UILog log
INFOS: File [%s] has been printed.
mai 23, 2019 11:12:49 PM ui.UILog log
INFOS: File 2019_05_23.log already exists.

mai 23, 2019 11:12:49 PM ui.UILog log
INFOS: Daily output print directory [.\print\2019_05_23] already exist!
open_sheet sub directory [.\print\2019_05_23\open_sheet] already exist!
Print sub directory [.\print\2019_05_23\closing_sheet] already exist!
Print sub directory [.\print\2019_05_23\picking_label] already exist!
Print sub directory [.\print\2019_05_23\dispatch_label] already exist!

mai 23, 2019 11:13:03 PM ui.UILog log
GRAVE: APP_ERR0039 CONFIG : Invalid login/password.
mai 23, 2019 11:13:04 PM ui.UILog log
INFOS: APP_INFO0003 : User EZZIOURI Oussama / 9 connected to host Oussama-PC at 2019-05-23 23:13:04 Module : Configuration : .
mai 23, 2019 11:13:18 PM ui.UILog log
INFOS: APP_INFO0003 : User EZZIOURI Oussama / 9 connected to host Oussama-PC at 2019-05-23 23:13:18 Project : SMALL.
mai 23, 2019 11:13:18 PM ui.UILog log
INFOS: APP_CONFIG0002   : Chargement de la liste des formats QR dans la variable DATAMATRIX_PATTERN_LIST ...
mai 23, 2019 11:13:18 PM ui.UILog log
INFOS: FROM ConfigBarcode cb WHERE cb.keyWord = :keyWord AND cb.harness_type = :harnessType ORDER BY id ASC
mai 23, 2019 11:13:18 PM ui.UILog log
INFOS: ^[P]{1}\d{22}
^[P]{1}\d{10}[.]\d{2}[.]\d{4}[;]\d{2}[:]\d{2}[:]\d{2}
^[P]{1}\d{8}[;]\d{2}[.]\d{2}[.]\d{6}[:]\d{2}[:]\d{2}
^[P]{1}\d{8}[;]\d{2}[.]\d{2}[.]\d{4}[;]\d{2}[:]\d{2}[:]\d{2}
^[P]{1}\d{10}[.]\d{2}[.]\d{6}[:]\d{2}[:]\d{2}
^[P]{1}\d{8}[P]{1}\d{10}[A]{1}\d{17}
^[P]{1}\d{8}[P]{1}\d{4}[C]{1}\d{5}[C]{1}\d{17}
^[P]{1}\d{8}[P]{1}\d{4}[C]{1}\d{5}[A]{1}\d{14}
^[P]{1}\d{8}[P]{1}\d{4}[C]{1}\d{5}[A]{1}\d{13}
^[P]{1}\d{8}[P]{1}\d{4}[C]{1}\d{5}[A]{1}\d{16}
^[P]{1}\d{8}[P]{1}\d{4}[C]{1}\d{5}[A]{1}\d{18}
^[P]{1}\d{8}[P]{1}\d{4}[C]{1}\d{5}[A]{1}\d{12}
^[P]{1}\d{8}[P]{1}\d{4}[C]{1}\d{5}[A]{1}\d{17}
^[P]{1}\d{8}[P]{1}\d{4}[C]{1}\d{5}[A]{1}\d{15}
^[P]{1}\d{8}[P]{1}\d{19}
^[P]{1}\d{8}[P]{1}\d{4}[C]{1}\d{5}[A]{1}\d{19}
^[P]{1}\d{8}[C]{1}\d{19}
^[P]{1}\d{8}[P]{1}\d{4}[C]{1}\d{5}[B]{1}\d{17}
^[P]{1}\d{8}[C]{1}\d{4}[C]{1}\d{5}[A]{1}\d{17}
^[P]{1}\d{8}[P]{1}\d{4}[C]{1}\d{6}[A]{1}\d{17}
^\d{4}[C]{1}\d{3}[D]{1}[;]{1}\d{2}[.]{1}\d{2}[.]{1}\d{4}[;]{1}\d{2}[:]{1}\d{2}[:]{1}\d{2}
^[P]{1}\w{32}
^[P]{1}\d{10}[C]{1}\d{5}[A]{1}\d{19}

mai 23, 2019 11:13:18 PM ui.UILog log
INFOS: APP_CONFIG0003   : 23 formats possible du QR pour le projet SMALL ont été chargés avec succès !
mai 23, 2019 11:13:18 PM ui.UILog log
INFOS: FROM ConfigBarcode cb WHERE cb.keyWord = :keyWord AND cb.harness_type = :harnessType ORDER BY id ASC
mai 23, 2019 11:13:18 PM ui.UILog log
INFOS: ^[P]\w{8}

mai 23, 2019 11:13:18 PM ui.UILog log
INFOS: APP_CONFIG0004   : 1 formats de référence possibles pour le projet SMALL ont été chargés avec succès.
mai 23, 2019 11:13:24 PM ui.UILog log
INFOS: FROM ConfigProject bp ORDER BY project ASC
mai 23, 2019 11:13:25 PM ui.UILog log
INFOS: FROM ConfigProject bp ORDER BY project ASC
mai 23, 2019 11:13:34 PM ui.UILog log
INFOS: Daily output print directory [.\print\2019_05_23] already exist!
open_sheet sub directory [.\print\2019_05_23\open_sheet] already exist!
Print sub directory [.\print\2019_05_23\closing_sheet] already exist!
Print sub directory [.\print\2019_05_23\picking_label] already exist!
Print sub directory [.\print\2019_05_23\dispatch_label] already exist!

mai 23, 2019 11:13:34 PM ui.UILog log
INFOS: Sending [.\print\2019_05_23\closing_sheet\PrintClosingPallet_A5_22216200_2019_05_23_23_13_34_220.pdf] to the default printer...
mai 23, 2019 11:13:34 PM ui.UILog log
INFOS: File [%s] has been printed.
mai 23, 2019 11:17:17 PM ui.UILog log
INFOS: Daily output print directory [.\print\2019_05_23] already exist!
open_sheet sub directory [.\print\2019_05_23\open_sheet] already exist!
Print sub directory [.\print\2019_05_23\closing_sheet] already exist!
Print sub directory [.\print\2019_05_23\picking_label] already exist!
Print sub directory [.\print\2019_05_23\dispatch_label] already exist!

mai 23, 2019 11:17:17 PM ui.UILog log
INFOS: Sending [.\print\2019_05_23\closing_sheet\PrintClosingPallet_A5_22216200_2019_05_23_23_17_17788.pdf] to the default printer...
mai 23, 2019 11:17:17 PM ui.UILog log
INFOS: File [%s] has been printed.
mai 23, 2019 11:24:11 PM ui.UILog log
INFOS: File 2019_05_23.log already exists.

mai 23, 2019 11:24:11 PM ui.UILog log
INFOS: Daily output print directory [.\print\2019_05_23] already exist!
open_sheet sub directory [.\print\2019_05_23\open_sheet] already exist!
Print sub directory [.\print\2019_05_23\closing_sheet] already exist!
Print sub directory [.\print\2019_05_23\picking_label] already exist!
Print sub directory [.\print\2019_05_23\dispatch_label] already exist!

mai 23, 2019 11:24:15 PM ui.UILog log
INFOS: APP_INFO0003 : User EZZIOURI Oussama / 9 connected to host Oussama-PC at 2019-05-23 23:24:15 Module : Configuration : .
mai 23, 2019 11:24:28 PM ui.UILog log
INFOS: FROM ConfigProject bp ORDER BY project ASC
mai 23, 2019 11:24:29 PM ui.UILog log
INFOS: FROM ConfigProject bp ORDER BY project ASC
mai 23, 2019 11:24:34 PM ui.UILog log
INFOS: FROM ConfigProject bp ORDER BY project ASC
mai 23, 2019 11:24:36 PM ui.UILog log
INFOS: FROM ConfigProject bp ORDER BY project ASC
mai 23, 2019 11:25:57 PM ui.UILog log
INFOS: File 2019_05_23.log already exists.

mai 23, 2019 11:25:57 PM ui.UILog log
INFOS: Daily output print directory [.\print\2019_05_23] already exist!
open_sheet sub directory [.\print\2019_05_23\open_sheet] already exist!
Print sub directory [.\print\2019_05_23\closing_sheet] already exist!
Print sub directory [.\print\2019_05_23\picking_label] already exist!
Print sub directory [.\print\2019_05_23\dispatch_label] already exist!

mai 23, 2019 11:26:20 PM ui.UILog log
INFOS: APP_INFO0003 : User EZZIOURI Oussama / 9 connected to host Oussama-PC at 2019-05-23 23:26:20 Module : Configuration : .
mai 23, 2019 11:26:44 PM ui.UILog log
INFOS: FROM ConfigProject bp ORDER BY project ASC
mai 23, 2019 11:26:46 PM ui.UILog log
INFOS: FROM ConfigProject bp ORDER BY project ASC
mai 23, 2019 11:31:51 PM ui.UILog log
INFOS: Daily output print directory [.\print\2019_05_23] already exist!
open_sheet sub directory [.\print\2019_05_23\open_sheet] already exist!
Print sub directory [.\print\2019_05_23\closing_sheet] already exist!
Print sub directory [.\print\2019_05_23\picking_label] already exist!
Print sub directory [.\print\2019_05_23\dispatch_label] already exist!

mai 23, 2019 11:31:51 PM ui.UILog log
INFOS: Sending [.\print\2019_05_23\closing_sheet\PrintClosingPallet_A5_22216200_2019_05_23_23_31_51_100.pdf] to the default printer...
mai 23, 2019 11:31:51 PM ui.UILog log
INFOS: File [%s] has been printed.
mai 23, 2019 11:32:52 PM ui.UILog log
INFOS: Daily output print directory [.\print\2019_05_23] already exist!
open_sheet sub directory [.\print\2019_05_23\open_sheet] already exist!
Print sub directory [.\print\2019_05_23\closing_sheet] already exist!
Print sub directory [.\print\2019_05_23\picking_label] already exist!
Print sub directory [.\print\2019_05_23\dispatch_label] already exist!

mai 23, 2019 11:32:52 PM ui.UILog log
INFOS: Sending [.\print\2019_05_23\closing_sheet\PrintClosingPallet_A5_22216200_2019_05_23_23_32_52_365.pdf] to the default printer...
mai 23, 2019 11:32:52 PM ui.UILog log
INFOS: File [%s] has been printed.
mai 23, 2019 11:40:31 PM ui.UILog log
INFOS: File 2019_05_23.log already exists.

mai 23, 2019 11:40:31 PM ui.UILog log
INFOS: Daily output print directory [.\print\2019_05_23] already exist!
open_sheet sub directory [.\print\2019_05_23\open_sheet] already exist!
Print sub directory [.\print\2019_05_23\closing_sheet] already exist!
Print sub directory [.\print\2019_05_23\picking_label] already exist!
Print sub directory [.\print\2019_05_23\dispatch_label] already exist!

mai 23, 2019 11:40:34 PM ui.UILog log
INFOS: APP_INFO0003 : User EZZIOURI Oussama / 9 connected to host Oussama-PC at 2019-05-23 23:40:34 Module : Configuration : .
mai 23, 2019 11:40:36 PM ui.UILog log
INFOS: FROM ConfigProject bp ORDER BY project ASC
mai 23, 2019 11:40:37 PM ui.UILog log
INFOS: FROM ConfigProject bp ORDER BY project ASC
mai 23, 2019 11:40:40 PM ui.UILog log
INFOS: FROM ConfigProject bp ORDER BY project ASC
mai 23, 2019 11:40:46 PM ui.UILog log
INFOS: Daily output print directory [.\print\2019_05_23] already exist!
open_sheet sub directory [.\print\2019_05_23\open_sheet] already exist!
Print sub directory [.\print\2019_05_23\closing_sheet] already exist!
Print sub directory [.\print\2019_05_23\picking_label] already exist!
Print sub directory [.\print\2019_05_23\dispatch_label] already exist!

mai 23, 2019 11:40:46 PM ui.UILog log
INFOS: Sending [.\print\2019_05_23\closing_sheet\PrintClosingPallet_A5_22216200_2019_05_23_23_40_46_758.pdf] to the default printer...
mai 23, 2019 11:40:46 PM ui.UILog log
INFOS: File [%s] has been printed.
mai 23, 2019 11:41:03 PM ui.UILog log
INFOS: Daily output print directory [.\print\2019_05_23] already exist!
open_sheet sub directory [.\print\2019_05_23\open_sheet] already exist!
Print sub directory [.\print\2019_05_23\closing_sheet] already exist!
Print sub directory [.\print\2019_05_23\picking_label] already exist!
Print sub directory [.\print\2019_05_23\dispatch_label] already exist!

mai 23, 2019 11:41:04 PM ui.UILog log
INFOS: Sending [.\print\2019_05_23\closing_sheet\PrintClosingPallet_A5_22216200_2019_05_23_23_41_03502.pdf] to the default printer...
mai 23, 2019 11:41:04 PM ui.UILog log
INFOS: File [%s] has been printed.
mai 23, 2019 11:42:50 PM ui.UILog log
INFOS: FROM ConfigProject bp ORDER BY project ASC
mai 23, 2019 11:43:01 PM ui.UILog log
INFOS: FROM ConfigProject bp ORDER BY project ASC
mai 23, 2019 11:56:33 PM ui.UILog log
INFOS: File 2019_05_23.log already exists.

mai 23, 2019 11:56:33 PM ui.UILog log
INFOS: Daily output print directory [.\print\2019_05_23] already exist!
open_sheet sub directory [.\print\2019_05_23\open_sheet] already exist!
Print sub directory [.\print\2019_05_23\closing_sheet] already exist!
Print sub directory [.\print\2019_05_23\picking_label] already exist!
Print sub directory [.\print\2019_05_23\dispatch_label] already exist!

mai 23, 2019 11:56:57 PM ui.UILog log
INFOS: APP_INFO0003 : User EZZIOURI Oussama / 9 connected to host Oussama-PC at 2019-05-23 23:56:57 Module : Configuration : .
mai 23, 2019 11:57:11 PM ui.UILog log
INFOS: APP_INFO0003 : User EZZIOURI Oussama / 9 connected to host Oussama-PC at 2019-05-23 23:57:11 Project : SMALL.
mai 23, 2019 11:57:11 PM ui.UILog log
INFOS: APP_CONFIG0002   : Chargement de la liste des formats QR dans la variable DATAMATRIX_PATTERN_LIST ...
mai 23, 2019 11:57:11 PM ui.UILog log
INFOS: FROM ConfigBarcode cb WHERE cb.keyWord = :keyWord AND cb.harness_type = :harnessType ORDER BY id ASC
mai 23, 2019 11:57:11 PM ui.UILog log
INFOS: ^[P]{1}\d{22}
^[P]{1}\d{10}[.]\d{2}[.]\d{4}[;]\d{2}[:]\d{2}[:]\d{2}
^[P]{1}\d{8}[;]\d{2}[.]\d{2}[.]\d{6}[:]\d{2}[:]\d{2}
^[P]{1}\d{8}[;]\d{2}[.]\d{2}[.]\d{4}[;]\d{2}[:]\d{2}[:]\d{2}
^[P]{1}\d{10}[.]\d{2}[.]\d{6}[:]\d{2}[:]\d{2}
^[P]{1}\d{8}[P]{1}\d{10}[A]{1}\d{17}
^[P]{1}\d{8}[P]{1}\d{4}[C]{1}\d{5}[C]{1}\d{17}
^[P]{1}\d{8}[P]{1}\d{4}[C]{1}\d{5}[A]{1}\d{14}
^[P]{1}\d{8}[P]{1}\d{4}[C]{1}\d{5}[A]{1}\d{13}
^[P]{1}\d{8}[P]{1}\d{4}[C]{1}\d{5}[A]{1}\d{16}
^[P]{1}\d{8}[P]{1}\d{4}[C]{1}\d{5}[A]{1}\d{18}
^[P]{1}\d{8}[P]{1}\d{4}[C]{1}\d{5}[A]{1}\d{12}
^[P]{1}\d{8}[P]{1}\d{4}[C]{1}\d{5}[A]{1}\d{17}
^[P]{1}\d{8}[P]{1}\d{4}[C]{1}\d{5}[A]{1}\d{15}
^[P]{1}\d{8}[P]{1}\d{19}
^[P]{1}\d{8}[P]{1}\d{4}[C]{1}\d{5}[A]{1}\d{19}
^[P]{1}\d{8}[C]{1}\d{19}
^[P]{1}\d{8}[P]{1}\d{4}[C]{1}\d{5}[B]{1}\d{17}
^[P]{1}\d{8}[C]{1}\d{4}[C]{1}\d{5}[A]{1}\d{17}
^[P]{1}\d{8}[P]{1}\d{4}[C]{1}\d{6}[A]{1}\d{17}
^\d{4}[C]{1}\d{3}[D]{1}[;]{1}\d{2}[.]{1}\d{2}[.]{1}\d{4}[;]{1}\d{2}[:]{1}\d{2}[:]{1}\d{2}
^[P]{1}\w{32}
^[P]{1}\d{10}[C]{1}\d{5}[A]{1}\d{19}

mai 23, 2019 11:57:11 PM ui.UILog log
INFOS: APP_CONFIG0003   : 23 formats possible du QR pour le projet SMALL ont été chargés avec succès !
mai 23, 2019 11:57:11 PM ui.UILog log
INFOS: FROM ConfigBarcode cb WHERE cb.keyWord = :keyWord AND cb.harness_type = :harnessType ORDER BY id ASC
mai 23, 2019 11:57:11 PM ui.UILog log
INFOS: ^[P]\w{8}

mai 23, 2019 11:57:11 PM ui.UILog log
INFOS: APP_CONFIG0004   : 1 formats de référence possibles pour le projet SMALL ont été chargés avec succès.
mai 23, 2019 11:57:58 PM ui.UILog log
INFOS: Daily output print directory [.\print\2019_05_23] already exist!
open_sheet sub directory [.\print\2019_05_23\open_sheet] already exist!
Print sub directory [.\print\2019_05_23\closing_sheet] already exist!
Print sub directory [.\print\2019_05_23\picking_label] already exist!
Print sub directory [.\print\2019_05_23\dispatch_label] already exist!

mai 23, 2019 11:57:58 PM ui.UILog log
INFOS: Sending [.\print\2019_05_23\closing_sheet\PrintClosingPallet_A5_22216200_2019_05_23_23_57_58_417.pdf] to the default printer...
mai 23, 2019 11:57:58 PM ui.UILog log
INFOS: File [%s] has been printed.
