juin 30, 2019 11:13:07 PM ui.UILog log
INFOS: File 2019_06_30.log is created!

juin 30, 2019 11:13:07 PM ui.UILog log
INFOS: Daily output print directory [.\print\2019_06_30] created !
open_sheet sub directory [.\print\2019_06_30\open_sheet] created !
Print sub directory [.\print\2019_06_30\closing_sheet] created !
Print sub directory [.\print\2019_06_30\picking_label] created !
Print sub directory [.\print\2019_06_30\dispatch_label] created !

juin 30, 2019 11:13:10 PM ui.UILog log
INFOS: APP_INFO0003 : User EZZIOURI Oussama / 9 connected to host Oussama-PC at 2019-06-30 23:13:10 Module : Configuration : .
juin 30, 2019 11:13:15 PM ui.UILog log
INFOS: APP_INFO0003 : User EZZIOURI Oussama / 9 connected to host Oussama-PC at 2019-06-30 23:13:15 Dispatch interface : .
juin 30, 2019 11:15:20 PM ui.UILog log
INFOS: File 2019_06_30.log already exists.

juin 30, 2019 11:15:20 PM ui.UILog log
INFOS: Daily output print directory [.\print\2019_06_30] already exist!
open_sheet sub directory [.\print\2019_06_30\open_sheet] already exist!
Print sub directory [.\print\2019_06_30\closing_sheet] already exist!
Print sub directory [.\print\2019_06_30\picking_label] already exist!
Print sub directory [.\print\2019_06_30\dispatch_label] already exist!

juin 30, 2019 11:15:27 PM ui.UILog log
INFOS: APP_INFO0003 : User EZZIOURI Oussama / 9 connected to host Oussama-PC at 2019-06-30 23:15:27 Module : Configuration : .
juin 30, 2019 11:15:29 PM ui.UILog log
INFOS: APP_INFO0003 : User EZZIOURI Oussama / 9 connected to host Oussama-PC at 2019-06-30 23:15:29 Dispatch interface : .
juin 30, 2019 11:16:48 PM ui.UILog log
INFOS: File 2019_06_30.log already exists.

juin 30, 2019 11:16:48 PM ui.UILog log
INFOS: Daily output print directory [.\print\2019_06_30] already exist!
open_sheet sub directory [.\print\2019_06_30\open_sheet] already exist!
Print sub directory [.\print\2019_06_30\closing_sheet] already exist!
Print sub directory [.\print\2019_06_30\picking_label] already exist!
Print sub directory [.\print\2019_06_30\dispatch_label] already exist!

juin 30, 2019 11:16:51 PM ui.UILog log
INFOS: APP_INFO0003 : User EZZIOURI Oussama / 9 connected to host Oussama-PC at 2019-06-30 23:16:51 Module : Configuration : .
juin 30, 2019 11:16:54 PM ui.UILog log
INFOS: APP_INFO0003 : User EZZIOURI Oussama / 9 connected to host Oussama-PC at 2019-06-30 23:16:54 Dispatch interface : .
juin 30, 2019 11:25:43 PM ui.UILog log
INFOS: File 2019_06_30.log already exists.

juin 30, 2019 11:25:43 PM ui.UILog log
INFOS: Daily output print directory [.\print\2019_06_30] already exist!
open_sheet sub directory [.\print\2019_06_30\open_sheet] already exist!
Print sub directory [.\print\2019_06_30\closing_sheet] already exist!
Print sub directory [.\print\2019_06_30\picking_label] already exist!
Print sub directory [.\print\2019_06_30\dispatch_label] already exist!

juin 30, 2019 11:25:45 PM ui.UILog log
INFOS: APP_INFO0003 : User EZZIOURI Oussama / 9 connected to host Oussama-PC at 2019-06-30 23:25:45 Module : Configuration : .
juin 30, 2019 11:25:47 PM ui.UILog log
INFOS: APP_INFO0003 : User EZZIOURI Oussama / 9 connected to host Oussama-PC at 2019-06-30 23:25:47 Dispatch interface : .
juin 30, 2019 11:26:50 PM ui.UILog log
INFOS: File 2019_06_30.log already exists.

juin 30, 2019 11:26:50 PM ui.UILog log
INFOS: Daily output print directory [.\print\2019_06_30] already exist!
open_sheet sub directory [.\print\2019_06_30\open_sheet] already exist!
Print sub directory [.\print\2019_06_30\closing_sheet] already exist!
Print sub directory [.\print\2019_06_30\picking_label] already exist!
Print sub directory [.\print\2019_06_30\dispatch_label] already exist!

juin 30, 2019 11:26:54 PM ui.UILog log
INFOS: APP_INFO0003 : User EZZIOURI Oussama / 9 connected to host Oussama-PC at 2019-06-30 23:26:54 Module : Configuration : .
juin 30, 2019 11:26:55 PM ui.UILog log
INFOS: APP_INFO0003 : User EZZIOURI Oussama / 9 connected to host Oussama-PC at 2019-06-30 23:26:55 Dispatch interface : .
juin 30, 2019 11:30:10 PM ui.UILog log
INFOS: File 2019_06_30.log already exists.

juin 30, 2019 11:30:10 PM ui.UILog log
INFOS: Daily output print directory [.\print\2019_06_30] already exist!
open_sheet sub directory [.\print\2019_06_30\open_sheet] already exist!
Print sub directory [.\print\2019_06_30\closing_sheet] already exist!
Print sub directory [.\print\2019_06_30\picking_label] already exist!
Print sub directory [.\print\2019_06_30\dispatch_label] already exist!

juin 30, 2019 11:30:12 PM ui.UILog log
INFOS: APP_INFO0003 : User EZZIOURI Oussama / 9 connected to host Oussama-PC at 2019-06-30 23:30:12 Module : Configuration : .
juin 30, 2019 11:30:13 PM ui.UILog log
INFOS: APP_INFO0003 : User EZZIOURI Oussama / 9 connected to host Oussama-PC at 2019-06-30 23:30:13 Dispatch interface : .
juin 30, 2019 11:32:49 PM ui.UILog log
INFOS: File 2019_06_30.log already exists.

juin 30, 2019 11:32:49 PM ui.UILog log
INFOS: Daily output print directory [.\print\2019_06_30] already exist!
open_sheet sub directory [.\print\2019_06_30\open_sheet] already exist!
Print sub directory [.\print\2019_06_30\closing_sheet] already exist!
Print sub directory [.\print\2019_06_30\picking_label] already exist!
Print sub directory [.\print\2019_06_30\dispatch_label] already exist!

juin 30, 2019 11:33:00 PM ui.UILog log
INFOS: APP_INFO0003 : User EZZIOURI Oussama / 9 connected to host Oussama-PC at 2019-06-30 23:33:00 Module : Configuration : .
juin 30, 2019 11:33:03 PM ui.UILog log
INFOS: APP_INFO0003 : User EZZIOURI Oussama / 9 connected to host Oussama-PC at 2019-06-30 23:33:03 Dispatch interface : .
juin 30, 2019 11:34:59 PM ui.UILog log
INFOS: File 2019_06_30.log already exists.

juin 30, 2019 11:35:00 PM ui.UILog log
INFOS: Daily output print directory [.\print\2019_06_30] already exist!
open_sheet sub directory [.\print\2019_06_30\open_sheet] already exist!
Print sub directory [.\print\2019_06_30\closing_sheet] already exist!
Print sub directory [.\print\2019_06_30\picking_label] already exist!
Print sub directory [.\print\2019_06_30\dispatch_label] already exist!

juin 30, 2019 11:35:02 PM ui.UILog log
INFOS: APP_INFO0003 : User EZZIOURI Oussama / 9 connected to host Oussama-PC at 2019-06-30 23:35:02 Module : Configuration : .
juin 30, 2019 11:35:04 PM ui.UILog log
INFOS: APP_INFO0003 : User EZZIOURI Oussama / 9 connected to host Oussama-PC at 2019-06-30 23:35:04 Dispatch interface : .
juin 30, 2019 11:37:08 PM ui.UILog log
INFOS: File 2019_06_30.log already exists.

juin 30, 2019 11:37:08 PM ui.UILog log
INFOS: Daily output print directory [.\print\2019_06_30] already exist!
open_sheet sub directory [.\print\2019_06_30\open_sheet] already exist!
Print sub directory [.\print\2019_06_30\closing_sheet] already exist!
Print sub directory [.\print\2019_06_30\picking_label] already exist!
Print sub directory [.\print\2019_06_30\dispatch_label] already exist!

juin 30, 2019 11:37:11 PM ui.UILog log
INFOS: APP_INFO0003 : User EZZIOURI Oussama / 9 connected to host Oussama-PC at 2019-06-30 23:37:11 Module : Configuration : .
juin 30, 2019 11:37:12 PM ui.UILog log
INFOS: APP_INFO0003 : User EZZIOURI Oussama / 9 connected to host Oussama-PC at 2019-06-30 23:37:12 Dispatch interface : .
juin 30, 2019 11:40:27 PM ui.UILog log
INFOS: File 2019_06_30.log already exists.

juin 30, 2019 11:40:27 PM ui.UILog log
INFOS: Daily output print directory [.\print\2019_06_30] already exist!
open_sheet sub directory [.\print\2019_06_30\open_sheet] already exist!
Print sub directory [.\print\2019_06_30\closing_sheet] already exist!
Print sub directory [.\print\2019_06_30\picking_label] already exist!
Print sub directory [.\print\2019_06_30\dispatch_label] already exist!

juin 30, 2019 11:40:38 PM ui.UILog log
INFOS: APP_INFO0003 : User EZZIOURI Oussama / 9 connected to host Oussama-PC at 2019-06-30 23:40:38 Module : Configuration : .
juin 30, 2019 11:40:40 PM ui.UILog log
INFOS: APP_INFO0003 : User EZZIOURI Oussama / 9 connected to host Oussama-PC at 2019-06-30 23:40:40 Dispatch interface : .
juin 30, 2019 11:41:34 PM ui.UILog log
INFOS: File 2019_06_30.log already exists.

juin 30, 2019 11:41:34 PM ui.UILog log
INFOS: Daily output print directory [.\print\2019_06_30] already exist!
open_sheet sub directory [.\print\2019_06_30\open_sheet] already exist!
Print sub directory [.\print\2019_06_30\closing_sheet] already exist!
Print sub directory [.\print\2019_06_30\picking_label] already exist!
Print sub directory [.\print\2019_06_30\dispatch_label] already exist!

juin 30, 2019 11:41:36 PM ui.UILog log
INFOS: APP_INFO0003 : User EZZIOURI Oussama / 9 connected to host Oussama-PC at 2019-06-30 23:41:36 Module : Configuration : .
juin 30, 2019 11:41:38 PM ui.UILog log
INFOS: APP_INFO0003 : User EZZIOURI Oussama / 9 connected to host Oussama-PC at 2019-06-30 23:41:38 Dispatch interface : .
juin 30, 2019 11:42:47 PM ui.UILog log
INFOS: File 2019_06_30.log already exists.

juin 30, 2019 11:42:47 PM ui.UILog log
INFOS: Daily output print directory [.\print\2019_06_30] already exist!
open_sheet sub directory [.\print\2019_06_30\open_sheet] already exist!
Print sub directory [.\print\2019_06_30\closing_sheet] already exist!
Print sub directory [.\print\2019_06_30\picking_label] already exist!
Print sub directory [.\print\2019_06_30\dispatch_label] already exist!

juin 30, 2019 11:42:49 PM ui.UILog log
GRAVE: APP_ERR0039 CONFIG : Invalid login/password.
juin 30, 2019 11:42:50 PM ui.UILog log
INFOS: APP_INFO0003 : User EZZIOURI Oussama / 9 connected to host Oussama-PC at 2019-06-30 23:42:50 Module : Configuration : .
juin 30, 2019 11:42:53 PM ui.UILog log
INFOS: APP_INFO0003 : User EZZIOURI Oussama / 9 connected to host Oussama-PC at 2019-06-30 23:42:53 Dispatch interface : .
juin 30, 2019 11:46:58 PM ui.UILog log
INFOS: File 2019_06_30.log already exists.

juin 30, 2019 11:46:58 PM ui.UILog log
INFOS: Daily output print directory [.\print\2019_06_30] already exist!
open_sheet sub directory [.\print\2019_06_30\open_sheet] already exist!
Print sub directory [.\print\2019_06_30\closing_sheet] already exist!
Print sub directory [.\print\2019_06_30\picking_label] already exist!
Print sub directory [.\print\2019_06_30\dispatch_label] already exist!

juin 30, 2019 11:47:04 PM ui.UILog log
INFOS: APP_INFO0003 : User EZZIOURI Oussama / 9 connected to host Oussama-PC at 2019-06-30 23:47:04 Module : Configuration : .
juin 30, 2019 11:47:07 PM ui.UILog log
INFOS: APP_INFO0003 : User EZZIOURI Oussama / 9 connected to host Oussama-PC at 2019-06-30 23:47:07 Dispatch interface : .
juin 30, 2019 11:48:05 PM ui.UILog log
INFOS: File 2019_06_30.log already exists.

juin 30, 2019 11:48:05 PM ui.UILog log
INFOS: Daily output print directory [.\print\2019_06_30] already exist!
open_sheet sub directory [.\print\2019_06_30\open_sheet] already exist!
Print sub directory [.\print\2019_06_30\closing_sheet] already exist!
Print sub directory [.\print\2019_06_30\picking_label] already exist!
Print sub directory [.\print\2019_06_30\dispatch_label] already exist!

juin 30, 2019 11:48:20 PM ui.UILog log
INFOS: APP_INFO0003 : User EZZIOURI Oussama / 9 connected to host Oussama-PC at 2019-06-30 23:48:20 Module : Configuration : .
juin 30, 2019 11:48:22 PM ui.UILog log
INFOS: APP_INFO0003 : User EZZIOURI Oussama / 9 connected to host Oussama-PC at 2019-06-30 23:48:22 Dispatch interface : .
juin 30, 2019 11:49:00 PM ui.UILog log
INFOS: File 2019_06_30.log already exists.

juin 30, 2019 11:49:00 PM ui.UILog log
INFOS: Daily output print directory [.\print\2019_06_30] already exist!
open_sheet sub directory [.\print\2019_06_30\open_sheet] already exist!
Print sub directory [.\print\2019_06_30\closing_sheet] already exist!
Print sub directory [.\print\2019_06_30\picking_label] already exist!
Print sub directory [.\print\2019_06_30\dispatch_label] already exist!

juin 30, 2019 11:49:02 PM ui.UILog log
INFOS: APP_INFO0003 : User EZZIOURI Oussama / 9 connected to host Oussama-PC at 2019-06-30 23:49:02 Module : Configuration : .
juin 30, 2019 11:54:29 PM ui.UILog log
INFOS: APP_INFO0003 : User EZZIOURI Oussama / 9 connected to host Oussama-PC at 2019-06-30 23:54:29 Dispatch interface : .
