juil. 05, 2019 9:40:58 PM ui.UILog log
INFOS: File 2019_07_05.log is created!

juil. 05, 2019 9:40:58 PM ui.UILog log
INFOS: Daily output print directory [.\print\2019_07_05] created !
open_sheet sub directory [.\print\2019_07_05\open_sheet] created !
Print sub directory [.\print\2019_07_05\closing_sheet] created !
Print sub directory [.\print\2019_07_05\picking_label] created !
Print sub directory [.\print\2019_07_05\dispatch_label] created !

juil. 05, 2019 9:41:01 PM ui.UILog log
INFOS: APP_INFO0003 : User EZZIOURI Oussama / 9 connected to host Oussama-PC at 2019-07-05 21:41:01 Module : Configuration : .
juil. 05, 2019 9:41:09 PM ui.UILog log
INFOS: APP_INFO0003 : User EZZIOURI Oussama / 9 connected to host Oussama-PC at 2019-07-05 21:41:09 Dispatch interface : .
juil. 05, 2019 9:41:43 PM ui.UILog log
INFOS: File 2019_07_05.log already exists.

juil. 05, 2019 9:41:43 PM ui.UILog log
INFOS: Daily output print directory [.\print\2019_07_05] already exist!
open_sheet sub directory [.\print\2019_07_05\open_sheet] already exist!
Print sub directory [.\print\2019_07_05\closing_sheet] already exist!
Print sub directory [.\print\2019_07_05\picking_label] already exist!
Print sub directory [.\print\2019_07_05\dispatch_label] already exist!

juil. 05, 2019 9:41:45 PM ui.UILog log
INFOS: APP_INFO0003 : User EZZIOURI Oussama / 9 connected to host Oussama-PC at 2019-07-05 21:41:45 Module : Configuration : .
juil. 05, 2019 9:41:49 PM ui.UILog log
INFOS: APP_INFO0003 : User EZZIOURI Oussama / 9 connected to host Oussama-PC at 2019-07-05 21:41:49 Dispatch interface : .
juil. 05, 2019 9:42:16 PM ui.UILog log
INFOS: FROM ConfigProject bp ORDER BY project ASC
juil. 05, 2019 9:43:37 PM ui.UILog log
INFOS: File 2019_07_05.log already exists.

juil. 05, 2019 9:43:37 PM ui.UILog log
INFOS: Daily output print directory [.\print\2019_07_05] already exist!
open_sheet sub directory [.\print\2019_07_05\open_sheet] already exist!
Print sub directory [.\print\2019_07_05\closing_sheet] already exist!
Print sub directory [.\print\2019_07_05\picking_label] already exist!
Print sub directory [.\print\2019_07_05\dispatch_label] already exist!

juil. 05, 2019 9:43:40 PM ui.UILog log
INFOS: APP_INFO0003 : User EZZIOURI Oussama / 9 connected to host Oussama-PC at 2019-07-05 21:43:40 Module : Configuration : .
juil. 05, 2019 9:43:42 PM ui.UILog log
INFOS: APP_INFO0003 : User EZZIOURI Oussama / 9 connected to host Oussama-PC at 2019-07-05 21:43:42 Dispatch interface : .
juil. 05, 2019 9:45:02 PM ui.UILog log
INFOS: FROM ConfigBarcode cb WHERE cb.keyWord = :keyWord ORDER BY id ASC
juil. 05, 2019 9:45:02 PM ui.UILog log
INFOS: FROM ConfigBarcode cb WHERE cb.keyWord = :keyWord ORDER BY id ASC
juil. 05, 2019 9:45:02 PM ui.UILog log
INFOS: FROM ConfigBarcode cb WHERE cb.keyWord = :keyWord ORDER BY id ASC
juil. 05, 2019 9:49:53 PM ui.UILog log
INFOS: FROM ConfigProject bp ORDER BY project ASC
juil. 05, 2019 9:50:03 PM ui.UILog log
INFOS: File 2019_07_05.log already exists.

juil. 05, 2019 9:50:03 PM ui.UILog log
INFOS: Daily output print directory [.\print\2019_07_05] already exist!
open_sheet sub directory [.\print\2019_07_05\open_sheet] already exist!
Print sub directory [.\print\2019_07_05\closing_sheet] already exist!
Print sub directory [.\print\2019_07_05\picking_label] already exist!
Print sub directory [.\print\2019_07_05\dispatch_label] already exist!

juil. 05, 2019 9:50:05 PM ui.UILog log
INFOS: APP_INFO0003 : User EZZIOURI Oussama / 9 connected to host Oussama-PC at 2019-07-05 21:50:05 Module : Configuration : .
juil. 05, 2019 9:50:06 PM ui.UILog log
INFOS: FROM ConfigProject bp ORDER BY project ASC
juil. 05, 2019 9:50:53 PM ui.UILog log
INFOS: File 2019_07_05.log already exists.

juil. 05, 2019 9:50:53 PM ui.UILog log
INFOS: Daily output print directory [.\print\2019_07_05] already exist!
open_sheet sub directory [.\print\2019_07_05\open_sheet] already exist!
Print sub directory [.\print\2019_07_05\closing_sheet] already exist!
Print sub directory [.\print\2019_07_05\picking_label] already exist!
Print sub directory [.\print\2019_07_05\dispatch_label] already exist!

juil. 05, 2019 9:50:56 PM ui.UILog log
INFOS: APP_INFO0003 : User EZZIOURI Oussama / 9 connected to host Oussama-PC at 2019-07-05 21:50:56 Module : Configuration : .
juil. 05, 2019 9:50:58 PM ui.UILog log
INFOS: FROM ConfigProject bp ORDER BY project ASC
juil. 05, 2019 9:51:23 PM ui.UILog log
INFOS: FROM ConfigProject bp ORDER BY project ASC
juil. 05, 2019 9:52:16 PM ui.UILog log
INFOS: FROM ConfigProject bp ORDER BY project ASC
juil. 05, 2019 9:52:16 PM ui.UILog log
INFOS: FROM ConfigProject bp ORDER BY project ASC
juil. 05, 2019 9:52:34 PM ui.UILog log
INFOS: FROM ConfigProject bp ORDER BY project ASC
juil. 05, 2019 9:58:58 PM ui.UILog log
INFOS: FROM ConfigProject bp ORDER BY project ASC
juil. 05, 2019 9:59:00 PM ui.UILog log
INFOS: FROM ConfigProject bp ORDER BY project ASC
juil. 05, 2019 9:59:14 PM ui.UILog log
INFOS: FROM ConfigProject bp ORDER BY project ASC
juil. 05, 2019 10:00:21 PM ui.UILog log
INFOS: File 2019_07_05.log already exists.

juil. 05, 2019 10:00:21 PM ui.UILog log
INFOS: Daily output print directory [.\print\2019_07_05] already exist!
open_sheet sub directory [.\print\2019_07_05\open_sheet] already exist!
Print sub directory [.\print\2019_07_05\closing_sheet] already exist!
Print sub directory [.\print\2019_07_05\picking_label] already exist!
Print sub directory [.\print\2019_07_05\dispatch_label] already exist!

juil. 05, 2019 10:00:24 PM ui.UILog log
INFOS: APP_INFO0003 : User EZZIOURI Oussama / 9 connected to host Oussama-PC at 2019-07-05 22:00:24 Module : Configuration : .
juil. 05, 2019 10:00:27 PM ui.UILog log
INFOS: FROM ConfigProject bp ORDER BY project ASC
juil. 05, 2019 10:00:29 PM ui.UILog log
INFOS: FROM ConfigProject bp ORDER BY project ASC
juil. 05, 2019 10:00:29 PM ui.UILog log
INFOS: FROM ConfigProject bp ORDER BY project ASC
juil. 05, 2019 10:00:30 PM ui.UILog log
INFOS: FROM ConfigProject bp ORDER BY project ASC
juil. 05, 2019 10:00:32 PM ui.UILog log
INFOS: FROM ConfigProject bp ORDER BY project ASC
juil. 05, 2019 10:00:32 PM ui.UILog log
INFOS: FROM ConfigProject bp ORDER BY project ASC
juil. 05, 2019 10:00:32 PM ui.UILog log
INFOS: FROM ConfigProject bp ORDER BY project ASC
juil. 05, 2019 10:00:32 PM ui.UILog log
INFOS: FROM ConfigProject bp ORDER BY project ASC
juil. 05, 2019 10:00:32 PM ui.UILog log
INFOS: FROM ConfigProject bp ORDER BY project ASC
juil. 05, 2019 10:00:33 PM ui.UILog log
INFOS: FROM ConfigProject bp ORDER BY project ASC
juil. 05, 2019 10:00:33 PM ui.UILog log
INFOS: FROM ConfigProject bp ORDER BY project ASC
juil. 05, 2019 10:00:33 PM ui.UILog log
INFOS: FROM ConfigProject bp ORDER BY project ASC
juil. 05, 2019 10:00:33 PM ui.UILog log
INFOS: FROM ConfigProject bp ORDER BY project ASC
juil. 05, 2019 10:00:34 PM ui.UILog log
INFOS: FROM ConfigProject bp ORDER BY project ASC
juil. 05, 2019 10:00:34 PM ui.UILog log
INFOS: FROM ConfigProject bp ORDER BY project ASC
juil. 05, 2019 10:00:34 PM ui.UILog log
INFOS: FROM ConfigProject bp ORDER BY project ASC
juil. 05, 2019 10:01:35 PM ui.UILog log
INFOS: FROM ConfigProject bp ORDER BY project ASC
juil. 05, 2019 10:02:21 PM ui.UILog log
INFOS: APP_INFO0003 : User EZZIOURI Oussama / 9 connected to host Oussama-PC at 2019-07-05 22:02:21 Dispatch interface : .
juil. 05, 2019 10:10:13 PM ui.UILog log
INFOS: File 2019_07_05.log already exists.

juil. 05, 2019 10:10:13 PM ui.UILog log
INFOS: Daily output print directory [.\print\2019_07_05] already exist!
open_sheet sub directory [.\print\2019_07_05\open_sheet] already exist!
Print sub directory [.\print\2019_07_05\closing_sheet] already exist!
Print sub directory [.\print\2019_07_05\picking_label] already exist!
Print sub directory [.\print\2019_07_05\dispatch_label] already exist!

juil. 05, 2019 10:10:16 PM ui.UILog log
INFOS: APP_INFO0003 : User EZZIOURI Oussama / 9 connected to host Oussama-PC at 2019-07-05 22:10:16 Module : Configuration : .
juil. 05, 2019 10:10:47 PM ui.UILog log
INFOS: FROM ConfigProject bp ORDER BY project ASC
juil. 05, 2019 10:12:51 PM ui.UILog log
INFOS: FROM ConfigProject bp ORDER BY project ASC
juil. 05, 2019 10:12:52 PM ui.UILog log
INFOS: FROM ConfigProject bp ORDER BY project ASC
juil. 05, 2019 10:16:11 PM ui.UILog log
INFOS: File 2019_07_05.log already exists.

juil. 05, 2019 10:16:11 PM ui.UILog log
INFOS: Daily output print directory [.\print\2019_07_05] already exist!
open_sheet sub directory [.\print\2019_07_05\open_sheet] already exist!
Print sub directory [.\print\2019_07_05\closing_sheet] already exist!
Print sub directory [.\print\2019_07_05\picking_label] already exist!
Print sub directory [.\print\2019_07_05\dispatch_label] already exist!

juil. 05, 2019 10:16:13 PM ui.UILog log
INFOS: APP_INFO0003 : User EZZIOURI Oussama / 9 connected to host Oussama-PC at 2019-07-05 22:16:13 Module : Configuration : .
juil. 05, 2019 10:16:15 PM ui.UILog log
INFOS: FROM ConfigProject bp ORDER BY project ASC
juil. 05, 2019 10:16:16 PM ui.UILog log
INFOS: FROM ConfigProject bp ORDER BY project ASC
juil. 05, 2019 10:19:25 PM ui.UILog log
INFOS: File 2019_07_05.log already exists.

juil. 05, 2019 10:19:25 PM ui.UILog log
INFOS: Daily output print directory [.\print\2019_07_05] already exist!
open_sheet sub directory [.\print\2019_07_05\open_sheet] already exist!
Print sub directory [.\print\2019_07_05\closing_sheet] already exist!
Print sub directory [.\print\2019_07_05\picking_label] already exist!
Print sub directory [.\print\2019_07_05\dispatch_label] already exist!

juil. 05, 2019 10:19:27 PM ui.UILog log
INFOS: APP_INFO0003 : User EZZIOURI Oussama / 9 connected to host Oussama-PC at 2019-07-05 22:19:27 Module : Configuration : .
juil. 05, 2019 10:19:30 PM ui.UILog log
INFOS: FROM ConfigProject bp ORDER BY project ASC
juil. 05, 2019 10:19:31 PM ui.UILog log
INFOS: FROM ConfigProject bp ORDER BY project ASC
juil. 05, 2019 10:21:41 PM ui.UILog log
INFOS: File 2019_07_05.log already exists.

juil. 05, 2019 10:21:41 PM ui.UILog log
INFOS: Daily output print directory [.\print\2019_07_05] already exist!
open_sheet sub directory [.\print\2019_07_05\open_sheet] already exist!
Print sub directory [.\print\2019_07_05\closing_sheet] already exist!
Print sub directory [.\print\2019_07_05\picking_label] already exist!
Print sub directory [.\print\2019_07_05\dispatch_label] already exist!

juil. 05, 2019 10:21:44 PM ui.UILog log
INFOS: APP_INFO0003 : User EZZIOURI Oussama / 9 connected to host Oussama-PC at 2019-07-05 22:21:44 Module : Configuration : .
juil. 05, 2019 10:21:48 PM ui.UILog log
INFOS: FROM ConfigProject bp ORDER BY project ASC
juil. 05, 2019 10:21:49 PM ui.UILog log
INFOS: FROM ConfigProject bp ORDER BY project ASC
juil. 05, 2019 10:22:26 PM ui.UILog log
INFOS: FROM ConfigProject bp ORDER BY project ASC
juil. 05, 2019 10:22:27 PM ui.UILog log
INFOS: FROM ConfigProject bp ORDER BY project ASC
juil. 05, 2019 10:22:43 PM ui.UILog log
INFOS: APP_INFO0003 : User EZZIOURI Oussama / 9 connected to host Oussama-PC at 2019-07-05 22:22:43 Dispatch interface : .
juil. 05, 2019 10:23:58 PM ui.UILog log
INFOS: APP_INFO0003 : User EZZIOURI Oussama / 9 connected to host Oussama-PC at 2019-07-05 22:23:58 Dispatch interface : .
juil. 05, 2019 10:27:41 PM ui.UILog log
INFOS: File 2019_07_05.log already exists.

juil. 05, 2019 10:27:41 PM ui.UILog log
INFOS: Daily output print directory [.\print\2019_07_05] already exist!
open_sheet sub directory [.\print\2019_07_05\open_sheet] already exist!
Print sub directory [.\print\2019_07_05\closing_sheet] already exist!
Print sub directory [.\print\2019_07_05\picking_label] already exist!
Print sub directory [.\print\2019_07_05\dispatch_label] already exist!

juil. 05, 2019 10:27:44 PM ui.UILog log
INFOS: APP_INFO0003 : User EZZIOURI Oussama / 9 connected to host Oussama-PC at 2019-07-05 22:27:44 Module : Configuration : .
juil. 05, 2019 10:28:02 PM ui.UILog log
INFOS: APP_INFO0003 : User EZZIOURI Oussama / 9 connected to host Oussama-PC at 2019-07-05 22:28:02 Dispatch interface : .
juil. 05, 2019 10:30:40 PM ui.UILog log
INFOS: File 2019_07_05.log already exists.

juil. 05, 2019 10:30:40 PM ui.UILog log
INFOS: Daily output print directory [.\print\2019_07_05] already exist!
open_sheet sub directory [.\print\2019_07_05\open_sheet] already exist!
Print sub directory [.\print\2019_07_05\closing_sheet] already exist!
Print sub directory [.\print\2019_07_05\picking_label] already exist!
Print sub directory [.\print\2019_07_05\dispatch_label] already exist!

juil. 05, 2019 10:30:43 PM ui.UILog log
INFOS: APP_INFO0003 : User EZZIOURI Oussama / 9 connected to host Oussama-PC at 2019-07-05 22:30:43 Module : Configuration : .
juil. 05, 2019 10:30:45 PM ui.UILog log
INFOS: APP_INFO0003 : User EZZIOURI Oussama / 9 connected to host Oussama-PC at 2019-07-05 22:30:45 Dispatch interface : .
juil. 05, 2019 10:31:03 PM ui.UILog log
INFOS: APP_INFO0003 : User EZZIOURI Oussama / 9 connected to host Oussama-PC at 2019-07-05 22:31:03 Dispatch interface : .
juil. 05, 2019 10:38:54 PM ui.UILog log
INFOS: File 2019_07_05.log already exists.

juil. 05, 2019 10:38:54 PM ui.UILog log
INFOS: Daily output print directory [.\print\2019_07_05] already exist!
open_sheet sub directory [.\print\2019_07_05\open_sheet] already exist!
Print sub directory [.\print\2019_07_05\closing_sheet] already exist!
Print sub directory [.\print\2019_07_05\picking_label] already exist!
Print sub directory [.\print\2019_07_05\dispatch_label] already exist!

juil. 05, 2019 10:38:56 PM ui.UILog log
INFOS: APP_INFO0003 : User EZZIOURI Oussama / 9 connected to host Oussama-PC at 2019-07-05 22:38:56 Module : Configuration : .
juil. 05, 2019 10:38:59 PM ui.UILog log
INFOS: APP_INFO0003 : User EZZIOURI Oussama / 9 connected to host Oussama-PC at 2019-07-05 22:38:59 Dispatch interface : .
juil. 05, 2019 10:39:30 PM ui.UILog log
INFOS: FROM ConfigProject bp ORDER BY project ASC
juil. 05, 2019 10:42:55 PM ui.UILog log
INFOS: File 2019_07_05.log already exists.

juil. 05, 2019 10:42:55 PM ui.UILog log
INFOS: Daily output print directory [.\print\2019_07_05] already exist!
open_sheet sub directory [.\print\2019_07_05\open_sheet] already exist!
Print sub directory [.\print\2019_07_05\closing_sheet] already exist!
Print sub directory [.\print\2019_07_05\picking_label] already exist!
Print sub directory [.\print\2019_07_05\dispatch_label] already exist!

juil. 05, 2019 10:42:58 PM ui.UILog log
INFOS: APP_INFO0003 : User EZZIOURI Oussama / 9 connected to host Oussama-PC at 2019-07-05 22:42:58 Module : Configuration : .
juil. 05, 2019 10:43:03 PM ui.UILog log
INFOS: APP_INFO0003 : User EZZIOURI Oussama / 9 connected to host Oussama-PC at 2019-07-05 22:43:03 Dispatch interface : .
juil. 05, 2019 10:59:57 PM ui.UILog log
INFOS: File 2019_07_05.log already exists.

juil. 05, 2019 10:59:57 PM ui.UILog log
INFOS: Daily output print directory [.\print\2019_07_05] already exist!
open_sheet sub directory [.\print\2019_07_05\open_sheet] already exist!
Print sub directory [.\print\2019_07_05\closing_sheet] already exist!
Print sub directory [.\print\2019_07_05\picking_label] already exist!
Print sub directory [.\print\2019_07_05\dispatch_label] already exist!

juil. 05, 2019 11:02:08 PM ui.UILog log
INFOS: File 2019_07_05.log already exists.

juil. 05, 2019 11:02:08 PM ui.UILog log
INFOS: Daily output print directory [.\print\2019_07_05] already exist!
open_sheet sub directory [.\print\2019_07_05\open_sheet] already exist!
Print sub directory [.\print\2019_07_05\closing_sheet] already exist!
Print sub directory [.\print\2019_07_05\picking_label] already exist!
Print sub directory [.\print\2019_07_05\dispatch_label] already exist!

juil. 05, 2019 11:02:10 PM ui.UILog log
INFOS: APP_INFO0003 : User EZZIOURI Oussama / 9 connected to host Oussama-PC at 2019-07-05 23:02:10 Module : Configuration : .
juil. 05, 2019 11:02:13 PM ui.UILog log
INFOS: APP_INFO0003 : User EZZIOURI Oussama / 9 connected to host Oussama-PC at 2019-07-05 23:02:13 Dispatch interface : .
juil. 05, 2019 11:02:20 PM ui.UILog log
INFOS: FROM ConfigProject bp ORDER BY project ASC
juil. 05, 2019 11:06:16 PM ui.UILog log
INFOS: File 2019_07_05.log already exists.

juil. 05, 2019 11:06:16 PM ui.UILog log
INFOS: Daily output print directory [.\print\2019_07_05] already exist!
open_sheet sub directory [.\print\2019_07_05\open_sheet] already exist!
Print sub directory [.\print\2019_07_05\closing_sheet] already exist!
Print sub directory [.\print\2019_07_05\picking_label] already exist!
Print sub directory [.\print\2019_07_05\dispatch_label] already exist!

juil. 05, 2019 11:06:20 PM ui.UILog log
INFOS: APP_INFO0003 : User EZZIOURI Oussama / 9 connected to host Oussama-PC at 2019-07-05 23:06:20 Module : Configuration : .
juil. 05, 2019 11:06:22 PM ui.UILog log
INFOS: APP_INFO0003 : User EZZIOURI Oussama / 9 connected to host Oussama-PC at 2019-07-05 23:06:22 Dispatch interface : .
juil. 05, 2019 11:07:31 PM ui.UILog log
INFOS: FROM ConfigProject bp ORDER BY project ASC
juil. 05, 2019 11:08:33 PM ui.UILog log
INFOS: File 2019_07_05.log already exists.

juil. 05, 2019 11:08:33 PM ui.UILog log
INFOS: Daily output print directory [.\print\2019_07_05] already exist!
open_sheet sub directory [.\print\2019_07_05\open_sheet] already exist!
Print sub directory [.\print\2019_07_05\closing_sheet] already exist!
Print sub directory [.\print\2019_07_05\picking_label] already exist!
Print sub directory [.\print\2019_07_05\dispatch_label] already exist!

juil. 05, 2019 11:08:36 PM ui.UILog log
INFOS: APP_INFO0003 : User EZZIOURI Oussama / 9 connected to host Oussama-PC at 2019-07-05 23:08:36 Module : Configuration : .
juil. 05, 2019 11:08:38 PM ui.UILog log
INFOS: APP_INFO0003 : User EZZIOURI Oussama / 9 connected to host Oussama-PC at 2019-07-05 23:08:38 Dispatch interface : .
juil. 05, 2019 11:09:08 PM ui.UILog log
INFOS: FROM ConfigProject bp ORDER BY project ASC
juil. 05, 2019 11:09:13 PM ui.UILog log
GRAVE: 
juil. 05, 2019 11:12:10 PM ui.UILog log
INFOS: File 2019_07_05.log already exists.

juil. 05, 2019 11:12:10 PM ui.UILog log
INFOS: Daily output print directory [.\print\2019_07_05] already exist!
open_sheet sub directory [.\print\2019_07_05\open_sheet] already exist!
Print sub directory [.\print\2019_07_05\closing_sheet] already exist!
Print sub directory [.\print\2019_07_05\picking_label] already exist!
Print sub directory [.\print\2019_07_05\dispatch_label] already exist!

juil. 05, 2019 11:12:14 PM ui.UILog log
INFOS: APP_INFO0003 : User EZZIOURI Oussama / 9 connected to host Oussama-PC at 2019-07-05 23:12:14 Module : Configuration : .
juil. 05, 2019 11:12:16 PM ui.UILog log
INFOS: APP_INFO0003 : User EZZIOURI Oussama / 9 connected to host Oussama-PC at 2019-07-05 23:12:16 Dispatch interface : .
juil. 05, 2019 11:12:21 PM ui.UILog log
INFOS: FROM ConfigProject bp ORDER BY project ASC
juil. 05, 2019 11:12:30 PM ui.UILog log
INFOS: FROM ConfigProject bp ORDER BY project ASC
juil. 05, 2019 11:12:33 PM ui.UILog log
GRAVE: APP_ERR0045 DISPATCH : Merci de saisir le nom du transporteur.
juil. 05, 2019 11:12:34 PM ui.UILog log
GRAVE: APP_ERR0028 DISPATCH : Format de date invalid.
juil. 05, 2019 11:14:06 PM ui.UILog log
INFOS: File 2019_07_05.log already exists.

juil. 05, 2019 11:14:06 PM ui.UILog log
INFOS: Daily output print directory [.\print\2019_07_05] already exist!
open_sheet sub directory [.\print\2019_07_05\open_sheet] already exist!
Print sub directory [.\print\2019_07_05\closing_sheet] already exist!
Print sub directory [.\print\2019_07_05\picking_label] already exist!
Print sub directory [.\print\2019_07_05\dispatch_label] already exist!

juil. 05, 2019 11:14:08 PM ui.UILog log
INFOS: APP_INFO0003 : User EZZIOURI Oussama / 9 connected to host Oussama-PC at 2019-07-05 23:14:08 Module : Configuration : .
juil. 05, 2019 11:14:10 PM ui.UILog log
INFOS: APP_INFO0003 : User EZZIOURI Oussama / 9 connected to host Oussama-PC at 2019-07-05 23:14:10 Dispatch interface : .
juil. 05, 2019 11:14:15 PM ui.UILog log
INFOS: FROM ConfigProject bp ORDER BY project ASC
juil. 05, 2019 11:14:17 PM ui.UILog log
GRAVE: APP_ERR0045 DISPATCH : Merci de saisir le nom du transporteur.
juil. 05, 2019 11:14:24 PM ui.UILog log
GRAVE: APP_ERR0027 DISPATCH : Aucune date d'export n'est selectionée.
juil. 05, 2019 11:14:32 PM ui.UILog log
GRAVE: APP_ERR0045 DISPATCH : Merci de saisir le nom du transporteur.
juil. 05, 2019 11:14:56 PM ui.UILog log
INFOS: FROM ConfigProject bp ORDER BY project ASC
juil. 05, 2019 11:16:03 PM ui.UILog log
INFOS: File 2019_07_05.log already exists.

juil. 05, 2019 11:16:03 PM ui.UILog log
INFOS: Daily output print directory [.\print\2019_07_05] already exist!
open_sheet sub directory [.\print\2019_07_05\open_sheet] already exist!
Print sub directory [.\print\2019_07_05\closing_sheet] already exist!
Print sub directory [.\print\2019_07_05\picking_label] already exist!
Print sub directory [.\print\2019_07_05\dispatch_label] already exist!

juil. 05, 2019 11:16:23 PM ui.UILog log
INFOS: APP_INFO0003 : User EZZIOURI Oussama / 9 connected to host Oussama-PC at 2019-07-05 23:16:23 Module : Configuration : .
juil. 05, 2019 11:16:31 PM ui.UILog log
INFOS: APP_INFO0003 : User EZZIOURI Oussama / 9 connected to host Oussama-PC at 2019-07-05 23:16:31 Dispatch interface : .
juil. 05, 2019 11:16:40 PM ui.UILog log
INFOS: FROM ConfigProject bp ORDER BY project ASC
juil. 05, 2019 11:16:52 PM ui.UILog log
GRAVE: APP_ERR0045 DISPATCH : Merci de saisir le nom du transporteur.
juil. 05, 2019 11:20:15 PM ui.UILog log
INFOS: File 2019_07_05.log already exists.

juil. 05, 2019 11:20:15 PM ui.UILog log
INFOS: Daily output print directory [.\print\2019_07_05] already exist!
open_sheet sub directory [.\print\2019_07_05\open_sheet] already exist!
Print sub directory [.\print\2019_07_05\closing_sheet] already exist!
Print sub directory [.\print\2019_07_05\picking_label] already exist!
Print sub directory [.\print\2019_07_05\dispatch_label] already exist!

juil. 05, 2019 11:20:18 PM ui.UILog log
INFOS: APP_INFO0003 : User EZZIOURI Oussama / 9 connected to host Oussama-PC at 2019-07-05 23:20:18 Module : Configuration : .
juil. 05, 2019 11:20:20 PM ui.UILog log
INFOS: APP_INFO0003 : User EZZIOURI Oussama / 9 connected to host Oussama-PC at 2019-07-05 23:20:20 Dispatch interface : .
juil. 05, 2019 11:20:31 PM ui.UILog log
INFOS: FROM ConfigProject bp ORDER BY project ASC
juil. 05, 2019 11:21:42 PM ui.UILog log
INFOS: File 2019_07_05.log already exists.

juil. 05, 2019 11:21:42 PM ui.UILog log
INFOS: Daily output print directory [.\print\2019_07_05] already exist!
open_sheet sub directory [.\print\2019_07_05\open_sheet] already exist!
Print sub directory [.\print\2019_07_05\closing_sheet] already exist!
Print sub directory [.\print\2019_07_05\picking_label] already exist!
Print sub directory [.\print\2019_07_05\dispatch_label] already exist!

juil. 05, 2019 11:21:49 PM ui.UILog log
INFOS: APP_INFO0003 : User EZZIOURI Oussama / 9 connected to host Oussama-PC at 2019-07-05 23:21:49 Module : Configuration : .
juil. 05, 2019 11:21:51 PM ui.UILog log
INFOS: APP_INFO0003 : User EZZIOURI Oussama / 9 connected to host Oussama-PC at 2019-07-05 23:21:51 Dispatch interface : .
juil. 05, 2019 11:21:53 PM ui.UILog log
INFOS: FROM ConfigProject bp ORDER BY project ASC
juil. 05, 2019 11:22:52 PM ui.UILog log
INFOS: File 2019_07_05.log already exists.

juil. 05, 2019 11:22:52 PM ui.UILog log
INFOS: Daily output print directory [.\print\2019_07_05] already exist!
open_sheet sub directory [.\print\2019_07_05\open_sheet] already exist!
Print sub directory [.\print\2019_07_05\closing_sheet] already exist!
Print sub directory [.\print\2019_07_05\picking_label] already exist!
Print sub directory [.\print\2019_07_05\dispatch_label] already exist!

juil. 05, 2019 11:22:55 PM ui.UILog log
INFOS: APP_INFO0003 : User EZZIOURI Oussama / 9 connected to host Oussama-PC at 2019-07-05 23:22:55 Module : Configuration : .
juil. 05, 2019 11:22:57 PM ui.UILog log
INFOS: APP_INFO0003 : User EZZIOURI Oussama / 9 connected to host Oussama-PC at 2019-07-05 23:22:57 Dispatch interface : .
juil. 05, 2019 11:23:17 PM ui.UILog log
INFOS: FROM ConfigProject bp ORDER BY project ASC
juil. 05, 2019 11:23:18 PM ui.UILog log
INFOS: FROM ConfigProject bp ORDER BY project ASC
juil. 05, 2019 11:24:13 PM ui.UILog log
INFOS: File 2019_07_05.log already exists.

juil. 05, 2019 11:24:13 PM ui.UILog log
INFOS: Daily output print directory [.\print\2019_07_05] already exist!
open_sheet sub directory [.\print\2019_07_05\open_sheet] already exist!
Print sub directory [.\print\2019_07_05\closing_sheet] already exist!
Print sub directory [.\print\2019_07_05\picking_label] already exist!
Print sub directory [.\print\2019_07_05\dispatch_label] already exist!

juil. 05, 2019 11:24:16 PM ui.UILog log
INFOS: APP_INFO0003 : User EZZIOURI Oussama / 9 connected to host Oussama-PC at 2019-07-05 23:24:16 Module : Configuration : .
juil. 05, 2019 11:24:18 PM ui.UILog log
INFOS: APP_INFO0003 : User EZZIOURI Oussama / 9 connected to host Oussama-PC at 2019-07-05 23:24:18 Dispatch interface : .
juil. 05, 2019 11:25:09 PM ui.UILog log
INFOS: FROM ConfigProject bp ORDER BY project ASC
juil. 05, 2019 11:26:20 PM ui.UILog log
INFOS: File 2019_07_05.log already exists.

juil. 05, 2019 11:26:20 PM ui.UILog log
INFOS: Daily output print directory [.\print\2019_07_05] already exist!
open_sheet sub directory [.\print\2019_07_05\open_sheet] already exist!
Print sub directory [.\print\2019_07_05\closing_sheet] already exist!
Print sub directory [.\print\2019_07_05\picking_label] already exist!
Print sub directory [.\print\2019_07_05\dispatch_label] already exist!

juil. 05, 2019 11:26:22 PM ui.UILog log
INFOS: APP_INFO0003 : User EZZIOURI Oussama / 9 connected to host Oussama-PC at 2019-07-05 23:26:22 Module : Configuration : .
juil. 05, 2019 11:26:23 PM ui.UILog log
INFOS: APP_INFO0003 : User EZZIOURI Oussama / 9 connected to host Oussama-PC at 2019-07-05 23:26:23 Dispatch interface : .
juil. 05, 2019 11:26:25 PM ui.UILog log
INFOS: FROM ConfigProject bp ORDER BY project ASC
juil. 05, 2019 11:26:30 PM ui.UILog log
INFOS: FROM ConfigProject bp ORDER BY project ASC
juil. 05, 2019 11:27:00 PM ui.UILog log
INFOS: File 2019_07_05.log already exists.

juil. 05, 2019 11:27:00 PM ui.UILog log
INFOS: Daily output print directory [.\print\2019_07_05] already exist!
open_sheet sub directory [.\print\2019_07_05\open_sheet] already exist!
Print sub directory [.\print\2019_07_05\closing_sheet] already exist!
Print sub directory [.\print\2019_07_05\picking_label] already exist!
Print sub directory [.\print\2019_07_05\dispatch_label] already exist!

juil. 05, 2019 11:27:06 PM ui.UILog log
INFOS: APP_INFO0003 : User EZZIOURI Oussama / 9 connected to host Oussama-PC at 2019-07-05 23:27:06 Module : Configuration : .
juil. 05, 2019 11:27:07 PM ui.UILog log
INFOS: APP_INFO0003 : User EZZIOURI Oussama / 9 connected to host Oussama-PC at 2019-07-05 23:27:07 Dispatch interface : .
juil. 05, 2019 11:27:10 PM ui.UILog log
INFOS: FROM ConfigProject bp ORDER BY project ASC
juil. 05, 2019 11:28:17 PM ui.UILog log
INFOS: File 2019_07_05.log already exists.

juil. 05, 2019 11:28:17 PM ui.UILog log
INFOS: Daily output print directory [.\print\2019_07_05] already exist!
open_sheet sub directory [.\print\2019_07_05\open_sheet] already exist!
Print sub directory [.\print\2019_07_05\closing_sheet] already exist!
Print sub directory [.\print\2019_07_05\picking_label] already exist!
Print sub directory [.\print\2019_07_05\dispatch_label] already exist!

juil. 05, 2019 11:28:19 PM ui.UILog log
INFOS: APP_INFO0003 : User EZZIOURI Oussama / 9 connected to host Oussama-PC at 2019-07-05 23:28:19 Module : Configuration : .
juil. 05, 2019 11:28:20 PM ui.UILog log
INFOS: APP_INFO0003 : User EZZIOURI Oussama / 9 connected to host Oussama-PC at 2019-07-05 23:28:20 Dispatch interface : .
juil. 05, 2019 11:28:24 PM ui.UILog log
INFOS: FROM ConfigProject bp ORDER BY project ASC
juil. 05, 2019 11:29:52 PM ui.UILog log
INFOS: File 2019_07_05.log already exists.

juil. 05, 2019 11:29:52 PM ui.UILog log
INFOS: Daily output print directory [.\print\2019_07_05] already exist!
open_sheet sub directory [.\print\2019_07_05\open_sheet] already exist!
Print sub directory [.\print\2019_07_05\closing_sheet] already exist!
Print sub directory [.\print\2019_07_05\picking_label] already exist!
Print sub directory [.\print\2019_07_05\dispatch_label] already exist!

juil. 05, 2019 11:29:54 PM ui.UILog log
INFOS: APP_INFO0003 : User EZZIOURI Oussama / 9 connected to host Oussama-PC at 2019-07-05 23:29:54 Module : Configuration : .
juil. 05, 2019 11:29:56 PM ui.UILog log
INFOS: APP_INFO0003 : User EZZIOURI Oussama / 9 connected to host Oussama-PC at 2019-07-05 23:29:56 Dispatch interface : .
juil. 05, 2019 11:30:02 PM ui.UILog log
INFOS: FROM ConfigProject bp ORDER BY project ASC
juil. 05, 2019 11:31:27 PM ui.UILog log
INFOS: File 2019_07_05.log already exists.

juil. 05, 2019 11:31:27 PM ui.UILog log
INFOS: Daily output print directory [.\print\2019_07_05] already exist!
open_sheet sub directory [.\print\2019_07_05\open_sheet] already exist!
Print sub directory [.\print\2019_07_05\closing_sheet] already exist!
Print sub directory [.\print\2019_07_05\picking_label] already exist!
Print sub directory [.\print\2019_07_05\dispatch_label] already exist!

juil. 05, 2019 11:31:29 PM ui.UILog log
INFOS: APP_INFO0003 : User EZZIOURI Oussama / 9 connected to host Oussama-PC at 2019-07-05 23:31:29 Module : Configuration : .
juil. 05, 2019 11:31:31 PM ui.UILog log
INFOS: APP_INFO0003 : User EZZIOURI Oussama / 9 connected to host Oussama-PC at 2019-07-05 23:31:31 Dispatch interface : .
juil. 05, 2019 11:31:33 PM ui.UILog log
INFOS: FROM ConfigProject bp ORDER BY project ASC
juil. 05, 2019 11:32:57 PM ui.UILog log
INFOS: File 2019_07_05.log already exists.

juil. 05, 2019 11:32:57 PM ui.UILog log
INFOS: Daily output print directory [.\print\2019_07_05] already exist!
open_sheet sub directory [.\print\2019_07_05\open_sheet] already exist!
Print sub directory [.\print\2019_07_05\closing_sheet] already exist!
Print sub directory [.\print\2019_07_05\picking_label] already exist!
Print sub directory [.\print\2019_07_05\dispatch_label] already exist!

juil. 05, 2019 11:32:59 PM ui.UILog log
INFOS: APP_INFO0003 : User EZZIOURI Oussama / 9 connected to host Oussama-PC at 2019-07-05 23:32:59 Module : Configuration : .
juil. 05, 2019 11:33:00 PM ui.UILog log
INFOS: APP_INFO0003 : User EZZIOURI Oussama / 9 connected to host Oussama-PC at 2019-07-05 23:33:00 Dispatch interface : .
juil. 05, 2019 11:33:06 PM ui.UILog log
INFOS: FROM ConfigProject bp ORDER BY project ASC
juil. 05, 2019 11:34:20 PM ui.UILog log
INFOS: File 2019_07_05.log already exists.

juil. 05, 2019 11:34:20 PM ui.UILog log
INFOS: Daily output print directory [.\print\2019_07_05] already exist!
open_sheet sub directory [.\print\2019_07_05\open_sheet] already exist!
Print sub directory [.\print\2019_07_05\closing_sheet] already exist!
Print sub directory [.\print\2019_07_05\picking_label] already exist!
Print sub directory [.\print\2019_07_05\dispatch_label] already exist!

juil. 05, 2019 11:36:08 PM ui.UILog log
INFOS: APP_INFO0003 : User EZZIOURI Oussama / 9 connected to host Oussama-PC at 2019-07-05 23:36:08 Module : Configuration : .
juil. 05, 2019 11:36:11 PM ui.UILog log
INFOS: APP_INFO0003 : User EZZIOURI Oussama / 9 connected to host Oussama-PC at 2019-07-05 23:36:11 Dispatch interface : .
juil. 05, 2019 11:36:21 PM ui.UILog log
INFOS: FROM ConfigProject bp ORDER BY project ASC
juil. 05, 2019 11:37:43 PM ui.UILog log
INFOS: File 2019_07_05.log already exists.

juil. 05, 2019 11:37:43 PM ui.UILog log
INFOS: Daily output print directory [.\print\2019_07_05] already exist!
open_sheet sub directory [.\print\2019_07_05\open_sheet] already exist!
Print sub directory [.\print\2019_07_05\closing_sheet] already exist!
Print sub directory [.\print\2019_07_05\picking_label] already exist!
Print sub directory [.\print\2019_07_05\dispatch_label] already exist!

juil. 05, 2019 11:37:45 PM ui.UILog log
INFOS: APP_INFO0003 : User EZZIOURI Oussama / 9 connected to host Oussama-PC at 2019-07-05 23:37:45 Module : Configuration : .
juil. 05, 2019 11:37:47 PM ui.UILog log
INFOS: APP_INFO0003 : User EZZIOURI Oussama / 9 connected to host Oussama-PC at 2019-07-05 23:37:47 Dispatch interface : .
juil. 05, 2019 11:37:51 PM ui.UILog log
INFOS: FROM ConfigProject bp ORDER BY project ASC
juil. 05, 2019 11:38:38 PM ui.UILog log
GRAVE: Total lines = 196
juil. 05, 2019 11:38:43 PM ui.UILog log
GRAVE: Total lines = 196
juil. 05, 2019 11:38:53 PM ui.UILog log
INFOS: FROM ConfigProject bp ORDER BY project ASC
juil. 05, 2019 11:45:13 PM ui.UILog log
INFOS: File 2019_07_05.log already exists.

juil. 05, 2019 11:45:13 PM ui.UILog log
INFOS: Daily output print directory [.\print\2019_07_05] already exist!
open_sheet sub directory [.\print\2019_07_05\open_sheet] already exist!
Print sub directory [.\print\2019_07_05\closing_sheet] already exist!
Print sub directory [.\print\2019_07_05\picking_label] already exist!
Print sub directory [.\print\2019_07_05\dispatch_label] already exist!

juil. 05, 2019 11:45:15 PM ui.UILog log
INFOS: APP_INFO0003 : User EZZIOURI Oussama / 9 connected to host Oussama-PC at 2019-07-05 23:45:15 Module : Configuration : .
juil. 05, 2019 11:45:26 PM ui.UILog log
INFOS: APP_INFO0003 : User EZZIOURI Oussama / 9 connected to host Oussama-PC at 2019-07-05 23:45:26 Dispatch interface : .
juil. 05, 2019 11:47:00 PM ui.UILog log
INFOS: File 2019_07_05.log already exists.

juil. 05, 2019 11:47:00 PM ui.UILog log
INFOS: Daily output print directory [.\print\2019_07_05] already exist!
open_sheet sub directory [.\print\2019_07_05\open_sheet] already exist!
Print sub directory [.\print\2019_07_05\closing_sheet] already exist!
Print sub directory [.\print\2019_07_05\picking_label] already exist!
Print sub directory [.\print\2019_07_05\dispatch_label] already exist!

juil. 05, 2019 11:47:02 PM ui.UILog log
INFOS: APP_INFO0003 : User EZZIOURI Oussama / 9 connected to host Oussama-PC at 2019-07-05 23:47:02 Module : Configuration : .
juil. 05, 2019 11:47:04 PM ui.UILog log
INFOS: APP_INFO0003 : User EZZIOURI Oussama / 9 connected to host Oussama-PC at 2019-07-05 23:47:04 Dispatch interface : .
juil. 05, 2019 11:47:08 PM ui.UILog log
INFOS: FROM ConfigProject bp ORDER BY project ASC
