mai 19, 2019 10:21:05 PM ui.UILog log
INFOS: File 2019_05_19.log is created!

mai 19, 2019 10:21:05 PM ui.UILog log
INFOS: Daily output print directory [.\print\2019_05_19] created !
open_sheet sub directory [.\print\2019_05_19\open_sheet] created !
Print sub directory [.\print\2019_05_19\closing_sheet] created !
Print sub directory [.\print\2019_05_19\picking_label] created !
Print sub directory [.\print\2019_05_19\dispatch_label] created !

mai 19, 2019 10:21:17 PM ui.UILog log
INFOS: APP_INFO0003 : User EZZIOURI Oussama / 9 connected to host Oussama-PC at 2019-05-19 22:21:17 Module : Configuration : .
mai 19, 2019 10:21:39 PM ui.UILog log
INFOS: FROM ConfigProject bp ORDER BY project ASC
mai 19, 2019 10:24:39 PM ui.UILog log
INFOS: File 2019_05_19.log already exists.

mai 19, 2019 10:24:39 PM ui.UILog log
INFOS: Daily output print directory [.\print\2019_05_19] already exist!
open_sheet sub directory [.\print\2019_05_19\open_sheet] already exist!
Print sub directory [.\print\2019_05_19\closing_sheet] already exist!
Print sub directory [.\print\2019_05_19\picking_label] already exist!
Print sub directory [.\print\2019_05_19\dispatch_label] already exist!

mai 19, 2019 10:24:42 PM ui.UILog log
INFOS: APP_INFO0003 : User EZZIOURI Oussama / 9 connected to host Oussama-PC at 2019-05-19 22:24:42 Module : Configuration : .
mai 19, 2019 10:24:46 PM ui.UILog log
INFOS: FROM ConfigProject bp ORDER BY project ASC
mai 19, 2019 10:27:05 PM ui.UILog log
INFOS: File 2019_05_19.log already exists.

mai 19, 2019 10:27:05 PM ui.UILog log
INFOS: Daily output print directory [.\print\2019_05_19] already exist!
open_sheet sub directory [.\print\2019_05_19\open_sheet] already exist!
Print sub directory [.\print\2019_05_19\closing_sheet] already exist!
Print sub directory [.\print\2019_05_19\picking_label] already exist!
Print sub directory [.\print\2019_05_19\dispatch_label] already exist!

mai 19, 2019 10:27:09 PM ui.UILog log
INFOS: APP_INFO0003 : User EZZIOURI Oussama / 9 connected to host Oussama-PC at 2019-05-19 22:27:09 Module : Configuration : .
mai 19, 2019 10:27:13 PM ui.UILog log
INFOS: FROM ConfigProject bp ORDER BY project ASC
mai 19, 2019 10:34:27 PM ui.UILog log
INFOS: File 2019_05_19.log already exists.

mai 19, 2019 10:34:27 PM ui.UILog log
INFOS: Daily output print directory [.\print\2019_05_19] already exist!
open_sheet sub directory [.\print\2019_05_19\open_sheet] already exist!
Print sub directory [.\print\2019_05_19\closing_sheet] already exist!
Print sub directory [.\print\2019_05_19\picking_label] already exist!
Print sub directory [.\print\2019_05_19\dispatch_label] already exist!

mai 19, 2019 10:34:30 PM ui.UILog log
INFOS: APP_INFO0003 : User EZZIOURI Oussama / 9 connected to host Oussama-PC at 2019-05-19 22:34:30 Module : Configuration : .
mai 19, 2019 10:34:32 PM ui.UILog log
INFOS: FROM ConfigProject bp ORDER BY project ASC
mai 19, 2019 10:35:05 PM ui.UILog log
INFOS: File 2019_05_19.log already exists.

mai 19, 2019 10:35:05 PM ui.UILog log
INFOS: Daily output print directory [.\print\2019_05_19] already exist!
open_sheet sub directory [.\print\2019_05_19\open_sheet] already exist!
Print sub directory [.\print\2019_05_19\closing_sheet] already exist!
Print sub directory [.\print\2019_05_19\picking_label] already exist!
Print sub directory [.\print\2019_05_19\dispatch_label] already exist!

mai 19, 2019 10:35:08 PM ui.UILog log
INFOS: APP_INFO0003 : User EZZIOURI Oussama / 9 connected to host Oussama-PC at 2019-05-19 22:35:08 Module : Configuration : .
mai 19, 2019 10:35:11 PM ui.UILog log
INFOS: FROM ConfigProject bp ORDER BY project ASC
mai 19, 2019 11:44:16 PM ui.UILog log
INFOS: File 2019_05_19.log already exists.

mai 19, 2019 11:44:16 PM ui.UILog log
INFOS: Daily output print directory [.\print\2019_05_19] already exist!
open_sheet sub directory [.\print\2019_05_19\open_sheet] already exist!
Print sub directory [.\print\2019_05_19\closing_sheet] already exist!
Print sub directory [.\print\2019_05_19\picking_label] already exist!
Print sub directory [.\print\2019_05_19\dispatch_label] already exist!

mai 19, 2019 11:44:19 PM ui.UILog log
INFOS: APP_INFO0003 : User EZZIOURI Oussama / 9 connected to host Oussama-PC at 2019-05-19 23:44:19 Module : Configuration : .
mai 19, 2019 11:44:35 PM ui.UILog log
INFOS: FROM ConfigProject bp ORDER BY project ASC
mai 19, 2019 11:45:10 PM ui.UILog log
INFOS: File 2019_05_19.log already exists.

mai 19, 2019 11:45:10 PM ui.UILog log
INFOS: Daily output print directory [.\print\2019_05_19] already exist!
open_sheet sub directory [.\print\2019_05_19\open_sheet] already exist!
Print sub directory [.\print\2019_05_19\closing_sheet] already exist!
Print sub directory [.\print\2019_05_19\picking_label] already exist!
Print sub directory [.\print\2019_05_19\dispatch_label] already exist!

mai 19, 2019 11:45:12 PM ui.UILog log
INFOS: APP_INFO0003 : User EZZIOURI Oussama / 9 connected to host Oussama-PC at 2019-05-19 23:45:12 Module : Configuration : .
mai 19, 2019 11:45:17 PM ui.UILog log
INFOS: FROM ConfigProject bp ORDER BY project ASC
mai 19, 2019 11:46:26 PM ui.UILog log
INFOS: FROM ConfigProject bp ORDER BY project ASC
mai 19, 2019 11:50:57 PM ui.UILog log
INFOS: APP_INFO0003 : User EZZIOURI Oussama / 9 connected to host Oussama-PC at 2019-05-19 23:50:57 Project : HDEP.
mai 19, 2019 11:50:57 PM ui.UILog log
INFOS: APP_CONFIG0002   : Chargement de la liste des formats QR dans la variable DATAMATRIX_PATTERN_LIST ...
mai 19, 2019 11:50:57 PM ui.UILog log
INFOS: FROM ConfigBarcode cb WHERE cb.keyWord = :keyWord AND cb.harness_type = :harnessType ORDER BY id ASC
mai 19, 2019 11:50:57 PM ui.UILog log
INFOS: ^[P]{1}\d{22}
^[P]{1}\d{10}[.]\d{2}[.]\d{4}[;]\d{2}[:]\d{2}[:]\d{2}
^[P]{1}\d{8}[;]\d{2}[.]\d{2}[.]\d{6}[:]\d{2}[:]\d{2}
^[P]{1}\d{8}[;]\d{2}[.]\d{2}[.]\d{4}[;]\d{2}[:]\d{2}[:]\d{2}
^[P]{1}\d{10}[.]\d{2}[.]\d{6}[:]\d{2}[:]\d{2}
^[P]{1}\d{8}[P]{1}\d{10}[A]{1}\d{17}
^[P]{1}\d{8}[P]{1}\d{4}[C]{1}\d{5}[C]{1}\d{17}
^[P]{1}\d{8}[P]{1}\d{4}[C]{1}\d{5}[A]{1}\d{14}
^[P]{1}\d{8}[P]{1}\d{4}[C]{1}\d{5}[A]{1}\d{13}
^[P]{1}\d{8}[P]{1}\d{4}[C]{1}\d{5}[A]{1}\d{16}
^[P]{1}\d{8}[P]{1}\d{4}[C]{1}\d{5}[A]{1}\d{18}
^[P]{1}\d{8}[P]{1}\d{4}[C]{1}\d{5}[A]{1}\d{12}
^[P]{1}\d{8}[P]{1}\d{4}[C]{1}\d{5}[A]{1}\d{17}
^[P]{1}\d{8}[P]{1}\d{4}[C]{1}\d{5}[A]{1}\d{15}
^[P]{1}\d{8}[P]{1}\d{19}
^[P]{1}\d{8}[P]{1}\d{4}[C]{1}\d{5}[A]{1}\d{19}
^[P]{1}\d{8}[C]{1}\d{19}
^[P]{1}\d{8}[P]{1}\d{4}[C]{1}\d{5}[B]{1}\d{17}
^[P]{1}\d{8}[C]{1}\d{4}[C]{1}\d{5}[A]{1}\d{17}
^[P]{1}\d{8}[P]{1}\d{4}[C]{1}\d{6}[A]{1}\d{17}
^\d{4}[C]{1}\d{3}[D]{1}[;]{1}\d{2}[.]{1}\d{2}[.]{1}\d{4}[;]{1}\d{2}[:]{1}\d{2}[:]{1}\d{2}
^[P]{1}\w{36}
^[P]{1}\w{37}
^[P]{1}\d{8}[X]{1}\d{4}[C]{1}\d{5}[A]{1}\d{17}

mai 19, 2019 11:50:57 PM ui.UILog log
INFOS: APP_CONFIG0003   : 24 formats possible du QR pour le projet HDEP ont été chargés avec succès !
mai 19, 2019 11:50:57 PM ui.UILog log
INFOS: FROM ConfigBarcode cb WHERE cb.keyWord = :keyWord AND cb.harness_type = :harnessType ORDER BY id ASC
mai 19, 2019 11:50:57 PM ui.UILog log
INFOS: ^[P]\w{8}

mai 19, 2019 11:50:57 PM ui.UILog log
INFOS: APP_CONFIG0004   : 1 formats de référence possibles pour le projet HDEP ont été chargés avec succès.
mai 19, 2019 11:51:26 PM ui.UILog log
INFOS: Searching Harness part [23540138] in ConfigUCS: [HDEP]
mai 19, 2019 11:51:26 PM ui.UILog log
INFOS: APP_INFO0004 : Référence produit 23540138 trouvée pour le projet [HDEP].
mai 19, 2019 11:51:26 PM ui.UILog log
INFOS: APP_INFO0005 : Référence produit correcte P23540138 
mai 19, 2019 11:51:41 PM ui.UILog log
INFOS: Searching Harness counter [P2354013820190519010101] in BaseHarness.
mai 19, 2019 11:51:41 PM ui.UILog log
INFOS: FROM BaseHarness bh WHERE bh.counter = :counter
mai 19, 2019 11:52:46 PM ui.UILog log
INFOS: File 2019_05_19.log already exists.

mai 19, 2019 11:52:46 PM ui.UILog log
INFOS: Daily output print directory [.\print\2019_05_19] already exist!
open_sheet sub directory [.\print\2019_05_19\open_sheet] already exist!
Print sub directory [.\print\2019_05_19\closing_sheet] already exist!
Print sub directory [.\print\2019_05_19\picking_label] already exist!
Print sub directory [.\print\2019_05_19\dispatch_label] already exist!

mai 19, 2019 11:52:48 PM ui.UILog log
INFOS: APP_INFO0003 : User EZZIOURI Oussama / 9 connected to host Oussama-PC at 2019-05-19 23:52:48 Module : Configuration : .
mai 19, 2019 11:53:25 PM ui.UILog log
INFOS: APP_INFO0003 : User EZZIOURI Oussama / 9 connected to host Oussama-PC at 2019-05-19 23:53:25 Project : HDEP.
mai 19, 2019 11:53:25 PM ui.UILog log
INFOS: APP_CONFIG0002   : Chargement de la liste des formats QR dans la variable DATAMATRIX_PATTERN_LIST ...
mai 19, 2019 11:53:25 PM ui.UILog log
INFOS: FROM ConfigBarcode cb WHERE cb.keyWord = :keyWord AND cb.harness_type = :harnessType ORDER BY id ASC
mai 19, 2019 11:53:25 PM ui.UILog log
INFOS: ^[P]{1}\d{22}
^[P]{1}\d{10}[.]\d{2}[.]\d{4}[;]\d{2}[:]\d{2}[:]\d{2}
^[P]{1}\d{8}[;]\d{2}[.]\d{2}[.]\d{6}[:]\d{2}[:]\d{2}
^[P]{1}\d{8}[;]\d{2}[.]\d{2}[.]\d{4}[;]\d{2}[:]\d{2}[:]\d{2}
^[P]{1}\d{10}[.]\d{2}[.]\d{6}[:]\d{2}[:]\d{2}
^[P]{1}\d{8}[P]{1}\d{10}[A]{1}\d{17}
^[P]{1}\d{8}[P]{1}\d{4}[C]{1}\d{5}[C]{1}\d{17}
^[P]{1}\d{8}[P]{1}\d{4}[C]{1}\d{5}[A]{1}\d{14}
^[P]{1}\d{8}[P]{1}\d{4}[C]{1}\d{5}[A]{1}\d{13}
^[P]{1}\d{8}[P]{1}\d{4}[C]{1}\d{5}[A]{1}\d{16}
^[P]{1}\d{8}[P]{1}\d{4}[C]{1}\d{5}[A]{1}\d{18}
^[P]{1}\d{8}[P]{1}\d{4}[C]{1}\d{5}[A]{1}\d{12}
^[P]{1}\d{8}[P]{1}\d{4}[C]{1}\d{5}[A]{1}\d{17}
^[P]{1}\d{8}[P]{1}\d{4}[C]{1}\d{5}[A]{1}\d{15}
^[P]{1}\d{8}[P]{1}\d{19}
^[P]{1}\d{8}[P]{1}\d{4}[C]{1}\d{5}[A]{1}\d{19}
^[P]{1}\d{8}[C]{1}\d{19}
^[P]{1}\d{8}[P]{1}\d{4}[C]{1}\d{5}[B]{1}\d{17}
^[P]{1}\d{8}[C]{1}\d{4}[C]{1}\d{5}[A]{1}\d{17}
^[P]{1}\d{8}[P]{1}\d{4}[C]{1}\d{6}[A]{1}\d{17}
^\d{4}[C]{1}\d{3}[D]{1}[;]{1}\d{2}[.]{1}\d{2}[.]{1}\d{4}[;]{1}\d{2}[:]{1}\d{2}[:]{1}\d{2}
^[P]{1}\w{36}
^[P]{1}\w{37}
^[P]{1}\d{8}[X]{1}\d{4}[C]{1}\d{5}[A]{1}\d{17}

mai 19, 2019 11:53:25 PM ui.UILog log
INFOS: APP_CONFIG0003   : 24 formats possible du QR pour le projet HDEP ont été chargés avec succès !
mai 19, 2019 11:53:25 PM ui.UILog log
INFOS: FROM ConfigBarcode cb WHERE cb.keyWord = :keyWord AND cb.harness_type = :harnessType ORDER BY id ASC
mai 19, 2019 11:53:25 PM ui.UILog log
INFOS: ^[P]\w{8}

mai 19, 2019 11:53:25 PM ui.UILog log
INFOS: APP_CONFIG0004   : 1 formats de référence possibles pour le projet HDEP ont été chargés avec succès.
mai 19, 2019 11:53:38 PM ui.UILog log
INFOS: Searching Harness part [23540138] in ConfigUCS: [HDEP]
mai 19, 2019 11:53:38 PM ui.UILog log
INFOS: APP_INFO0004 : Référence produit 23540138 trouvée pour le projet [HDEP].
mai 19, 2019 11:53:38 PM ui.UILog log
INFOS: APP_INFO0005 : Référence produit correcte P23540138 
mai 19, 2019 11:53:41 PM ui.UILog log
INFOS: Searching Harness counter [P2354013820190519010101] in BaseHarness.
mai 19, 2019 11:53:41 PM ui.UILog log
INFOS: FROM BaseHarness bh WHERE bh.counter = :counter
mai 19, 2019 11:53:41 PM ui.UILog log
INFOS: New harness to be added BaseHarness{harnessPart=null, counter=null}
mai 19, 2019 11:54:08 PM ui.UILog log
INFOS: FROM ConfigProject bp ORDER BY project ASC
mai 19, 2019 11:54:31 PM ui.UILog log
INFOS: Searching Harness part [23540138] in ConfigUCS: [HDEP]
mai 19, 2019 11:54:31 PM ui.UILog log
INFOS: APP_INFO0004 : Référence produit 23540138 trouvée pour le projet [HDEP].
mai 19, 2019 11:54:31 PM ui.UILog log
INFOS: APP_INFO0005 : Référence produit correcte P23540138 
mai 19, 2019 11:54:41 PM ui.UILog log
INFOS: Searching Harness counter [P2354013820190519010101] in BaseHarness.
mai 19, 2019 11:54:41 PM ui.UILog log
INFOS: FROM BaseHarness bh WHERE bh.counter = :counter
mai 19, 2019 11:54:42 PM ui.UILog log
INFOS: New harness to be added BaseHarness{harnessPart=null, counter=null}
mai 19, 2019 11:57:22 PM ui.UILog log
INFOS: File 2019_05_19.log already exists.

mai 19, 2019 11:57:22 PM ui.UILog log
INFOS: Daily output print directory [.\print\2019_05_19] already exist!
open_sheet sub directory [.\print\2019_05_19\open_sheet] already exist!
Print sub directory [.\print\2019_05_19\closing_sheet] already exist!
Print sub directory [.\print\2019_05_19\picking_label] already exist!
Print sub directory [.\print\2019_05_19\dispatch_label] already exist!

mai 19, 2019 11:57:26 PM ui.UILog log
INFOS: APP_INFO0003 : User EZZIOURI Oussama / 9 connected to host Oussama-PC at 2019-05-19 23:57:26 Module : Configuration : .
mai 19, 2019 11:57:52 PM ui.UILog log
INFOS: APP_INFO0003 : User EZZIOURI Oussama / 9 connected to host Oussama-PC at 2019-05-19 23:57:52 Project : HDEP.
mai 19, 2019 11:57:52 PM ui.UILog log
INFOS: APP_CONFIG0002   : Chargement de la liste des formats QR dans la variable DATAMATRIX_PATTERN_LIST ...
mai 19, 2019 11:57:52 PM ui.UILog log
INFOS: FROM ConfigBarcode cb WHERE cb.keyWord = :keyWord AND cb.harness_type = :harnessType ORDER BY id ASC
mai 19, 2019 11:57:52 PM ui.UILog log
INFOS: ^[P]{1}\d{22}
^[P]{1}\d{10}[.]\d{2}[.]\d{4}[;]\d{2}[:]\d{2}[:]\d{2}
^[P]{1}\d{8}[;]\d{2}[.]\d{2}[.]\d{6}[:]\d{2}[:]\d{2}
^[P]{1}\d{8}[;]\d{2}[.]\d{2}[.]\d{4}[;]\d{2}[:]\d{2}[:]\d{2}
^[P]{1}\d{10}[.]\d{2}[.]\d{6}[:]\d{2}[:]\d{2}
^[P]{1}\d{8}[P]{1}\d{10}[A]{1}\d{17}
^[P]{1}\d{8}[P]{1}\d{4}[C]{1}\d{5}[C]{1}\d{17}
^[P]{1}\d{8}[P]{1}\d{4}[C]{1}\d{5}[A]{1}\d{14}
^[P]{1}\d{8}[P]{1}\d{4}[C]{1}\d{5}[A]{1}\d{13}
^[P]{1}\d{8}[P]{1}\d{4}[C]{1}\d{5}[A]{1}\d{16}
^[P]{1}\d{8}[P]{1}\d{4}[C]{1}\d{5}[A]{1}\d{18}
^[P]{1}\d{8}[P]{1}\d{4}[C]{1}\d{5}[A]{1}\d{12}
^[P]{1}\d{8}[P]{1}\d{4}[C]{1}\d{5}[A]{1}\d{17}
^[P]{1}\d{8}[P]{1}\d{4}[C]{1}\d{5}[A]{1}\d{15}
^[P]{1}\d{8}[P]{1}\d{19}
^[P]{1}\d{8}[P]{1}\d{4}[C]{1}\d{5}[A]{1}\d{19}
^[P]{1}\d{8}[C]{1}\d{19}
^[P]{1}\d{8}[P]{1}\d{4}[C]{1}\d{5}[B]{1}\d{17}
^[P]{1}\d{8}[C]{1}\d{4}[C]{1}\d{5}[A]{1}\d{17}
^[P]{1}\d{8}[P]{1}\d{4}[C]{1}\d{6}[A]{1}\d{17}
^\d{4}[C]{1}\d{3}[D]{1}[;]{1}\d{2}[.]{1}\d{2}[.]{1}\d{4}[;]{1}\d{2}[:]{1}\d{2}[:]{1}\d{2}
^[P]{1}\w{36}
^[P]{1}\w{37}
^[P]{1}\d{8}[X]{1}\d{4}[C]{1}\d{5}[A]{1}\d{17}

mai 19, 2019 11:57:52 PM ui.UILog log
INFOS: APP_CONFIG0003   : 24 formats possible du QR pour le projet HDEP ont été chargés avec succès !
mai 19, 2019 11:57:52 PM ui.UILog log
INFOS: FROM ConfigBarcode cb WHERE cb.keyWord = :keyWord AND cb.harness_type = :harnessType ORDER BY id ASC
mai 19, 2019 11:57:52 PM ui.UILog log
INFOS: ^[P]\w{8}

mai 19, 2019 11:57:52 PM ui.UILog log
INFOS: APP_CONFIG0004   : 1 formats de référence possibles pour le projet HDEP ont été chargés avec succès.
mai 20, 2019 12:15:43 AM ui.UILog log
INFOS: Searching Harness part [23540138] in ConfigUCS: [HDEP]
mai 20, 2019 12:15:43 AM ui.UILog log
INFOS: APP_INFO0004 : Référence produit 23540138 trouvée pour le projet [HDEP].
mai 20, 2019 12:15:43 AM ui.UILog log
INFOS: APP_INFO0005 : Référence produit correcte P23540138 
mai 20, 2019 12:15:45 AM ui.UILog log
INFOS: Searching Harness counter [P2354013820190519010101] in BaseHarness.
mai 20, 2019 12:15:45 AM ui.UILog log
INFOS: FROM BaseHarness bh WHERE bh.counter = :counter
mai 20, 2019 12:15:45 AM ui.UILog log
INFOS: New harness to be added BaseHarness{harnessPart=null, counter=null}
mai 20, 2019 12:15:52 AM ui.UILog log
INFOS: Daily output print directory [.\print\2019_05_20] created !
open_sheet sub directory [.\print\2019_05_20\open_sheet] created !
Print sub directory [.\print\2019_05_20\closing_sheet] created !
Print sub directory [.\print\2019_05_20\picking_label] created !
Print sub directory [.\print\2019_05_20\dispatch_label] created !

mai 20, 2019 12:15:52 AM ui.UILog log
INFOS: Sending [.\print\2019_05_20\open_sheet\PrintOpenPallet_A5_2019_05_20_00_15_52__23540138_20009502112.pdf] to the default printer...
mai 20, 2019 12:15:53 AM ui.UILog log
INFOS: File [.\print\2019_05_20\open_sheet\PrintOpenPallet_A5_2019_05_20_00_15_52__23540138_20009502112.pdf] has been printed.
mai 20, 2019 12:15:53 AM ui.UILog log
INFOS: APP_INFO0006 : Openning new container 200095021 for the first harness part 
mai 20, 2019 12:16:48 AM ui.UILog log
INFOS: BaseContainer created BaseContainer{id=93877, fifoTime=Mon May 20 00:16:47 UTC 2019, storedTime=null, palletNumber=200095021, harnessPart=23540138, supplierPartNumber=26C98250A, qtyExpected=1, qtyRead=1, containerState=OPEN, containerStateCode=1000, packType=C11, harnessType=HDEP, ucsLifes=-1, ucsId=996, dispatchLabelNo=null, destination=SKOVDE, harnessList=[], harnessCounter=null, choosen_pack_type=null} 
mai 20, 2019 12:16:48 AM ui.UILog log
INFOS: Daily output print directory [.\print\2019_05_20] already exist!
open_sheet sub directory [.\print\2019_05_20\open_sheet] already exist!
Print sub directory [.\print\2019_05_20\closing_sheet] already exist!
Print sub directory [.\print\2019_05_20\picking_label] already exist!
Print sub directory [.\print\2019_05_20\dispatch_label] already exist!

mai 20, 2019 12:16:49 AM ui.UILog log
INFOS: Sending [.\print\2019_05_20\closing_sheet\PrintClosingPallet_A5_23540138_2019_05_20_00_16_48650.pdf] to the default printer...
mai 20, 2019 12:16:49 AM ui.UILog log
INFOS: File [%s] has been printed.
