mai 22, 2019 12:12:49 AM ui.UILog log
INFOS: File 2019_05_22.log is created!

mai 22, 2019 12:12:49 AM ui.UILog log
INFOS: Daily output print directory [.\print\2019_05_22] already exist!
open_sheet sub directory [.\print\2019_05_22\open_sheet] already exist!
Print sub directory [.\print\2019_05_22\closing_sheet] already exist!
Print sub directory [.\print\2019_05_22\picking_label] already exist!
Print sub directory [.\print\2019_05_22\dispatch_label] already exist!

mai 22, 2019 12:15:02 AM ui.UILog log
INFOS: APP_INFO0003 : User EZZIOURI Oussama / 9 connected to host Oussama-PC at 2019-05-22 00:15:02 Module : Configuration : .
mai 22, 2019 12:15:21 AM ui.UILog log
INFOS: APP_INFO0003 : User EZZIOURI Oussama / 9 connected to host Oussama-PC at 2019-05-22 00:15:21 Project : SMALL.
mai 22, 2019 12:15:21 AM ui.UILog log
INFOS: APP_CONFIG0002   : Chargement de la liste des formats QR dans la variable DATAMATRIX_PATTERN_LIST ...
mai 22, 2019 12:15:21 AM ui.UILog log
INFOS: FROM ConfigBarcode cb WHERE cb.keyWord = :keyWord AND cb.harness_type = :harnessType ORDER BY id ASC
mai 22, 2019 12:15:21 AM ui.UILog log
INFOS: ^[P]{1}\d{22}
^[P]{1}\d{10}[.]\d{2}[.]\d{4}[;]\d{2}[:]\d{2}[:]\d{2}
^[P]{1}\d{8}[;]\d{2}[.]\d{2}[.]\d{6}[:]\d{2}[:]\d{2}
^[P]{1}\d{8}[;]\d{2}[.]\d{2}[.]\d{4}[;]\d{2}[:]\d{2}[:]\d{2}
^[P]{1}\d{10}[.]\d{2}[.]\d{6}[:]\d{2}[:]\d{2}
^[P]{1}\d{8}[P]{1}\d{10}[A]{1}\d{17}
^[P]{1}\d{8}[P]{1}\d{4}[C]{1}\d{5}[C]{1}\d{17}
^[P]{1}\d{8}[P]{1}\d{4}[C]{1}\d{5}[A]{1}\d{14}
^[P]{1}\d{8}[P]{1}\d{4}[C]{1}\d{5}[A]{1}\d{13}
^[P]{1}\d{8}[P]{1}\d{4}[C]{1}\d{5}[A]{1}\d{16}
^[P]{1}\d{8}[P]{1}\d{4}[C]{1}\d{5}[A]{1}\d{18}
^[P]{1}\d{8}[P]{1}\d{4}[C]{1}\d{5}[A]{1}\d{12}
^[P]{1}\d{8}[P]{1}\d{4}[C]{1}\d{5}[A]{1}\d{17}
^[P]{1}\d{8}[P]{1}\d{4}[C]{1}\d{5}[A]{1}\d{15}
^[P]{1}\d{8}[P]{1}\d{19}
^[P]{1}\d{8}[P]{1}\d{4}[C]{1}\d{5}[A]{1}\d{19}
^[P]{1}\d{8}[C]{1}\d{19}
^[P]{1}\d{8}[P]{1}\d{4}[C]{1}\d{5}[B]{1}\d{17}
^[P]{1}\d{8}[C]{1}\d{4}[C]{1}\d{5}[A]{1}\d{17}
^[P]{1}\d{8}[P]{1}\d{4}[C]{1}\d{6}[A]{1}\d{17}
^\d{4}[C]{1}\d{3}[D]{1}[;]{1}\d{2}[.]{1}\d{2}[.]{1}\d{4}[;]{1}\d{2}[:]{1}\d{2}[:]{1}\d{2}
^[P]{1}\w{32}
^[P]{1}\d{10}[C]{1}\d{5}[A]{1}\d{19}

mai 22, 2019 12:15:21 AM ui.UILog log
INFOS: APP_CONFIG0003   : 23 formats possible du QR pour le projet SMALL ont été chargés avec succès !
mai 22, 2019 12:15:21 AM ui.UILog log
INFOS: FROM ConfigBarcode cb WHERE cb.keyWord = :keyWord AND cb.harness_type = :harnessType ORDER BY id ASC
mai 22, 2019 12:15:21 AM ui.UILog log
INFOS: ^[P]\w{8}

mai 22, 2019 12:15:21 AM ui.UILog log
INFOS: APP_CONFIG0004   : 1 formats de référence possibles pour le projet SMALL ont été chargés avec succès.
mai 22, 2019 12:16:36 AM ui.UILog log
INFOS: Droping harness list...{0}
mai 22, 2019 12:16:46 AM ui.UILog log
INFOS: Searching Harness part [22216200] in ConfigUCS: [SMALL]
mai 22, 2019 12:16:46 AM ui.UILog log
INFOS: APP_INFO0004 : Référence produit 22216200 trouvée pour le projet [SMALL].
mai 22, 2019 12:16:46 AM ui.UILog log
INFOS: APP_INFO0005 : Référence produit correcte P22216200 
mai 22, 2019 12:16:49 AM ui.UILog log
INFOS: Searching Harness counter [P2221620020190521235103] in BaseHarness.
mai 22, 2019 12:16:49 AM ui.UILog log
INFOS: FROM BaseHarness bh WHERE bh.counter = :counter
mai 22, 2019 12:16:49 AM ui.UILog log
INFOS: New harness to be added BaseHarness{harnessPart=null, counter=null}
mai 22, 2019 12:18:59 AM ui.UILog log
INFOS: Daily output print directory [.\print\2019_05_22] already exist!
open_sheet sub directory [.\print\2019_05_22\open_sheet] already exist!
Print sub directory [.\print\2019_05_22\closing_sheet] already exist!
Print sub directory [.\print\2019_05_22\picking_label] already exist!
Print sub directory [.\print\2019_05_22\dispatch_label] already exist!

mai 22, 2019 12:18:59 AM ui.UILog log
INFOS: Sending [.\print\2019_05_22\open_sheet\PrintOpenPallet_A5_2019_05_22_00_18_59__22216200_200095025704.pdf] to the default printer...
mai 22, 2019 12:18:59 AM ui.UILog log
INFOS: File [.\print\2019_05_22\open_sheet\PrintOpenPallet_A5_2019_05_22_00_18_59__22216200_200095025704.pdf] has been printed.
mai 22, 2019 12:18:59 AM ui.UILog log
INFOS: APP_INFO0006 : Openning new container 200095025 for the first harness part 
mai 22, 2019 12:19:13 AM ui.UILog log
INFOS: BaseContainer created BaseContainer{id=93881, fifoTime=Wed May 22 00:19:13 UTC 2019, storedTime=null, palletNumber=200095025, harnessPart=22216200, supplierPartNumber=26C06971A, qtyExpected=1, qtyRead=1, containerState=OPEN, containerStateCode=1000, packType=C9, harnessType=SMALL, ucsLifes=-1, ucsId=999, dispatchLabelNo=null, destination=VMI, harnessList=[], harnessCounter=null, choosen_pack_type=null} 
mai 22, 2019 12:19:13 AM ui.UILog log
INFOS: Daily output print directory [.\print\2019_05_22] already exist!
open_sheet sub directory [.\print\2019_05_22\open_sheet] already exist!
Print sub directory [.\print\2019_05_22\closing_sheet] already exist!
Print sub directory [.\print\2019_05_22\picking_label] already exist!
Print sub directory [.\print\2019_05_22\dispatch_label] already exist!

mai 22, 2019 12:19:13 AM ui.UILog log
INFOS: Sending [.\print\2019_05_22\closing_sheet\PrintClosingPallet_A5_22216200_2019_05_22_00_19_13806.pdf] to the default printer...
mai 22, 2019 12:19:13 AM ui.UILog log
INFOS: File [%s] has been printed.
mai 22, 2019 12:20:28 AM ui.UILog log
INFOS: Searching Harness part [22216200] in ConfigUCS: [SMALL]
mai 22, 2019 12:20:28 AM ui.UILog log
INFOS: APP_INFO0004 : Référence produit 22216200 trouvée pour le projet [SMALL].
mai 22, 2019 12:20:28 AM ui.UILog log
INFOS: APP_INFO0005 : Référence produit correcte P22216200 
mai 22, 2019 12:20:30 AM ui.UILog log
INFOS: Searching Harness counter [P2221620020190521235104] in BaseHarness.
mai 22, 2019 12:20:30 AM ui.UILog log
INFOS: FROM BaseHarness bh WHERE bh.counter = :counter
mai 22, 2019 12:20:30 AM ui.UILog log
INFOS: New harness to be added BaseHarness{harnessPart=null, counter=null}
mai 22, 2019 12:20:35 AM ui.UILog log
INFOS: Daily output print directory [.\print\2019_05_22] already exist!
open_sheet sub directory [.\print\2019_05_22\open_sheet] already exist!
Print sub directory [.\print\2019_05_22\closing_sheet] already exist!
Print sub directory [.\print\2019_05_22\picking_label] already exist!
Print sub directory [.\print\2019_05_22\dispatch_label] already exist!

mai 22, 2019 12:20:35 AM ui.UILog log
INFOS: Sending [.\print\2019_05_22\open_sheet\PrintOpenPallet_A5_2019_05_22_00_20_35__22216200_200095026926.pdf] to the default printer...
mai 22, 2019 12:20:35 AM ui.UILog log
INFOS: File [.\print\2019_05_22\open_sheet\PrintOpenPallet_A5_2019_05_22_00_20_35__22216200_200095026926.pdf] has been printed.
mai 22, 2019 12:20:35 AM ui.UILog log
INFOS: APP_INFO0006 : Openning new container 200095026 for the first harness part 
mai 22, 2019 12:20:44 AM ui.UILog log
INFOS: BaseContainer created BaseContainer{id=93882, fifoTime=Wed May 22 00:20:44 UTC 2019, storedTime=null, palletNumber=200095026, harnessPart=22216200, supplierPartNumber=26C06971A, qtyExpected=1, qtyRead=1, containerState=OPEN, containerStateCode=1000, packType=C11, harnessType=SMALL, ucsLifes=-1, ucsId=1000, dispatchLabelNo=null, destination=VMI, harnessList=[], harnessCounter=null, choosen_pack_type=null} 
mai 22, 2019 12:20:44 AM ui.UILog log
INFOS: Daily output print directory [.\print\2019_05_22] already exist!
open_sheet sub directory [.\print\2019_05_22\open_sheet] already exist!
Print sub directory [.\print\2019_05_22\closing_sheet] already exist!
Print sub directory [.\print\2019_05_22\picking_label] already exist!
Print sub directory [.\print\2019_05_22\dispatch_label] already exist!

mai 22, 2019 12:20:44 AM ui.UILog log
INFOS: Sending [.\print\2019_05_22\closing_sheet\PrintClosingPallet_A5_22216200_2019_05_22_00_20_4451.pdf] to the default printer...
mai 22, 2019 12:20:44 AM ui.UILog log
INFOS: File [%s] has been printed.
mai 22, 2019 12:21:13 AM ui.UILog log
GRAVE: APP_ERR0020 : Ce numéro palette invalide pour la ferméture [200095026] !
mai 22, 2019 12:23:37 AM ui.UILog log
INFOS: FROM ConfigProject bp ORDER BY project ASC
mai 22, 2019 12:24:16 AM ui.UILog log
INFOS: Searching Harness part [22216200] in ConfigUCS: [SMALL]
mai 22, 2019 12:24:16 AM ui.UILog log
INFOS: APP_INFO0004 : Référence produit 22216200 trouvée pour le projet [SMALL].
mai 22, 2019 12:24:16 AM ui.UILog log
INFOS: APP_INFO0005 : Référence produit correcte P22216200 
mai 22, 2019 12:24:24 AM ui.UILog log
INFOS: Searching Harness counter [P2221620020190521235105] in BaseHarness.
mai 22, 2019 12:24:24 AM ui.UILog log
INFOS: FROM BaseHarness bh WHERE bh.counter = :counter
mai 22, 2019 12:24:24 AM ui.UILog log
INFOS: New harness to be added BaseHarness{harnessPart=null, counter=null}
mai 22, 2019 12:24:28 AM ui.UILog log
INFOS: Daily output print directory [.\print\2019_05_22] already exist!
open_sheet sub directory [.\print\2019_05_22\open_sheet] already exist!
Print sub directory [.\print\2019_05_22\closing_sheet] already exist!
Print sub directory [.\print\2019_05_22\picking_label] already exist!
Print sub directory [.\print\2019_05_22\dispatch_label] already exist!

mai 22, 2019 12:24:28 AM ui.UILog log
INFOS: Sending [.\print\2019_05_22\open_sheet\PrintOpenPallet_A5_2019_05_22_00_24_28__22216200_200095027401.pdf] to the default printer...
mai 22, 2019 12:24:28 AM ui.UILog log
INFOS: File [.\print\2019_05_22\open_sheet\PrintOpenPallet_A5_2019_05_22_00_24_28__22216200_200095027401.pdf] has been printed.
mai 22, 2019 12:24:28 AM ui.UILog log
INFOS: APP_INFO0006 : Openning new container 200095027 for the first harness part 
mai 22, 2019 12:24:32 AM ui.UILog log
INFOS: BaseContainer created BaseContainer{id=93883, fifoTime=Wed May 22 00:24:32 UTC 2019, storedTime=null, palletNumber=200095027, harnessPart=22216200, supplierPartNumber=26C06971A, qtyExpected=1, qtyRead=1, containerState=OPEN, containerStateCode=1000, packType=C9, harnessType=SMALL, ucsLifes=-1, ucsId=999, dispatchLabelNo=null, destination=VMI, harnessList=[], harnessCounter=null, choosen_pack_type=null} 
mai 22, 2019 12:24:32 AM ui.UILog log
INFOS: Daily output print directory [.\print\2019_05_22] already exist!
open_sheet sub directory [.\print\2019_05_22\open_sheet] already exist!
Print sub directory [.\print\2019_05_22\closing_sheet] already exist!
Print sub directory [.\print\2019_05_22\picking_label] already exist!
Print sub directory [.\print\2019_05_22\dispatch_label] already exist!

mai 22, 2019 12:24:33 AM ui.UILog log
INFOS: Sending [.\print\2019_05_22\closing_sheet\PrintClosingPallet_A5_22216200_2019_05_22_00_24_33266.pdf] to the default printer...
mai 22, 2019 12:24:33 AM ui.UILog log
INFOS: File [%s] has been printed.
