mai 03, 2019 1:20:55 PM ui.UILog log
INFOS: File 2019_05_03.log is created!

mai 03, 2019 1:20:55 PM ui.UILog log
INFOS: Daily output print directory [.\print\2019_05_03] created !
open_sheet sub directory [.\print\2019_05_03\open_sheet] created !
Print sub directory [.\print\2019_05_03\closing_sheet] created !
Print sub directory [.\print\2019_05_03\picking_label] created !
Print sub directory [.\print\2019_05_03\dispatch_label] created !

mai 03, 2019 1:20:58 PM ui.UILog log
INFOS: APP_INFO0003 : User EZZIOURI Oussama / 9 connected to host WSMA7040 at 2019-05-03 13:20:58 Module : Configuration : .
mai 03, 2019 1:28:12 PM ui.UILog log
INFOS: APP_INFO0003 : User EZZIOURI Oussama / 9 connected to host WSMA7040 at 2019-05-03 13:28:12 Project : HDEP.
mai 03, 2019 1:28:13 PM ui.UILog log
INFOS: APP_CONFIG0002   : Chargement de la liste des formats QR dans la variable DATAMATRIX_PATTERN_LIST ...
mai 03, 2019 1:28:13 PM ui.UILog log
INFOS: FROM ConfigBarcode cb WHERE cb.keyWord = :keyWord AND cb.harness_type = :harnessType ORDER BY id ASC
mai 03, 2019 1:28:13 PM ui.UILog log
INFOS: ^[P]{1}\d{22}
^[P]{1}\d{10}[.]\d{2}[.]\d{4}[;]\d{2}[:]\d{2}[:]\d{2}
^[P]{1}\d{8}[;]\d{2}[.]\d{2}[.]\d{6}[:]\d{2}[:]\d{2}
^[P]{1}\d{8}[;]\d{2}[.]\d{2}[.]\d{4}[;]\d{2}[:]\d{2}[:]\d{2}
^[P]{1}\d{10}[.]\d{2}[.]\d{6}[:]\d{2}[:]\d{2}
^[P]{1}\d{8}[P]{1}\d{10}[A]{1}\d{17}
^[P]{1}\d{8}[P]{1}\d{4}[C]{1}\d{5}[C]{1}\d{17}
^[P]{1}\d{8}[P]{1}\d{4}[C]{1}\d{5}[A]{1}\d{14}
^[P]{1}\d{8}[P]{1}\d{4}[C]{1}\d{5}[A]{1}\d{13}
^[P]{1}\d{8}[P]{1}\d{4}[C]{1}\d{5}[A]{1}\d{16}
^[P]{1}\d{8}[P]{1}\d{4}[C]{1}\d{5}[A]{1}\d{18}
^[P]{1}\d{8}[P]{1}\d{4}[C]{1}\d{5}[A]{1}\d{12}
^[P]{1}\d{8}[P]{1}\d{4}[C]{1}\d{5}[A]{1}\d{17}
^[P]{1}\d{8}[P]{1}\d{4}[C]{1}\d{5}[A]{1}\d{15}
^[P]{1}\d{8}[P]{1}\d{19}
^[P]{1}\d{8}[P]{1}\d{4}[C]{1}\d{5}[A]{1}\d{19}
^[P]{1}\d{8}[C]{1}\d{19}
^[P]{1}\d{8}[P]{1}\d{4}[C]{1}\d{5}[B]{1}\d{17}
^[P]{1}\d{8}[C]{1}\d{4}[C]{1}\d{5}[A]{1}\d{17}
^[P]{1}\d{8}[P]{1}\d{4}[C]{1}\d{6}[A]{1}\d{17}
^\d{4}[C]{1}\d{3}[D]{1}[;]{1}\d{2}[.]{1}\d{2}[.]{1}\d{4}[;]{1}\d{2}[:]{1}\d{2}[:]{1}\d{2}
^[P]{1}\w{36}
^[P]{1}\w{37}
^[P]{1}\d{8}[X]{1}\d{4}[C]{1}\d{5}[A]{1}\d{17}

mai 03, 2019 1:28:13 PM ui.UILog log
INFOS: APP_CONFIG0003   : 24 formats possible du QR pour le projet HDEP ont été chargés avec succès !
mai 03, 2019 1:28:13 PM ui.UILog log
INFOS: FROM ConfigBarcode cb WHERE cb.keyWord = :keyWord AND cb.harness_type = :harnessType ORDER BY id ASC
mai 03, 2019 1:28:13 PM ui.UILog log
INFOS: ^[P]\w{8}

mai 03, 2019 1:28:13 PM ui.UILog log
INFOS: APP_CONFIG0004   : 1 formats de référence possibles pour le projet HDEP ont été chargés avec succès.
