juil. 01, 2019 12:11:08 AM ui.UILog log
INFOS: File 2019_07_01.log is created!

juil. 01, 2019 12:11:08 AM ui.UILog log
INFOS: Daily output print directory [.\print\2019_07_01] created !
open_sheet sub directory [.\print\2019_07_01\open_sheet] created !
Print sub directory [.\print\2019_07_01\closing_sheet] created !
Print sub directory [.\print\2019_07_01\picking_label] created !
Print sub directory [.\print\2019_07_01\dispatch_label] created !

juil. 01, 2019 12:11:15 AM ui.UILog log
INFOS: APP_INFO0003 : User EZZIOURI Oussama / 9 connected to host Oussama-PC at 2019-07-01 00:11:15 Module : Configuration : .
juil. 01, 2019 12:11:17 AM ui.UILog log
INFOS: APP_INFO0003 : User EZZIOURI Oussama / 9 connected to host Oussama-PC at 2019-07-01 00:11:17 Dispatch interface : .
juil. 01, 2019 12:14:42 AM ui.UILog log
INFOS: File 2019_07_01.log already exists.

juil. 01, 2019 12:14:42 AM ui.UILog log
INFOS: Daily output print directory [.\print\2019_07_01] already exist!
open_sheet sub directory [.\print\2019_07_01\open_sheet] already exist!
Print sub directory [.\print\2019_07_01\closing_sheet] already exist!
Print sub directory [.\print\2019_07_01\picking_label] already exist!
Print sub directory [.\print\2019_07_01\dispatch_label] already exist!

juil. 01, 2019 12:14:45 AM ui.UILog log
INFOS: APP_INFO0003 : User EZZIOURI Oussama / 9 connected to host Oussama-PC at 2019-07-01 00:14:45 Module : Configuration : .
juil. 01, 2019 12:14:46 AM ui.UILog log
INFOS: APP_INFO0003 : User EZZIOURI Oussama / 9 connected to host Oussama-PC at 2019-07-01 00:14:46 Dispatch interface : .
juil. 01, 2019 12:16:10 AM ui.UILog log
INFOS: File 2019_07_01.log already exists.

juil. 01, 2019 12:16:10 AM ui.UILog log
INFOS: Daily output print directory [.\print\2019_07_01] already exist!
open_sheet sub directory [.\print\2019_07_01\open_sheet] already exist!
Print sub directory [.\print\2019_07_01\closing_sheet] already exist!
Print sub directory [.\print\2019_07_01\picking_label] already exist!
Print sub directory [.\print\2019_07_01\dispatch_label] already exist!

juil. 01, 2019 12:16:13 AM ui.UILog log
INFOS: APP_INFO0003 : User EZZIOURI Oussama / 9 connected to host Oussama-PC at 2019-07-01 00:16:13 Module : Configuration : .
juil. 01, 2019 12:16:15 AM ui.UILog log
INFOS: APP_INFO0003 : User EZZIOURI Oussama / 9 connected to host Oussama-PC at 2019-07-01 00:16:15 Dispatch interface : .
juil. 01, 2019 12:17:29 AM ui.UILog log
INFOS: File 2019_07_01.log already exists.

juil. 01, 2019 12:17:29 AM ui.UILog log
INFOS: Daily output print directory [.\print\2019_07_01] already exist!
open_sheet sub directory [.\print\2019_07_01\open_sheet] already exist!
Print sub directory [.\print\2019_07_01\closing_sheet] already exist!
Print sub directory [.\print\2019_07_01\picking_label] already exist!
Print sub directory [.\print\2019_07_01\dispatch_label] already exist!

juil. 01, 2019 12:17:31 AM ui.UILog log
INFOS: APP_INFO0003 : User EZZIOURI Oussama / 9 connected to host Oussama-PC at 2019-07-01 00:17:31 Module : Configuration : .
juil. 01, 2019 12:17:35 AM ui.UILog log
INFOS: APP_INFO0003 : User EZZIOURI Oussama / 9 connected to host Oussama-PC at 2019-07-01 00:17:35 Dispatch interface : .
juil. 01, 2019 12:18:07 AM ui.UILog log
INFOS: File 2019_07_01.log already exists.

juil. 01, 2019 12:18:07 AM ui.UILog log
INFOS: Daily output print directory [.\print\2019_07_01] already exist!
open_sheet sub directory [.\print\2019_07_01\open_sheet] already exist!
Print sub directory [.\print\2019_07_01\closing_sheet] already exist!
Print sub directory [.\print\2019_07_01\picking_label] already exist!
Print sub directory [.\print\2019_07_01\dispatch_label] already exist!

juil. 01, 2019 12:18:09 AM ui.UILog log
INFOS: APP_INFO0003 : User EZZIOURI Oussama / 9 connected to host Oussama-PC at 2019-07-01 00:18:09 Module : Configuration : .
juil. 01, 2019 12:18:10 AM ui.UILog log
INFOS: APP_INFO0003 : User EZZIOURI Oussama / 9 connected to host Oussama-PC at 2019-07-01 00:18:10 Dispatch interface : .
juil. 01, 2019 12:23:56 AM ui.UILog log
INFOS: File 2019_07_01.log already exists.

juil. 01, 2019 12:23:56 AM ui.UILog log
INFOS: Daily output print directory [.\print\2019_07_01] already exist!
open_sheet sub directory [.\print\2019_07_01\open_sheet] already exist!
Print sub directory [.\print\2019_07_01\closing_sheet] already exist!
Print sub directory [.\print\2019_07_01\picking_label] already exist!
Print sub directory [.\print\2019_07_01\dispatch_label] already exist!

juil. 01, 2019 12:23:58 AM ui.UILog log
INFOS: APP_INFO0003 : User EZZIOURI Oussama / 9 connected to host Oussama-PC at 2019-07-01 00:23:58 Module : Configuration : .
juil. 01, 2019 12:24:00 AM ui.UILog log
INFOS: APP_INFO0003 : User EZZIOURI Oussama / 9 connected to host Oussama-PC at 2019-07-01 00:24:00 Dispatch interface : .
juil. 01, 2019 12:25:41 AM ui.UILog log
INFOS: File 2019_07_01.log already exists.

juil. 01, 2019 12:25:41 AM ui.UILog log
INFOS: Daily output print directory [.\print\2019_07_01] already exist!
open_sheet sub directory [.\print\2019_07_01\open_sheet] already exist!
Print sub directory [.\print\2019_07_01\closing_sheet] already exist!
Print sub directory [.\print\2019_07_01\picking_label] already exist!
Print sub directory [.\print\2019_07_01\dispatch_label] already exist!

juil. 01, 2019 12:25:43 AM ui.UILog log
INFOS: APP_INFO0003 : User EZZIOURI Oussama / 9 connected to host Oussama-PC at 2019-07-01 00:25:43 Module : Configuration : .
juil. 01, 2019 12:25:44 AM ui.UILog log
INFOS: APP_INFO0003 : User EZZIOURI Oussama / 9 connected to host Oussama-PC at 2019-07-01 00:25:44 Dispatch interface : .
juil. 01, 2019 12:29:27 AM ui.UILog log
INFOS: File 2019_07_01.log already exists.

juil. 01, 2019 12:29:27 AM ui.UILog log
INFOS: Daily output print directory [.\print\2019_07_01] already exist!
open_sheet sub directory [.\print\2019_07_01\open_sheet] already exist!
Print sub directory [.\print\2019_07_01\closing_sheet] already exist!
Print sub directory [.\print\2019_07_01\picking_label] already exist!
Print sub directory [.\print\2019_07_01\dispatch_label] already exist!

juil. 01, 2019 12:29:28 AM ui.UILog log
INFOS: APP_INFO0003 : User EZZIOURI Oussama / 9 connected to host Oussama-PC at 2019-07-01 00:29:28 Module : Configuration : .
juil. 01, 2019 12:29:30 AM ui.UILog log
INFOS: APP_INFO0003 : User EZZIOURI Oussama / 9 connected to host Oussama-PC at 2019-07-01 00:29:30 Dispatch interface : .
juil. 01, 2019 12:32:04 AM ui.UILog log
INFOS: File 2019_07_01.log already exists.

juil. 01, 2019 12:32:04 AM ui.UILog log
INFOS: Daily output print directory [.\print\2019_07_01] already exist!
open_sheet sub directory [.\print\2019_07_01\open_sheet] already exist!
Print sub directory [.\print\2019_07_01\closing_sheet] already exist!
Print sub directory [.\print\2019_07_01\picking_label] already exist!
Print sub directory [.\print\2019_07_01\dispatch_label] already exist!

juil. 01, 2019 12:32:06 AM ui.UILog log
INFOS: APP_INFO0003 : User EZZIOURI Oussama / 9 connected to host Oussama-PC at 2019-07-01 00:32:06 Module : Configuration : .
juil. 01, 2019 12:32:08 AM ui.UILog log
INFOS: APP_INFO0003 : User EZZIOURI Oussama / 9 connected to host Oussama-PC at 2019-07-01 00:32:08 Dispatch interface : .
juil. 01, 2019 10:50:56 PM ui.UILog log
INFOS: File 2019_07_01.log already exists.

juil. 01, 2019 10:50:56 PM ui.UILog log
INFOS: Daily output print directory [.\print\2019_07_01] already exist!
open_sheet sub directory [.\print\2019_07_01\open_sheet] already exist!
Print sub directory [.\print\2019_07_01\closing_sheet] already exist!
Print sub directory [.\print\2019_07_01\picking_label] already exist!
Print sub directory [.\print\2019_07_01\dispatch_label] already exist!

juil. 01, 2019 10:51:00 PM ui.UILog log
INFOS: APP_INFO0003 : User EZZIOURI Oussama / 9 connected to host Oussama-PC at 2019-07-01 22:51:00 Module : Configuration : .
juil. 01, 2019 10:51:02 PM ui.UILog log
INFOS: APP_INFO0003 : User EZZIOURI Oussama / 9 connected to host Oussama-PC at 2019-07-01 22:51:02 Dispatch interface : .
juil. 01, 2019 10:55:46 PM ui.UILog log
INFOS: File 2019_07_01.log already exists.

juil. 01, 2019 10:55:46 PM ui.UILog log
INFOS: Daily output print directory [.\print\2019_07_01] already exist!
open_sheet sub directory [.\print\2019_07_01\open_sheet] already exist!
Print sub directory [.\print\2019_07_01\closing_sheet] already exist!
Print sub directory [.\print\2019_07_01\picking_label] already exist!
Print sub directory [.\print\2019_07_01\dispatch_label] already exist!

juil. 01, 2019 10:55:48 PM ui.UILog log
INFOS: APP_INFO0003 : User EZZIOURI Oussama / 9 connected to host Oussama-PC at 2019-07-01 22:55:48 Module : Configuration : .
juil. 01, 2019 10:55:50 PM ui.UILog log
INFOS: APP_INFO0003 : User EZZIOURI Oussama / 9 connected to host Oussama-PC at 2019-07-01 22:55:50 Dispatch interface : .
juil. 01, 2019 10:56:45 PM ui.UILog log
INFOS: File 2019_07_01.log already exists.

juil. 01, 2019 10:56:45 PM ui.UILog log
INFOS: Daily output print directory [.\print\2019_07_01] already exist!
open_sheet sub directory [.\print\2019_07_01\open_sheet] already exist!
Print sub directory [.\print\2019_07_01\closing_sheet] already exist!
Print sub directory [.\print\2019_07_01\picking_label] already exist!
Print sub directory [.\print\2019_07_01\dispatch_label] already exist!

juil. 01, 2019 10:57:09 PM ui.UILog log
INFOS: APP_INFO0003 : User EZZIOURI Oussama / 9 connected to host Oussama-PC at 2019-07-01 22:57:09 Module : Configuration : .
juil. 01, 2019 10:57:13 PM ui.UILog log
INFOS: APP_INFO0003 : User EZZIOURI Oussama / 9 connected to host Oussama-PC at 2019-07-01 22:57:13 Dispatch interface : .
juil. 01, 2019 11:02:04 PM ui.UILog log
INFOS: File 2019_07_01.log already exists.

juil. 01, 2019 11:02:04 PM ui.UILog log
INFOS: Daily output print directory [.\print\2019_07_01] already exist!
open_sheet sub directory [.\print\2019_07_01\open_sheet] already exist!
Print sub directory [.\print\2019_07_01\closing_sheet] already exist!
Print sub directory [.\print\2019_07_01\picking_label] already exist!
Print sub directory [.\print\2019_07_01\dispatch_label] already exist!

juil. 01, 2019 11:02:07 PM ui.UILog log
INFOS: APP_INFO0003 : User EZZIOURI Oussama / 9 connected to host Oussama-PC at 2019-07-01 23:02:07 Module : Configuration : .
juil. 01, 2019 11:02:09 PM ui.UILog log
INFOS: APP_INFO0003 : User EZZIOURI Oussama / 9 connected to host Oussama-PC at 2019-07-01 23:02:09 Dispatch interface : .
juil. 01, 2019 11:17:00 PM ui.UILog log
INFOS: File 2019_07_01.log already exists.

juil. 01, 2019 11:17:00 PM ui.UILog log
INFOS: Daily output print directory [.\print\2019_07_01] already exist!
open_sheet sub directory [.\print\2019_07_01\open_sheet] already exist!
Print sub directory [.\print\2019_07_01\closing_sheet] already exist!
Print sub directory [.\print\2019_07_01\picking_label] already exist!
Print sub directory [.\print\2019_07_01\dispatch_label] already exist!

juil. 01, 2019 11:17:04 PM ui.UILog log
INFOS: APP_INFO0003 : User EZZIOURI Oussama / 9 connected to host Oussama-PC at 2019-07-01 23:17:04 Module : Configuration : .
juil. 01, 2019 11:17:06 PM ui.UILog log
INFOS: APP_INFO0003 : User EZZIOURI Oussama / 9 connected to host Oussama-PC at 2019-07-01 23:17:06 Dispatch interface : .
juil. 01, 2019 11:24:24 PM ui.UILog log
INFOS: File 2019_07_01.log already exists.

juil. 01, 2019 11:24:24 PM ui.UILog log
INFOS: Daily output print directory [.\print\2019_07_01] already exist!
open_sheet sub directory [.\print\2019_07_01\open_sheet] already exist!
Print sub directory [.\print\2019_07_01\closing_sheet] already exist!
Print sub directory [.\print\2019_07_01\picking_label] already exist!
Print sub directory [.\print\2019_07_01\dispatch_label] already exist!

juil. 01, 2019 11:24:27 PM ui.UILog log
INFOS: APP_INFO0003 : User EZZIOURI Oussama / 9 connected to host Oussama-PC at 2019-07-01 23:24:27 Module : Configuration : .
juil. 01, 2019 11:24:28 PM ui.UILog log
INFOS: APP_INFO0003 : User EZZIOURI Oussama / 9 connected to host Oussama-PC at 2019-07-01 23:24:28 Dispatch interface : .
juil. 01, 2019 11:30:12 PM ui.UILog log
INFOS: File 2019_07_01.log already exists.

juil. 01, 2019 11:30:12 PM ui.UILog log
INFOS: Daily output print directory [.\print\2019_07_01] already exist!
open_sheet sub directory [.\print\2019_07_01\open_sheet] already exist!
Print sub directory [.\print\2019_07_01\closing_sheet] already exist!
Print sub directory [.\print\2019_07_01\picking_label] already exist!
Print sub directory [.\print\2019_07_01\dispatch_label] already exist!

juil. 01, 2019 11:30:15 PM ui.UILog log
INFOS: APP_INFO0003 : User EZZIOURI Oussama / 9 connected to host Oussama-PC at 2019-07-01 23:30:15 Module : Configuration : .
juil. 01, 2019 11:30:17 PM ui.UILog log
INFOS: APP_INFO0003 : User EZZIOURI Oussama / 9 connected to host Oussama-PC at 2019-07-01 23:30:17 Dispatch interface : .
juil. 01, 2019 11:32:49 PM ui.UILog log
INFOS: File 2019_07_01.log already exists.

juil. 01, 2019 11:32:49 PM ui.UILog log
INFOS: Daily output print directory [.\print\2019_07_01] already exist!
open_sheet sub directory [.\print\2019_07_01\open_sheet] already exist!
Print sub directory [.\print\2019_07_01\closing_sheet] already exist!
Print sub directory [.\print\2019_07_01\picking_label] already exist!
Print sub directory [.\print\2019_07_01\dispatch_label] already exist!

juil. 01, 2019 11:32:51 PM ui.UILog log
INFOS: APP_INFO0003 : User EZZIOURI Oussama / 9 connected to host Oussama-PC at 2019-07-01 23:32:51 Module : Configuration : .
juil. 01, 2019 11:32:52 PM ui.UILog log
INFOS: APP_INFO0003 : User EZZIOURI Oussama / 9 connected to host Oussama-PC at 2019-07-01 23:32:52 Dispatch interface : .
juil. 01, 2019 11:39:46 PM ui.UILog log
INFOS: FROM ConfigBarcode cb WHERE cb.keyWord = :keyWord ORDER BY id ASC
juil. 01, 2019 11:39:46 PM ui.UILog log
INFOS: FROM ConfigBarcode cb WHERE cb.keyWord = :keyWord ORDER BY id ASC
juil. 01, 2019 11:39:46 PM ui.UILog log
INFOS: FROM ConfigBarcode cb WHERE cb.keyWord = :keyWord ORDER BY id ASC
juil. 01, 2019 11:55:27 PM ui.UILog log
INFOS: FROM ConfigProject bp ORDER BY project ASC
juil. 01, 2019 11:55:36 PM ui.UILog log
GRAVE: APP_ERR0027 DISPATCH : Aucune date d'export n'est selectionée.
