juil. 18, 2019 12:00:07 AM ui.UILog log
INFOS: File 2019_07_18.log is created!

juil. 18, 2019 12:00:07 AM ui.UILog log
INFOS: Daily output print directory [.\print\2019_07_18] created !
open_sheet sub directory [.\print\2019_07_18\open_sheet] created !
Print sub directory [.\print\2019_07_18\closing_sheet] created !
Print sub directory [.\print\2019_07_18\picking_label] created !
Print sub directory [.\print\2019_07_18\dispatch_label] created !

juil. 18, 2019 12:00:10 AM ui.UILog log
INFOS: APP_INFO0003 : User EZZIOURI Oussama / 9 connected to host Oussama-PC at 2019-07-18 00:00:10 Module : Configuration : .
juil. 18, 2019 12:00:12 AM ui.UILog log
INFOS: APP_INFO0003 : User EZZIOURI Oussama / 9 connected to host Oussama-PC at 2019-07-18 00:00:12 Dispatch interface : .
juil. 18, 2019 12:00:19 AM ui.UILog log
INFOS: FROM ConfigProject bp ORDER BY project ASC
juil. 18, 2019 12:00:22 AM ui.UILog log
GRAVE: APP_ERR0042 CONFIG : No warehouse found for the selected project.
juil. 18, 2019 12:00:54 AM ui.UILog log
INFOS: FROM ConfigProject bp ORDER BY project ASC
juil. 18, 2019 12:00:56 AM ui.UILog log
GRAVE: APP_ERR0042 CONFIG : No warehouse found for the selected project.
juil. 18, 2019 12:01:30 AM ui.UILog log
INFOS: FROM ConfigProject bp ORDER BY project ASC
juil. 18, 2019 12:01:37 AM ui.UILog log
GRAVE: APP_ERR0042 CONFIG : No warehouse found for the selected project.
