juil. 30, 2019 9:32:59 AM ui.UILog log
INFOS: File 2019_07_30.log is created!

juil. 30, 2019 9:32:59 AM ui.UILog log
INFOS: Daily output print directory [.\print\2019_07_30] created !
open_sheet sub directory [.\print\2019_07_30\open_sheet] created !
Print sub directory [.\print\2019_07_30\closing_sheet] created !
Print sub directory [.\print\2019_07_30\picking_label] created !
Print sub directory [.\print\2019_07_30\dispatch_label] created !

juil. 30, 2019 9:36:19 AM ui.UILog log
INFOS: APP_INFO0003 : User EZZIOURI Oussama / 9 connected to host Oussama-PC at 2019-07-30 09:36:19 Module : Configuration : .
juil. 30, 2019 9:36:38 AM ui.UILog log
INFOS: FROM ConfigProject bp ORDER BY project ASC
juil. 30, 2019 9:37:40 AM ui.UILog log
INFOS: File 2019_07_30.log already exists.

juil. 30, 2019 9:37:40 AM ui.UILog log
INFOS: Daily output print directory [.\print\2019_07_30] already exist!
open_sheet sub directory [.\print\2019_07_30\open_sheet] already exist!
Print sub directory [.\print\2019_07_30\closing_sheet] already exist!
Print sub directory [.\print\2019_07_30\picking_label] already exist!
Print sub directory [.\print\2019_07_30\dispatch_label] already exist!

juil. 30, 2019 9:38:21 AM ui.UILog log
INFOS: APP_INFO0003 : User EZZIOURI Oussama / 9 connected to host Oussama-PC at 2019-07-30 09:38:21 Module : Configuration : .
juil. 30, 2019 9:38:23 AM ui.UILog log
INFOS: FROM ConfigProject bp ORDER BY project ASC
juil. 30, 2019 9:40:33 AM ui.UILog log
INFOS: File 2019_07_30.log already exists.

juil. 30, 2019 9:40:33 AM ui.UILog log
INFOS: Daily output print directory [.\print\2019_07_30] already exist!
open_sheet sub directory [.\print\2019_07_30\open_sheet] already exist!
Print sub directory [.\print\2019_07_30\closing_sheet] already exist!
Print sub directory [.\print\2019_07_30\picking_label] already exist!
Print sub directory [.\print\2019_07_30\dispatch_label] already exist!

juil. 30, 2019 9:40:37 AM ui.UILog log
INFOS: APP_INFO0003 : User EZZIOURI Oussama / 9 connected to host Oussama-PC at 2019-07-30 09:40:37 Module : Configuration : .
juil. 30, 2019 9:40:40 AM ui.UILog log
INFOS: FROM ConfigProject bp ORDER BY project ASC
juil. 30, 2019 9:41:04 AM ui.UILog log
INFOS: FROM ConfigWorkplace bp ORDER BY workplace ASC
juil. 30, 2019 9:47:23 AM ui.UILog log
INFOS: File 2019_07_30.log already exists.

juil. 30, 2019 9:47:23 AM ui.UILog log
INFOS: Daily output print directory [.\print\2019_07_30] already exist!
open_sheet sub directory [.\print\2019_07_30\open_sheet] already exist!
Print sub directory [.\print\2019_07_30\closing_sheet] already exist!
Print sub directory [.\print\2019_07_30\picking_label] already exist!
Print sub directory [.\print\2019_07_30\dispatch_label] already exist!

juil. 30, 2019 9:47:26 AM ui.UILog log
INFOS: APP_INFO0003 : User EZZIOURI Oussama / 9 connected to host Oussama-PC at 2019-07-30 09:47:26 Module : Configuration : .
juil. 30, 2019 9:47:28 AM ui.UILog log
INFOS: FROM ConfigProject bp ORDER BY project ASC
juil. 30, 2019 9:50:24 AM ui.UILog log
INFOS: File 2019_07_30.log already exists.

juil. 30, 2019 9:50:24 AM ui.UILog log
INFOS: Daily output print directory [.\print\2019_07_30] already exist!
open_sheet sub directory [.\print\2019_07_30\open_sheet] already exist!
Print sub directory [.\print\2019_07_30\closing_sheet] already exist!
Print sub directory [.\print\2019_07_30\picking_label] already exist!
Print sub directory [.\print\2019_07_30\dispatch_label] already exist!

juil. 30, 2019 9:50:44 AM ui.UILog log
INFOS: APP_INFO0003 : User EZZIOURI Oussama / 9 connected to host Oussama-PC at 2019-07-30 09:50:44 Module : Configuration : .
juil. 30, 2019 9:50:48 AM ui.UILog log
INFOS: FROM ConfigProject bp ORDER BY project ASC
juil. 30, 2019 9:52:16 AM ui.UILog log
INFOS: FROM ConfigWorkplace bp ORDER BY workplace ASC
juil. 30, 2019 9:53:16 AM ui.UILog log
INFOS: FROM ConfigWorkplace bp ORDER BY workplace ASC
juil. 30, 2019 9:53:50 AM ui.UILog log
INFOS: FROM ConfigWorkplace bp ORDER BY workplace ASC
juil. 30, 2019 9:54:08 AM ui.UILog log
INFOS: FROM ConfigWorkplace bp ORDER BY workplace ASC
juil. 30, 2019 9:56:12 AM ui.UILog log
INFOS: File 2019_07_30.log already exists.

juil. 30, 2019 9:56:12 AM ui.UILog log
INFOS: Daily output print directory [.\print\2019_07_30] already exist!
open_sheet sub directory [.\print\2019_07_30\open_sheet] already exist!
Print sub directory [.\print\2019_07_30\closing_sheet] already exist!
Print sub directory [.\print\2019_07_30\picking_label] already exist!
Print sub directory [.\print\2019_07_30\dispatch_label] already exist!

juil. 30, 2019 9:56:15 AM ui.UILog log
INFOS: APP_INFO0003 : User EZZIOURI Oussama / 9 connected to host Oussama-PC at 2019-07-30 09:56:15 Module : Configuration : .
juil. 30, 2019 9:56:17 AM ui.UILog log
INFOS: FROM ConfigProject bp ORDER BY project ASC
juil. 30, 2019 9:56:20 AM ui.UILog log
INFOS: FROM ConfigWorkplace bp ORDER BY workplace ASC
juil. 30, 2019 9:56:33 AM ui.UILog log
INFOS: FROM ConfigWorkplace bp ORDER BY workplace ASC
juil. 30, 2019 9:56:41 AM ui.UILog log
INFOS: FROM ConfigWorkplace bp ORDER BY workplace ASC
juil. 30, 2019 9:57:34 AM ui.UILog log
INFOS: APP_INFO0003 : User EZZIOURI Oussama / 9 connected to host Oussama-PC at 2019-07-30 09:57:34 Project : DUCATI.
juil. 30, 2019 9:57:34 AM ui.UILog log
INFOS: APP_CONFIG0002   : Chargement de la liste des formats QR dans la variable DATAMATRIX_PATTERN_LIST ...
juil. 30, 2019 9:57:34 AM ui.UILog log
INFOS: FROM ConfigBarcode cb WHERE cb.keyWord = :keyWord AND cb.harness_type = :harnessType ORDER BY id ASC
juil. 30, 2019 9:57:34 AM ui.UILog log
INFOS: ^[P]{1}\w{9}[;]{1}\d{2}[.]{1}\d{2}[.]{1}\d{4}[;]{1}\d{2}[:]{1}\d{2}[:]{1}\d{2}
^\w{9}[;]{1}\d{2}[.]{1}\d{2}[.]{1}\d{4}[;]{1}\d{2}[:]{1}\d{2}[:]{1}\d{2}
^\b{9}[;]{1}\d{2}[.]{1}\d{2}[.]{1}\d{4}[;]{1}\d{2}[:]{1}\d{2}[:]{1}\d{2}
^\w{9}[;]{1}\d{2}[:]{1}\d{2}[:]{1}\d{4}[;]{1}\d{2}[:]{1}\d{2}[:]{1}\d{2}

juil. 30, 2019 9:57:34 AM ui.UILog log
INFOS: APP_CONFIG0003   : 4 formats possible du QR pour le projet DUCATI ont été chargés avec succès !
juil. 30, 2019 9:57:34 AM ui.UILog log
INFOS: FROM ConfigBarcode cb WHERE cb.keyWord = :keyWord AND cb.harness_type = :harnessType ORDER BY id ASC
juil. 30, 2019 9:57:34 AM ui.UILog log
INFOS: ^[P]\w{9}
^\w{9}
^\b{9}

juil. 30, 2019 9:57:34 AM ui.UILog log
INFOS: APP_CONFIG0004   : 3 formats de référence possibles pour le projet DUCATI ont été chargés avec succès.
juil. 30, 2019 9:57:36 AM ui.UILog log
INFOS: Searching Harness part [5101F371A] in ConfigUCS: [DUCATI]
juil. 30, 2019 9:57:36 AM ui.UILog log
INFOS: APP_INFO0004 : Référence produit 5101F371A trouvée pour le projet [DUCATI].
juil. 30, 2019 9:57:36 AM ui.UILog log
INFOS: APP_INFO0005 : Référence produit correcte 5101F371A 
juil. 30, 2019 9:57:51 AM ui.UILog log
INFOS: Searching Harness counter [5101F371A;08:02:2019;19:00:30] in BaseHarness.
juil. 30, 2019 9:57:51 AM ui.UILog log
INFOS: FROM BaseHarness bh WHERE bh.counter = :counter
juil. 30, 2019 9:57:56 AM ui.UILog log
INFOS: New harness to be added BaseHarness{harnessPart=null, counter=null}
juil. 30, 2019 9:58:18 AM ui.UILog log
INFOS: Daily output print directory [.\print\2019_07_30] already exist!
open_sheet sub directory [.\print\2019_07_30\open_sheet] already exist!
Print sub directory [.\print\2019_07_30\closing_sheet] already exist!
Print sub directory [.\print\2019_07_30\picking_label] already exist!
Print sub directory [.\print\2019_07_30\dispatch_label] already exist!

juil. 30, 2019 9:58:18 AM ui.UILog log
INFOS: Sending [.\print\2019_07_30\open_sheet\PrintOpenPallet_A5_2019_07_30_09_58_18__5101F371A_200089712153.pdf] to the default printer...
juil. 30, 2019 9:58:18 AM ui.UILog log
INFOS: File [.\print\2019_07_30\open_sheet\PrintOpenPallet_A5_2019_07_30_09_58_18__5101F371A_200089712153.pdf] has been printed.
juil. 30, 2019 9:58:18 AM ui.UILog log
INFOS: APP_INFO0006 : Openning new container 200089712 for the first harness part 
juil. 30, 2019 9:58:56 AM ui.UILog log
INFOS: BaseContainer created BaseContainer{
id=88644,
 createTime=Tue Jul 30 09:58:56 WEST 2019,
 fifoTime=Tue Jul 30 09:58:56 WEST 2019,
 storedTime=null,
 shippedTime=null,
 reservedTime=null,
 createId=100,
 writeId=100,
 user=9,
 createUser=EZZIOURI Oussama,
 startTime=Tue Jul 30 09:58:56 WEST 2019,
 closedTime=null,
 workTime=null,
 palletNumber=200089712,
 harnessPart=5101F371A,
 harnessIndex=1A,
 supplierPartNumber=26F141102,
 qtyExpected=1,
 qtyRead=1,
 containerState=OPEN,
 containerStateCode=1000,
 packType=C11,
 harnessType=DUCATI,
 stdTime=0.0,
 price=0.0,
 packWorkstation=Oussama-PC,
 order_no=3105033,
 special_order=1,
 labelPerPiece=true,
 comment=,
 segment=DUCATI_SEG1,
 workplace=LINE1,
 ucsLifes=-1,
 ucsId=950,
 dispatchLabelNo=null,
 destination=ORBASSANO ITALY,
 dispatchTime=null,
 consignNo=null,
 invoiceNo=null,
 netWeight=0.0,
 grossWeight=0.0,
 volume=0.0,
 engChange=?,
 articleDesc=?,
 project=DUCATI,
 warehouse=4DU,
 engChangeDate=2018-01-01 00:00:00.0,
 priority=99,
 openningSheetCopies=1,
 closingSheetCopies=1,
 closingSheetFormat=2} 
juil. 30, 2019 9:58:56 AM ui.UILog log
INFOS: Daily output print directory [.\print\2019_07_30] already exist!
open_sheet sub directory [.\print\2019_07_30\open_sheet] already exist!
Print sub directory [.\print\2019_07_30\closing_sheet] already exist!
Print sub directory [.\print\2019_07_30\picking_label] already exist!
Print sub directory [.\print\2019_07_30\dispatch_label] already exist!

juil. 30, 2019 9:58:56 AM ui.UILog log
INFOS: Sending [.\print\2019_07_30\open_sheet\PartLabel_A5_5101F371A_2019_07_30_09_58_56.pdf] to the default printer...
juil. 30, 2019 9:58:56 AM ui.UILog log
INFOS: File [.\print\2019_07_30\open_sheet\PartLabel_A5_5101F371A_2019_07_30_09_58_56.pdf] has been printed.
juil. 30, 2019 9:58:56 AM ui.UILog log
INFOS: Daily output print directory [.\print\2019_07_30] already exist!
open_sheet sub directory [.\print\2019_07_30\open_sheet] already exist!
Print sub directory [.\print\2019_07_30\closing_sheet] already exist!
Print sub directory [.\print\2019_07_30\picking_label] already exist!
Print sub directory [.\print\2019_07_30\dispatch_label] already exist!

juil. 30, 2019 9:58:56 AM ui.UILog log
INFOS: Sending [.\print\2019_07_30\closing_sheet\PrintClosingPallet_A5_5101F371A_2019_07_30_09_58_56823.pdf] to the default printer...
juil. 30, 2019 9:58:56 AM ui.UILog log
INFOS: File [%s] has been printed.
juil. 30, 2019 10:04:57 AM ui.UILog log
INFOS: File 2019_07_30.log already exists.

juil. 30, 2019 10:04:57 AM ui.UILog log
INFOS: Daily output print directory [.\print\2019_07_30] already exist!
open_sheet sub directory [.\print\2019_07_30\open_sheet] already exist!
Print sub directory [.\print\2019_07_30\closing_sheet] already exist!
Print sub directory [.\print\2019_07_30\picking_label] already exist!
Print sub directory [.\print\2019_07_30\dispatch_label] already exist!

juil. 30, 2019 10:04:59 AM ui.UILog log
INFOS: APP_INFO0003 : User EZZIOURI Oussama / 9 connected to host Oussama-PC at 2019-07-30 10:04:59 Module : Configuration : .
juil. 30, 2019 10:05:10 AM ui.UILog log
GRAVE: APP_ERR0048 CONFIG : Please fill all required fields.
juil. 30, 2019 10:08:05 AM ui.UILog log
INFOS: File 2019_07_30.log already exists.

juil. 30, 2019 10:08:05 AM ui.UILog log
INFOS: Daily output print directory [.\print\2019_07_30] already exist!
open_sheet sub directory [.\print\2019_07_30\open_sheet] already exist!
Print sub directory [.\print\2019_07_30\closing_sheet] already exist!
Print sub directory [.\print\2019_07_30\picking_label] already exist!
Print sub directory [.\print\2019_07_30\dispatch_label] already exist!

juil. 30, 2019 10:08:08 AM ui.UILog log
INFOS: APP_INFO0003 : User EZZIOURI Oussama / 9 connected to host Oussama-PC at 2019-07-30 10:08:08 Module : Configuration : .
juil. 30, 2019 10:08:15 AM ui.UILog log
GRAVE: APP_ERR0048 CONFIG : Merci de saisir les valeurs obligatoires.
juil. 30, 2019 11:02:23 AM ui.UILog log
INFOS: File 2019_07_30.log already exists.

juil. 30, 2019 11:02:23 AM ui.UILog log
INFOS: Daily output print directory [.\print\2019_07_30] already exist!
open_sheet sub directory [.\print\2019_07_30\open_sheet] already exist!
Print sub directory [.\print\2019_07_30\closing_sheet] already exist!
Print sub directory [.\print\2019_07_30\picking_label] already exist!
Print sub directory [.\print\2019_07_30\dispatch_label] already exist!

juil. 30, 2019 11:02:29 AM ui.UILog log
INFOS: APP_INFO0003 : User EZZIOURI Oussama / 9 connected to host Oussama-PC at 2019-07-30 11:02:29 Module : Configuration : .
juil. 30, 2019 11:02:31 AM ui.UILog log
INFOS: FROM ConfigProject bp ORDER BY project ASC
juil. 30, 2019 11:06:13 AM ui.UILog log
INFOS: File 2019_07_30.log already exists.

juil. 30, 2019 11:06:13 AM ui.UILog log
INFOS: Daily output print directory [.\print\2019_07_30] already exist!
open_sheet sub directory [.\print\2019_07_30\open_sheet] already exist!
Print sub directory [.\print\2019_07_30\closing_sheet] already exist!
Print sub directory [.\print\2019_07_30\picking_label] already exist!
Print sub directory [.\print\2019_07_30\dispatch_label] already exist!

juil. 30, 2019 11:06:33 AM ui.UILog log
INFOS: APP_INFO0003 : User EZZIOURI Oussama / 9 connected to host Oussama-PC at 2019-07-30 11:06:33 Module : Configuration : .
juil. 30, 2019 11:09:16 AM ui.UILog log
INFOS: File 2019_07_30.log already exists.

juil. 30, 2019 11:09:16 AM ui.UILog log
INFOS: Daily output print directory [.\print\2019_07_30] already exist!
open_sheet sub directory [.\print\2019_07_30\open_sheet] already exist!
Print sub directory [.\print\2019_07_30\closing_sheet] already exist!
Print sub directory [.\print\2019_07_30\picking_label] already exist!
Print sub directory [.\print\2019_07_30\dispatch_label] already exist!

juil. 30, 2019 11:09:18 AM ui.UILog log
INFOS: APP_INFO0003 : User EZZIOURI Oussama / 9 connected to host Oussama-PC at 2019-07-30 11:09:18 Module : Configuration : .
juil. 30, 2019 11:10:11 AM ui.UILog log
INFOS: File 2019_07_30.log already exists.

juil. 30, 2019 11:10:11 AM ui.UILog log
INFOS: Daily output print directory [.\print\2019_07_30] already exist!
open_sheet sub directory [.\print\2019_07_30\open_sheet] already exist!
Print sub directory [.\print\2019_07_30\closing_sheet] already exist!
Print sub directory [.\print\2019_07_30\picking_label] already exist!
Print sub directory [.\print\2019_07_30\dispatch_label] already exist!

juil. 30, 2019 11:10:15 AM ui.UILog log
INFOS: APP_INFO0003 : User EZZIOURI Oussama / 9 connected to host Oussama-PC at 2019-07-30 11:10:15 Module : Configuration : .
juil. 30, 2019 11:10:23 AM ui.UILog log
GRAVE: APP_ERR0048 CONFIG : Merci de saisir les valeurs obligatoires.
juil. 30, 2019 11:10:25 AM ui.UILog log
GRAVE: APP_ERR0048 CONFIG : Merci de saisir les valeurs obligatoires.
juil. 30, 2019 11:15:18 AM ui.UILog log
INFOS: File 2019_07_30.log already exists.

juil. 30, 2019 11:15:18 AM ui.UILog log
INFOS: Daily output print directory [.\print\2019_07_30] already exist!
open_sheet sub directory [.\print\2019_07_30\open_sheet] already exist!
Print sub directory [.\print\2019_07_30\closing_sheet] already exist!
Print sub directory [.\print\2019_07_30\picking_label] already exist!
Print sub directory [.\print\2019_07_30\dispatch_label] already exist!

juil. 30, 2019 11:15:24 AM ui.UILog log
INFOS: APP_INFO0003 : User EZZIOURI Oussama / 9 connected to host Oussama-PC at 2019-07-30 11:15:24 Module : Configuration : .
juil. 30, 2019 11:15:27 AM ui.UILog log
INFOS: FROM ConfigProject bp ORDER BY project ASC
juil. 30, 2019 11:19:26 AM ui.UILog log
INFOS: File 2019_07_30.log already exists.

juil. 30, 2019 11:19:26 AM ui.UILog log
INFOS: Daily output print directory [.\print\2019_07_30] already exist!
open_sheet sub directory [.\print\2019_07_30\open_sheet] already exist!
Print sub directory [.\print\2019_07_30\closing_sheet] already exist!
Print sub directory [.\print\2019_07_30\picking_label] already exist!
Print sub directory [.\print\2019_07_30\dispatch_label] already exist!

juil. 30, 2019 11:19:28 AM ui.UILog log
INFOS: APP_INFO0003 : User EZZIOURI Oussama / 9 connected to host Oussama-PC at 2019-07-30 11:19:28 Module : Configuration : .
juil. 30, 2019 11:20:31 AM ui.UILog log
INFOS: File 2019_07_30.log already exists.

juil. 30, 2019 11:20:31 AM ui.UILog log
INFOS: Daily output print directory [.\print\2019_07_30] already exist!
open_sheet sub directory [.\print\2019_07_30\open_sheet] already exist!
Print sub directory [.\print\2019_07_30\closing_sheet] already exist!
Print sub directory [.\print\2019_07_30\picking_label] already exist!
Print sub directory [.\print\2019_07_30\dispatch_label] already exist!

juil. 30, 2019 11:20:33 AM ui.UILog log
INFOS: APP_INFO0003 : User EZZIOURI Oussama / 9 connected to host Oussama-PC at 2019-07-30 11:20:33 Module : Configuration : .
juil. 30, 2019 11:22:23 AM ui.UILog log
INFOS: File 2019_07_30.log already exists.

juil. 30, 2019 11:22:23 AM ui.UILog log
INFOS: Daily output print directory [.\print\2019_07_30] already exist!
open_sheet sub directory [.\print\2019_07_30\open_sheet] already exist!
Print sub directory [.\print\2019_07_30\closing_sheet] already exist!
Print sub directory [.\print\2019_07_30\picking_label] already exist!
Print sub directory [.\print\2019_07_30\dispatch_label] already exist!

juil. 30, 2019 11:22:30 AM ui.UILog log
INFOS: APP_INFO0003 : User EZZIOURI Oussama / 9 connected to host Oussama-PC at 2019-07-30 11:22:30 Module : Configuration : .
juil. 30, 2019 11:32:20 AM ui.UILog log
INFOS: File 2019_07_30.log already exists.

juil. 30, 2019 11:32:20 AM ui.UILog log
INFOS: Daily output print directory [.\print\2019_07_30] already exist!
open_sheet sub directory [.\print\2019_07_30\open_sheet] already exist!
Print sub directory [.\print\2019_07_30\closing_sheet] already exist!
Print sub directory [.\print\2019_07_30\picking_label] already exist!
Print sub directory [.\print\2019_07_30\dispatch_label] already exist!

juil. 30, 2019 11:32:23 AM ui.UILog log
INFOS: APP_INFO0003 : User EZZIOURI Oussama / 9 connected to host Oussama-PC at 2019-07-30 11:32:23 Module : Configuration : .
juil. 30, 2019 11:35:04 AM ui.UILog log
INFOS: FROM ConfigProject bp ORDER BY project ASC
juil. 30, 2019 11:35:08 AM ui.UILog log
INFOS: FROM ConfigWorkplace bp ORDER BY workplace ASC
juil. 30, 2019 12:14:24 PM ui.UILog log
INFOS: File 2019_07_30.log already exists.

juil. 30, 2019 12:14:24 PM ui.UILog log
INFOS: Daily output print directory [.\print\2019_07_30] already exist!
open_sheet sub directory [.\print\2019_07_30\open_sheet] already exist!
Print sub directory [.\print\2019_07_30\closing_sheet] already exist!
Print sub directory [.\print\2019_07_30\picking_label] already exist!
Print sub directory [.\print\2019_07_30\dispatch_label] already exist!

juil. 30, 2019 12:14:27 PM ui.UILog log
INFOS: APP_INFO0003 : User EZZIOURI Oussama / 9 connected to host Oussama-PC at 2019-07-30 12:14:27 Module : Configuration : .
juil. 30, 2019 12:14:38 PM ui.UILog log
INFOS: FROM ConfigProject bp ORDER BY project ASC
juil. 30, 2019 12:15:54 PM ui.UILog log
INFOS: File 2019_07_30.log already exists.

juil. 30, 2019 12:15:54 PM ui.UILog log
INFOS: Daily output print directory [.\print\2019_07_30] already exist!
open_sheet sub directory [.\print\2019_07_30\open_sheet] already exist!
Print sub directory [.\print\2019_07_30\closing_sheet] already exist!
Print sub directory [.\print\2019_07_30\picking_label] already exist!
Print sub directory [.\print\2019_07_30\dispatch_label] already exist!

juil. 30, 2019 12:15:56 PM ui.UILog log
INFOS: APP_INFO0003 : User EZZIOURI Oussama / 9 connected to host Oussama-PC at 2019-07-30 12:15:56 Module : Configuration : .
juil. 30, 2019 12:16:43 PM ui.UILog log
INFOS: File 2019_07_30.log already exists.

juil. 30, 2019 12:16:43 PM ui.UILog log
INFOS: Daily output print directory [.\print\2019_07_30] already exist!
open_sheet sub directory [.\print\2019_07_30\open_sheet] already exist!
Print sub directory [.\print\2019_07_30\closing_sheet] already exist!
Print sub directory [.\print\2019_07_30\picking_label] already exist!
Print sub directory [.\print\2019_07_30\dispatch_label] already exist!

juil. 30, 2019 12:16:45 PM ui.UILog log
INFOS: APP_INFO0003 : User EZZIOURI Oussama / 9 connected to host Oussama-PC at 2019-07-30 12:16:45 Module : Configuration : .
juil. 30, 2019 12:20:27 PM ui.UILog log
INFOS: File 2019_07_30.log already exists.

juil. 30, 2019 12:20:27 PM ui.UILog log
INFOS: Daily output print directory [.\print\2019_07_30] already exist!
open_sheet sub directory [.\print\2019_07_30\open_sheet] already exist!
Print sub directory [.\print\2019_07_30\closing_sheet] already exist!
Print sub directory [.\print\2019_07_30\picking_label] already exist!
Print sub directory [.\print\2019_07_30\dispatch_label] already exist!

juil. 30, 2019 12:20:34 PM ui.UILog log
INFOS: APP_INFO0003 : User EZZIOURI Oussama / 9 connected to host Oussama-PC at 2019-07-30 12:20:34 Module : Configuration : .
juil. 30, 2019 12:22:24 PM ui.UILog log
INFOS: File 2019_07_30.log already exists.

juil. 30, 2019 12:22:24 PM ui.UILog log
INFOS: Daily output print directory [.\print\2019_07_30] already exist!
open_sheet sub directory [.\print\2019_07_30\open_sheet] already exist!
Print sub directory [.\print\2019_07_30\closing_sheet] already exist!
Print sub directory [.\print\2019_07_30\picking_label] already exist!
Print sub directory [.\print\2019_07_30\dispatch_label] already exist!

juil. 30, 2019 12:22:26 PM ui.UILog log
INFOS: APP_INFO0003 : User EZZIOURI Oussama / 9 connected to host Oussama-PC at 2019-07-30 12:22:26 Module : Configuration : .
juil. 30, 2019 12:26:18 PM ui.UILog log
INFOS: File 2019_07_30.log already exists.

juil. 30, 2019 12:26:18 PM ui.UILog log
INFOS: Daily output print directory [.\print\2019_07_30] already exist!
open_sheet sub directory [.\print\2019_07_30\open_sheet] already exist!
Print sub directory [.\print\2019_07_30\closing_sheet] already exist!
Print sub directory [.\print\2019_07_30\picking_label] already exist!
Print sub directory [.\print\2019_07_30\dispatch_label] already exist!

juil. 30, 2019 12:26:20 PM ui.UILog log
INFOS: APP_INFO0003 : User EZZIOURI Oussama / 9 connected to host Oussama-PC at 2019-07-30 12:26:20 Module : Configuration : .
juil. 30, 2019 12:32:38 PM ui.UILog log
INFOS: File 2019_07_30.log already exists.

juil. 30, 2019 12:32:38 PM ui.UILog log
INFOS: Daily output print directory [.\print\2019_07_30] already exist!
open_sheet sub directory [.\print\2019_07_30\open_sheet] already exist!
Print sub directory [.\print\2019_07_30\closing_sheet] already exist!
Print sub directory [.\print\2019_07_30\picking_label] already exist!
Print sub directory [.\print\2019_07_30\dispatch_label] already exist!

juil. 30, 2019 12:32:41 PM ui.UILog log
INFOS: APP_INFO0003 : User EZZIOURI Oussama / 9 connected to host Oussama-PC at 2019-07-30 12:32:41 Module : Configuration : .
juil. 30, 2019 12:35:10 PM ui.UILog log
INFOS: FROM ConfigProject bp ORDER BY project ASC
juil. 30, 2019 7:18:17 PM ui.UILog log
INFOS: File 2019_07_30.log already exists.

juil. 30, 2019 7:18:17 PM ui.UILog log
INFOS: Daily output print directory [.\print\2019_07_30] already exist!
open_sheet sub directory [.\print\2019_07_30\open_sheet] already exist!
Print sub directory [.\print\2019_07_30\closing_sheet] already exist!
Print sub directory [.\print\2019_07_30\picking_label] already exist!
Print sub directory [.\print\2019_07_30\dispatch_label] already exist!

juil. 30, 2019 7:18:55 PM ui.UILog log
INFOS: File 2019_07_30.log already exists.

juil. 30, 2019 7:18:55 PM ui.UILog log
INFOS: Daily output print directory [.\print\2019_07_30] already exist!
open_sheet sub directory [.\print\2019_07_30\open_sheet] already exist!
Print sub directory [.\print\2019_07_30\closing_sheet] already exist!
Print sub directory [.\print\2019_07_30\picking_label] already exist!
Print sub directory [.\print\2019_07_30\dispatch_label] already exist!

juil. 30, 2019 7:19:00 PM ui.UILog log
INFOS: APP_INFO0003 : User EZZIOURI Oussama / 9 connected to host Oussama-PC at 2019-07-30 19:19:00 Module : Configuration : .
juil. 30, 2019 7:47:40 PM ui.UILog log
INFOS: File 2019_07_30.log already exists.

juil. 30, 2019 7:47:40 PM ui.UILog log
INFOS: Daily output print directory [.\print\2019_07_30] already exist!
open_sheet sub directory [.\print\2019_07_30\open_sheet] already exist!
Print sub directory [.\print\2019_07_30\closing_sheet] already exist!
Print sub directory [.\print\2019_07_30\picking_label] already exist!
Print sub directory [.\print\2019_07_30\dispatch_label] already exist!

juil. 30, 2019 7:47:45 PM ui.UILog log
GRAVE: APP_ERR0039 CONFIG : Invalid login/password.
juil. 30, 2019 7:47:46 PM ui.UILog log
INFOS: APP_INFO0003 : User EZZIOURI Oussama / 9 connected to host Oussama-PC at 2019-07-30 19:47:46 Module : Configuration : .
juil. 30, 2019 7:49:25 PM ui.UILog log
INFOS: File 2019_07_30.log already exists.

juil. 30, 2019 7:49:25 PM ui.UILog log
INFOS: Daily output print directory [.\print\2019_07_30] already exist!
open_sheet sub directory [.\print\2019_07_30\open_sheet] already exist!
Print sub directory [.\print\2019_07_30\closing_sheet] already exist!
Print sub directory [.\print\2019_07_30\picking_label] already exist!
Print sub directory [.\print\2019_07_30\dispatch_label] already exist!

juil. 30, 2019 7:49:34 PM ui.UILog log
INFOS: APP_INFO0003 : User EZZIOURI Oussama / 9 connected to host Oussama-PC at 2019-07-30 19:49:34 Module : Configuration : .
juil. 30, 2019 7:52:46 PM ui.UILog log
GRAVE: APP_ERR0048 CONFIG : Merci de saisir les valeurs obligatoires.
juil. 30, 2019 7:52:56 PM ui.UILog log
INFOS: FROM ConfigProject bp ORDER BY project ASC
juil. 30, 2019 7:53:12 PM ui.UILog log
INFOS: FROM ConfigProject bp ORDER BY project ASC
juil. 30, 2019 7:57:34 PM ui.UILog log
INFOS: FROM ConfigProject bp ORDER BY project ASC
juil. 30, 2019 7:58:37 PM ui.UILog log
INFOS: File 2019_07_30.log already exists.

juil. 30, 2019 7:58:37 PM ui.UILog log
INFOS: Daily output print directory [.\print\2019_07_30] already exist!
open_sheet sub directory [.\print\2019_07_30\open_sheet] already exist!
Print sub directory [.\print\2019_07_30\closing_sheet] already exist!
Print sub directory [.\print\2019_07_30\picking_label] already exist!
Print sub directory [.\print\2019_07_30\dispatch_label] already exist!

juil. 30, 2019 7:58:39 PM ui.UILog log
INFOS: APP_INFO0003 : User EZZIOURI Oussama / 9 connected to host Oussama-PC at 2019-07-30 19:58:39 Module : Configuration : .
juil. 30, 2019 7:58:49 PM ui.UILog log
INFOS: FROM ConfigProject bp ORDER BY project ASC
juil. 30, 2019 7:59:15 PM ui.UILog log
INFOS: FROM ConfigProject bp ORDER BY project ASC
juil. 30, 2019 7:59:56 PM ui.UILog log
INFOS: FROM ConfigProject bp ORDER BY project ASC
juil. 30, 2019 8:00:11 PM ui.UILog log
INFOS: FROM ConfigProject bp ORDER BY project ASC
juil. 30, 2019 8:00:22 PM ui.UILog log
INFOS: FROM ConfigProject bp ORDER BY project ASC
juil. 30, 2019 8:00:25 PM ui.UILog log
INFOS: FROM ConfigProject bp ORDER BY project ASC
juil. 30, 2019 8:00:55 PM ui.UILog log
INFOS: File 2019_07_30.log already exists.

juil. 30, 2019 8:00:55 PM ui.UILog log
INFOS: Daily output print directory [.\print\2019_07_30] already exist!
open_sheet sub directory [.\print\2019_07_30\open_sheet] already exist!
Print sub directory [.\print\2019_07_30\closing_sheet] already exist!
Print sub directory [.\print\2019_07_30\picking_label] already exist!
Print sub directory [.\print\2019_07_30\dispatch_label] already exist!

juil. 30, 2019 8:00:58 PM ui.UILog log
INFOS: APP_INFO0003 : User EZZIOURI Oussama / 9 connected to host Oussama-PC at 2019-07-30 20:00:58 Module : Configuration : .
juil. 30, 2019 8:01:19 PM ui.UILog log
INFOS: FROM ConfigProject bp ORDER BY project ASC
juil. 30, 2019 8:01:29 PM ui.UILog log
INFOS: FROM ConfigProject bp ORDER BY project ASC
juil. 30, 2019 8:01:31 PM ui.UILog log
INFOS: FROM ConfigProject bp ORDER BY project ASC
juil. 30, 2019 8:01:35 PM ui.UILog log
INFOS: FROM ConfigProject bp ORDER BY project ASC
juil. 30, 2019 8:01:50 PM ui.UILog log
INFOS: FROM ConfigProject bp ORDER BY project ASC
juil. 30, 2019 8:04:49 PM ui.UILog log
INFOS: File 2019_07_30.log already exists.

juil. 30, 2019 8:04:49 PM ui.UILog log
INFOS: Daily output print directory [.\print\2019_07_30] already exist!
open_sheet sub directory [.\print\2019_07_30\open_sheet] already exist!
Print sub directory [.\print\2019_07_30\closing_sheet] already exist!
Print sub directory [.\print\2019_07_30\picking_label] already exist!
Print sub directory [.\print\2019_07_30\dispatch_label] already exist!

juil. 30, 2019 8:04:54 PM ui.UILog log
INFOS: APP_INFO0003 : User EZZIOURI Oussama / 9 connected to host Oussama-PC at 2019-07-30 20:04:54 Module : Configuration : .
juil. 30, 2019 8:05:02 PM ui.UILog log
INFOS: FROM ConfigProject bp ORDER BY project ASC
juil. 30, 2019 8:05:11 PM ui.UILog log
INFOS: FROM ConfigProject bp ORDER BY project ASC
juil. 30, 2019 8:06:02 PM ui.UILog log
INFOS: File 2019_07_30.log already exists.

juil. 30, 2019 8:06:02 PM ui.UILog log
INFOS: Daily output print directory [.\print\2019_07_30] already exist!
open_sheet sub directory [.\print\2019_07_30\open_sheet] already exist!
Print sub directory [.\print\2019_07_30\closing_sheet] already exist!
Print sub directory [.\print\2019_07_30\picking_label] already exist!
Print sub directory [.\print\2019_07_30\dispatch_label] already exist!

juil. 30, 2019 8:06:04 PM ui.UILog log
INFOS: APP_INFO0003 : User EZZIOURI Oussama / 9 connected to host Oussama-PC at 2019-07-30 20:06:04 Module : Configuration : .
juil. 30, 2019 8:06:10 PM ui.UILog log
INFOS: FROM ConfigProject bp ORDER BY project ASC
juil. 30, 2019 8:06:10 PM ui.UILog log
INFOS: FROM ConfigProject bp ORDER BY project ASC
juil. 30, 2019 8:06:56 PM ui.UILog log
INFOS: File 2019_07_30.log already exists.

juil. 30, 2019 8:06:56 PM ui.UILog log
INFOS: Daily output print directory [.\print\2019_07_30] already exist!
open_sheet sub directory [.\print\2019_07_30\open_sheet] already exist!
Print sub directory [.\print\2019_07_30\closing_sheet] already exist!
Print sub directory [.\print\2019_07_30\picking_label] already exist!
Print sub directory [.\print\2019_07_30\dispatch_label] already exist!

juil. 30, 2019 8:07:00 PM ui.UILog log
INFOS: APP_INFO0003 : User EZZIOURI Oussama / 9 connected to host Oussama-PC at 2019-07-30 20:07:00 Module : Configuration : .
juil. 30, 2019 8:07:05 PM ui.UILog log
INFOS: FROM ConfigProject bp ORDER BY project ASC
juil. 30, 2019 8:07:36 PM ui.UILog log
INFOS: File 2019_07_30.log already exists.

juil. 30, 2019 8:07:36 PM ui.UILog log
INFOS: Daily output print directory [.\print\2019_07_30] already exist!
open_sheet sub directory [.\print\2019_07_30\open_sheet] already exist!
Print sub directory [.\print\2019_07_30\closing_sheet] already exist!
Print sub directory [.\print\2019_07_30\picking_label] already exist!
Print sub directory [.\print\2019_07_30\dispatch_label] already exist!

juil. 30, 2019 8:08:10 PM ui.UILog log
INFOS: APP_INFO0003 : User EZZIOURI Oussama / 9 connected to host Oussama-PC at 2019-07-30 20:08:10 Module : Configuration : .
juil. 30, 2019 8:08:16 PM ui.UILog log
INFOS: FROM ConfigProject bp ORDER BY project ASC
juil. 30, 2019 8:08:22 PM ui.UILog log
INFOS: FROM ConfigProject bp ORDER BY project ASC
juil. 30, 2019 8:08:26 PM ui.UILog log
INFOS: FROM ConfigProject bp ORDER BY project ASC
juil. 30, 2019 8:08:41 PM ui.UILog log
INFOS: FROM ConfigProject bp ORDER BY project ASC
juil. 30, 2019 8:08:44 PM ui.UILog log
INFOS: FROM ConfigProject bp ORDER BY project ASC
juil. 30, 2019 8:12:43 PM ui.UILog log
INFOS: File 2019_07_30.log already exists.

juil. 30, 2019 8:12:43 PM ui.UILog log
INFOS: Daily output print directory [.\print\2019_07_30] already exist!
open_sheet sub directory [.\print\2019_07_30\open_sheet] already exist!
Print sub directory [.\print\2019_07_30\closing_sheet] already exist!
Print sub directory [.\print\2019_07_30\picking_label] already exist!
Print sub directory [.\print\2019_07_30\dispatch_label] already exist!

juil. 30, 2019 8:12:47 PM ui.UILog log
INFOS: APP_INFO0003 : User EZZIOURI Oussama / 9 connected to host Oussama-PC at 2019-07-30 20:12:47 Module : Configuration : .
juil. 30, 2019 8:21:10 PM ui.UILog log
INFOS: File 2019_07_30.log already exists.

juil. 30, 2019 8:21:10 PM ui.UILog log
INFOS: Daily output print directory [.\print\2019_07_30] already exist!
open_sheet sub directory [.\print\2019_07_30\open_sheet] already exist!
Print sub directory [.\print\2019_07_30\closing_sheet] already exist!
Print sub directory [.\print\2019_07_30\picking_label] already exist!
Print sub directory [.\print\2019_07_30\dispatch_label] already exist!

juil. 30, 2019 8:21:12 PM ui.UILog log
INFOS: APP_INFO0003 : User EZZIOURI Oussama / 9 connected to host Oussama-PC at 2019-07-30 20:21:12 Module : Configuration : .
juil. 30, 2019 8:23:42 PM ui.UILog log
INFOS: File 2019_07_30.log already exists.

juil. 30, 2019 8:23:42 PM ui.UILog log
INFOS: Daily output print directory [.\print\2019_07_30] already exist!
open_sheet sub directory [.\print\2019_07_30\open_sheet] already exist!
Print sub directory [.\print\2019_07_30\closing_sheet] already exist!
Print sub directory [.\print\2019_07_30\picking_label] already exist!
Print sub directory [.\print\2019_07_30\dispatch_label] already exist!

juil. 30, 2019 8:23:44 PM ui.UILog log
INFOS: APP_INFO0003 : User EZZIOURI Oussama / 9 connected to host Oussama-PC at 2019-07-30 20:23:44 Module : Configuration : .
juil. 30, 2019 8:24:54 PM ui.UILog log
INFOS: File 2019_07_30.log already exists.

juil. 30, 2019 8:24:54 PM ui.UILog log
INFOS: Daily output print directory [.\print\2019_07_30] already exist!
open_sheet sub directory [.\print\2019_07_30\open_sheet] already exist!
Print sub directory [.\print\2019_07_30\closing_sheet] already exist!
Print sub directory [.\print\2019_07_30\picking_label] already exist!
Print sub directory [.\print\2019_07_30\dispatch_label] already exist!

juil. 30, 2019 8:24:55 PM ui.UILog log
INFOS: APP_INFO0003 : User EZZIOURI Oussama / 9 connected to host Oussama-PC at 2019-07-30 20:24:55 Module : Configuration : .
juil. 30, 2019 8:25:46 PM ui.UILog log
INFOS: File 2019_07_30.log already exists.

juil. 30, 2019 8:25:46 PM ui.UILog log
INFOS: Daily output print directory [.\print\2019_07_30] already exist!
open_sheet sub directory [.\print\2019_07_30\open_sheet] already exist!
Print sub directory [.\print\2019_07_30\closing_sheet] already exist!
Print sub directory [.\print\2019_07_30\picking_label] already exist!
Print sub directory [.\print\2019_07_30\dispatch_label] already exist!

juil. 30, 2019 8:26:03 PM ui.UILog log
INFOS: APP_INFO0003 : User EZZIOURI Oussama / 9 connected to host Oussama-PC at 2019-07-30 20:26:03 Module : Configuration : .
juil. 30, 2019 8:26:21 PM ui.UILog log
INFOS: FROM ConfigProject bp ORDER BY project ASC
juil. 30, 2019 8:26:21 PM ui.UILog log
INFOS: FROM ConfigProject bp ORDER BY project ASC
juil. 30, 2019 8:29:07 PM ui.UILog log
INFOS: File 2019_07_30.log already exists.

juil. 30, 2019 8:29:07 PM ui.UILog log
INFOS: Daily output print directory [.\print\2019_07_30] already exist!
open_sheet sub directory [.\print\2019_07_30\open_sheet] already exist!
Print sub directory [.\print\2019_07_30\closing_sheet] already exist!
Print sub directory [.\print\2019_07_30\picking_label] already exist!
Print sub directory [.\print\2019_07_30\dispatch_label] already exist!

juil. 30, 2019 8:29:12 PM ui.UILog log
INFOS: APP_INFO0003 : User EZZIOURI Oussama / 9 connected to host Oussama-PC at 2019-07-30 20:29:12 Module : Configuration : .
juil. 30, 2019 8:30:13 PM ui.UILog log
INFOS: File 2019_07_30.log already exists.

juil. 30, 2019 8:30:13 PM ui.UILog log
INFOS: Daily output print directory [.\print\2019_07_30] already exist!
open_sheet sub directory [.\print\2019_07_30\open_sheet] already exist!
Print sub directory [.\print\2019_07_30\closing_sheet] already exist!
Print sub directory [.\print\2019_07_30\picking_label] already exist!
Print sub directory [.\print\2019_07_30\dispatch_label] already exist!

juil. 30, 2019 8:30:14 PM ui.UILog log
INFOS: APP_INFO0003 : User EZZIOURI Oussama / 9 connected to host Oussama-PC at 2019-07-30 20:30:14 Module : Configuration : .
juil. 30, 2019 8:30:20 PM ui.UILog log
INFOS: FROM ConfigProject bp ORDER BY project ASC
juil. 30, 2019 8:30:21 PM ui.UILog log
INFOS: FROM ConfigProject bp ORDER BY project ASC
juil. 30, 2019 8:33:43 PM ui.UILog log
INFOS: File 2019_07_30.log already exists.

juil. 30, 2019 8:33:43 PM ui.UILog log
INFOS: Daily output print directory [.\print\2019_07_30] already exist!
open_sheet sub directory [.\print\2019_07_30\open_sheet] already exist!
Print sub directory [.\print\2019_07_30\closing_sheet] already exist!
Print sub directory [.\print\2019_07_30\picking_label] already exist!
Print sub directory [.\print\2019_07_30\dispatch_label] already exist!

juil. 30, 2019 8:33:45 PM ui.UILog log
INFOS: APP_INFO0003 : User EZZIOURI Oussama / 9 connected to host Oussama-PC at 2019-07-30 20:33:45 Module : Configuration : .
juil. 30, 2019 8:35:38 PM ui.UILog log
INFOS: File 2019_07_30.log already exists.

juil. 30, 2019 8:35:38 PM ui.UILog log
INFOS: Daily output print directory [.\print\2019_07_30] already exist!
open_sheet sub directory [.\print\2019_07_30\open_sheet] already exist!
Print sub directory [.\print\2019_07_30\closing_sheet] already exist!
Print sub directory [.\print\2019_07_30\picking_label] already exist!
Print sub directory [.\print\2019_07_30\dispatch_label] already exist!

juil. 30, 2019 8:35:58 PM ui.UILog log
INFOS: APP_INFO0003 : User EZZIOURI Oussama / 9 connected to host Oussama-PC at 2019-07-30 20:35:58 Module : Configuration : .
juil. 30, 2019 8:36:04 PM ui.UILog log
INFOS: FROM ConfigProject bp ORDER BY project ASC
juil. 30, 2019 8:36:05 PM ui.UILog log
INFOS: FROM ConfigProject bp ORDER BY project ASC
juil. 30, 2019 8:39:04 PM ui.UILog log
INFOS: FROM ConfigProject bp ORDER BY project ASC
juil. 30, 2019 8:39:05 PM ui.UILog log
INFOS: FROM ConfigProject bp ORDER BY project ASC
juil. 30, 2019 8:39:12 PM ui.UILog log
INFOS: FROM ConfigProject bp ORDER BY project ASC
juil. 30, 2019 8:45:53 PM ui.UILog log
INFOS: File 2019_07_30.log already exists.

juil. 30, 2019 8:45:53 PM ui.UILog log
INFOS: Daily output print directory [.\print\2019_07_30] already exist!
open_sheet sub directory [.\print\2019_07_30\open_sheet] already exist!
Print sub directory [.\print\2019_07_30\closing_sheet] already exist!
Print sub directory [.\print\2019_07_30\picking_label] already exist!
Print sub directory [.\print\2019_07_30\dispatch_label] already exist!

juil. 30, 2019 8:45:55 PM ui.UILog log
INFOS: APP_INFO0003 : User EZZIOURI Oussama / 9 connected to host Oussama-PC at 2019-07-30 20:45:55 Module : Configuration : .
juil. 30, 2019 8:45:59 PM ui.UILog log
INFOS: FROM ConfigProject bp ORDER BY project ASC
juil. 30, 2019 8:46:06 PM ui.UILog log
GRAVE: APP_ERR0048 CONFIG : Merci de saisir les valeurs obligatoires.
juil. 30, 2019 8:48:55 PM ui.UILog log
INFOS: File 2019_07_30.log already exists.

juil. 30, 2019 8:48:55 PM ui.UILog log
INFOS: Daily output print directory [.\print\2019_07_30] already exist!
open_sheet sub directory [.\print\2019_07_30\open_sheet] already exist!
Print sub directory [.\print\2019_07_30\closing_sheet] already exist!
Print sub directory [.\print\2019_07_30\picking_label] already exist!
Print sub directory [.\print\2019_07_30\dispatch_label] already exist!

juil. 30, 2019 8:48:57 PM ui.UILog log
INFOS: APP_INFO0003 : User EZZIOURI Oussama / 9 connected to host Oussama-PC at 2019-07-30 20:48:57 Module : Configuration : .
juil. 30, 2019 8:49:04 PM ui.UILog log
INFOS: FROM ConfigProject bp ORDER BY project ASC
juil. 30, 2019 8:49:09 PM ui.UILog log
INFOS: FROM ConfigProject bp ORDER BY project ASC
juil. 30, 2019 8:49:42 PM ui.UILog log
INFOS: FROM ConfigProject bp ORDER BY project ASC
juil. 30, 2019 8:54:35 PM ui.UILog log
INFOS: File 2019_07_30.log already exists.

juil. 30, 2019 8:54:35 PM ui.UILog log
INFOS: Daily output print directory [.\print\2019_07_30] already exist!
open_sheet sub directory [.\print\2019_07_30\open_sheet] already exist!
Print sub directory [.\print\2019_07_30\closing_sheet] already exist!
Print sub directory [.\print\2019_07_30\picking_label] already exist!
Print sub directory [.\print\2019_07_30\dispatch_label] already exist!

juil. 30, 2019 8:54:38 PM ui.UILog log
INFOS: APP_INFO0003 : User EZZIOURI Oussama / 9 connected to host Oussama-PC at 2019-07-30 20:54:38 Module : Configuration : .
juil. 30, 2019 8:54:44 PM ui.UILog log
INFOS: FROM ConfigProject bp ORDER BY project ASC
juil. 30, 2019 8:54:44 PM ui.UILog log
INFOS: FROM ConfigProject bp ORDER BY project ASC
juil. 30, 2019 8:55:10 PM ui.UILog log
INFOS: FROM ConfigProject bp ORDER BY project ASC
juil. 30, 2019 8:56:34 PM ui.UILog log
INFOS: FROM ConfigProject bp ORDER BY project ASC
juil. 30, 2019 8:56:34 PM ui.UILog log
INFOS: FROM ConfigProject bp ORDER BY project ASC
juil. 30, 2019 9:02:13 PM ui.UILog log
INFOS: FROM ConfigProject bp ORDER BY project ASC
juil. 30, 2019 9:07:58 PM ui.UILog log
INFOS: File 2019_07_30.log already exists.

juil. 30, 2019 9:07:58 PM ui.UILog log
INFOS: Daily output print directory [.\print\2019_07_30] already exist!
open_sheet sub directory [.\print\2019_07_30\open_sheet] already exist!
Print sub directory [.\print\2019_07_30\closing_sheet] already exist!
Print sub directory [.\print\2019_07_30\picking_label] already exist!
Print sub directory [.\print\2019_07_30\dispatch_label] already exist!

juil. 30, 2019 9:08:00 PM ui.UILog log
INFOS: APP_INFO0003 : User EZZIOURI Oussama / 9 connected to host Oussama-PC at 2019-07-30 21:08:00 Module : Configuration : .
juil. 30, 2019 9:08:05 PM ui.UILog log
INFOS: FROM ConfigProject bp ORDER BY project ASC
juil. 30, 2019 9:08:07 PM ui.UILog log
INFOS: FROM ConfigProject bp ORDER BY project ASC
juil. 30, 2019 9:08:08 PM ui.UILog log
INFOS: FROM ConfigProject bp ORDER BY project ASC
juil. 30, 2019 9:08:16 PM ui.UILog log
INFOS: FROM ConfigProject bp ORDER BY project ASC
juil. 30, 2019 9:11:08 PM ui.UILog log
INFOS: FROM ConfigProject bp ORDER BY project ASC
juil. 30, 2019 9:11:09 PM ui.UILog log
INFOS: FROM ConfigProject bp ORDER BY project ASC
juil. 30, 2019 9:11:42 PM ui.UILog log
INFOS: FROM ConfigProject bp ORDER BY project ASC
juil. 30, 2019 9:14:44 PM ui.UILog log
INFOS: File 2019_07_30.log already exists.

juil. 30, 2019 9:14:44 PM ui.UILog log
INFOS: Daily output print directory [.\print\2019_07_30] already exist!
open_sheet sub directory [.\print\2019_07_30\open_sheet] already exist!
Print sub directory [.\print\2019_07_30\closing_sheet] already exist!
Print sub directory [.\print\2019_07_30\picking_label] already exist!
Print sub directory [.\print\2019_07_30\dispatch_label] already exist!

juil. 30, 2019 9:14:46 PM ui.UILog log
INFOS: APP_INFO0003 : User EZZIOURI Oussama / 9 connected to host Oussama-PC at 2019-07-30 21:14:46 Module : Configuration : .
juil. 30, 2019 9:17:20 PM ui.UILog log
INFOS: File 2019_07_30.log already exists.

juil. 30, 2019 9:17:20 PM ui.UILog log
INFOS: Daily output print directory [.\print\2019_07_30] already exist!
open_sheet sub directory [.\print\2019_07_30\open_sheet] already exist!
Print sub directory [.\print\2019_07_30\closing_sheet] already exist!
Print sub directory [.\print\2019_07_30\picking_label] already exist!
Print sub directory [.\print\2019_07_30\dispatch_label] already exist!

juil. 30, 2019 9:17:24 PM ui.UILog log
INFOS: APP_INFO0003 : User EZZIOURI Oussama / 9 connected to host Oussama-PC at 2019-07-30 21:17:24 Module : Configuration : .
juil. 30, 2019 9:18:50 PM ui.UILog log
INFOS: File 2019_07_30.log already exists.

juil. 30, 2019 9:18:50 PM ui.UILog log
INFOS: Daily output print directory [.\print\2019_07_30] already exist!
open_sheet sub directory [.\print\2019_07_30\open_sheet] already exist!
Print sub directory [.\print\2019_07_30\closing_sheet] already exist!
Print sub directory [.\print\2019_07_30\picking_label] already exist!
Print sub directory [.\print\2019_07_30\dispatch_label] already exist!

juil. 30, 2019 9:18:52 PM ui.UILog log
INFOS: APP_INFO0003 : User EZZIOURI Oussama / 9 connected to host Oussama-PC at 2019-07-30 21:18:52 Module : Configuration : .
juil. 30, 2019 9:18:58 PM ui.UILog log
GRAVE: APP_ERR0048 CONFIG : Merci de saisir les valeurs obligatoires.
juil. 30, 2019 9:19:19 PM ui.UILog log
INFOS: FROM ConfigProject bp ORDER BY project ASC
juil. 30, 2019 9:20:54 PM ui.UILog log
INFOS: FROM ConfigProject bp ORDER BY project ASC
juil. 30, 2019 9:21:20 PM ui.UILog log
INFOS: FROM ConfigProject bp ORDER BY project ASC
juil. 30, 2019 9:22:50 PM ui.UILog log
INFOS: File 2019_07_30.log already exists.

juil. 30, 2019 9:22:50 PM ui.UILog log
INFOS: Daily output print directory [.\print\2019_07_30] already exist!
open_sheet sub directory [.\print\2019_07_30\open_sheet] already exist!
Print sub directory [.\print\2019_07_30\closing_sheet] already exist!
Print sub directory [.\print\2019_07_30\picking_label] already exist!
Print sub directory [.\print\2019_07_30\dispatch_label] already exist!

juil. 30, 2019 9:22:52 PM ui.UILog log
INFOS: APP_INFO0003 : User EZZIOURI Oussama / 9 connected to host Oussama-PC at 2019-07-30 21:22:52 Module : Configuration : .
juil. 30, 2019 9:22:57 PM ui.UILog log
INFOS: FROM ConfigProject bp ORDER BY project ASC
juil. 30, 2019 9:23:17 PM ui.UILog log
INFOS: FROM ConfigProject bp ORDER BY project ASC
juil. 30, 2019 9:23:48 PM ui.UILog log
INFOS: FROM ConfigProject bp ORDER BY project ASC
juil. 30, 2019 9:24:50 PM ui.UILog log
INFOS: FROM ConfigProject bp ORDER BY project ASC
juil. 30, 2019 9:24:52 PM ui.UILog log
INFOS: FROM ConfigProject bp ORDER BY project ASC
