juil. 23, 2019 12:02:36 AM ui.UILog log
INFOS: File 2019_07_23.log is created!

juil. 23, 2019 12:02:36 AM ui.UILog log
INFOS: Daily output print directory [.\print\2019_07_23] created !
open_sheet sub directory [.\print\2019_07_23\open_sheet] created !
Print sub directory [.\print\2019_07_23\closing_sheet] created !
Print sub directory [.\print\2019_07_23\picking_label] created !
Print sub directory [.\print\2019_07_23\dispatch_label] created !

juil. 23, 2019 12:02:50 AM ui.UILog log
INFOS: File 2019_07_23.log already exists.

juil. 23, 2019 12:02:50 AM ui.UILog log
INFOS: Daily output print directory [.\print\2019_07_23] already exist!
open_sheet sub directory [.\print\2019_07_23\open_sheet] already exist!
Print sub directory [.\print\2019_07_23\closing_sheet] already exist!
Print sub directory [.\print\2019_07_23\picking_label] already exist!
Print sub directory [.\print\2019_07_23\dispatch_label] already exist!

juil. 23, 2019 12:02:53 AM ui.UILog log
INFOS: APP_INFO0003 : User EZZIOURI Oussama / 9 connected to host Oussama-PC at 2019-07-23 00:02:53 Module : Configuration : .
juil. 23, 2019 12:02:55 AM ui.UILog log
INFOS: APP_INFO0003 : User EZZIOURI Oussama / 9 connected to host Oussama-PC at 2019-07-23 00:02:55 Dispatch interface : .
juil. 23, 2019 12:02:58 AM ui.UILog log
INFOS: FROM ConfigProject bp ORDER BY project ASC
juil. 23, 2019 12:02:59 AM ui.UILog log
GRAVE: APP_ERR0042 CONFIG : No warehouse found for the selected project.
juil. 23, 2019 12:03:31 AM ui.UILog log
INFOS: FROM ConfigProject bp ORDER BY project ASC
juil. 23, 2019 12:03:33 AM ui.UILog log
GRAVE: APP_ERR0037 CONFIG : No Segment found for the selected project.
juil. 23, 2019 12:03:33 AM ui.UILog log
INFOS: FROM ConfigProject bp ORDER BY project ASC
juil. 23, 2019 12:05:57 AM ui.UILog log
INFOS: File 2019_07_23.log already exists.

juil. 23, 2019 12:05:57 AM ui.UILog log
INFOS: Daily output print directory [.\print\2019_07_23] already exist!
open_sheet sub directory [.\print\2019_07_23\open_sheet] already exist!
Print sub directory [.\print\2019_07_23\closing_sheet] already exist!
Print sub directory [.\print\2019_07_23\picking_label] already exist!
Print sub directory [.\print\2019_07_23\dispatch_label] already exist!

juil. 23, 2019 12:05:59 AM ui.UILog log
INFOS: APP_INFO0003 : User EZZIOURI Oussama / 9 connected to host Oussama-PC at 2019-07-23 00:05:59 Module : Configuration : .
juil. 23, 2019 12:06:00 AM ui.UILog log
INFOS: APP_INFO0003 : User EZZIOURI Oussama / 9 connected to host Oussama-PC at 2019-07-23 00:06:00 Dispatch interface : .
juil. 23, 2019 12:06:01 AM ui.UILog log
INFOS: FROM ConfigProject bp ORDER BY project ASC
juil. 23, 2019 12:06:02 AM ui.UILog log
GRAVE: APP_ERR0042 CONFIG : No warehouse found for the selected project.
juil. 23, 2019 12:06:21 AM ui.UILog log
INFOS: File 2019_07_23.log already exists.

juil. 23, 2019 12:06:21 AM ui.UILog log
INFOS: Daily output print directory [.\print\2019_07_23] already exist!
open_sheet sub directory [.\print\2019_07_23\open_sheet] already exist!
Print sub directory [.\print\2019_07_23\closing_sheet] already exist!
Print sub directory [.\print\2019_07_23\picking_label] already exist!
Print sub directory [.\print\2019_07_23\dispatch_label] already exist!

juil. 23, 2019 12:06:22 AM ui.UILog log
INFOS: APP_INFO0003 : User EZZIOURI Oussama / 9 connected to host Oussama-PC at 2019-07-23 00:06:22 Module : Configuration : .
juil. 23, 2019 12:06:24 AM ui.UILog log
INFOS: APP_INFO0003 : User EZZIOURI Oussama / 9 connected to host Oussama-PC at 2019-07-23 00:06:24 Dispatch interface : .
juil. 23, 2019 12:06:26 AM ui.UILog log
INFOS: FROM ConfigProject bp ORDER BY project ASC
juil. 23, 2019 12:06:27 AM ui.UILog log
GRAVE: APP_ERR0042 CONFIG : No warehouse found for the selected project.
juil. 23, 2019 12:09:29 AM ui.UILog log
INFOS: FROM ConfigProject bp ORDER BY project ASC
juil. 23, 2019 12:09:29 AM ui.UILog log
GRAVE: APP_ERR0037 CONFIG : No Segment found for the selected project.
juil. 23, 2019 12:09:29 AM ui.UILog log
INFOS: FROM ConfigProject bp ORDER BY project ASC
juil. 23, 2019 12:10:10 AM ui.UILog log
INFOS: File 2019_07_23.log already exists.

juil. 23, 2019 12:10:10 AM ui.UILog log
INFOS: Daily output print directory [.\print\2019_07_23] already exist!
open_sheet sub directory [.\print\2019_07_23\open_sheet] already exist!
Print sub directory [.\print\2019_07_23\closing_sheet] already exist!
Print sub directory [.\print\2019_07_23\picking_label] already exist!
Print sub directory [.\print\2019_07_23\dispatch_label] already exist!

juil. 23, 2019 12:10:13 AM ui.UILog log
INFOS: APP_INFO0003 : User EZZIOURI Oussama / 9 connected to host Oussama-PC at 2019-07-23 00:10:13 Module : Configuration : .
juil. 23, 2019 12:10:15 AM ui.UILog log
INFOS: FROM ConfigProject bp ORDER BY project ASC
juil. 23, 2019 12:10:17 AM ui.UILog log
GRAVE: APP_ERR0037 CONFIG : No Segment found for the selected project.
juil. 23, 2019 12:10:17 AM ui.UILog log
INFOS: FROM ConfigProject bp ORDER BY project ASC
juil. 23, 2019 12:12:00 AM ui.UILog log
INFOS: File 2019_07_23.log already exists.

juil. 23, 2019 12:12:00 AM ui.UILog log
INFOS: Daily output print directory [.\print\2019_07_23] already exist!
open_sheet sub directory [.\print\2019_07_23\open_sheet] already exist!
Print sub directory [.\print\2019_07_23\closing_sheet] already exist!
Print sub directory [.\print\2019_07_23\picking_label] already exist!
Print sub directory [.\print\2019_07_23\dispatch_label] already exist!

juil. 23, 2019 12:12:03 AM ui.UILog log
INFOS: APP_INFO0003 : User EZZIOURI Oussama / 9 connected to host Oussama-PC at 2019-07-23 00:12:03 Module : Configuration : .
juil. 23, 2019 12:12:05 AM ui.UILog log
INFOS: FROM ConfigProject bp ORDER BY project ASC
juil. 23, 2019 12:12:06 AM ui.UILog log
GRAVE: APP_ERR0037 CONFIG : No Segment found for the selected project.
juil. 23, 2019 12:12:06 AM ui.UILog log
INFOS: FROM ConfigProject bp ORDER BY project ASC
juil. 23, 2019 12:12:29 AM ui.UILog log
INFOS: File 2019_07_23.log already exists.

juil. 23, 2019 12:12:29 AM ui.UILog log
INFOS: Daily output print directory [.\print\2019_07_23] already exist!
open_sheet sub directory [.\print\2019_07_23\open_sheet] already exist!
Print sub directory [.\print\2019_07_23\closing_sheet] already exist!
Print sub directory [.\print\2019_07_23\picking_label] already exist!
Print sub directory [.\print\2019_07_23\dispatch_label] already exist!

juil. 23, 2019 12:12:32 AM ui.UILog log
INFOS: APP_INFO0003 : User EZZIOURI Oussama / 9 connected to host Oussama-PC at 2019-07-23 00:12:32 Module : Configuration : .
juil. 23, 2019 12:12:40 AM ui.UILog log
INFOS: APP_INFO0003 : User EZZIOURI Oussama / 9 connected to host Oussama-PC at 2019-07-23 00:12:40 Dispatch interface : .
juil. 23, 2019 12:12:49 AM ui.UILog log
INFOS: FROM ConfigProject bp ORDER BY project ASC
juil. 23, 2019 12:12:50 AM ui.UILog log
GRAVE: APP_ERR0038 CONFIG : No Workplace associated with selected Segment.
juil. 23, 2019 12:12:51 AM ui.UILog log
GRAVE: APP_ERR0038 CONFIG : No Workplace associated with selected Segment.
juil. 23, 2019 12:12:51 AM ui.UILog log
INFOS: FROM ConfigProject bp ORDER BY project ASC
juil. 23, 2019 12:12:55 AM ui.UILog log
GRAVE: APP_ERR0038 CONFIG : No Workplace associated with selected Segment.
juil. 23, 2019 12:12:56 AM ui.UILog log
GRAVE: APP_ERR0038 CONFIG : No Workplace associated with selected Segment.
juil. 23, 2019 12:14:39 AM ui.UILog log
INFOS: File 2019_07_23.log already exists.

juil. 23, 2019 12:14:39 AM ui.UILog log
INFOS: Daily output print directory [.\print\2019_07_23] already exist!
open_sheet sub directory [.\print\2019_07_23\open_sheet] already exist!
Print sub directory [.\print\2019_07_23\closing_sheet] already exist!
Print sub directory [.\print\2019_07_23\picking_label] already exist!
Print sub directory [.\print\2019_07_23\dispatch_label] already exist!

juil. 23, 2019 12:14:41 AM ui.UILog log
INFOS: APP_INFO0003 : User EZZIOURI Oussama / 9 connected to host Oussama-PC at 2019-07-23 00:14:41 Module : Configuration : .
juil. 23, 2019 12:14:42 AM ui.UILog log
INFOS: FROM ConfigProject bp ORDER BY project ASC
juil. 23, 2019 12:14:43 AM ui.UILog log
GRAVE: APP_ERR0038 CONFIG : No Workplace associated with selected Segment.
juil. 23, 2019 12:14:44 AM ui.UILog log
GRAVE: APP_ERR0038 CONFIG : No Workplace associated with selected Segment.
juil. 23, 2019 12:14:44 AM ui.UILog log
INFOS: FROM ConfigProject bp ORDER BY project ASC
juil. 23, 2019 12:14:48 AM ui.UILog log
GRAVE: APP_ERR0038 CONFIG : No Workplace associated with selected Segment.
juil. 23, 2019 12:14:49 AM ui.UILog log
GRAVE: APP_ERR0038 CONFIG : No Workplace associated with selected Segment.
juil. 23, 2019 12:24:19 AM ui.UILog log
INFOS: File 2019_07_23.log already exists.

juil. 23, 2019 12:24:19 AM ui.UILog log
INFOS: Daily output print directory [.\print\2019_07_23] already exist!
open_sheet sub directory [.\print\2019_07_23\open_sheet] already exist!
Print sub directory [.\print\2019_07_23\closing_sheet] already exist!
Print sub directory [.\print\2019_07_23\picking_label] already exist!
Print sub directory [.\print\2019_07_23\dispatch_label] already exist!

juil. 23, 2019 12:24:28 AM ui.UILog log
INFOS: APP_INFO0003 : User EZZIOURI Oussama / 9 connected to host Oussama-PC at 2019-07-23 00:24:28 Module : Configuration : .
juil. 23, 2019 12:24:31 AM ui.UILog log
INFOS: APP_INFO0003 : User EZZIOURI Oussama / 9 connected to host Oussama-PC at 2019-07-23 00:24:31 Dispatch interface : .
juil. 23, 2019 12:24:33 AM ui.UILog log
INFOS: FROM ConfigProject bp ORDER BY project ASC
juil. 23, 2019 12:24:49 AM ui.UILog log
INFOS: FROM ConfigProject bp ORDER BY project ASC
juil. 23, 2019 12:24:49 AM ui.UILog log
INFOS: FROM ConfigProject bp ORDER BY project ASC
juil. 23, 2019 12:24:55 AM ui.UILog log
GRAVE: APP_ERR0038 CONFIG : No Workplace associated with selected Segment.
juil. 23, 2019 12:24:56 AM ui.UILog log
GRAVE: APP_ERR0038 CONFIG : No Workplace associated with selected Segment.
juil. 23, 2019 12:31:14 AM ui.UILog log
INFOS: File 2019_07_23.log already exists.

juil. 23, 2019 12:31:14 AM ui.UILog log
INFOS: Daily output print directory [.\print\2019_07_23] already exist!
open_sheet sub directory [.\print\2019_07_23\open_sheet] already exist!
Print sub directory [.\print\2019_07_23\closing_sheet] already exist!
Print sub directory [.\print\2019_07_23\picking_label] already exist!
Print sub directory [.\print\2019_07_23\dispatch_label] already exist!

juil. 23, 2019 12:31:17 AM ui.UILog log
INFOS: APP_INFO0003 : User EZZIOURI Oussama / 9 connected to host Oussama-PC at 2019-07-23 00:31:17 Module : Configuration : .
juil. 23, 2019 12:31:19 AM ui.UILog log
INFOS: FROM ConfigProject bp ORDER BY project ASC
juil. 23, 2019 12:31:19 AM ui.UILog log
INFOS: FROM ConfigProject bp ORDER BY project ASC
juil. 23, 2019 12:31:32 AM ui.UILog log
INFOS: FROM ConfigProject bp ORDER BY project ASC
juil. 23, 2019 12:31:32 AM ui.UILog log
INFOS: FROM ConfigProject bp ORDER BY project ASC
juil. 23, 2019 12:32:03 AM ui.UILog log
INFOS: FROM ConfigProject bp ORDER BY project ASC
juil. 23, 2019 12:32:20 AM ui.UILog log
INFOS: FROM ConfigProject bp ORDER BY project ASC
juil. 23, 2019 12:32:25 AM ui.UILog log
INFOS: FROM ConfigProject bp ORDER BY project ASC
juil. 23, 2019 12:32:26 AM ui.UILog log
INFOS: FROM ConfigProject bp ORDER BY project ASC
juil. 23, 2019 12:32:38 AM ui.UILog log
INFOS: FROM ConfigProject bp ORDER BY project ASC
juil. 23, 2019 12:32:42 AM ui.UILog log
INFOS: FROM ConfigProject bp ORDER BY project ASC
juil. 23, 2019 12:32:55 AM ui.UILog log
INFOS: FROM ConfigProject bp ORDER BY project ASC
juil. 23, 2019 12:33:46 AM ui.UILog log
INFOS: FROM ConfigProject bp ORDER BY project ASC
