mai 28, 2019 12:03:50 AM ui.UILog log
INFOS: File 2019_05_28.log is created!

mai 28, 2019 12:03:50 AM ui.UILog log
INFOS: Daily output print directory [.\print\2019_05_28] created !
open_sheet sub directory [.\print\2019_05_28\open_sheet] created !
Print sub directory [.\print\2019_05_28\closing_sheet] created !
Print sub directory [.\print\2019_05_28\picking_label] created !
Print sub directory [.\print\2019_05_28\dispatch_label] created !

mai 28, 2019 12:04:04 AM ui.UILog log
INFOS: File 2019_05_28.log already exists.

mai 28, 2019 12:04:04 AM ui.UILog log
INFOS: Daily output print directory [.\print\2019_05_28] already exist!
open_sheet sub directory [.\print\2019_05_28\open_sheet] already exist!
Print sub directory [.\print\2019_05_28\closing_sheet] already exist!
Print sub directory [.\print\2019_05_28\picking_label] already exist!
Print sub directory [.\print\2019_05_28\dispatch_label] already exist!

mai 28, 2019 12:04:34 AM ui.UILog log
INFOS: APP_INFO0003 : User EZZIOURI Oussama / 9 connected to host Oussama-PC at 2019-05-28 00:04:34 Module : Configuration : .
mai 28, 2019 12:04:53 AM ui.UILog log
INFOS: APP_INFO0003 : User EZZIOURI Oussama / 9 connected to host Oussama-PC at 2019-05-28 00:04:53 Project : SMALL.
mai 28, 2019 12:04:53 AM ui.UILog log
INFOS: APP_CONFIG0002   : Chargement de la liste des formats QR dans la variable DATAMATRIX_PATTERN_LIST ...
mai 28, 2019 12:04:53 AM ui.UILog log
INFOS: FROM ConfigBarcode cb WHERE cb.keyWord = :keyWord AND cb.harness_type = :harnessType ORDER BY id ASC
mai 28, 2019 12:04:53 AM ui.UILog log
INFOS: ^[P]{1}\d{22}
^[P]{1}\d{10}[.]\d{2}[.]\d{4}[;]\d{2}[:]\d{2}[:]\d{2}
^[P]{1}\d{8}[;]\d{2}[.]\d{2}[.]\d{6}[:]\d{2}[:]\d{2}
^[P]{1}\d{8}[;]\d{2}[.]\d{2}[.]\d{4}[;]\d{2}[:]\d{2}[:]\d{2}
^[P]{1}\d{10}[.]\d{2}[.]\d{6}[:]\d{2}[:]\d{2}
^[P]{1}\d{8}[P]{1}\d{10}[A]{1}\d{17}
^[P]{1}\d{8}[P]{1}\d{4}[C]{1}\d{5}[C]{1}\d{17}
^[P]{1}\d{8}[P]{1}\d{4}[C]{1}\d{5}[A]{1}\d{14}
^[P]{1}\d{8}[P]{1}\d{4}[C]{1}\d{5}[A]{1}\d{13}
^[P]{1}\d{8}[P]{1}\d{4}[C]{1}\d{5}[A]{1}\d{16}
^[P]{1}\d{8}[P]{1}\d{4}[C]{1}\d{5}[A]{1}\d{18}
^[P]{1}\d{8}[P]{1}\d{4}[C]{1}\d{5}[A]{1}\d{12}
^[P]{1}\d{8}[P]{1}\d{4}[C]{1}\d{5}[A]{1}\d{17}
^[P]{1}\d{8}[P]{1}\d{4}[C]{1}\d{5}[A]{1}\d{15}
^[P]{1}\d{8}[P]{1}\d{19}
^[P]{1}\d{8}[P]{1}\d{4}[C]{1}\d{5}[A]{1}\d{19}
^[P]{1}\d{8}[C]{1}\d{19}
^[P]{1}\d{8}[P]{1}\d{4}[C]{1}\d{5}[B]{1}\d{17}
^[P]{1}\d{8}[C]{1}\d{4}[C]{1}\d{5}[A]{1}\d{17}
^[P]{1}\d{8}[P]{1}\d{4}[C]{1}\d{6}[A]{1}\d{17}
^\d{4}[C]{1}\d{3}[D]{1}[;]{1}\d{2}[.]{1}\d{2}[.]{1}\d{4}[;]{1}\d{2}[:]{1}\d{2}[:]{1}\d{2}
^[P]{1}\w{32}
^[P]{1}\d{10}[C]{1}\d{5}[A]{1}\d{19}

mai 28, 2019 12:04:53 AM ui.UILog log
INFOS: APP_CONFIG0003   : 23 formats possible du QR pour le projet SMALL ont été chargés avec succès !
mai 28, 2019 12:04:53 AM ui.UILog log
INFOS: FROM ConfigBarcode cb WHERE cb.keyWord = :keyWord AND cb.harness_type = :harnessType ORDER BY id ASC
mai 28, 2019 12:04:53 AM ui.UILog log
INFOS: ^[P]\w{8}

mai 28, 2019 12:04:53 AM ui.UILog log
INFOS: APP_CONFIG0004   : 1 formats de référence possibles pour le projet SMALL ont été chargés avec succès.
mai 28, 2019 12:04:55 AM ui.UILog log
INFOS: Searching Harness part [22216200] in ConfigUCS: [SMALL]
mai 28, 2019 12:04:55 AM ui.UILog log
INFOS: APP_INFO0004 : Référence produit 22216200 trouvée pour le projet [SMALL].
mai 28, 2019 12:04:55 AM ui.UILog log
INFOS: APP_INFO0005 : Référence produit correcte P22216200 
mai 28, 2019 12:05:00 AM ui.UILog log
INFOS: Searching Harness counter [P2221620020190527223500] in BaseHarness.
mai 28, 2019 12:05:00 AM ui.UILog log
INFOS: FROM BaseHarness bh WHERE bh.counter = :counter
mai 28, 2019 12:05:00 AM ui.UILog log
INFOS: New harness to be added BaseHarness{harnessPart=null, counter=null}
mai 28, 2019 12:05:13 AM ui.UILog log
INFOS: Daily output print directory [.\print\2019_05_28] already exist!
open_sheet sub directory [.\print\2019_05_28\open_sheet] already exist!
Print sub directory [.\print\2019_05_28\closing_sheet] already exist!
Print sub directory [.\print\2019_05_28\picking_label] already exist!
Print sub directory [.\print\2019_05_28\dispatch_label] already exist!

mai 28, 2019 12:05:13 AM ui.UILog log
INFOS: Sending [.\print\2019_05_28\open_sheet\PrintOpenPallet_A5_2019_05_28_00_05_13__22216200_200095032454.pdf] to the default printer...
mai 28, 2019 12:05:13 AM ui.UILog log
INFOS: File [.\print\2019_05_28\open_sheet\PrintOpenPallet_A5_2019_05_28_00_05_13__22216200_200095032454.pdf] has been printed.
mai 28, 2019 12:05:13 AM ui.UILog log
INFOS: APP_INFO0006 : Openning new container 200095032 for the first harness part 
mai 28, 2019 12:05:34 AM ui.UILog log
INFOS: BaseContainer created BaseContainer{
id=93887,
 createTime=Tue May 28 00:05:29 UTC 2019,
 fifoTime=Tue May 28 00:05:29 UTC 2019,
 storedTime=null,
 shippedTime=null,
 reservedTime=null,
 createId=100,
 writeId=100,
 user=9,
 createUser=EZZIOURI Oussama,
 startTime=Tue May 28 00:05:29 UTC 2019,
 closedTime=null,
 workTime=null,
 palletNumber=200095032,
 harnessPart=22216200,
 harnessIndex=P02,
 supplierPartNumber=26C06971A,
 qtyExpected=1,
 qtyRead=1,
 containerState=OPEN,
 containerStateCode=1000,
 packType=C9,
 harnessType=SMALL,
 stdTime=0.221,
 price=0.0,
 packWorkstation=Oussama-PC,
 order_no=300237348,
 special_order=1,
 labelPerPiece=false,
 comment=,
 segment=SMALLS_MDEP,
 workplace=SMALL,
 ucsLifes=-1,
 ucsId=999,
 dispatchLabelNo=null,
 destination=VMI,
 dispatchTime=null,
 consignNo=null,
 invoiceNo=null,
 netWeight=0.0,
 grossWeight=0.0,
 volume=0.0,
 engChange=?,
 articleDesc=?,
 project=VOLVO,
 warehouse=4CV,
 engChangeDate=2018-01-01 00:00:00.0,
 priority=99,
 openningSheetCopies=1,
 closingSheetCopies=1,
 closingSheetFormat=1} 
mai 28, 2019 12:05:34 AM ui.UILog log
INFOS: Daily output print directory [.\print\2019_05_28] already exist!
open_sheet sub directory [.\print\2019_05_28\open_sheet] already exist!
Print sub directory [.\print\2019_05_28\closing_sheet] already exist!
Print sub directory [.\print\2019_05_28\picking_label] already exist!
Print sub directory [.\print\2019_05_28\dispatch_label] already exist!

mai 28, 2019 12:05:34 AM ui.UILog log
INFOS: Sending [.\print\2019_05_28\closing_sheet\PrintClosingPallet_A5_22216200_2019_05_28_00_05_34203.pdf] to the default printer...
mai 28, 2019 12:05:34 AM ui.UILog log
INFOS: File [%s] has been printed.
mai 28, 2019 12:07:29 AM ui.UILog log
INFOS: File 2019_05_28.log already exists.

mai 28, 2019 12:07:29 AM ui.UILog log
INFOS: Daily output print directory [.\print\2019_05_28] already exist!
open_sheet sub directory [.\print\2019_05_28\open_sheet] already exist!
Print sub directory [.\print\2019_05_28\closing_sheet] already exist!
Print sub directory [.\print\2019_05_28\picking_label] already exist!
Print sub directory [.\print\2019_05_28\dispatch_label] already exist!

mai 28, 2019 12:07:41 AM ui.UILog log
INFOS: APP_INFO0003 : User EZZIOURI Oussama / 9 connected to host Oussama-PC at 2019-05-28 00:07:41 Module : Configuration : .
mai 28, 2019 12:23:13 AM ui.UILog log
INFOS: File 2019_05_28.log already exists.

mai 28, 2019 12:23:13 AM ui.UILog log
INFOS: Daily output print directory [.\print\2019_05_28] already exist!
open_sheet sub directory [.\print\2019_05_28\open_sheet] already exist!
Print sub directory [.\print\2019_05_28\closing_sheet] already exist!
Print sub directory [.\print\2019_05_28\picking_label] already exist!
Print sub directory [.\print\2019_05_28\dispatch_label] already exist!

mai 28, 2019 12:32:06 AM ui.UILog log
INFOS: File 2019_05_28.log already exists.

mai 28, 2019 12:32:06 AM ui.UILog log
INFOS: Daily output print directory [.\print\2019_05_28] already exist!
open_sheet sub directory [.\print\2019_05_28\open_sheet] already exist!
Print sub directory [.\print\2019_05_28\closing_sheet] already exist!
Print sub directory [.\print\2019_05_28\picking_label] already exist!
Print sub directory [.\print\2019_05_28\dispatch_label] already exist!

mai 28, 2019 12:32:08 AM ui.UILog log
INFOS: APP_INFO0003 : User EZZIOURI Oussama / 9 connected to host Oussama-PC at 2019-05-28 00:32:08 Module : Configuration : .
mai 28, 2019 12:32:22 AM ui.UILog log
INFOS: APP_INFO0003 : User EZZIOURI Oussama / 9 connected to host Oussama-PC at 2019-05-28 00:32:22 Project : SMALL.
mai 28, 2019 12:32:22 AM ui.UILog log
INFOS: APP_CONFIG0002   : Chargement de la liste des formats QR dans la variable DATAMATRIX_PATTERN_LIST ...
mai 28, 2019 12:32:22 AM ui.UILog log
INFOS: FROM ConfigBarcode cb WHERE cb.keyWord = :keyWord AND cb.harness_type = :harnessType ORDER BY id ASC
mai 28, 2019 12:32:23 AM ui.UILog log
INFOS: ^[P]{1}\d{22}
^[P]{1}\d{10}[.]\d{2}[.]\d{4}[;]\d{2}[:]\d{2}[:]\d{2}
^[P]{1}\d{8}[;]\d{2}[.]\d{2}[.]\d{6}[:]\d{2}[:]\d{2}
^[P]{1}\d{8}[;]\d{2}[.]\d{2}[.]\d{4}[;]\d{2}[:]\d{2}[:]\d{2}
^[P]{1}\d{10}[.]\d{2}[.]\d{6}[:]\d{2}[:]\d{2}
^[P]{1}\d{8}[P]{1}\d{10}[A]{1}\d{17}
^[P]{1}\d{8}[P]{1}\d{4}[C]{1}\d{5}[C]{1}\d{17}
^[P]{1}\d{8}[P]{1}\d{4}[C]{1}\d{5}[A]{1}\d{14}
^[P]{1}\d{8}[P]{1}\d{4}[C]{1}\d{5}[A]{1}\d{13}
^[P]{1}\d{8}[P]{1}\d{4}[C]{1}\d{5}[A]{1}\d{16}
^[P]{1}\d{8}[P]{1}\d{4}[C]{1}\d{5}[A]{1}\d{18}
^[P]{1}\d{8}[P]{1}\d{4}[C]{1}\d{5}[A]{1}\d{12}
^[P]{1}\d{8}[P]{1}\d{4}[C]{1}\d{5}[A]{1}\d{17}
^[P]{1}\d{8}[P]{1}\d{4}[C]{1}\d{5}[A]{1}\d{15}
^[P]{1}\d{8}[P]{1}\d{19}
^[P]{1}\d{8}[P]{1}\d{4}[C]{1}\d{5}[A]{1}\d{19}
^[P]{1}\d{8}[C]{1}\d{19}
^[P]{1}\d{8}[P]{1}\d{4}[C]{1}\d{5}[B]{1}\d{17}
^[P]{1}\d{8}[C]{1}\d{4}[C]{1}\d{5}[A]{1}\d{17}
^[P]{1}\d{8}[P]{1}\d{4}[C]{1}\d{6}[A]{1}\d{17}
^\d{4}[C]{1}\d{3}[D]{1}[;]{1}\d{2}[.]{1}\d{2}[.]{1}\d{4}[;]{1}\d{2}[:]{1}\d{2}[:]{1}\d{2}
^[P]{1}\w{32}
^[P]{1}\d{10}[C]{1}\d{5}[A]{1}\d{19}

mai 28, 2019 12:32:23 AM ui.UILog log
INFOS: APP_CONFIG0003   : 23 formats possible du QR pour le projet SMALL ont été chargés avec succès !
mai 28, 2019 12:32:23 AM ui.UILog log
INFOS: FROM ConfigBarcode cb WHERE cb.keyWord = :keyWord AND cb.harness_type = :harnessType ORDER BY id ASC
mai 28, 2019 12:32:23 AM ui.UILog log
INFOS: ^[P]\w{8}

mai 28, 2019 12:32:23 AM ui.UILog log
INFOS: APP_CONFIG0004   : 1 formats de référence possibles pour le projet SMALL ont été chargés avec succès.
mai 28, 2019 12:32:25 AM ui.UILog log
INFOS: Searching Harness part [22216200] in ConfigUCS: [SMALL]
mai 28, 2019 12:32:25 AM ui.UILog log
INFOS: APP_INFO0004 : Référence produit 22216200 trouvée pour le projet [SMALL].
mai 28, 2019 12:32:25 AM ui.UILog log
INFOS: APP_INFO0005 : Référence produit correcte P22216200 
mai 28, 2019 12:32:31 AM ui.UILog log
INFOS: Searching Harness counter [P2221620020190527223500] in BaseHarness.
mai 28, 2019 12:32:31 AM ui.UILog log
INFOS: FROM BaseHarness bh WHERE bh.counter = :counter
mai 28, 2019 12:32:33 AM ui.UILog log
INFOS: FROM BaseHarness bh WHERE bh.counter = :counter
mai 28, 2019 12:32:34 AM ui.UILog log
GRAVE: APP_ERR0010 : Ce code QR [P2221620020190527223500] est déjà scanné dans la palette N° [200095032] !
mai 28, 2019 12:32:36 AM ui.UILog log
GRAVE: APP_ERR0010 : Ce code QR [P2221620020190527223500] est déjà scanné dans la palette N° [200095032] !
mai 28, 2019 12:32:38 AM ui.UILog log
INFOS: Searching Harness counter [P2221620020190527223501] in BaseHarness.
mai 28, 2019 12:32:38 AM ui.UILog log
INFOS: FROM BaseHarness bh WHERE bh.counter = :counter
mai 28, 2019 12:32:38 AM ui.UILog log
INFOS: New harness to be added BaseHarness{harnessPart=null, counter=null}
mai 28, 2019 12:32:56 AM ui.UILog log
INFOS: Daily output print directory [.\print\2019_05_28] already exist!
open_sheet sub directory [.\print\2019_05_28\open_sheet] already exist!
Print sub directory [.\print\2019_05_28\closing_sheet] already exist!
Print sub directory [.\print\2019_05_28\picking_label] already exist!
Print sub directory [.\print\2019_05_28\dispatch_label] already exist!

mai 28, 2019 12:32:57 AM ui.UILog log
INFOS: Sending [.\print\2019_05_28\open_sheet\PrintOpenPallet_A5_2019_05_28_00_32_56__22216200_200095033931.pdf] to the default printer...
mai 28, 2019 12:32:57 AM ui.UILog log
INFOS: File [.\print\2019_05_28\open_sheet\PrintOpenPallet_A5_2019_05_28_00_32_56__22216200_200095033931.pdf] has been printed.
mai 28, 2019 12:32:57 AM ui.UILog log
INFOS: APP_INFO0006 : Openning new container 200095033 for the first harness part 
mai 28, 2019 12:33:04 AM ui.UILog log
INFOS: BaseContainer created BaseContainer{
id=93888,
 createTime=Tue May 28 00:33:02 UTC 2019,
 fifoTime=Tue May 28 00:33:02 UTC 2019,
 storedTime=null,
 shippedTime=null,
 reservedTime=null,
 createId=100,
 writeId=100,
 user=9,
 createUser=EZZIOURI Oussama,
 startTime=Tue May 28 00:33:02 UTC 2019,
 closedTime=null,
 workTime=null,
 palletNumber=200095033,
 harnessPart=22216200,
 harnessIndex=P02,
 supplierPartNumber=26C06971A,
 qtyExpected=1,
 qtyRead=1,
 containerState=OPEN,
 containerStateCode=1000,
 packType=C9,
 harnessType=SMALL,
 stdTime=0.221,
 price=0.0,
 packWorkstation=Oussama-PC,
 order_no=300237348,
 special_order=1,
 labelPerPiece=false,
 comment=,
 segment=SMALLS_MDEP,
 workplace=SMALL,
 ucsLifes=-1,
 ucsId=999,
 dispatchLabelNo=null,
 destination=VMI,
 dispatchTime=null,
 consignNo=null,
 invoiceNo=null,
 netWeight=0.0,
 grossWeight=0.0,
 volume=0.0,
 engChange=?,
 articleDesc=?,
 project=VOLVO,
 warehouse=4CV,
 engChangeDate=2018-01-01 00:00:00.0,
 priority=99,
 openningSheetCopies=1,
 closingSheetCopies=1,
 closingSheetFormat=1} 
mai 28, 2019 12:33:04 AM ui.UILog log
INFOS: Daily output print directory [.\print\2019_05_28] already exist!
open_sheet sub directory [.\print\2019_05_28\open_sheet] already exist!
Print sub directory [.\print\2019_05_28\closing_sheet] already exist!
Print sub directory [.\print\2019_05_28\picking_label] already exist!
Print sub directory [.\print\2019_05_28\dispatch_label] already exist!

mai 28, 2019 12:33:04 AM ui.UILog log
INFOS: Sending [.\print\2019_05_28\closing_sheet\PrintClosingPallet_A5_22216200_2019_05_28_00_33_04817.pdf] to the default printer...
mai 28, 2019 12:33:04 AM ui.UILog log
INFOS: File [%s] has been printed.
mai 28, 2019 12:35:03 AM ui.UILog log
INFOS: Searching Harness part [22216200] in ConfigUCS: [SMALL]
mai 28, 2019 12:35:03 AM ui.UILog log
INFOS: APP_INFO0004 : Référence produit 22216200 trouvée pour le projet [SMALL].
mai 28, 2019 12:35:03 AM ui.UILog log
INFOS: APP_INFO0005 : Référence produit correcte P22216200 
mai 28, 2019 12:35:09 AM ui.UILog log
INFOS: Searching Harness counter [P2221620020190527223500] in BaseHarness.
mai 28, 2019 12:35:09 AM ui.UILog log
INFOS: FROM BaseHarness bh WHERE bh.counter = :counter
mai 28, 2019 12:35:10 AM ui.UILog log
INFOS: FROM BaseHarness bh WHERE bh.counter = :counter
mai 28, 2019 12:35:10 AM ui.UILog log
GRAVE: APP_ERR0010 : Ce code QR [P2221620020190527223500] est déjà scanné dans la palette N° [200095032] !
mai 28, 2019 12:35:11 AM ui.UILog log
GRAVE: APP_ERR0010 : Ce code QR [P2221620020190527223500] est déjà scanné dans la palette N° [200095032] !
mai 28, 2019 12:35:15 AM ui.UILog log
INFOS: Searching Harness counter [P2221620020190527223502] in BaseHarness.
mai 28, 2019 12:35:15 AM ui.UILog log
INFOS: FROM BaseHarness bh WHERE bh.counter = :counter
mai 28, 2019 12:35:16 AM ui.UILog log
INFOS: New harness to be added BaseHarness{harnessPart=null, counter=null}
mai 28, 2019 12:35:23 AM ui.UILog log
INFOS: Daily output print directory [.\print\2019_05_28] already exist!
open_sheet sub directory [.\print\2019_05_28\open_sheet] already exist!
Print sub directory [.\print\2019_05_28\closing_sheet] already exist!
Print sub directory [.\print\2019_05_28\picking_label] already exist!
Print sub directory [.\print\2019_05_28\dispatch_label] already exist!

mai 28, 2019 12:35:23 AM ui.UILog log
INFOS: Sending [.\print\2019_05_28\open_sheet\PrintOpenPallet_A5_2019_05_28_00_35_23__22216200_200095034607.pdf] to the default printer...
mai 28, 2019 12:35:23 AM ui.UILog log
INFOS: File [.\print\2019_05_28\open_sheet\PrintOpenPallet_A5_2019_05_28_00_35_23__22216200_200095034607.pdf] has been printed.
mai 28, 2019 12:35:23 AM ui.UILog log
INFOS: APP_INFO0006 : Openning new container 200095034 for the first harness part 
mai 28, 2019 12:35:31 AM ui.UILog log
INFOS: BaseContainer created BaseContainer{
id=93889,
 createTime=Tue May 28 00:35:27 UTC 2019,
 fifoTime=Tue May 28 00:35:27 UTC 2019,
 storedTime=null,
 shippedTime=null,
 reservedTime=null,
 createId=100,
 writeId=100,
 user=9,
 createUser=EZZIOURI Oussama,
 startTime=Tue May 28 00:35:27 UTC 2019,
 closedTime=null,
 workTime=null,
 palletNumber=200095034,
 harnessPart=22216200,
 harnessIndex=P02,
 supplierPartNumber=26C06971A,
 qtyExpected=1,
 qtyRead=1,
 containerState=OPEN,
 containerStateCode=1000,
 packType=C9,
 harnessType=SMALL,
 stdTime=0.221,
 price=0.0,
 packWorkstation=Oussama-PC,
 order_no=300237348,
 special_order=1,
 labelPerPiece=false,
 comment=,
 segment=SMALLS_MDEP,
 workplace=SMALL,
 ucsLifes=-1,
 ucsId=999,
 dispatchLabelNo=null,
 destination=VMI,
 dispatchTime=null,
 consignNo=null,
 invoiceNo=null,
 netWeight=0.0,
 grossWeight=0.0,
 volume=0.0,
 engChange=?,
 articleDesc=?,
 project=VOLVO,
 warehouse=4CV,
 engChangeDate=2018-01-01 00:00:00.0,
 priority=99,
 openningSheetCopies=1,
 closingSheetCopies=1,
 closingSheetFormat=1} 
mai 28, 2019 12:35:31 AM ui.UILog log
INFOS: Daily output print directory [.\print\2019_05_28] already exist!
open_sheet sub directory [.\print\2019_05_28\open_sheet] already exist!
Print sub directory [.\print\2019_05_28\closing_sheet] already exist!
Print sub directory [.\print\2019_05_28\picking_label] already exist!
Print sub directory [.\print\2019_05_28\dispatch_label] already exist!

mai 28, 2019 12:35:31 AM ui.UILog log
INFOS: Sending [.\print\2019_05_28\closing_sheet\PrintClosingPallet_A5_22216200_2019_05_28_00_35_31727.pdf] to the default printer...
mai 28, 2019 12:35:31 AM ui.UILog log
INFOS: File [%s] has been printed.
mai 28, 2019 12:40:21 AM ui.UILog log
INFOS: File 2019_05_28.log already exists.

mai 28, 2019 12:40:21 AM ui.UILog log
INFOS: Daily output print directory [.\print\2019_05_28] already exist!
open_sheet sub directory [.\print\2019_05_28\open_sheet] already exist!
Print sub directory [.\print\2019_05_28\closing_sheet] already exist!
Print sub directory [.\print\2019_05_28\picking_label] already exist!
Print sub directory [.\print\2019_05_28\dispatch_label] already exist!

mai 28, 2019 12:40:24 AM ui.UILog log
INFOS: APP_INFO0003 : User EZZIOURI Oussama / 9 connected to host Oussama-PC at 2019-05-28 00:40:24 Module : Configuration : .
mai 28, 2019 12:41:10 AM ui.UILog log
INFOS: APP_INFO0003 : User EZZIOURI Oussama / 9 connected to host Oussama-PC at 2019-05-28 00:41:10 Project : SMALL.
mai 28, 2019 12:41:10 AM ui.UILog log
INFOS: APP_CONFIG0002   : Chargement de la liste des formats QR dans la variable DATAMATRIX_PATTERN_LIST ...
mai 28, 2019 12:41:10 AM ui.UILog log
INFOS: FROM ConfigBarcode cb WHERE cb.keyWord = :keyWord AND cb.harness_type = :harnessType ORDER BY id ASC
mai 28, 2019 12:41:10 AM ui.UILog log
INFOS: ^[P]{1}\d{22}
^[P]{1}\d{10}[.]\d{2}[.]\d{4}[;]\d{2}[:]\d{2}[:]\d{2}
^[P]{1}\d{8}[;]\d{2}[.]\d{2}[.]\d{6}[:]\d{2}[:]\d{2}
^[P]{1}\d{8}[;]\d{2}[.]\d{2}[.]\d{4}[;]\d{2}[:]\d{2}[:]\d{2}
^[P]{1}\d{10}[.]\d{2}[.]\d{6}[:]\d{2}[:]\d{2}
^[P]{1}\d{8}[P]{1}\d{10}[A]{1}\d{17}
^[P]{1}\d{8}[P]{1}\d{4}[C]{1}\d{5}[C]{1}\d{17}
^[P]{1}\d{8}[P]{1}\d{4}[C]{1}\d{5}[A]{1}\d{14}
^[P]{1}\d{8}[P]{1}\d{4}[C]{1}\d{5}[A]{1}\d{13}
^[P]{1}\d{8}[P]{1}\d{4}[C]{1}\d{5}[A]{1}\d{16}
^[P]{1}\d{8}[P]{1}\d{4}[C]{1}\d{5}[A]{1}\d{18}
^[P]{1}\d{8}[P]{1}\d{4}[C]{1}\d{5}[A]{1}\d{12}
^[P]{1}\d{8}[P]{1}\d{4}[C]{1}\d{5}[A]{1}\d{17}
^[P]{1}\d{8}[P]{1}\d{4}[C]{1}\d{5}[A]{1}\d{15}
^[P]{1}\d{8}[P]{1}\d{19}
^[P]{1}\d{8}[P]{1}\d{4}[C]{1}\d{5}[A]{1}\d{19}
^[P]{1}\d{8}[C]{1}\d{19}
^[P]{1}\d{8}[P]{1}\d{4}[C]{1}\d{5}[B]{1}\d{17}
^[P]{1}\d{8}[C]{1}\d{4}[C]{1}\d{5}[A]{1}\d{17}
^[P]{1}\d{8}[P]{1}\d{4}[C]{1}\d{6}[A]{1}\d{17}
^\d{4}[C]{1}\d{3}[D]{1}[;]{1}\d{2}[.]{1}\d{2}[.]{1}\d{4}[;]{1}\d{2}[:]{1}\d{2}[:]{1}\d{2}
^[P]{1}\w{32}
^[P]{1}\d{10}[C]{1}\d{5}[A]{1}\d{19}

mai 28, 2019 12:41:10 AM ui.UILog log
INFOS: APP_CONFIG0003   : 23 formats possible du QR pour le projet SMALL ont été chargés avec succès !
mai 28, 2019 12:41:10 AM ui.UILog log
INFOS: FROM ConfigBarcode cb WHERE cb.keyWord = :keyWord AND cb.harness_type = :harnessType ORDER BY id ASC
mai 28, 2019 12:41:10 AM ui.UILog log
INFOS: ^[P]\w{8}

mai 28, 2019 12:41:10 AM ui.UILog log
INFOS: APP_CONFIG0004   : 1 formats de référence possibles pour le projet SMALL ont été chargés avec succès.
mai 28, 2019 12:41:21 AM ui.UILog log
INFOS: Searching Harness part [22216200] in ConfigUCS: [SMALL]
mai 28, 2019 12:41:21 AM ui.UILog log
INFOS: APP_INFO0004 : Référence produit 22216200 trouvée pour le projet [SMALL].
mai 28, 2019 12:41:21 AM ui.UILog log
INFOS: APP_INFO0005 : Référence produit correcte P22216200 
mai 28, 2019 12:41:29 AM ui.UILog log
INFOS: Searching Harness counter [P2221620020190527223502] in BaseHarness.
mai 28, 2019 12:41:29 AM ui.UILog log
INFOS: FROM BaseHarness bh WHERE bh.counter = :counter
mai 28, 2019 12:41:30 AM ui.UILog log
INFOS: FROM BaseHarness bh WHERE bh.counter = :counter
mai 28, 2019 12:41:31 AM ui.UILog log
GRAVE: APP_ERR0010 : Ce code QR [P2221620020190527223502] est déjà scanné dans la palette N° [200095034] !
mai 28, 2019 12:41:31 AM ui.UILog log
GRAVE: APP_ERR0010 : Ce code QR [P2221620020190527223502] est déjà scanné dans la palette N° [200095034] !
mai 28, 2019 12:41:33 AM ui.UILog log
INFOS: Searching Harness counter [P2221620020190527223504] in BaseHarness.
mai 28, 2019 12:41:33 AM ui.UILog log
INFOS: FROM BaseHarness bh WHERE bh.counter = :counter
mai 28, 2019 12:41:34 AM ui.UILog log
INFOS: New harness to be added BaseHarness{harnessPart=null, counter=null}
mai 28, 2019 12:41:41 AM ui.UILog log
INFOS: Daily output print directory [.\print\2019_05_28] already exist!
open_sheet sub directory [.\print\2019_05_28\open_sheet] already exist!
Print sub directory [.\print\2019_05_28\closing_sheet] already exist!
Print sub directory [.\print\2019_05_28\picking_label] already exist!
Print sub directory [.\print\2019_05_28\dispatch_label] already exist!

mai 28, 2019 12:41:42 AM ui.UILog log
INFOS: Sending [.\print\2019_05_28\open_sheet\PrintOpenPallet_A5_2019_05_28_00_41_41__22216200_20009503582.pdf] to the default printer...
mai 28, 2019 12:41:42 AM ui.UILog log
INFOS: File [.\print\2019_05_28\open_sheet\PrintOpenPallet_A5_2019_05_28_00_41_41__22216200_20009503582.pdf] has been printed.
mai 28, 2019 12:41:42 AM ui.UILog log
INFOS: APP_INFO0006 : Openning new container 200095035 for the first harness part 
mai 28, 2019 12:41:49 AM ui.UILog log
INFOS: BaseContainer created BaseContainer{
id=93890,
 createTime=Tue May 28 00:41:48 UTC 2019,
 fifoTime=Tue May 28 00:41:48 UTC 2019,
 storedTime=null,
 shippedTime=null,
 reservedTime=null,
 createId=100,
 writeId=100,
 user=9,
 createUser=EZZIOURI Oussama,
 startTime=Tue May 28 00:41:48 UTC 2019,
 closedTime=null,
 workTime=null,
 palletNumber=200095035,
 harnessPart=22216200,
 harnessIndex=P02,
 supplierPartNumber=26C06971A,
 qtyExpected=1,
 qtyRead=1,
 containerState=OPEN,
 containerStateCode=1000,
 packType=C9,
 harnessType=SMALL,
 stdTime=0.221,
 price=0.0,
 packWorkstation=Oussama-PC,
 order_no=300237348,
 special_order=1,
 labelPerPiece=false,
 comment=,
 segment=SMALLS_MDEP,
 workplace=SMALL,
 ucsLifes=-1,
 ucsId=999,
 dispatchLabelNo=null,
 destination=VMI,
 dispatchTime=null,
 consignNo=null,
 invoiceNo=null,
 netWeight=0.0,
 grossWeight=0.0,
 volume=0.0,
 engChange=?,
 articleDesc=?,
 project=VOLVO,
 warehouse=4CV,
 engChangeDate=2018-01-01 00:00:00.0,
 priority=99,
 openningSheetCopies=1,
 closingSheetCopies=1,
 closingSheetFormat=1} 
mai 28, 2019 12:41:53 AM ui.UILog log
INFOS: Daily output print directory [.\print\2019_05_28] already exist!
open_sheet sub directory [.\print\2019_05_28\open_sheet] already exist!
Print sub directory [.\print\2019_05_28\closing_sheet] already exist!
Print sub directory [.\print\2019_05_28\picking_label] already exist!
Print sub directory [.\print\2019_05_28\dispatch_label] already exist!

mai 28, 2019 12:41:53 AM ui.UILog log
INFOS: Sending [.\print\2019_05_28\closing_sheet\PrintClosingPallet_A5_22216200_2019_05_28_00_41_53_338.pdf] to the default printer...
mai 28, 2019 12:41:53 AM ui.UILog log
INFOS: File [%s] has been printed.
mai 28, 2019 12:42:32 AM ui.UILog log
INFOS: Searching Harness part [22216200] in ConfigUCS: [SMALL]
mai 28, 2019 12:42:32 AM ui.UILog log
INFOS: APP_INFO0004 : Référence produit 22216200 trouvée pour le projet [SMALL].
mai 28, 2019 12:42:32 AM ui.UILog log
INFOS: APP_INFO0005 : Référence produit correcte P22216200 
mai 28, 2019 12:42:56 AM ui.UILog log
INFOS: Searching Harness counter [P2221620020190527223505] in BaseHarness.
mai 28, 2019 12:42:56 AM ui.UILog log
INFOS: FROM BaseHarness bh WHERE bh.counter = :counter
mai 28, 2019 12:42:56 AM ui.UILog log
INFOS: New harness to be added BaseHarness{harnessPart=null, counter=null}
mai 28, 2019 12:43:02 AM ui.UILog log
INFOS: Daily output print directory [.\print\2019_05_28] already exist!
open_sheet sub directory [.\print\2019_05_28\open_sheet] already exist!
Print sub directory [.\print\2019_05_28\closing_sheet] already exist!
Print sub directory [.\print\2019_05_28\picking_label] already exist!
Print sub directory [.\print\2019_05_28\dispatch_label] already exist!

mai 28, 2019 12:43:02 AM ui.UILog log
INFOS: Sending [.\print\2019_05_28\open_sheet\PrintOpenPallet_A5_2019_05_28_00_43_02__22216200_200095036406.pdf] to the default printer...
mai 28, 2019 12:43:02 AM ui.UILog log
INFOS: File [.\print\2019_05_28\open_sheet\PrintOpenPallet_A5_2019_05_28_00_43_02__22216200_200095036406.pdf] has been printed.
mai 28, 2019 12:43:02 AM ui.UILog log
INFOS: APP_INFO0006 : Openning new container 200095036 for the first harness part 
mai 28, 2019 12:43:08 AM ui.UILog log
INFOS: BaseContainer created BaseContainer{
id=93891,
 createTime=Tue May 28 00:43:07 UTC 2019,
 fifoTime=Tue May 28 00:43:07 UTC 2019,
 storedTime=null,
 shippedTime=null,
 reservedTime=null,
 createId=100,
 writeId=100,
 user=9,
 createUser=EZZIOURI Oussama,
 startTime=Tue May 28 00:43:07 UTC 2019,
 closedTime=null,
 workTime=null,
 palletNumber=200095036,
 harnessPart=22216200,
 harnessIndex=P02,
 supplierPartNumber=26C06971A,
 qtyExpected=1,
 qtyRead=1,
 containerState=OPEN,
 containerStateCode=1000,
 packType=C11,
 harnessType=SMALL,
 stdTime=0.221,
 price=0.0,
 packWorkstation=Oussama-PC,
 order_no=300237348,
 special_order=1,
 labelPerPiece=false,
 comment=,
 segment=SMALLS_MDEP,
 workplace=SMALL,
 ucsLifes=-1,
 ucsId=1000,
 dispatchLabelNo=null,
 destination=VMI,
 dispatchTime=null,
 consignNo=null,
 invoiceNo=null,
 netWeight=0.0,
 grossWeight=0.0,
 volume=0.0,
 engChange=?,
 articleDesc=?,
 project=VOLVO,
 warehouse=4CV,
 engChangeDate=2018-01-01 00:00:00.0,
 priority=99,
 openningSheetCopies=1,
 closingSheetCopies=1,
 closingSheetFormat=2} 
mai 28, 2019 12:43:09 AM ui.UILog log
INFOS: Daily output print directory [.\print\2019_05_28] already exist!
open_sheet sub directory [.\print\2019_05_28\open_sheet] already exist!
Print sub directory [.\print\2019_05_28\closing_sheet] already exist!
Print sub directory [.\print\2019_05_28\picking_label] already exist!
Print sub directory [.\print\2019_05_28\dispatch_label] already exist!

mai 28, 2019 12:43:10 AM ui.UILog log
INFOS: Sending [.\print\2019_05_28\closing_sheet\PrintClosingPallet_A5_22216200_2019_05_28_00_43_09172.pdf] to the default printer...
mai 28, 2019 12:43:10 AM ui.UILog log
INFOS: File [%s] has been printed.
mai 28, 2019 10:59:48 PM ui.UILog log
INFOS: File 2019_05_28.log already exists.

mai 28, 2019 10:59:48 PM ui.UILog log
INFOS: Daily output print directory [.\print\2019_05_28] already exist!
open_sheet sub directory [.\print\2019_05_28\open_sheet] already exist!
Print sub directory [.\print\2019_05_28\closing_sheet] already exist!
Print sub directory [.\print\2019_05_28\picking_label] already exist!
Print sub directory [.\print\2019_05_28\dispatch_label] already exist!

mai 28, 2019 10:59:50 PM ui.UILog log
INFOS: APP_INFO0003 : User EZZIOURI Oussama / 1 connected to host Oussama-PC at 2019-05-28 22:59:50 Module : Configuration : .
mai 28, 2019 11:00:01 PM ui.UILog log
INFOS: APP_INFO0003 : User EZZIOURI Oussama / 1 connected to host Oussama-PC at 2019-05-28 23:00:01 Project : DUCATI.
mai 28, 2019 11:00:01 PM ui.UILog log
INFOS: APP_CONFIG0002   : Chargement de la liste des formats QR dans la variable DATAMATRIX_PATTERN_LIST ...
mai 28, 2019 11:00:01 PM ui.UILog log
INFOS: FROM ConfigBarcode cb WHERE cb.keyWord = :keyWord AND cb.harness_type = :harnessType ORDER BY id ASC
mai 28, 2019 11:00:01 PM ui.UILog log
INFOS: ^[P]{1}\w{9}[;]{1}\d{2}[.]{1}\d{2}[.]{1}\d{4}[;]{1}\d{2}[:]{1}\d{2}[:]{1}\d{2}
^\w{9}[;]{1}\d{2}[.]{1}\d{2}[.]{1}\d{4}[;]{1}\d{2}[:]{1}\d{2}[:]{1}\d{2}
^\b{9}[;]{1}\d{2}[.]{1}\d{2}[.]{1}\d{4}[;]{1}\d{2}[:]{1}\d{2}[:]{1}\d{2}
^\w{9}[;]{1}\d{2}[:]{1}\d{2}[:]{1}\d{4}[;]{1}\d{2}[:]{1}\d{2}[:]{1}\d{2}

mai 28, 2019 11:00:01 PM ui.UILog log
INFOS: APP_CONFIG0003   : 4 formats possible du QR pour le projet DUCATI ont été chargés avec succès !
mai 28, 2019 11:00:01 PM ui.UILog log
INFOS: FROM ConfigBarcode cb WHERE cb.keyWord = :keyWord AND cb.harness_type = :harnessType ORDER BY id ASC
mai 28, 2019 11:00:01 PM ui.UILog log
INFOS: ^[P]\w{9}
^\w{9}
^\b{9}

mai 28, 2019 11:00:01 PM ui.UILog log
INFOS: APP_CONFIG0004   : 3 formats de référence possibles pour le projet DUCATI ont été chargés avec succès.
mai 28, 2019 11:00:29 PM ui.UILog log
INFOS: Daily output print directory [.\print\2019_05_28] already exist!
open_sheet sub directory [.\print\2019_05_28\open_sheet] already exist!
Print sub directory [.\print\2019_05_28\closing_sheet] already exist!
Print sub directory [.\print\2019_05_28\picking_label] already exist!
Print sub directory [.\print\2019_05_28\dispatch_label] already exist!

mai 28, 2019 11:00:29 PM ui.UILog log
INFOS: Sending [.\print\2019_05_28\open_sheet\PrintOpenPallet_A5_2019_05_28_23_00_29__5101E961A_200082745921.pdf] to the default printer...
mai 28, 2019 11:00:29 PM ui.UILog log
INFOS: File [.\print\2019_05_28\open_sheet\PrintOpenPallet_A5_2019_05_28_23_00_29__5101E961A_200082745921.pdf] has been printed.
mai 28, 2019 11:22:34 PM ui.UILog log
INFOS: File 2019_05_28.log already exists.

mai 28, 2019 11:22:34 PM ui.UILog log
INFOS: Daily output print directory [.\print\2019_05_28] already exist!
open_sheet sub directory [.\print\2019_05_28\open_sheet] already exist!
Print sub directory [.\print\2019_05_28\closing_sheet] already exist!
Print sub directory [.\print\2019_05_28\picking_label] already exist!
Print sub directory [.\print\2019_05_28\dispatch_label] already exist!

mai 28, 2019 11:22:39 PM ui.UILog log
INFOS: APP_INFO0003 : User EZZIOURI Oussama / 9 connected to host Oussama-PC at 2019-05-28 23:22:39 Module : Configuration : .
mai 28, 2019 11:22:47 PM ui.UILog log
INFOS: FROM ConfigProject bp ORDER BY project ASC
mai 28, 2019 11:23:00 PM ui.UILog log
INFOS: FROM ConfigProject bp ORDER BY project ASC
mai 28, 2019 11:31:04 PM ui.UILog log
INFOS: File 2019_05_28.log already exists.

mai 28, 2019 11:31:04 PM ui.UILog log
INFOS: Daily output print directory [.\print\2019_05_28] already exist!
open_sheet sub directory [.\print\2019_05_28\open_sheet] already exist!
Print sub directory [.\print\2019_05_28\closing_sheet] already exist!
Print sub directory [.\print\2019_05_28\picking_label] already exist!
Print sub directory [.\print\2019_05_28\dispatch_label] already exist!

mai 28, 2019 11:31:23 PM ui.UILog log
INFOS: APP_INFO0003 : User EZZIOURI Oussama / 9 connected to host Oussama-PC at 2019-05-28 23:31:23 Module : Configuration : .
mai 28, 2019 11:35:33 PM ui.UILog log
INFOS: File 2019_05_28.log already exists.

mai 28, 2019 11:35:33 PM ui.UILog log
INFOS: Daily output print directory [.\print\2019_05_28] already exist!
open_sheet sub directory [.\print\2019_05_28\open_sheet] already exist!
Print sub directory [.\print\2019_05_28\closing_sheet] already exist!
Print sub directory [.\print\2019_05_28\picking_label] already exist!
Print sub directory [.\print\2019_05_28\dispatch_label] already exist!

mai 28, 2019 11:35:35 PM ui.UILog log
INFOS: APP_INFO0003 : User EZZIOURI Oussama / 9 connected to host Oussama-PC at 2019-05-28 23:35:35 Module : Configuration : .
mai 28, 2019 11:35:38 PM ui.UILog log
INFOS: FROM ConfigProject bp ORDER BY project ASC
mai 28, 2019 11:35:40 PM ui.UILog log
INFOS: FROM ConfigProject bp ORDER BY project ASC
mai 28, 2019 11:59:30 PM ui.UILog log
INFOS: File 2019_05_28.log already exists.

mai 28, 2019 11:59:30 PM ui.UILog log
INFOS: Daily output print directory [.\print\2019_05_28] already exist!
open_sheet sub directory [.\print\2019_05_28\open_sheet] already exist!
Print sub directory [.\print\2019_05_28\closing_sheet] already exist!
Print sub directory [.\print\2019_05_28\picking_label] already exist!
Print sub directory [.\print\2019_05_28\dispatch_label] already exist!

mai 28, 2019 11:59:32 PM ui.UILog log
INFOS: APP_INFO0003 : User EZZIOURI Oussama / 9 connected to host Oussama-PC at 2019-05-28 23:59:32 Module : Configuration : .
mai 28, 2019 11:59:33 PM ui.UILog log
INFOS: FROM ConfigProject bp ORDER BY project ASC
mai 28, 2019 11:59:34 PM ui.UILog log
INFOS: FROM ConfigProject bp ORDER BY project ASC
