juin 22, 2019 2:18:44 PM ui.UILog log
INFOS: File 2019_06_22.log is created!

juin 22, 2019 2:18:44 PM ui.UILog log
INFOS: Daily output print directory [.\print\2019_06_22] created !
open_sheet sub directory [.\print\2019_06_22\open_sheet] created !
Print sub directory [.\print\2019_06_22\closing_sheet] created !
Print sub directory [.\print\2019_06_22\picking_label] created !
Print sub directory [.\print\2019_06_22\dispatch_label] created !

juin 22, 2019 2:21:20 PM ui.UILog log
INFOS: File 2019_06_22.log already exists.

juin 22, 2019 2:21:20 PM ui.UILog log
INFOS: Daily output print directory [.\print\2019_06_22] already exist!
open_sheet sub directory [.\print\2019_06_22\open_sheet] already exist!
Print sub directory [.\print\2019_06_22\closing_sheet] already exist!
Print sub directory [.\print\2019_06_22\picking_label] already exist!
Print sub directory [.\print\2019_06_22\dispatch_label] already exist!

juin 22, 2019 3:49:22 PM ui.UILog log
INFOS: File 2019_06_22.log already exists.

juin 22, 2019 3:49:23 PM ui.UILog log
INFOS: Daily output print directory [.\print\2019_06_22] already exist!
open_sheet sub directory [.\print\2019_06_22\open_sheet] already exist!
Print sub directory [.\print\2019_06_22\closing_sheet] already exist!
Print sub directory [.\print\2019_06_22\picking_label] already exist!
Print sub directory [.\print\2019_06_22\dispatch_label] already exist!

juin 22, 2019 3:49:26 PM ui.UILog log
INFOS: APP_INFO0003 : User EZZIOURI Oussama / 9 connected to host Oussama-PC at 2019-06-22 15:49:26 Module : Configuration : .
juin 22, 2019 3:49:54 PM ui.UILog log
INFOS: FROM ConfigProject bp ORDER BY project ASC
juin 22, 2019 3:49:56 PM ui.UILog log
INFOS: APP_INFO0003 : User EZZIOURI Oussama / 9 connected to host Oussama-PC at 2019-06-22 15:49:56 Dispatch interface : .
juin 22, 2019 3:54:56 PM ui.UILog log
INFOS: File 2019_06_22.log already exists.

juin 22, 2019 3:54:56 PM ui.UILog log
INFOS: Daily output print directory [.\print\2019_06_22] already exist!
open_sheet sub directory [.\print\2019_06_22\open_sheet] already exist!
Print sub directory [.\print\2019_06_22\closing_sheet] already exist!
Print sub directory [.\print\2019_06_22\picking_label] already exist!
Print sub directory [.\print\2019_06_22\dispatch_label] already exist!

juin 22, 2019 3:55:01 PM ui.UILog log
INFOS: APP_INFO0003 : User EZZIOURI Oussama / 9 connected to host Oussama-PC at 2019-06-22 15:55:01 Module : Configuration : .
juin 22, 2019 3:55:02 PM ui.UILog log
INFOS: APP_INFO0003 : User EZZIOURI Oussama / 9 connected to host Oussama-PC at 2019-06-22 15:55:02 Dispatch interface : .
juin 22, 2019 3:57:03 PM ui.UILog log
INFOS: File 2019_06_22.log already exists.

juin 22, 2019 3:57:03 PM ui.UILog log
INFOS: Daily output print directory [.\print\2019_06_22] already exist!
open_sheet sub directory [.\print\2019_06_22\open_sheet] already exist!
Print sub directory [.\print\2019_06_22\closing_sheet] already exist!
Print sub directory [.\print\2019_06_22\picking_label] already exist!
Print sub directory [.\print\2019_06_22\dispatch_label] already exist!

juin 22, 2019 3:57:10 PM ui.UILog log
INFOS: APP_INFO0003 : User EZZIOURI Oussama / 9 connected to host Oussama-PC at 2019-06-22 15:57:10 Module : Configuration : .
juin 22, 2019 3:57:44 PM ui.UILog log
INFOS: APP_INFO0003 : User EZZIOURI Oussama / 9 connected to host Oussama-PC at 2019-06-22 15:57:44 Dispatch interface : .
juin 22, 2019 4:01:44 PM ui.UILog log
INFOS: File 2019_06_22.log already exists.

juin 22, 2019 4:01:44 PM ui.UILog log
INFOS: Daily output print directory [.\print\2019_06_22] already exist!
open_sheet sub directory [.\print\2019_06_22\open_sheet] already exist!
Print sub directory [.\print\2019_06_22\closing_sheet] already exist!
Print sub directory [.\print\2019_06_22\picking_label] already exist!
Print sub directory [.\print\2019_06_22\dispatch_label] already exist!

juin 22, 2019 4:01:46 PM ui.UILog log
INFOS: APP_INFO0003 : User EZZIOURI Oussama / 9 connected to host Oussama-PC at 2019-06-22 16:01:46 Module : Configuration : .
juin 22, 2019 4:01:47 PM ui.UILog log
INFOS: APP_INFO0003 : User EZZIOURI Oussama / 9 connected to host Oussama-PC at 2019-06-22 16:01:47 Dispatch interface : .
juin 22, 2019 4:03:42 PM ui.UILog log
INFOS: File 2019_06_22.log already exists.

juin 22, 2019 4:03:42 PM ui.UILog log
INFOS: Daily output print directory [.\print\2019_06_22] already exist!
open_sheet sub directory [.\print\2019_06_22\open_sheet] already exist!
Print sub directory [.\print\2019_06_22\closing_sheet] already exist!
Print sub directory [.\print\2019_06_22\picking_label] already exist!
Print sub directory [.\print\2019_06_22\dispatch_label] already exist!

juin 22, 2019 4:03:44 PM ui.UILog log
INFOS: APP_INFO0003 : User EZZIOURI Oussama / 9 connected to host Oussama-PC at 2019-06-22 16:03:44 Module : Configuration : .
juin 22, 2019 4:03:52 PM ui.UILog log
INFOS: APP_INFO0003 : User EZZIOURI Oussama / 9 connected to host Oussama-PC at 2019-06-22 16:03:52 Dispatch interface : .
juin 22, 2019 4:04:32 PM ui.UILog log
INFOS: File 2019_06_22.log already exists.

juin 22, 2019 4:04:32 PM ui.UILog log
INFOS: Daily output print directory [.\print\2019_06_22] already exist!
open_sheet sub directory [.\print\2019_06_22\open_sheet] already exist!
Print sub directory [.\print\2019_06_22\closing_sheet] already exist!
Print sub directory [.\print\2019_06_22\picking_label] already exist!
Print sub directory [.\print\2019_06_22\dispatch_label] already exist!

juin 22, 2019 4:04:34 PM ui.UILog log
INFOS: APP_INFO0003 : User EZZIOURI Oussama / 9 connected to host Oussama-PC at 2019-06-22 16:04:34 Module : Configuration : .
juin 22, 2019 4:04:34 PM ui.UILog log
INFOS: APP_INFO0003 : User EZZIOURI Oussama / 9 connected to host Oussama-PC at 2019-06-22 16:04:34 Dispatch interface : .
juin 22, 2019 4:08:59 PM ui.UILog log
INFOS: File 2019_06_22.log already exists.

juin 22, 2019 4:08:59 PM ui.UILog log
INFOS: Daily output print directory [.\print\2019_06_22] already exist!
open_sheet sub directory [.\print\2019_06_22\open_sheet] already exist!
Print sub directory [.\print\2019_06_22\closing_sheet] already exist!
Print sub directory [.\print\2019_06_22\picking_label] already exist!
Print sub directory [.\print\2019_06_22\dispatch_label] already exist!

juin 22, 2019 4:09:29 PM ui.UILog log
INFOS: APP_INFO0003 : User EZZIOURI Oussama / 9 connected to host Oussama-PC at 2019-06-22 16:09:29 Module : Configuration : .
juin 22, 2019 4:09:32 PM ui.UILog log
INFOS: APP_INFO0003 : User EZZIOURI Oussama / 9 connected to host Oussama-PC at 2019-06-22 16:09:32 Dispatch interface : .
juin 22, 2019 4:19:05 PM ui.UILog log
INFOS: File 2019_06_22.log already exists.

juin 22, 2019 4:19:05 PM ui.UILog log
INFOS: Daily output print directory [.\print\2019_06_22] already exist!
open_sheet sub directory [.\print\2019_06_22\open_sheet] already exist!
Print sub directory [.\print\2019_06_22\closing_sheet] already exist!
Print sub directory [.\print\2019_06_22\picking_label] already exist!
Print sub directory [.\print\2019_06_22\dispatch_label] already exist!

juin 22, 2019 4:19:08 PM ui.UILog log
INFOS: APP_INFO0003 : User EZZIOURI Oussama / 9 connected to host Oussama-PC at 2019-06-22 16:19:08 Module : Configuration : .
juin 22, 2019 4:19:10 PM ui.UILog log
INFOS: APP_INFO0003 : User EZZIOURI Oussama / 9 connected to host Oussama-PC at 2019-06-22 16:19:10 Dispatch interface : .
juin 22, 2019 4:23:40 PM ui.UILog log
INFOS: File 2019_06_22.log already exists.

juin 22, 2019 4:23:40 PM ui.UILog log
INFOS: Daily output print directory [.\print\2019_06_22] already exist!
open_sheet sub directory [.\print\2019_06_22\open_sheet] already exist!
Print sub directory [.\print\2019_06_22\closing_sheet] already exist!
Print sub directory [.\print\2019_06_22\picking_label] already exist!
Print sub directory [.\print\2019_06_22\dispatch_label] already exist!

juin 22, 2019 4:23:53 PM ui.UILog log
INFOS: APP_INFO0003 : User EZZIOURI Oussama / 9 connected to host Oussama-PC at 2019-06-22 16:23:53 Module : Configuration : .
juin 22, 2019 4:23:55 PM ui.UILog log
INFOS: APP_INFO0003 : User EZZIOURI Oussama / 9 connected to host Oussama-PC at 2019-06-22 16:23:55 Dispatch interface : .
juin 22, 2019 4:45:42 PM ui.UILog log
INFOS: File 2019_06_22.log already exists.

juin 22, 2019 4:45:42 PM ui.UILog log
INFOS: Daily output print directory [.\print\2019_06_22] already exist!
open_sheet sub directory [.\print\2019_06_22\open_sheet] already exist!
Print sub directory [.\print\2019_06_22\closing_sheet] already exist!
Print sub directory [.\print\2019_06_22\picking_label] already exist!
Print sub directory [.\print\2019_06_22\dispatch_label] already exist!

juin 22, 2019 4:45:45 PM ui.UILog log
INFOS: APP_INFO0003 : User EZZIOURI Oussama / 9 connected to host Oussama-PC at 2019-06-22 16:45:45 Module : Configuration : .
juin 22, 2019 4:45:48 PM ui.UILog log
INFOS: APP_INFO0003 : User EZZIOURI Oussama / 9 connected to host Oussama-PC at 2019-06-22 16:45:48 Dispatch interface : .
juin 22, 2019 4:48:21 PM ui.UILog log
INFOS: File 2019_06_22.log already exists.

juin 22, 2019 4:48:21 PM ui.UILog log
INFOS: Daily output print directory [.\print\2019_06_22] already exist!
open_sheet sub directory [.\print\2019_06_22\open_sheet] already exist!
Print sub directory [.\print\2019_06_22\closing_sheet] already exist!
Print sub directory [.\print\2019_06_22\picking_label] already exist!
Print sub directory [.\print\2019_06_22\dispatch_label] already exist!

juin 22, 2019 4:48:33 PM ui.UILog log
INFOS: APP_INFO0003 : User EZZIOURI Oussama / 9 connected to host Oussama-PC at 2019-06-22 16:48:33 Module : Configuration : .
juin 22, 2019 4:48:36 PM ui.UILog log
INFOS: APP_INFO0003 : User EZZIOURI Oussama / 9 connected to host Oussama-PC at 2019-06-22 16:48:36 Dispatch interface : .
juin 22, 2019 4:50:17 PM ui.UILog log
INFOS: File 2019_06_22.log already exists.

juin 22, 2019 4:50:17 PM ui.UILog log
INFOS: Daily output print directory [.\print\2019_06_22] already exist!
open_sheet sub directory [.\print\2019_06_22\open_sheet] already exist!
Print sub directory [.\print\2019_06_22\closing_sheet] already exist!
Print sub directory [.\print\2019_06_22\picking_label] already exist!
Print sub directory [.\print\2019_06_22\dispatch_label] already exist!

juin 22, 2019 4:50:19 PM ui.UILog log
INFOS: APP_INFO0003 : User EZZIOURI Oussama / 9 connected to host Oussama-PC at 2019-06-22 16:50:19 Module : Configuration : .
juin 22, 2019 4:50:22 PM ui.UILog log
INFOS: FROM ConfigProject bp ORDER BY project ASC
juin 22, 2019 4:50:23 PM ui.UILog log
INFOS: APP_INFO0003 : User EZZIOURI Oussama / 9 connected to host Oussama-PC at 2019-06-22 16:50:23 Dispatch interface : .
