juil. 11, 2019 11:30:35 PM ui.UILog log
INFOS: File 2019_07_11.log is created!

juil. 11, 2019 11:30:35 PM ui.UILog log
INFOS: Daily output print directory [.\print\2019_07_11] created !
open_sheet sub directory [.\print\2019_07_11\open_sheet] created !
Print sub directory [.\print\2019_07_11\closing_sheet] created !
Print sub directory [.\print\2019_07_11\picking_label] created !
Print sub directory [.\print\2019_07_11\dispatch_label] created !

juil. 11, 2019 11:30:41 PM ui.UILog log
INFOS: APP_INFO0003 : User EZZIOURI Oussama / 9 connected to host Oussama-PC at 2019-07-11 23:30:41 Module : Configuration : .
juil. 11, 2019 11:30:44 PM ui.UILog log
INFOS: FROM ConfigProject bp ORDER BY project ASC
juil. 11, 2019 11:30:55 PM ui.UILog log
INFOS: FROM ConfigProject bp ORDER BY project ASC
juil. 11, 2019 11:31:39 PM ui.UILog log
INFOS: Daily output print directory [.\print\2019_07_11] already exist!
open_sheet sub directory [.\print\2019_07_11\open_sheet] already exist!
Print sub directory [.\print\2019_07_11\closing_sheet] already exist!
Print sub directory [.\print\2019_07_11\picking_label] already exist!
Print sub directory [.\print\2019_07_11\dispatch_label] already exist!

juil. 11, 2019 11:31:40 PM ui.UILog log
INFOS: Sending [.\print\2019_07_11\closing_sheet\PrintClosingPallet_A5_21493685_2019_07_11_23_31_39668.pdf] to the default printer...
juil. 11, 2019 11:31:40 PM ui.UILog log
INFOS: File [%s] has been printed.
juil. 11, 2019 11:35:37 PM ui.UILog log
INFOS: File 2019_07_11.log already exists.

juil. 11, 2019 11:35:37 PM ui.UILog log
INFOS: Daily output print directory [.\print\2019_07_11] already exist!
open_sheet sub directory [.\print\2019_07_11\open_sheet] already exist!
Print sub directory [.\print\2019_07_11\closing_sheet] already exist!
Print sub directory [.\print\2019_07_11\picking_label] already exist!
Print sub directory [.\print\2019_07_11\dispatch_label] already exist!

juil. 11, 2019 11:35:39 PM ui.UILog log
INFOS: APP_INFO0003 : User EZZIOURI Oussama / 9 connected to host Oussama-PC at 2019-07-11 23:35:39 Module : Configuration : .
juil. 11, 2019 11:35:41 PM ui.UILog log
INFOS: FROM ConfigProject bp ORDER BY project ASC
juil. 11, 2019 11:35:46 PM ui.UILog log
INFOS: FROM ConfigProject bp ORDER BY project ASC
juil. 11, 2019 11:35:52 PM ui.UILog log
INFOS: Daily output print directory [.\print\2019_07_11] already exist!
open_sheet sub directory [.\print\2019_07_11\open_sheet] already exist!
Print sub directory [.\print\2019_07_11\closing_sheet] already exist!
Print sub directory [.\print\2019_07_11\picking_label] already exist!
Print sub directory [.\print\2019_07_11\dispatch_label] already exist!

juil. 11, 2019 11:35:53 PM ui.UILog log
INFOS: Sending [.\print\2019_07_11\closing_sheet\PrintClosingPallet_A5_21455087_2019_07_11_23_35_52275.pdf] to the default printer...
juil. 11, 2019 11:35:53 PM ui.UILog log
INFOS: File [%s] has been printed.
juil. 11, 2019 11:36:32 PM ui.UILog log
INFOS: Daily output print directory [.\print\2019_07_11] already exist!
open_sheet sub directory [.\print\2019_07_11\open_sheet] already exist!
Print sub directory [.\print\2019_07_11\closing_sheet] already exist!
Print sub directory [.\print\2019_07_11\picking_label] already exist!
Print sub directory [.\print\2019_07_11\dispatch_label] already exist!

juil. 11, 2019 11:36:32 PM ui.UILog log
INFOS: Sending [.\print\2019_07_11\closing_sheet\PrintClosingPallet_A5_21493685_2019_07_11_23_36_32196.pdf] to the default printer...
juil. 11, 2019 11:36:32 PM ui.UILog log
INFOS: File [%s] has been printed.
juil. 11, 2019 11:41:25 PM ui.UILog log
INFOS: File 2019_07_11.log already exists.

juil. 11, 2019 11:41:25 PM ui.UILog log
INFOS: Daily output print directory [.\print\2019_07_11] already exist!
open_sheet sub directory [.\print\2019_07_11\open_sheet] already exist!
Print sub directory [.\print\2019_07_11\closing_sheet] already exist!
Print sub directory [.\print\2019_07_11\picking_label] already exist!
Print sub directory [.\print\2019_07_11\dispatch_label] already exist!

juil. 11, 2019 11:41:27 PM ui.UILog log
INFOS: APP_INFO0003 : User EZZIOURI Oussama / 9 connected to host Oussama-PC at 2019-07-11 23:41:27 Module : Configuration : .
juil. 11, 2019 11:41:29 PM ui.UILog log
INFOS: FROM ConfigProject bp ORDER BY project ASC
juil. 11, 2019 11:41:35 PM ui.UILog log
INFOS: FROM ConfigProject bp ORDER BY project ASC
juil. 11, 2019 11:41:44 PM ui.UILog log
INFOS: Daily output print directory [.\print\2019_07_11] already exist!
open_sheet sub directory [.\print\2019_07_11\open_sheet] already exist!
Print sub directory [.\print\2019_07_11\closing_sheet] already exist!
Print sub directory [.\print\2019_07_11\picking_label] already exist!
Print sub directory [.\print\2019_07_11\dispatch_label] already exist!

juil. 11, 2019 11:52:25 PM ui.UILog log
INFOS: File 2019_07_11.log already exists.

juil. 11, 2019 11:52:25 PM ui.UILog log
INFOS: Daily output print directory [.\print\2019_07_11] already exist!
open_sheet sub directory [.\print\2019_07_11\open_sheet] already exist!
Print sub directory [.\print\2019_07_11\closing_sheet] already exist!
Print sub directory [.\print\2019_07_11\picking_label] already exist!
Print sub directory [.\print\2019_07_11\dispatch_label] already exist!

juil. 11, 2019 11:52:29 PM ui.UILog log
INFOS: APP_INFO0003 : User EZZIOURI Oussama / 9 connected to host Oussama-PC at 2019-07-11 23:52:29 Module : Configuration : .
juil. 11, 2019 11:52:30 PM ui.UILog log
INFOS: FROM ConfigProject bp ORDER BY project ASC
juil. 11, 2019 11:52:34 PM ui.UILog log
INFOS: FROM ConfigProject bp ORDER BY project ASC
juil. 11, 2019 11:52:37 PM ui.UILog log
INFOS: FROM ConfigProject bp ORDER BY project ASC
juil. 11, 2019 11:52:47 PM ui.UILog log
INFOS: Daily output print directory [.\print\2019_07_11] already exist!
open_sheet sub directory [.\print\2019_07_11\open_sheet] already exist!
Print sub directory [.\print\2019_07_11\closing_sheet] already exist!
Print sub directory [.\print\2019_07_11\picking_label] already exist!
Print sub directory [.\print\2019_07_11\dispatch_label] already exist!

juil. 11, 2019 11:54:42 PM ui.UILog log
INFOS: File 2019_07_11.log already exists.

juil. 11, 2019 11:54:42 PM ui.UILog log
INFOS: Daily output print directory [.\print\2019_07_11] already exist!
open_sheet sub directory [.\print\2019_07_11\open_sheet] already exist!
Print sub directory [.\print\2019_07_11\closing_sheet] already exist!
Print sub directory [.\print\2019_07_11\picking_label] already exist!
Print sub directory [.\print\2019_07_11\dispatch_label] already exist!

juil. 11, 2019 11:54:44 PM ui.UILog log
INFOS: APP_INFO0003 : User EZZIOURI Oussama / 9 connected to host Oussama-PC at 2019-07-11 23:54:44 Module : Configuration : .
juil. 11, 2019 11:54:48 PM ui.UILog log
INFOS: FROM ConfigProject bp ORDER BY project ASC
juil. 11, 2019 11:54:55 PM ui.UILog log
INFOS: FROM ConfigProject bp ORDER BY project ASC
juil. 11, 2019 11:54:59 PM ui.UILog log
INFOS: Daily output print directory [.\print\2019_07_11] already exist!
open_sheet sub directory [.\print\2019_07_11\open_sheet] already exist!
Print sub directory [.\print\2019_07_11\closing_sheet] already exist!
Print sub directory [.\print\2019_07_11\picking_label] already exist!
Print sub directory [.\print\2019_07_11\dispatch_label] already exist!

juil. 11, 2019 11:55:33 PM ui.UILog log
INFOS: File 2019_07_11.log already exists.

juil. 11, 2019 11:55:33 PM ui.UILog log
INFOS: Daily output print directory [.\print\2019_07_11] already exist!
open_sheet sub directory [.\print\2019_07_11\open_sheet] already exist!
Print sub directory [.\print\2019_07_11\closing_sheet] already exist!
Print sub directory [.\print\2019_07_11\picking_label] already exist!
Print sub directory [.\print\2019_07_11\dispatch_label] already exist!

juil. 11, 2019 11:55:38 PM ui.UILog log
INFOS: APP_INFO0003 : User EZZIOURI Oussama / 9 connected to host Oussama-PC at 2019-07-11 23:55:38 Module : Configuration : .
juil. 11, 2019 11:55:40 PM ui.UILog log
INFOS: FROM ConfigProject bp ORDER BY project ASC
juil. 11, 2019 11:55:45 PM ui.UILog log
INFOS: FROM ConfigProject bp ORDER BY project ASC
juil. 11, 2019 11:55:50 PM ui.UILog log
INFOS: Daily output print directory [.\print\2019_07_11] already exist!
open_sheet sub directory [.\print\2019_07_11\open_sheet] already exist!
Print sub directory [.\print\2019_07_11\closing_sheet] already exist!
Print sub directory [.\print\2019_07_11\picking_label] already exist!
Print sub directory [.\print\2019_07_11\dispatch_label] already exist!

juil. 11, 2019 11:55:51 PM ui.UILog log
INFOS: Sending [.\print\2019_07_11\closing_sheet\PrintClosingPallet_A5_388-4016_2019_07_11_23_55_50128.pdf] to the default printer...
juil. 11, 2019 11:55:51 PM ui.UILog log
INFOS: File [%s] has been printed.
juil. 11, 2019 11:56:00 PM ui.UILog log
INFOS: Daily output print directory [.\print\2019_07_11] already exist!
open_sheet sub directory [.\print\2019_07_11\open_sheet] already exist!
Print sub directory [.\print\2019_07_11\closing_sheet] already exist!
Print sub directory [.\print\2019_07_11\picking_label] already exist!
Print sub directory [.\print\2019_07_11\dispatch_label] already exist!

juil. 11, 2019 11:56:00 PM ui.UILog log
INFOS: Sending [.\print\2019_07_11\closing_sheet\PrintClosingPallet_A5_22299160_2019_07_11_23_56_00932.pdf] to the default printer...
juil. 11, 2019 11:56:00 PM ui.UILog log
INFOS: File [%s] has been printed.
