mai 31, 2019 12:04:04 AM ui.UILog log
INFOS: File 2019_05_31.log is created!

mai 31, 2019 12:04:04 AM ui.UILog log
INFOS: Daily output print directory [.\print\2019_05_31] created !
open_sheet sub directory [.\print\2019_05_31\open_sheet] created !
Print sub directory [.\print\2019_05_31\closing_sheet] created !
Print sub directory [.\print\2019_05_31\picking_label] created !
Print sub directory [.\print\2019_05_31\dispatch_label] created !

mai 31, 2019 12:04:07 AM ui.UILog log
INFOS: APP_INFO0003 : User EZZIOURI Oussama / 9 connected to host Oussama-PC at 2019-05-31 00:04:07 Module : Configuration : .
mai 31, 2019 12:04:09 AM ui.UILog log
INFOS: FROM ConfigProject bp ORDER BY project ASC
mai 31, 2019 12:05:46 AM ui.UILog log
INFOS: File 2019_05_31.log already exists.

mai 31, 2019 12:05:46 AM ui.UILog log
INFOS: Daily output print directory [.\print\2019_05_31] already exist!
open_sheet sub directory [.\print\2019_05_31\open_sheet] already exist!
Print sub directory [.\print\2019_05_31\closing_sheet] already exist!
Print sub directory [.\print\2019_05_31\picking_label] already exist!
Print sub directory [.\print\2019_05_31\dispatch_label] already exist!

mai 31, 2019 12:05:49 AM ui.UILog log
INFOS: APP_INFO0003 : User EZZIOURI Oussama / 9 connected to host Oussama-PC at 2019-05-31 00:05:49 Module : Configuration : .
mai 31, 2019 12:06:04 AM ui.UILog log
INFOS: FROM ConfigProject bp ORDER BY project ASC
mai 31, 2019 12:06:30 AM ui.UILog log
INFOS: FROM ConfigProject bp ORDER BY project ASC
mai 31, 2019 12:06:32 AM ui.UILog log
GRAVE: APP_ERR0035 CONFIG : No Project found in config_project table.
mai 31, 2019 12:07:06 AM ui.UILog log
INFOS: FROM ConfigProject bp ORDER BY project ASC
mai 31, 2019 12:07:12 AM ui.UILog log
GRAVE: APP_ERR0035 CONFIG : No Project found in config_project table.
mai 31, 2019 12:09:28 AM ui.UILog log
INFOS: APP_INFO0003 : User EZZIOURI Oussama / 9 connected to host Oussama-PC at 2019-05-31 00:09:28 Dispatch interface : .
mai 31, 2019 12:09:31 AM ui.UILog log
INFOS: FROM ConfigProject bp ORDER BY project ASC
mai 31, 2019 12:10:08 AM ui.UILog log
GRAVE: APP_ERR0036 CONFIG : No Warehouse found for the selected project.
mai 31, 2019 12:10:25 AM ui.UILog log
INFOS: FROM ConfigProject bp ORDER BY project ASC
mai 31, 2019 12:10:44 AM ui.UILog log
GRAVE: APP_ERR0035 CONFIG : No Project found in config_project table.
