mai 29, 2019 12:03:02 AM ui.UILog log
INFOS: File 2019_05_29.log is created!

mai 29, 2019 12:03:02 AM ui.UILog log
INFOS: Daily output print directory [.\print\2019_05_29] created !
open_sheet sub directory [.\print\2019_05_29\open_sheet] created !
Print sub directory [.\print\2019_05_29\closing_sheet] created !
Print sub directory [.\print\2019_05_29\picking_label] created !
Print sub directory [.\print\2019_05_29\dispatch_label] created !

mai 29, 2019 12:03:04 AM ui.UILog log
INFOS: APP_INFO0003 : User EZZIOURI Oussama / 9 connected to host Oussama-PC at 2019-05-29 00:03:04 Module : Configuration : .
mai 29, 2019 12:04:01 AM ui.UILog log
INFOS: FROM ConfigProject bp ORDER BY project ASC
mai 29, 2019 12:04:04 AM ui.UILog log
INFOS: FROM ConfigProject bp ORDER BY project ASC
mai 29, 2019 12:06:51 AM ui.UILog log
INFOS: File 2019_05_29.log already exists.

mai 29, 2019 12:06:51 AM ui.UILog log
INFOS: Daily output print directory [.\print\2019_05_29] already exist!
open_sheet sub directory [.\print\2019_05_29\open_sheet] already exist!
Print sub directory [.\print\2019_05_29\closing_sheet] already exist!
Print sub directory [.\print\2019_05_29\picking_label] already exist!
Print sub directory [.\print\2019_05_29\dispatch_label] already exist!

mai 29, 2019 12:06:52 AM ui.UILog log
INFOS: APP_INFO0003 : User EZZIOURI Oussama / 9 connected to host Oussama-PC at 2019-05-29 00:06:52 Module : Configuration : .
mai 29, 2019 12:06:54 AM ui.UILog log
INFOS: FROM ConfigProject bp ORDER BY project ASC
mai 29, 2019 12:06:56 AM ui.UILog log
INFOS: FROM ConfigProject bp ORDER BY project ASC
mai 29, 2019 12:08:03 AM ui.UILog log
INFOS: File 2019_05_29.log already exists.

mai 29, 2019 12:08:03 AM ui.UILog log
INFOS: Daily output print directory [.\print\2019_05_29] already exist!
open_sheet sub directory [.\print\2019_05_29\open_sheet] already exist!
Print sub directory [.\print\2019_05_29\closing_sheet] already exist!
Print sub directory [.\print\2019_05_29\picking_label] already exist!
Print sub directory [.\print\2019_05_29\dispatch_label] already exist!

mai 29, 2019 12:08:06 AM ui.UILog log
INFOS: APP_INFO0003 : User EZZIOURI Oussama / 9 connected to host Oussama-PC at 2019-05-29 00:08:06 Module : Configuration : .
mai 29, 2019 12:08:08 AM ui.UILog log
INFOS: FROM ConfigProject bp ORDER BY project ASC
mai 29, 2019 12:08:09 AM ui.UILog log
INFOS: FROM ConfigProject bp ORDER BY project ASC
mai 29, 2019 12:08:48 AM ui.UILog log
INFOS: File 2019_05_29.log already exists.

mai 29, 2019 12:08:48 AM ui.UILog log
INFOS: Daily output print directory [.\print\2019_05_29] already exist!
open_sheet sub directory [.\print\2019_05_29\open_sheet] already exist!
Print sub directory [.\print\2019_05_29\closing_sheet] already exist!
Print sub directory [.\print\2019_05_29\picking_label] already exist!
Print sub directory [.\print\2019_05_29\dispatch_label] already exist!

mai 29, 2019 12:08:50 AM ui.UILog log
INFOS: APP_INFO0003 : User EZZIOURI Oussama / 9 connected to host Oussama-PC at 2019-05-29 00:08:50 Module : Configuration : .
mai 29, 2019 12:08:53 AM ui.UILog log
INFOS: FROM ConfigProject bp ORDER BY project ASC
mai 29, 2019 12:08:57 AM ui.UILog log
INFOS: FROM ConfigProject bp ORDER BY project ASC
mai 29, 2019 12:09:01 AM ui.UILog log
INFOS: FROM ConfigProject bp ORDER BY project ASC
mai 29, 2019 12:09:04 AM ui.UILog log
INFOS: FROM ConfigProject bp ORDER BY project ASC
mai 29, 2019 12:09:09 AM ui.UILog log
INFOS: FROM ConfigProject bp ORDER BY project ASC
mai 29, 2019 12:09:11 AM ui.UILog log
INFOS: FROM ConfigProject bp ORDER BY project ASC
mai 29, 2019 12:09:16 AM ui.UILog log
INFOS: FROM ConfigProject bp ORDER BY project ASC
mai 29, 2019 12:09:18 AM ui.UILog log
INFOS: FROM ConfigProject bp ORDER BY project ASC
mai 29, 2019 12:09:26 AM ui.UILog log
INFOS: FROM ConfigProject bp ORDER BY project ASC
mai 29, 2019 12:11:45 AM ui.UILog log
INFOS: FROM ConfigProject bp ORDER BY project ASC
mai 29, 2019 12:11:46 AM ui.UILog log
INFOS: FROM ConfigProject bp ORDER BY project ASC
mai 29, 2019 12:14:14 AM ui.UILog log
INFOS: FROM ConfigProject bp ORDER BY project ASC
mai 29, 2019 12:14:22 AM ui.UILog log
INFOS: FROM ConfigProject bp ORDER BY project ASC
mai 29, 2019 12:14:25 AM ui.UILog log
INFOS: FROM ConfigProject bp ORDER BY project ASC
mai 29, 2019 12:14:27 AM ui.UILog log
INFOS: FROM ConfigProject bp ORDER BY project ASC
mai 29, 2019 12:14:33 AM ui.UILog log
INFOS: FROM ConfigProject bp ORDER BY project ASC
mai 29, 2019 12:14:34 AM ui.UILog log
INFOS: FROM ConfigProject bp ORDER BY project ASC
mai 29, 2019 12:17:18 AM ui.UILog log
INFOS: FROM ConfigProject bp ORDER BY project ASC
mai 29, 2019 12:17:25 AM ui.UILog log
INFOS: FROM ConfigProject bp ORDER BY project ASC
mai 29, 2019 12:17:28 AM ui.UILog log
INFOS: FROM ConfigProject bp ORDER BY project ASC
mai 29, 2019 12:17:28 AM ui.UILog log
INFOS: FROM ConfigProject bp ORDER BY project ASC
mai 29, 2019 12:17:33 AM ui.UILog log
INFOS: FROM ConfigProject bp ORDER BY project ASC
mai 29, 2019 12:18:38 AM ui.UILog log
INFOS: FROM ConfigProject bp ORDER BY project ASC
mai 29, 2019 12:18:41 AM ui.UILog log
INFOS: FROM ConfigProject bp ORDER BY project ASC
mai 29, 2019 12:18:56 AM ui.UILog log
INFOS: FROM ConfigProject bp ORDER BY project ASC
mai 29, 2019 12:18:59 AM ui.UILog log
INFOS: FROM ConfigProject bp ORDER BY project ASC
mai 29, 2019 12:19:04 AM ui.UILog log
INFOS: FROM ConfigProject bp ORDER BY project ASC
mai 29, 2019 12:19:07 AM ui.UILog log
INFOS: FROM ConfigProject bp ORDER BY project ASC
mai 29, 2019 12:19:11 AM ui.UILog log
INFOS: FROM ConfigProject bp ORDER BY project ASC
