juil. 17, 2019 9:15:21 PM ui.UILog log
INFOS: File 2019_07_17.log is created!

juil. 17, 2019 9:15:21 PM ui.UILog log
INFOS: Daily output print directory [.\print\2019_07_17] created !
open_sheet sub directory [.\print\2019_07_17\open_sheet] created !
Print sub directory [.\print\2019_07_17\closing_sheet] created !
Print sub directory [.\print\2019_07_17\picking_label] created !
Print sub directory [.\print\2019_07_17\dispatch_label] created !

juil. 17, 2019 9:15:29 PM ui.UILog log
INFOS: APP_INFO0003 : User EZZIOURI Oussama / 9 connected to host Oussama-PC at 2019-07-17 21:15:29 Module : Configuration : .
juil. 17, 2019 9:17:19 PM ui.UILog log
INFOS: File 2019_07_17.log already exists.

juil. 17, 2019 9:17:19 PM ui.UILog log
INFOS: Daily output print directory [.\print\2019_07_17] already exist!
open_sheet sub directory [.\print\2019_07_17\open_sheet] already exist!
Print sub directory [.\print\2019_07_17\closing_sheet] already exist!
Print sub directory [.\print\2019_07_17\picking_label] already exist!
Print sub directory [.\print\2019_07_17\dispatch_label] already exist!

juil. 17, 2019 9:17:21 PM ui.UILog log
INFOS: APP_INFO0003 : User EZZIOURI Oussama / 9 connected to host Oussama-PC at 2019-07-17 21:17:21 Module : Configuration : .
juil. 17, 2019 9:25:10 PM ui.UILog log
INFOS: File 2019_07_17.log already exists.

juil. 17, 2019 9:25:10 PM ui.UILog log
INFOS: Daily output print directory [.\print\2019_07_17] already exist!
open_sheet sub directory [.\print\2019_07_17\open_sheet] already exist!
Print sub directory [.\print\2019_07_17\closing_sheet] already exist!
Print sub directory [.\print\2019_07_17\picking_label] already exist!
Print sub directory [.\print\2019_07_17\dispatch_label] already exist!

juil. 17, 2019 9:25:12 PM ui.UILog log
INFOS: APP_INFO0003 : User EZZIOURI Oussama / 9 connected to host Oussama-PC at 2019-07-17 21:25:12 Module : Configuration : .
juil. 17, 2019 9:26:50 PM ui.UILog log
INFOS: File 2019_07_17.log already exists.

juil. 17, 2019 9:26:50 PM ui.UILog log
INFOS: Daily output print directory [.\print\2019_07_17] already exist!
open_sheet sub directory [.\print\2019_07_17\open_sheet] already exist!
Print sub directory [.\print\2019_07_17\closing_sheet] already exist!
Print sub directory [.\print\2019_07_17\picking_label] already exist!
Print sub directory [.\print\2019_07_17\dispatch_label] already exist!

juil. 17, 2019 9:26:59 PM ui.UILog log
INFOS: APP_INFO0003 : User EZZIOURI Oussama / 9 connected to host Oussama-PC at 2019-07-17 21:26:59 Module : Configuration : .
juil. 17, 2019 9:31:24 PM ui.UILog log
INFOS: File 2019_07_17.log already exists.

juil. 17, 2019 9:31:24 PM ui.UILog log
INFOS: Daily output print directory [.\print\2019_07_17] already exist!
open_sheet sub directory [.\print\2019_07_17\open_sheet] already exist!
Print sub directory [.\print\2019_07_17\closing_sheet] already exist!
Print sub directory [.\print\2019_07_17\picking_label] already exist!
Print sub directory [.\print\2019_07_17\dispatch_label] already exist!

juil. 17, 2019 9:31:29 PM ui.UILog log
INFOS: APP_INFO0003 : User EZZIOURI Oussama / 9 connected to host Oussama-PC at 2019-07-17 21:31:29 Module : Configuration : .
juil. 17, 2019 9:31:33 PM ui.UILog log
INFOS: FROM ConfigProject bp ORDER BY project ASC
juil. 17, 2019 9:32:29 PM ui.UILog log
INFOS: File 2019_07_17.log already exists.

juil. 17, 2019 9:32:29 PM ui.UILog log
INFOS: Daily output print directory [.\print\2019_07_17] already exist!
open_sheet sub directory [.\print\2019_07_17\open_sheet] already exist!
Print sub directory [.\print\2019_07_17\closing_sheet] already exist!
Print sub directory [.\print\2019_07_17\picking_label] already exist!
Print sub directory [.\print\2019_07_17\dispatch_label] already exist!

juil. 17, 2019 9:36:45 PM ui.UILog log
INFOS: APP_INFO0003 : User EZZIOURI Oussama / 9 connected to host Oussama-PC at 2019-07-17 21:36:45 Module : Configuration : .
juil. 17, 2019 9:39:12 PM ui.UILog log
INFOS: File 2019_07_17.log already exists.

juil. 17, 2019 9:39:12 PM ui.UILog log
INFOS: Daily output print directory [.\print\2019_07_17] already exist!
open_sheet sub directory [.\print\2019_07_17\open_sheet] already exist!
Print sub directory [.\print\2019_07_17\closing_sheet] already exist!
Print sub directory [.\print\2019_07_17\picking_label] already exist!
Print sub directory [.\print\2019_07_17\dispatch_label] already exist!

juil. 17, 2019 9:39:15 PM ui.UILog log
INFOS: APP_INFO0003 : User EZZIOURI Oussama / 9 connected to host Oussama-PC at 2019-07-17 21:39:15 Module : Configuration : .
juil. 17, 2019 9:44:40 PM ui.UILog log
INFOS: File 2019_07_17.log already exists.

juil. 17, 2019 9:44:40 PM ui.UILog log
INFOS: Daily output print directory [.\print\2019_07_17] already exist!
open_sheet sub directory [.\print\2019_07_17\open_sheet] already exist!
Print sub directory [.\print\2019_07_17\closing_sheet] already exist!
Print sub directory [.\print\2019_07_17\picking_label] already exist!
Print sub directory [.\print\2019_07_17\dispatch_label] already exist!

juil. 17, 2019 9:44:44 PM ui.UILog log
INFOS: APP_INFO0003 : User EZZIOURI Oussama / 9 connected to host Oussama-PC at 2019-07-17 21:44:44 Module : Configuration : .
juil. 17, 2019 9:47:10 PM ui.UILog log
INFOS: File 2019_07_17.log already exists.

juil. 17, 2019 9:47:10 PM ui.UILog log
INFOS: Daily output print directory [.\print\2019_07_17] already exist!
open_sheet sub directory [.\print\2019_07_17\open_sheet] already exist!
Print sub directory [.\print\2019_07_17\closing_sheet] already exist!
Print sub directory [.\print\2019_07_17\picking_label] already exist!
Print sub directory [.\print\2019_07_17\dispatch_label] already exist!

juil. 17, 2019 9:47:16 PM ui.UILog log
INFOS: APP_INFO0003 : User EZZIOURI Oussama / 9 connected to host Oussama-PC at 2019-07-17 21:47:16 Module : Configuration : .
juil. 17, 2019 9:48:38 PM ui.UILog log
INFOS: File 2019_07_17.log already exists.

juil. 17, 2019 9:48:38 PM ui.UILog log
INFOS: Daily output print directory [.\print\2019_07_17] already exist!
open_sheet sub directory [.\print\2019_07_17\open_sheet] already exist!
Print sub directory [.\print\2019_07_17\closing_sheet] already exist!
Print sub directory [.\print\2019_07_17\picking_label] already exist!
Print sub directory [.\print\2019_07_17\dispatch_label] already exist!

juil. 17, 2019 9:48:43 PM ui.UILog log
INFOS: APP_INFO0003 : User EZZIOURI Oussama / 9 connected to host Oussama-PC at 2019-07-17 21:48:43 Module : Configuration : .
juil. 17, 2019 9:56:01 PM ui.UILog log
INFOS: File 2019_07_17.log already exists.

juil. 17, 2019 9:56:01 PM ui.UILog log
INFOS: Daily output print directory [.\print\2019_07_17] already exist!
open_sheet sub directory [.\print\2019_07_17\open_sheet] already exist!
Print sub directory [.\print\2019_07_17\closing_sheet] already exist!
Print sub directory [.\print\2019_07_17\picking_label] already exist!
Print sub directory [.\print\2019_07_17\dispatch_label] already exist!

juil. 17, 2019 9:56:04 PM ui.UILog log
INFOS: APP_INFO0003 : User EZZIOURI Oussama / 9 connected to host Oussama-PC at 2019-07-17 21:56:04 Module : Configuration : .
juil. 17, 2019 9:57:17 PM ui.UILog log
INFOS: File 2019_07_17.log already exists.

juil. 17, 2019 9:57:17 PM ui.UILog log
INFOS: Daily output print directory [.\print\2019_07_17] already exist!
open_sheet sub directory [.\print\2019_07_17\open_sheet] already exist!
Print sub directory [.\print\2019_07_17\closing_sheet] already exist!
Print sub directory [.\print\2019_07_17\picking_label] already exist!
Print sub directory [.\print\2019_07_17\dispatch_label] already exist!

juil. 17, 2019 9:57:20 PM ui.UILog log
INFOS: APP_INFO0003 : User EZZIOURI Oussama / 9 connected to host Oussama-PC at 2019-07-17 21:57:20 Module : Configuration : .
juil. 17, 2019 10:02:22 PM ui.UILog log
INFOS: File 2019_07_17.log already exists.

juil. 17, 2019 10:02:22 PM ui.UILog log
INFOS: Daily output print directory [.\print\2019_07_17] already exist!
open_sheet sub directory [.\print\2019_07_17\open_sheet] already exist!
Print sub directory [.\print\2019_07_17\closing_sheet] already exist!
Print sub directory [.\print\2019_07_17\picking_label] already exist!
Print sub directory [.\print\2019_07_17\dispatch_label] already exist!

juil. 17, 2019 10:02:24 PM ui.UILog log
INFOS: APP_INFO0003 : User EZZIOURI Oussama / 9 connected to host Oussama-PC at 2019-07-17 22:02:24 Module : Configuration : .
juil. 17, 2019 10:05:26 PM ui.UILog log
INFOS: File 2019_07_17.log already exists.

juil. 17, 2019 10:05:26 PM ui.UILog log
INFOS: Daily output print directory [.\print\2019_07_17] already exist!
open_sheet sub directory [.\print\2019_07_17\open_sheet] already exist!
Print sub directory [.\print\2019_07_17\closing_sheet] already exist!
Print sub directory [.\print\2019_07_17\picking_label] already exist!
Print sub directory [.\print\2019_07_17\dispatch_label] already exist!

juil. 17, 2019 10:05:28 PM ui.UILog log
INFOS: APP_INFO0003 : User EZZIOURI Oussama / 9 connected to host Oussama-PC at 2019-07-17 22:05:28 Module : Configuration : .
juil. 17, 2019 10:06:17 PM ui.UILog log
INFOS: File 2019_07_17.log already exists.

juil. 17, 2019 10:06:17 PM ui.UILog log
INFOS: Daily output print directory [.\print\2019_07_17] already exist!
open_sheet sub directory [.\print\2019_07_17\open_sheet] already exist!
Print sub directory [.\print\2019_07_17\closing_sheet] already exist!
Print sub directory [.\print\2019_07_17\picking_label] already exist!
Print sub directory [.\print\2019_07_17\dispatch_label] already exist!

juil. 17, 2019 10:06:18 PM ui.UILog log
INFOS: APP_INFO0003 : User EZZIOURI Oussama / 9 connected to host Oussama-PC at 2019-07-17 22:06:18 Module : Configuration : .
juil. 17, 2019 10:08:23 PM ui.UILog log
INFOS: File 2019_07_17.log already exists.

juil. 17, 2019 10:08:23 PM ui.UILog log
INFOS: Daily output print directory [.\print\2019_07_17] already exist!
open_sheet sub directory [.\print\2019_07_17\open_sheet] already exist!
Print sub directory [.\print\2019_07_17\closing_sheet] already exist!
Print sub directory [.\print\2019_07_17\picking_label] already exist!
Print sub directory [.\print\2019_07_17\dispatch_label] already exist!

juil. 17, 2019 10:09:08 PM ui.UILog log
INFOS: APP_INFO0003 : User EZZIOURI Oussama / 9 connected to host Oussama-PC at 2019-07-17 22:09:08 Module : Configuration : .
juil. 17, 2019 10:10:43 PM ui.UILog log
INFOS: File 2019_07_17.log already exists.

juil. 17, 2019 10:10:43 PM ui.UILog log
INFOS: Daily output print directory [.\print\2019_07_17] already exist!
open_sheet sub directory [.\print\2019_07_17\open_sheet] already exist!
Print sub directory [.\print\2019_07_17\closing_sheet] already exist!
Print sub directory [.\print\2019_07_17\picking_label] already exist!
Print sub directory [.\print\2019_07_17\dispatch_label] already exist!

juil. 17, 2019 10:10:46 PM ui.UILog log
INFOS: APP_INFO0003 : User EZZIOURI Oussama / 9 connected to host Oussama-PC at 2019-07-17 22:10:46 Module : Configuration : .
juil. 17, 2019 10:16:52 PM ui.UILog log
INFOS: File 2019_07_17.log already exists.

juil. 17, 2019 10:16:52 PM ui.UILog log
INFOS: Daily output print directory [.\print\2019_07_17] already exist!
open_sheet sub directory [.\print\2019_07_17\open_sheet] already exist!
Print sub directory [.\print\2019_07_17\closing_sheet] already exist!
Print sub directory [.\print\2019_07_17\picking_label] already exist!
Print sub directory [.\print\2019_07_17\dispatch_label] already exist!

juil. 17, 2019 10:16:54 PM ui.UILog log
INFOS: APP_INFO0003 : User EZZIOURI Oussama / 9 connected to host Oussama-PC at 2019-07-17 22:16:54 Module : Configuration : .
juil. 17, 2019 10:19:34 PM ui.UILog log
INFOS: APP_INFO0003 : User EZZIOURI Oussama / 9 connected to host Oussama-PC at 2019-07-17 22:19:34 Dispatch interface : .
juil. 17, 2019 10:19:37 PM ui.UILog log
INFOS: FROM ConfigProject bp ORDER BY project ASC
juil. 17, 2019 10:26:58 PM ui.UILog log
INFOS: File 2019_07_17.log already exists.

juil. 17, 2019 10:26:58 PM ui.UILog log
INFOS: Daily output print directory [.\print\2019_07_17] already exist!
open_sheet sub directory [.\print\2019_07_17\open_sheet] already exist!
Print sub directory [.\print\2019_07_17\closing_sheet] already exist!
Print sub directory [.\print\2019_07_17\picking_label] already exist!
Print sub directory [.\print\2019_07_17\dispatch_label] already exist!

juil. 17, 2019 10:27:00 PM ui.UILog log
INFOS: APP_INFO0003 : User EZZIOURI Oussama / 9 connected to host Oussama-PC at 2019-07-17 22:27:00 Module : Configuration : .
juil. 17, 2019 10:27:04 PM ui.UILog log
INFOS: APP_INFO0003 : User EZZIOURI Oussama / 9 connected to host Oussama-PC at 2019-07-17 22:27:04 Dispatch interface : .
juil. 17, 2019 10:27:06 PM ui.UILog log
INFOS: FROM ConfigProject bp ORDER BY project ASC
juil. 17, 2019 10:27:06 PM ui.UILog log
INFOS: FROM ConfigProject bp ORDER BY project ASC
juil. 17, 2019 10:27:53 PM ui.UILog log
INFOS: File 2019_07_17.log already exists.

juil. 17, 2019 10:27:53 PM ui.UILog log
INFOS: Daily output print directory [.\print\2019_07_17] already exist!
open_sheet sub directory [.\print\2019_07_17\open_sheet] already exist!
Print sub directory [.\print\2019_07_17\closing_sheet] already exist!
Print sub directory [.\print\2019_07_17\picking_label] already exist!
Print sub directory [.\print\2019_07_17\dispatch_label] already exist!

juil. 17, 2019 10:28:12 PM ui.UILog log
INFOS: APP_INFO0003 : User EZZIOURI Oussama / 9 connected to host Oussama-PC at 2019-07-17 22:28:12 Module : Configuration : .
juil. 17, 2019 10:28:15 PM ui.UILog log
INFOS: APP_INFO0003 : User EZZIOURI Oussama / 9 connected to host Oussama-PC at 2019-07-17 22:28:15 Dispatch interface : .
juil. 17, 2019 10:28:18 PM ui.UILog log
INFOS: FROM ConfigProject bp ORDER BY project ASC
juil. 17, 2019 10:30:55 PM ui.UILog log
INFOS: File 2019_07_17.log already exists.

juil. 17, 2019 10:30:55 PM ui.UILog log
INFOS: Daily output print directory [.\print\2019_07_17] already exist!
open_sheet sub directory [.\print\2019_07_17\open_sheet] already exist!
Print sub directory [.\print\2019_07_17\closing_sheet] already exist!
Print sub directory [.\print\2019_07_17\picking_label] already exist!
Print sub directory [.\print\2019_07_17\dispatch_label] already exist!

juil. 17, 2019 10:30:58 PM ui.UILog log
INFOS: APP_INFO0003 : User EZZIOURI Oussama / 9 connected to host Oussama-PC at 2019-07-17 22:30:58 Module : Configuration : .
juil. 17, 2019 10:31:01 PM ui.UILog log
INFOS: APP_INFO0003 : User EZZIOURI Oussama / 9 connected to host Oussama-PC at 2019-07-17 22:31:01 Dispatch interface : .
juil. 17, 2019 10:31:03 PM ui.UILog log
INFOS: FROM ConfigProject bp ORDER BY project ASC
juil. 17, 2019 10:31:23 PM ui.UILog log
INFOS: File 2019_07_17.log already exists.

juil. 17, 2019 10:31:23 PM ui.UILog log
INFOS: Daily output print directory [.\print\2019_07_17] already exist!
open_sheet sub directory [.\print\2019_07_17\open_sheet] already exist!
Print sub directory [.\print\2019_07_17\closing_sheet] already exist!
Print sub directory [.\print\2019_07_17\picking_label] already exist!
Print sub directory [.\print\2019_07_17\dispatch_label] already exist!

juil. 17, 2019 10:53:21 PM ui.UILog log
INFOS: APP_INFO0003 : User EZZIOURI Oussama / 9 connected to host Oussama-PC at 2019-07-17 22:53:21 Module : Configuration : .
juil. 17, 2019 10:54:24 PM ui.UILog log
INFOS: APP_INFO0003 : User EZZIOURI Oussama / 9 connected to host Oussama-PC at 2019-07-17 22:54:24 Dispatch interface : .
juil. 17, 2019 10:54:26 PM ui.UILog log
INFOS: FROM ConfigProject bp ORDER BY project ASC
juil. 17, 2019 10:55:44 PM ui.UILog log
INFOS: File 2019_07_17.log already exists.

juil. 17, 2019 10:55:44 PM ui.UILog log
INFOS: Daily output print directory [.\print\2019_07_17] already exist!
open_sheet sub directory [.\print\2019_07_17\open_sheet] already exist!
Print sub directory [.\print\2019_07_17\closing_sheet] already exist!
Print sub directory [.\print\2019_07_17\picking_label] already exist!
Print sub directory [.\print\2019_07_17\dispatch_label] already exist!

juil. 17, 2019 10:56:02 PM ui.UILog log
INFOS: APP_INFO0003 : User EZZIOURI Oussama / 9 connected to host Oussama-PC at 2019-07-17 22:56:02 Module : Configuration : .
juil. 17, 2019 10:56:10 PM ui.UILog log
INFOS: APP_INFO0003 : User EZZIOURI Oussama / 9 connected to host Oussama-PC at 2019-07-17 22:56:10 Dispatch interface : .
juil. 17, 2019 10:56:12 PM ui.UILog log
INFOS: FROM ConfigProject bp ORDER BY project ASC
juil. 17, 2019 10:56:20 PM ui.UILog log
INFOS: FROM ConfigProject bp ORDER BY project ASC
juil. 17, 2019 10:59:45 PM ui.UILog log
INFOS: FROM ConfigProject bp ORDER BY project ASC
juil. 17, 2019 11:17:58 PM ui.UILog log
INFOS: File 2019_07_17.log already exists.

juil. 17, 2019 11:17:58 PM ui.UILog log
INFOS: Daily output print directory [.\print\2019_07_17] already exist!
open_sheet sub directory [.\print\2019_07_17\open_sheet] already exist!
Print sub directory [.\print\2019_07_17\closing_sheet] already exist!
Print sub directory [.\print\2019_07_17\picking_label] already exist!
Print sub directory [.\print\2019_07_17\dispatch_label] already exist!

juil. 17, 2019 11:18:01 PM ui.UILog log
INFOS: APP_INFO0003 : User EZZIOURI Oussama / 9 connected to host Oussama-PC at 2019-07-17 23:18:01 Module : Configuration : .
juil. 17, 2019 11:18:08 PM ui.UILog log
INFOS: APP_INFO0003 : User EZZIOURI Oussama / 9 connected to host Oussama-PC at 2019-07-17 23:18:08 Dispatch interface : .
juil. 17, 2019 11:18:19 PM ui.UILog log
INFOS: FROM ConfigProject bp ORDER BY project ASC
juil. 17, 2019 11:19:55 PM ui.UILog log
INFOS: File 2019_07_17.log already exists.

juil. 17, 2019 11:19:55 PM ui.UILog log
INFOS: Daily output print directory [.\print\2019_07_17] already exist!
open_sheet sub directory [.\print\2019_07_17\open_sheet] already exist!
Print sub directory [.\print\2019_07_17\closing_sheet] already exist!
Print sub directory [.\print\2019_07_17\picking_label] already exist!
Print sub directory [.\print\2019_07_17\dispatch_label] already exist!

juil. 17, 2019 11:19:57 PM ui.UILog log
INFOS: APP_INFO0003 : User EZZIOURI Oussama / 9 connected to host Oussama-PC at 2019-07-17 23:19:57 Module : Configuration : .
juil. 17, 2019 11:20:06 PM ui.UILog log
INFOS: APP_INFO0003 : User EZZIOURI Oussama / 9 connected to host Oussama-PC at 2019-07-17 23:20:06 Dispatch interface : .
juil. 17, 2019 11:20:13 PM ui.UILog log
INFOS: FROM ConfigProject bp ORDER BY project ASC
juil. 17, 2019 11:20:14 PM ui.UILog log
GRAVE: APP_ERR0031 DISPATCH : Aucun plan n'est selectionné.
juil. 17, 2019 11:20:18 PM ui.UILog log
INFOS: FROM ConfigProject bp ORDER BY project ASC
juil. 17, 2019 11:20:18 PM ui.UILog log
GRAVE: APP_ERR0031 DISPATCH : Aucun plan n'est selectionné.
juil. 17, 2019 11:20:50 PM ui.UILog log
INFOS: FROM ConfigProject bp ORDER BY project ASC
juil. 17, 2019 11:20:50 PM ui.UILog log
GRAVE: APP_ERR0031 DISPATCH : Aucun plan n'est selectionné.
juil. 17, 2019 11:21:02 PM ui.UILog log
INFOS: FROM ConfigProject bp ORDER BY project ASC
juil. 17, 2019 11:21:02 PM ui.UILog log
GRAVE: APP_ERR0031 DISPATCH : Aucun plan n'est selectionné.
juil. 17, 2019 11:21:08 PM ui.UILog log
INFOS: FROM ConfigProject bp ORDER BY project ASC
juil. 17, 2019 11:21:08 PM ui.UILog log
GRAVE: APP_ERR0031 DISPATCH : Aucun plan n'est selectionné.
juil. 17, 2019 11:22:44 PM ui.UILog log
INFOS: APP_INFO0003 : User EZZIOURI Oussama / 9 connected to host Oussama-PC at 2019-07-17 23:22:44 Dispatch interface : .
juil. 17, 2019 11:22:48 PM ui.UILog log
INFOS: FROM ConfigProject bp ORDER BY project ASC
juil. 17, 2019 11:22:48 PM ui.UILog log
GRAVE: APP_ERR0031 DISPATCH : Aucun plan n'est selectionné.
juil. 17, 2019 11:28:07 PM ui.UILog log
INFOS: File 2019_07_17.log already exists.

juil. 17, 2019 11:28:07 PM ui.UILog log
INFOS: Daily output print directory [.\print\2019_07_17] already exist!
open_sheet sub directory [.\print\2019_07_17\open_sheet] already exist!
Print sub directory [.\print\2019_07_17\closing_sheet] already exist!
Print sub directory [.\print\2019_07_17\picking_label] already exist!
Print sub directory [.\print\2019_07_17\dispatch_label] already exist!

juil. 17, 2019 11:28:09 PM ui.UILog log
INFOS: APP_INFO0003 : User EZZIOURI Oussama / 9 connected to host Oussama-PC at 2019-07-17 23:28:09 Module : Configuration : .
juil. 17, 2019 11:28:21 PM ui.UILog log
INFOS: APP_INFO0003 : User EZZIOURI Oussama / 9 connected to host Oussama-PC at 2019-07-17 23:28:21 Dispatch interface : .
juil. 17, 2019 11:28:33 PM ui.UILog log
INFOS: FROM ConfigProject bp ORDER BY project ASC
juil. 17, 2019 11:28:33 PM ui.UILog log
GRAVE: APP_ERR0031 DISPATCH : Aucun plan n'est selectionné.
juil. 17, 2019 11:30:29 PM ui.UILog log
INFOS: File 2019_07_17.log already exists.

juil. 17, 2019 11:30:29 PM ui.UILog log
INFOS: Daily output print directory [.\print\2019_07_17] already exist!
open_sheet sub directory [.\print\2019_07_17\open_sheet] already exist!
Print sub directory [.\print\2019_07_17\closing_sheet] already exist!
Print sub directory [.\print\2019_07_17\picking_label] already exist!
Print sub directory [.\print\2019_07_17\dispatch_label] already exist!

juil. 17, 2019 11:30:56 PM ui.UILog log
INFOS: APP_INFO0003 : User EZZIOURI Oussama / 9 connected to host Oussama-PC at 2019-07-17 23:30:56 Module : Configuration : .
juil. 17, 2019 11:30:58 PM ui.UILog log
INFOS: APP_INFO0003 : User EZZIOURI Oussama / 9 connected to host Oussama-PC at 2019-07-17 23:30:58 Dispatch interface : .
juil. 17, 2019 11:31:13 PM ui.UILog log
INFOS: FROM ConfigProject bp ORDER BY project ASC
juil. 17, 2019 11:31:13 PM ui.UILog log
GRAVE: APP_ERR0031 DISPATCH : Aucun plan n'est selectionné.
juil. 17, 2019 11:42:59 PM ui.UILog log
INFOS: File 2019_07_17.log already exists.

juil. 17, 2019 11:42:59 PM ui.UILog log
INFOS: Daily output print directory [.\print\2019_07_17] already exist!
open_sheet sub directory [.\print\2019_07_17\open_sheet] already exist!
Print sub directory [.\print\2019_07_17\closing_sheet] already exist!
Print sub directory [.\print\2019_07_17\picking_label] already exist!
Print sub directory [.\print\2019_07_17\dispatch_label] already exist!

juil. 17, 2019 11:43:03 PM ui.UILog log
INFOS: APP_INFO0003 : User EZZIOURI Oussama / 9 connected to host Oussama-PC at 2019-07-17 23:43:03 Module : Configuration : .
juil. 17, 2019 11:43:33 PM ui.UILog log
INFOS: APP_INFO0003 : User EZZIOURI Oussama / 9 connected to host Oussama-PC at 2019-07-17 23:43:33 Dispatch interface : .
juil. 17, 2019 11:43:37 PM ui.UILog log
INFOS: FROM ConfigProject bp ORDER BY project ASC
juil. 17, 2019 11:43:37 PM ui.UILog log
GRAVE: APP_ERR0031 DISPATCH : Aucun plan n'est selectionné.
juil. 17, 2019 11:44:37 PM ui.UILog log
INFOS: File 2019_07_17.log already exists.

juil. 17, 2019 11:44:37 PM ui.UILog log
INFOS: Daily output print directory [.\print\2019_07_17] already exist!
open_sheet sub directory [.\print\2019_07_17\open_sheet] already exist!
Print sub directory [.\print\2019_07_17\closing_sheet] already exist!
Print sub directory [.\print\2019_07_17\picking_label] already exist!
Print sub directory [.\print\2019_07_17\dispatch_label] already exist!

juil. 17, 2019 11:44:39 PM ui.UILog log
INFOS: APP_INFO0003 : User EZZIOURI Oussama / 9 connected to host Oussama-PC at 2019-07-17 23:44:39 Module : Configuration : .
juil. 17, 2019 11:44:40 PM ui.UILog log
INFOS: APP_INFO0003 : User EZZIOURI Oussama / 9 connected to host Oussama-PC at 2019-07-17 23:44:40 Dispatch interface : .
juil. 17, 2019 11:44:43 PM ui.UILog log
INFOS: FROM ConfigProject bp ORDER BY project ASC
juil. 17, 2019 11:44:55 PM ui.UILog log
INFOS: FROM ConfigProject bp ORDER BY project ASC
juil. 17, 2019 11:47:04 PM ui.UILog log
INFOS: File 2019_07_17.log already exists.

juil. 17, 2019 11:47:04 PM ui.UILog log
INFOS: Daily output print directory [.\print\2019_07_17] already exist!
open_sheet sub directory [.\print\2019_07_17\open_sheet] already exist!
Print sub directory [.\print\2019_07_17\closing_sheet] already exist!
Print sub directory [.\print\2019_07_17\picking_label] already exist!
Print sub directory [.\print\2019_07_17\dispatch_label] already exist!

juil. 17, 2019 11:47:07 PM ui.UILog log
INFOS: APP_INFO0003 : User EZZIOURI Oussama / 9 connected to host Oussama-PC at 2019-07-17 23:47:07 Module : Configuration : .
juil. 17, 2019 11:47:15 PM ui.UILog log
INFOS: APP_INFO0003 : User EZZIOURI Oussama / 9 connected to host Oussama-PC at 2019-07-17 23:47:15 Dispatch interface : .
juil. 17, 2019 11:47:19 PM ui.UILog log
INFOS: FROM ConfigProject bp ORDER BY project ASC
juil. 17, 2019 11:47:27 PM ui.UILog log
INFOS: FROM ConfigProject bp ORDER BY project ASC
juil. 17, 2019 11:48:02 PM ui.UILog log
INFOS: File 2019_07_17.log already exists.

juil. 17, 2019 11:48:02 PM ui.UILog log
INFOS: Daily output print directory [.\print\2019_07_17] already exist!
open_sheet sub directory [.\print\2019_07_17\open_sheet] already exist!
Print sub directory [.\print\2019_07_17\closing_sheet] already exist!
Print sub directory [.\print\2019_07_17\picking_label] already exist!
Print sub directory [.\print\2019_07_17\dispatch_label] already exist!

juil. 17, 2019 11:48:16 PM ui.UILog log
INFOS: APP_INFO0003 : User EZZIOURI Oussama / 9 connected to host Oussama-PC at 2019-07-17 23:48:16 Module : Configuration : .
juil. 17, 2019 11:48:18 PM ui.UILog log
INFOS: APP_INFO0003 : User EZZIOURI Oussama / 9 connected to host Oussama-PC at 2019-07-17 23:48:18 Dispatch interface : .
juil. 17, 2019 11:48:23 PM ui.UILog log
INFOS: FROM ConfigProject bp ORDER BY project ASC
juil. 17, 2019 11:50:23 PM ui.UILog log
INFOS: File 2019_07_17.log already exists.

juil. 17, 2019 11:50:23 PM ui.UILog log
INFOS: Daily output print directory [.\print\2019_07_17] already exist!
open_sheet sub directory [.\print\2019_07_17\open_sheet] already exist!
Print sub directory [.\print\2019_07_17\closing_sheet] already exist!
Print sub directory [.\print\2019_07_17\picking_label] already exist!
Print sub directory [.\print\2019_07_17\dispatch_label] already exist!

juil. 17, 2019 11:50:25 PM ui.UILog log
INFOS: APP_INFO0003 : User EZZIOURI Oussama / 9 connected to host Oussama-PC at 2019-07-17 23:50:25 Module : Configuration : .
juil. 17, 2019 11:50:59 PM ui.UILog log
INFOS: APP_INFO0003 : User EZZIOURI Oussama / 9 connected to host Oussama-PC at 2019-07-17 23:50:59 Dispatch interface : .
juil. 17, 2019 11:51:03 PM ui.UILog log
INFOS: FROM ConfigProject bp ORDER BY project ASC
juil. 17, 2019 11:51:04 PM ui.UILog log
GRAVE: APP_ERR0042 CONFIG : No warehouse found for the selected project.
juil. 17, 2019 11:57:17 PM ui.UILog log
INFOS: File 2019_07_17.log already exists.

juil. 17, 2019 11:57:17 PM ui.UILog log
INFOS: Daily output print directory [.\print\2019_07_17] already exist!
open_sheet sub directory [.\print\2019_07_17\open_sheet] already exist!
Print sub directory [.\print\2019_07_17\closing_sheet] already exist!
Print sub directory [.\print\2019_07_17\picking_label] already exist!
Print sub directory [.\print\2019_07_17\dispatch_label] already exist!

juil. 17, 2019 11:57:20 PM ui.UILog log
INFOS: APP_INFO0003 : User EZZIOURI Oussama / 9 connected to host Oussama-PC at 2019-07-17 23:57:20 Module : Configuration : .
juil. 17, 2019 11:57:30 PM ui.UILog log
INFOS: APP_INFO0003 : User EZZIOURI Oussama / 9 connected to host Oussama-PC at 2019-07-17 23:57:30 Dispatch interface : .
juil. 17, 2019 11:57:34 PM ui.UILog log
INFOS: FROM ConfigProject bp ORDER BY project ASC
juil. 17, 2019 11:57:35 PM ui.UILog log
GRAVE: APP_ERR0042 CONFIG : No warehouse found for the selected project.
juil. 17, 2019 11:57:35 PM ui.UILog log
GRAVE: APP_ERR0031 DISPATCH : Aucun plan n'est selectionné.
