mai 13, 2019 2:14:23 PM ui.UILog log
INFOS: File 2019_05_13.log is created!

mai 13, 2019 2:14:23 PM ui.UILog log
INFOS: Daily output print directory [.\print\2019_05_13] created !
open_sheet sub directory [.\print\2019_05_13\open_sheet] created !
Print sub directory [.\print\2019_05_13\closing_sheet] created !
Print sub directory [.\print\2019_05_13\picking_label] created !
Print sub directory [.\print\2019_05_13\dispatch_label] created !

mai 13, 2019 2:24:41 PM ui.UILog log
INFOS: APP_INFO0003 : User EZZIOURI Oussama / 9 connected to host WSMA7040 at 2019-05-13 14:24:41 Module : Configuration : .
mai 13, 2019 2:25:01 PM ui.UILog log
INFOS: FROM ConfigProject bp ORDER BY project ASC
mai 13, 2019 2:25:07 PM ui.UILog log
INFOS: FROM ConfigProject bp ORDER BY project ASC
mai 13, 2019 2:25:42 PM ui.UILog log
INFOS: FROM ConfigProject bp ORDER BY project ASC
mai 13, 2019 2:26:32 PM ui.UILog log
INFOS: FROM ConfigProject bp ORDER BY project ASC
mai 13, 2019 2:26:41 PM ui.UILog log
INFOS: FROM ConfigProject bp ORDER BY project ASC
mai 13, 2019 2:26:41 PM ui.UILog log
INFOS: FROM ConfigProject bp ORDER BY project ASC
mai 13, 2019 2:26:41 PM ui.UILog log
INFOS: FROM ConfigProject bp ORDER BY project ASC
mai 13, 2019 2:26:41 PM ui.UILog log
INFOS: FROM ConfigProject bp ORDER BY project ASC
mai 13, 2019 2:26:41 PM ui.UILog log
INFOS: FROM ConfigProject bp ORDER BY project ASC
mai 13, 2019 2:26:41 PM ui.UILog log
INFOS: FROM ConfigProject bp ORDER BY project ASC
mai 13, 2019 2:26:42 PM ui.UILog log
INFOS: FROM ConfigProject bp ORDER BY project ASC
mai 13, 2019 2:26:42 PM ui.UILog log
INFOS: FROM ConfigProject bp ORDER BY project ASC
mai 13, 2019 2:26:42 PM ui.UILog log
INFOS: FROM ConfigProject bp ORDER BY project ASC
mai 13, 2019 2:26:42 PM ui.UILog log
INFOS: FROM ConfigProject bp ORDER BY project ASC
mai 13, 2019 2:26:42 PM ui.UILog log
INFOS: FROM ConfigProject bp ORDER BY project ASC
mai 13, 2019 2:26:42 PM ui.UILog log
INFOS: FROM ConfigProject bp ORDER BY project ASC
mai 13, 2019 2:26:42 PM ui.UILog log
INFOS: FROM ConfigProject bp ORDER BY project ASC
mai 13, 2019 2:26:42 PM ui.UILog log
INFOS: FROM ConfigProject bp ORDER BY project ASC
mai 13, 2019 10:25:27 PM ui.UILog log
INFOS: File 2019_05_13.log already exists.

mai 13, 2019 10:25:28 PM ui.UILog log
INFOS: Daily output print directory [.\print\2019_05_13] already exist!
open_sheet sub directory [.\print\2019_05_13\open_sheet] created !
Print sub directory [.\print\2019_05_13\closing_sheet] created !
Print sub directory [.\print\2019_05_13\picking_label] created !
Print sub directory [.\print\2019_05_13\dispatch_label] created !

mai 13, 2019 10:25:36 PM ui.UILog log
INFOS: APP_INFO0003 : User EZZIOURI Oussama / 9 connected to host Oussama-PC at 2019-05-13 22:25:36 Module : Configuration : .
mai 13, 2019 10:29:12 PM ui.UILog log
INFOS: FROM ConfigProject bp ORDER BY project ASC
mai 13, 2019 10:29:15 PM ui.UILog log
INFOS: FROM ConfigProject bp ORDER BY project ASC
mai 13, 2019 10:29:25 PM ui.UILog log
INFOS: FROM ConfigProject bp ORDER BY project ASC
mai 13, 2019 10:29:25 PM ui.UILog log
INFOS: FROM ConfigProject bp ORDER BY project ASC
mai 13, 2019 10:29:25 PM ui.UILog log
INFOS: FROM ConfigProject bp ORDER BY project ASC
mai 13, 2019 10:29:25 PM ui.UILog log
INFOS: FROM ConfigProject bp ORDER BY project ASC
mai 13, 2019 10:29:25 PM ui.UILog log
INFOS: FROM ConfigProject bp ORDER BY project ASC
mai 13, 2019 10:29:25 PM ui.UILog log
INFOS: FROM ConfigProject bp ORDER BY project ASC
mai 13, 2019 10:29:25 PM ui.UILog log
INFOS: FROM ConfigProject bp ORDER BY project ASC
mai 13, 2019 10:29:25 PM ui.UILog log
INFOS: FROM ConfigProject bp ORDER BY project ASC
mai 13, 2019 10:29:25 PM ui.UILog log
INFOS: FROM ConfigProject bp ORDER BY project ASC
mai 13, 2019 10:29:26 PM ui.UILog log
INFOS: FROM ConfigProject bp ORDER BY project ASC
mai 13, 2019 10:29:26 PM ui.UILog log
INFOS: FROM ConfigProject bp ORDER BY project ASC
mai 13, 2019 10:29:26 PM ui.UILog log
INFOS: FROM ConfigProject bp ORDER BY project ASC
mai 13, 2019 10:29:26 PM ui.UILog log
INFOS: FROM ConfigProject bp ORDER BY project ASC
mai 13, 2019 10:29:26 PM ui.UILog log
INFOS: FROM ConfigProject bp ORDER BY project ASC
mai 13, 2019 10:35:31 PM ui.UILog log
INFOS: FROM ConfigProject bp ORDER BY project ASC
mai 13, 2019 10:35:31 PM ui.UILog log
INFOS: FROM ConfigProject bp ORDER BY project ASC
mai 13, 2019 10:35:31 PM ui.UILog log
INFOS: FROM ConfigProject bp ORDER BY project ASC
mai 13, 2019 10:35:31 PM ui.UILog log
INFOS: FROM ConfigProject bp ORDER BY project ASC
mai 13, 2019 10:35:32 PM ui.UILog log
INFOS: FROM ConfigProject bp ORDER BY project ASC
mai 13, 2019 10:35:32 PM ui.UILog log
INFOS: FROM ConfigProject bp ORDER BY project ASC
mai 13, 2019 10:35:32 PM ui.UILog log
INFOS: FROM ConfigProject bp ORDER BY project ASC
mai 13, 2019 10:35:32 PM ui.UILog log
INFOS: FROM ConfigProject bp ORDER BY project ASC
mai 13, 2019 10:35:32 PM ui.UILog log
INFOS: FROM ConfigProject bp ORDER BY project ASC
mai 13, 2019 10:35:32 PM ui.UILog log
INFOS: FROM ConfigProject bp ORDER BY project ASC
mai 13, 2019 10:35:32 PM ui.UILog log
INFOS: FROM ConfigProject bp ORDER BY project ASC
mai 13, 2019 10:35:32 PM ui.UILog log
INFOS: FROM ConfigProject bp ORDER BY project ASC
mai 13, 2019 10:35:32 PM ui.UILog log
INFOS: FROM ConfigProject bp ORDER BY project ASC
mai 13, 2019 10:35:32 PM ui.UILog log
INFOS: FROM ConfigProject bp ORDER BY project ASC
mai 13, 2019 10:35:40 PM ui.UILog log
INFOS: FROM ConfigProject bp ORDER BY project ASC
mai 13, 2019 10:35:40 PM ui.UILog log
INFOS: FROM ConfigProject bp ORDER BY project ASC
mai 13, 2019 10:35:40 PM ui.UILog log
INFOS: FROM ConfigProject bp ORDER BY project ASC
mai 13, 2019 10:35:40 PM ui.UILog log
INFOS: FROM ConfigProject bp ORDER BY project ASC
mai 13, 2019 10:35:40 PM ui.UILog log
INFOS: FROM ConfigProject bp ORDER BY project ASC
mai 13, 2019 10:35:41 PM ui.UILog log
INFOS: FROM ConfigProject bp ORDER BY project ASC
mai 13, 2019 10:35:41 PM ui.UILog log
INFOS: FROM ConfigProject bp ORDER BY project ASC
mai 13, 2019 10:35:41 PM ui.UILog log
INFOS: FROM ConfigProject bp ORDER BY project ASC
mai 13, 2019 10:35:41 PM ui.UILog log
INFOS: FROM ConfigProject bp ORDER BY project ASC
mai 13, 2019 10:35:41 PM ui.UILog log
INFOS: FROM ConfigProject bp ORDER BY project ASC
mai 13, 2019 10:35:41 PM ui.UILog log
INFOS: FROM ConfigProject bp ORDER BY project ASC
mai 13, 2019 10:35:41 PM ui.UILog log
INFOS: FROM ConfigProject bp ORDER BY project ASC
mai 13, 2019 10:35:41 PM ui.UILog log
INFOS: FROM ConfigProject bp ORDER BY project ASC
mai 13, 2019 10:35:42 PM ui.UILog log
INFOS: FROM ConfigProject bp ORDER BY project ASC
mai 13, 2019 10:39:37 PM ui.UILog log
INFOS: FROM ConfigProject bp ORDER BY project ASC
mai 13, 2019 10:39:37 PM ui.UILog log
INFOS: FROM ConfigProject bp ORDER BY project ASC
mai 13, 2019 10:39:37 PM ui.UILog log
INFOS: FROM ConfigProject bp ORDER BY project ASC
mai 13, 2019 10:39:37 PM ui.UILog log
INFOS: FROM ConfigProject bp ORDER BY project ASC
mai 13, 2019 10:39:37 PM ui.UILog log
INFOS: FROM ConfigProject bp ORDER BY project ASC
mai 13, 2019 10:39:37 PM ui.UILog log
INFOS: FROM ConfigProject bp ORDER BY project ASC
mai 13, 2019 10:39:37 PM ui.UILog log
INFOS: FROM ConfigProject bp ORDER BY project ASC
mai 13, 2019 10:39:37 PM ui.UILog log
INFOS: FROM ConfigProject bp ORDER BY project ASC
mai 13, 2019 10:39:37 PM ui.UILog log
INFOS: FROM ConfigProject bp ORDER BY project ASC
mai 13, 2019 10:40:39 PM ui.UILog log
INFOS: File 2019_05_13.log already exists.

mai 13, 2019 10:40:39 PM ui.UILog log
INFOS: Daily output print directory [.\print\2019_05_13] already exist!
open_sheet sub directory [.\print\2019_05_13\open_sheet] already exist!
Print sub directory [.\print\2019_05_13\closing_sheet] already exist!
Print sub directory [.\print\2019_05_13\picking_label] already exist!
Print sub directory [.\print\2019_05_13\dispatch_label] already exist!

mai 13, 2019 10:40:45 PM ui.UILog log
INFOS: APP_INFO0003 : User EZZIOURI Oussama / 9 connected to host Oussama-PC at 2019-05-13 22:40:45 Module : Configuration : .
mai 13, 2019 10:40:55 PM ui.UILog log
INFOS: FROM ConfigProject bp ORDER BY project ASC
mai 13, 2019 10:48:13 PM ui.UILog log
INFOS: File 2019_05_13.log already exists.

mai 13, 2019 10:48:13 PM ui.UILog log
INFOS: Daily output print directory [.\print\2019_05_13] already exist!
open_sheet sub directory [.\print\2019_05_13\open_sheet] already exist!
Print sub directory [.\print\2019_05_13\closing_sheet] already exist!
Print sub directory [.\print\2019_05_13\picking_label] already exist!
Print sub directory [.\print\2019_05_13\dispatch_label] already exist!

mai 13, 2019 10:48:15 PM ui.UILog log
INFOS: APP_INFO0003 : User EZZIOURI Oussama / 9 connected to host Oussama-PC at 2019-05-13 22:48:15 Module : Configuration : .
mai 13, 2019 10:48:17 PM ui.UILog log
INFOS: FROM ConfigProject bp ORDER BY project ASC
mai 13, 2019 10:55:27 PM ui.UILog log
INFOS: File 2019_05_13.log already exists.

mai 13, 2019 10:55:27 PM ui.UILog log
INFOS: Daily output print directory [.\print\2019_05_13] already exist!
open_sheet sub directory [.\print\2019_05_13\open_sheet] already exist!
Print sub directory [.\print\2019_05_13\closing_sheet] already exist!
Print sub directory [.\print\2019_05_13\picking_label] already exist!
Print sub directory [.\print\2019_05_13\dispatch_label] already exist!

mai 13, 2019 11:28:38 PM ui.UILog log
INFOS: File 2019_05_13.log already exists.

mai 13, 2019 11:28:38 PM ui.UILog log
INFOS: Daily output print directory [.\print\2019_05_13] already exist!
open_sheet sub directory [.\print\2019_05_13\open_sheet] already exist!
Print sub directory [.\print\2019_05_13\closing_sheet] already exist!
Print sub directory [.\print\2019_05_13\picking_label] already exist!
Print sub directory [.\print\2019_05_13\dispatch_label] already exist!

mai 13, 2019 11:29:19 PM ui.UILog log
INFOS: APP_INFO0003 : User EZZIOURI Oussama / 9 connected to host Oussama-PC at 2019-05-13 23:29:19 Module : Configuration : .
mai 13, 2019 11:30:06 PM ui.UILog log
INFOS: APP_INFO0003 : User EZZIOURI Oussama / 9 connected to host Oussama-PC at 2019-05-13 23:30:06 Dispatch interface : .
mai 13, 2019 11:31:28 PM ui.UILog log
INFOS: File 2019_05_13.log already exists.

mai 13, 2019 11:31:28 PM ui.UILog log
INFOS: Daily output print directory [.\print\2019_05_13] already exist!
open_sheet sub directory [.\print\2019_05_13\open_sheet] already exist!
Print sub directory [.\print\2019_05_13\closing_sheet] already exist!
Print sub directory [.\print\2019_05_13\picking_label] already exist!
Print sub directory [.\print\2019_05_13\dispatch_label] already exist!

mai 13, 2019 11:31:31 PM ui.UILog log
INFOS: APP_INFO0003 : User EZZIOURI Oussama / 9 connected to host Oussama-PC at 2019-05-13 23:31:31 Module : Configuration : .
mai 13, 2019 11:31:34 PM ui.UILog log
INFOS: APP_INFO0003 : User EZZIOURI Oussama / 9 connected to host Oussama-PC at 2019-05-13 23:31:34 Dispatch interface : .
mai 13, 2019 11:32:47 PM ui.UILog log
INFOS: File 2019_05_13.log already exists.

mai 13, 2019 11:32:47 PM ui.UILog log
INFOS: Daily output print directory [.\print\2019_05_13] already exist!
open_sheet sub directory [.\print\2019_05_13\open_sheet] already exist!
Print sub directory [.\print\2019_05_13\closing_sheet] already exist!
Print sub directory [.\print\2019_05_13\picking_label] already exist!
Print sub directory [.\print\2019_05_13\dispatch_label] already exist!

mai 13, 2019 11:32:49 PM ui.UILog log
INFOS: APP_INFO0003 : User EZZIOURI Oussama / 9 connected to host Oussama-PC at 2019-05-13 23:32:49 Module : Configuration : .
mai 13, 2019 11:32:51 PM ui.UILog log
INFOS: APP_INFO0003 : User EZZIOURI Oussama / 9 connected to host Oussama-PC at 2019-05-13 23:32:51 Dispatch interface : .
mai 13, 2019 11:35:35 PM ui.UILog log
INFOS: File 2019_05_13.log already exists.

mai 13, 2019 11:35:35 PM ui.UILog log
INFOS: Daily output print directory [.\print\2019_05_13] already exist!
open_sheet sub directory [.\print\2019_05_13\open_sheet] already exist!
Print sub directory [.\print\2019_05_13\closing_sheet] already exist!
Print sub directory [.\print\2019_05_13\picking_label] already exist!
Print sub directory [.\print\2019_05_13\dispatch_label] already exist!

mai 13, 2019 11:35:40 PM ui.UILog log
INFOS: APP_INFO0003 : User EZZIOURI Oussama / 9 connected to host Oussama-PC at 2019-05-13 23:35:40 Module : Configuration : .
mai 13, 2019 11:35:42 PM ui.UILog log
INFOS: APP_INFO0003 : User EZZIOURI Oussama / 9 connected to host Oussama-PC at 2019-05-13 23:35:42 Dispatch interface : .
mai 13, 2019 11:37:11 PM ui.UILog log
INFOS: FROM ConfigProject bp ORDER BY project ASC
mai 13, 2019 11:37:13 PM ui.UILog log
INFOS: FROM ConfigProject bp ORDER BY project ASC
mai 13, 2019 11:37:18 PM ui.UILog log
INFOS: FROM ConfigProject bp ORDER BY project ASC
mai 13, 2019 11:37:21 PM ui.UILog log
INFOS: FROM ConfigProject bp ORDER BY project ASC
mai 13, 2019 11:37:53 PM ui.UILog log
INFOS: FROM ConfigProject bp ORDER BY project ASC
mai 13, 2019 11:37:58 PM ui.UILog log
INFOS: FROM ConfigProject bp ORDER BY project ASC
mai 13, 2019 11:39:03 PM ui.UILog log
INFOS: APP_INFO0003 : User EZZIOURI Oussama / 9 connected to host Oussama-PC at 2019-05-13 23:39:03 Packaging warehouse interface : .
