juil. 09, 2019 11:11:12 PM ui.UILog log
INFOS: File 2019_07_09.log is created!

juil. 09, 2019 11:11:12 PM ui.UILog log
INFOS: Daily output print directory [.\print\2019_07_09] created !
open_sheet sub directory [.\print\2019_07_09\open_sheet] created !
Print sub directory [.\print\2019_07_09\closing_sheet] created !
Print sub directory [.\print\2019_07_09\picking_label] created !
Print sub directory [.\print\2019_07_09\dispatch_label] created !

juil. 09, 2019 11:11:22 PM ui.UILog log
INFOS: APP_INFO0003 : User EZZIOURI Oussama / 9 connected to host Oussama-PC at 2019-07-09 23:11:22 Module : Configuration : .
juil. 09, 2019 11:11:26 PM ui.UILog log
INFOS: FROM ConfigProject bp ORDER BY project ASC
juil. 09, 2019 11:11:45 PM ui.UILog log
INFOS: FROM ConfigProject bp ORDER BY project ASC
juil. 09, 2019 11:11:48 PM ui.UILog log
INFOS: FROM ConfigWorkplace bp ORDER BY workplace ASC
juil. 09, 2019 11:17:25 PM ui.UILog log
INFOS: File 2019_07_09.log already exists.

juil. 09, 2019 11:17:25 PM ui.UILog log
INFOS: Daily output print directory [.\print\2019_07_09] already exist!
open_sheet sub directory [.\print\2019_07_09\open_sheet] already exist!
Print sub directory [.\print\2019_07_09\closing_sheet] already exist!
Print sub directory [.\print\2019_07_09\picking_label] already exist!
Print sub directory [.\print\2019_07_09\dispatch_label] already exist!

juil. 09, 2019 11:17:40 PM ui.UILog log
INFOS: APP_INFO0003 : User EZZIOURI Oussama / 9 connected to host Oussama-PC at 2019-07-09 23:17:40 Module : Configuration : .
juil. 09, 2019 11:17:42 PM ui.UILog log
INFOS: FROM ConfigProject bp ORDER BY project ASC
juil. 09, 2019 11:18:04 PM ui.UILog log
INFOS: FROM ConfigWorkplace bp ORDER BY workplace ASC
juil. 09, 2019 11:21:40 PM ui.UILog log
INFOS: File 2019_07_09.log already exists.

juil. 09, 2019 11:21:40 PM ui.UILog log
INFOS: Daily output print directory [.\print\2019_07_09] already exist!
open_sheet sub directory [.\print\2019_07_09\open_sheet] already exist!
Print sub directory [.\print\2019_07_09\closing_sheet] already exist!
Print sub directory [.\print\2019_07_09\picking_label] already exist!
Print sub directory [.\print\2019_07_09\dispatch_label] already exist!

juil. 09, 2019 11:21:47 PM ui.UILog log
INFOS: APP_INFO0003 : User EZZIOURI Oussama / 9 connected to host Oussama-PC at 2019-07-09 23:21:47 Module : Configuration : .
juil. 09, 2019 11:22:00 PM ui.UILog log
INFOS: FROM ConfigProject bp ORDER BY project ASC
juil. 09, 2019 11:32:41 PM ui.UILog log
INFOS: File 2019_07_09.log already exists.

juil. 09, 2019 11:32:41 PM ui.UILog log
INFOS: Daily output print directory [.\print\2019_07_09] already exist!
open_sheet sub directory [.\print\2019_07_09\open_sheet] already exist!
Print sub directory [.\print\2019_07_09\closing_sheet] already exist!
Print sub directory [.\print\2019_07_09\picking_label] already exist!
Print sub directory [.\print\2019_07_09\dispatch_label] already exist!

juil. 09, 2019 11:32:45 PM ui.UILog log
INFOS: APP_INFO0003 : User EZZIOURI Oussama / 9 connected to host Oussama-PC at 2019-07-09 23:32:45 Module : Configuration : .
juil. 09, 2019 11:32:50 PM ui.UILog log
INFOS: FROM ConfigProject bp ORDER BY project ASC
juil. 09, 2019 11:33:13 PM ui.UILog log
INFOS: FROM ConfigWorkplace bp ORDER BY workplace ASC
juil. 09, 2019 11:33:19 PM ui.UILog log
INFOS: FROM ConfigWorkplace bp ORDER BY workplace ASC
juil. 09, 2019 11:37:53 PM ui.UILog log
INFOS: File 2019_07_09.log already exists.

juil. 09, 2019 11:37:53 PM ui.UILog log
INFOS: Daily output print directory [.\print\2019_07_09] already exist!
open_sheet sub directory [.\print\2019_07_09\open_sheet] already exist!
Print sub directory [.\print\2019_07_09\closing_sheet] already exist!
Print sub directory [.\print\2019_07_09\picking_label] already exist!
Print sub directory [.\print\2019_07_09\dispatch_label] already exist!

juil. 09, 2019 11:38:13 PM ui.UILog log
GRAVE: APP_ERR0039 CONFIG : Invalid login/password.
juil. 09, 2019 11:38:30 PM ui.UILog log
INFOS: APP_INFO0003 : User EZZIOURI Oussama / 9 connected to host Oussama-PC at 2019-07-09 23:38:30 Module : Configuration : .
juil. 09, 2019 11:38:54 PM ui.UILog log
INFOS: FROM ConfigProject bp ORDER BY project ASC
juil. 09, 2019 11:39:00 PM ui.UILog log
INFOS: FROM ConfigProject bp ORDER BY project ASC
juil. 09, 2019 11:39:02 PM ui.UILog log
INFOS: FROM ConfigProject bp ORDER BY project ASC
juil. 09, 2019 11:39:10 PM ui.UILog log
INFOS: FROM ConfigProject bp ORDER BY project ASC
juil. 09, 2019 11:39:49 PM ui.UILog log
INFOS: FROM ConfigProject bp ORDER BY project ASC
juil. 09, 2019 11:40:03 PM ui.UILog log
INFOS: FROM ConfigProject bp ORDER BY project ASC
juil. 09, 2019 11:40:33 PM ui.UILog log
INFOS: FROM ConfigProject bp ORDER BY project ASC
juil. 09, 2019 11:40:50 PM ui.UILog log
INFOS: FROM ConfigProject bp ORDER BY project ASC
juil. 09, 2019 11:40:50 PM ui.UILog log
INFOS: FROM ConfigProject bp ORDER BY project ASC
juil. 09, 2019 11:45:57 PM ui.UILog log
INFOS: File 2019_07_09.log already exists.

juil. 09, 2019 11:45:57 PM ui.UILog log
INFOS: Daily output print directory [.\print\2019_07_09] already exist!
open_sheet sub directory [.\print\2019_07_09\open_sheet] already exist!
Print sub directory [.\print\2019_07_09\closing_sheet] already exist!
Print sub directory [.\print\2019_07_09\picking_label] already exist!
Print sub directory [.\print\2019_07_09\dispatch_label] already exist!

juil. 09, 2019 11:45:59 PM ui.UILog log
INFOS: APP_INFO0003 : User EZZIOURI Oussama / 9 connected to host Oussama-PC at 2019-07-09 23:45:59 Module : Configuration : .
juil. 09, 2019 11:46:01 PM ui.UILog log
INFOS: FROM ConfigProject bp ORDER BY project ASC
juil. 09, 2019 11:46:08 PM ui.UILog log
INFOS: FROM ConfigWorkplace bp ORDER BY workplace ASC
juil. 09, 2019 11:46:22 PM ui.UILog log
INFOS: FROM ConfigWorkplace bp ORDER BY workplace ASC
juil. 09, 2019 11:46:43 PM ui.UILog log
INFOS: FROM ConfigWorkplace bp ORDER BY workplace ASC
