juil. 16, 2019 12:05:21 AM ui.UILog log
INFOS: File 2019_07_16.log is created!

juil. 16, 2019 12:05:21 AM ui.UILog log
INFOS: Daily output print directory [.\print\2019_07_16] created !
open_sheet sub directory [.\print\2019_07_16\open_sheet] created !
Print sub directory [.\print\2019_07_16\closing_sheet] created !
Print sub directory [.\print\2019_07_16\picking_label] created !
Print sub directory [.\print\2019_07_16\dispatch_label] created !

juil. 16, 2019 12:05:34 AM ui.UILog log
INFOS: APP_INFO0003 : User EZZIOURI Oussama / 9 connected to host Oussama-PC at 2019-07-16 00:05:34 Module : Configuration : .
juil. 16, 2019 12:07:02 AM ui.UILog log
INFOS: File 2019_07_16.log already exists.

juil. 16, 2019 12:07:02 AM ui.UILog log
INFOS: Daily output print directory [.\print\2019_07_16] already exist!
open_sheet sub directory [.\print\2019_07_16\open_sheet] already exist!
Print sub directory [.\print\2019_07_16\closing_sheet] already exist!
Print sub directory [.\print\2019_07_16\picking_label] already exist!
Print sub directory [.\print\2019_07_16\dispatch_label] already exist!

juil. 16, 2019 12:07:04 AM ui.UILog log
INFOS: APP_INFO0003 : User EZZIOURI Oussama / 9 connected to host Oussama-PC at 2019-07-16 00:07:04 Module : Configuration : .
juil. 16, 2019 12:07:53 AM ui.UILog log
INFOS: File 2019_07_16.log already exists.

juil. 16, 2019 12:07:53 AM ui.UILog log
INFOS: Daily output print directory [.\print\2019_07_16] already exist!
open_sheet sub directory [.\print\2019_07_16\open_sheet] already exist!
Print sub directory [.\print\2019_07_16\closing_sheet] already exist!
Print sub directory [.\print\2019_07_16\picking_label] already exist!
Print sub directory [.\print\2019_07_16\dispatch_label] already exist!

juil. 16, 2019 12:07:58 AM ui.UILog log
INFOS: APP_INFO0003 : User EZZIOURI Oussama / 9 connected to host Oussama-PC at 2019-07-16 00:07:58 Module : Configuration : .
juil. 16, 2019 12:09:51 AM ui.UILog log
INFOS: File 2019_07_16.log already exists.

juil. 16, 2019 12:09:51 AM ui.UILog log
INFOS: Daily output print directory [.\print\2019_07_16] already exist!
open_sheet sub directory [.\print\2019_07_16\open_sheet] already exist!
Print sub directory [.\print\2019_07_16\closing_sheet] already exist!
Print sub directory [.\print\2019_07_16\picking_label] already exist!
Print sub directory [.\print\2019_07_16\dispatch_label] already exist!

juil. 16, 2019 12:09:57 AM ui.UILog log
GRAVE: APP_ERR0039 CONFIG : Invalid login/password.
juil. 16, 2019 12:10:02 AM ui.UILog log
INFOS: APP_INFO0003 : User EZZIOURI Oussama / 9 connected to host Oussama-PC at 2019-07-16 00:10:02 Module : Configuration : .
juil. 16, 2019 12:11:44 AM ui.UILog log
INFOS: File 2019_07_16.log already exists.

juil. 16, 2019 12:11:44 AM ui.UILog log
INFOS: Daily output print directory [.\print\2019_07_16] already exist!
open_sheet sub directory [.\print\2019_07_16\open_sheet] already exist!
Print sub directory [.\print\2019_07_16\closing_sheet] already exist!
Print sub directory [.\print\2019_07_16\picking_label] already exist!
Print sub directory [.\print\2019_07_16\dispatch_label] already exist!

juil. 16, 2019 12:12:09 AM ui.UILog log
INFOS: APP_INFO0003 : User EZZIOURI Oussama / 9 connected to host Oussama-PC at 2019-07-16 00:12:09 Module : Configuration : .
juil. 16, 2019 12:13:06 AM ui.UILog log
INFOS: File 2019_07_16.log already exists.

juil. 16, 2019 12:13:06 AM ui.UILog log
INFOS: Daily output print directory [.\print\2019_07_16] already exist!
open_sheet sub directory [.\print\2019_07_16\open_sheet] already exist!
Print sub directory [.\print\2019_07_16\closing_sheet] already exist!
Print sub directory [.\print\2019_07_16\picking_label] already exist!
Print sub directory [.\print\2019_07_16\dispatch_label] already exist!

juil. 16, 2019 12:13:09 AM ui.UILog log
INFOS: APP_INFO0003 : User EZZIOURI Oussama / 9 connected to host Oussama-PC at 2019-07-16 00:13:09 Module : Configuration : .
juil. 16, 2019 12:20:32 AM ui.UILog log
INFOS: File 2019_07_16.log already exists.

juil. 16, 2019 12:20:32 AM ui.UILog log
INFOS: Daily output print directory [.\print\2019_07_16] already exist!
open_sheet sub directory [.\print\2019_07_16\open_sheet] already exist!
Print sub directory [.\print\2019_07_16\closing_sheet] already exist!
Print sub directory [.\print\2019_07_16\picking_label] already exist!
Print sub directory [.\print\2019_07_16\dispatch_label] already exist!

juil. 16, 2019 12:20:35 AM ui.UILog log
INFOS: APP_INFO0003 : User EZZIOURI Oussama / 9 connected to host Oussama-PC at 2019-07-16 00:20:35 Module : Configuration : .
juil. 16, 2019 12:22:56 AM ui.UILog log
INFOS: File 2019_07_16.log already exists.

juil. 16, 2019 12:22:56 AM ui.UILog log
INFOS: Daily output print directory [.\print\2019_07_16] already exist!
open_sheet sub directory [.\print\2019_07_16\open_sheet] already exist!
Print sub directory [.\print\2019_07_16\closing_sheet] already exist!
Print sub directory [.\print\2019_07_16\picking_label] already exist!
Print sub directory [.\print\2019_07_16\dispatch_label] already exist!

juil. 16, 2019 12:23:01 AM ui.UILog log
INFOS: APP_INFO0003 : User EZZIOURI Oussama / 9 connected to host Oussama-PC at 2019-07-16 00:23:01 Module : Configuration : .
juil. 16, 2019 12:23:56 AM ui.UILog log
INFOS: FROM ConfigProject bp ORDER BY project ASC
juil. 16, 2019 12:23:58 AM ui.UILog log
INFOS: FROM ConfigProject bp ORDER BY project ASC
juil. 16, 2019 12:26:27 AM ui.UILog log
INFOS: File 2019_07_16.log already exists.

juil. 16, 2019 12:26:27 AM ui.UILog log
INFOS: Daily output print directory [.\print\2019_07_16] already exist!
open_sheet sub directory [.\print\2019_07_16\open_sheet] already exist!
Print sub directory [.\print\2019_07_16\closing_sheet] already exist!
Print sub directory [.\print\2019_07_16\picking_label] already exist!
Print sub directory [.\print\2019_07_16\dispatch_label] already exist!

juil. 16, 2019 12:26:32 AM ui.UILog log
INFOS: APP_INFO0003 : User EZZIOURI Oussama / 9 connected to host Oussama-PC at 2019-07-16 00:26:32 Module : Configuration : .
juil. 16, 2019 12:26:38 AM ui.UILog log
INFOS: FROM ConfigProject bp ORDER BY project ASC
juil. 16, 2019 12:26:42 AM ui.UILog log
INFOS: FROM ConfigProject bp ORDER BY project ASC
juil. 16, 2019 12:27:29 AM ui.UILog log
INFOS: FROM ConfigProject bp ORDER BY project ASC
juil. 16, 2019 12:27:30 AM ui.UILog log
INFOS: FROM ConfigProject bp ORDER BY project ASC
